[0.053s] Invoking command in '/home/orangepi/uvg_car/build/fishbot_cartographer': CMAKE_PREFIX_PATH=${CMAKE_PREFIX_PATH}:/home/orangepi/uvg_car/install/wit_ros2_imu:/opt/ros/humble /usr/bin/cmake --build /home/orangepi/uvg_car/build/fishbot_cartographer -- -j8 -l8
[0.242s] [100%] Built target CartoTransferPose_main
[0.516s] Invoked command in '/home/orangepi/uvg_car/build/fishbot_cartographer' returned '0': CMAKE_PREFIX_PATH=${CMAKE_PREFIX_PATH}:/home/orangepi/uvg_car/install/wit_ros2_imu:/opt/ros/humble /usr/bin/cmake --build /home/orangepi/uvg_car/build/fishbot_cartographer -- -j8 -l8
[0.518s] Invoking command in '/home/orangepi/uvg_car/build/fishbot_cartographer': CMAKE_PREFIX_PATH=${CMAKE_PREFIX_PATH}:/home/orangepi/uvg_car/install/wit_ros2_imu:/opt/ros/humble /usr/bin/cmake --install /home/orangepi/uvg_car/build/fishbot_cartographer
[0.557s] -- Install configuration: ""
[0.557s] -- Up-to-date: /home/orangepi/uvg_car/install/fishbot_cartographer/share/fishbot_cartographer/config
[0.560s] -- Up-to-date: /home/orangepi/uvg_car/install/fishbot_cartographer/share/fishbot_cartographer/config/fishbot_2d.lua
[0.560s] -- Up-to-date: /home/orangepi/uvg_car/install/fishbot_cartographer/share/fishbot_cartographer/launch
[0.562s] -- Up-to-date: /home/orangepi/uvg_car/install/fishbot_cartographer/share/fishbot_cartographer/launch/ugv.launch.py
[0.570s] -- Installing: /home/orangepi/uvg_car/install/fishbot_cartographer/share/fishbot_cartographer/launch/cartographer.launch.py
[0.571s] -- Up-to-date: /home/orangepi/uvg_car/install/fishbot_cartographer/share/fishbot_cartographer/rviz
[0.572s] -- Up-to-date: /home/orangepi/uvg_car/install/fishbot_cartographer/share/fishbot_cartographer/rviz/fishbot_cartographer.rviz
[0.573s] -- Up-to-date: /home/orangepi/uvg_car/install/fishbot_cartographer/share/fishbot_cartographer/urdf
[0.574s] -- Up-to-date: /home/orangepi/uvg_car/install/fishbot_cartographer/share/fishbot_cartographer/urdf/fishot_2d.urdf
[0.575s] -- Up-to-date: /home/orangepi/uvg_car/install/fishbot_cartographer/share/fishbot_cartographer/map
[0.576s] -- Up-to-date: /home/orangepi/uvg_car/install/fishbot_cartographer/share/fishbot_cartographer/map/fishbot_map.pgm
[0.581s] -- Up-to-date: /home/orangepi/uvg_car/install/fishbot_cartographer/share/fishbot_cartographer/map/fishbot_map.yaml
[0.582s] -- Up-to-date: /home/orangepi/uvg_car/install/fishbot_cartographer/share/fishbot_cartographer/param
[0.583s] -- Up-to-date: /home/orangepi/uvg_car/install/fishbot_cartographer/share/fishbot_cartographer/param/fishbot_nav2.yaml
[0.584s] -- Up-to-date: /home/orangepi/uvg_car/install/fishbot_cartographer/share/fishbot_cartographer/param/ekf.yaml
[0.585s] -- Up-to-date: /home/orangepi/uvg_car/install/fishbot_cartographer/lib/fishbot_cartographer/CartoTransferPose_main
[0.588s] -- Up-to-date: /home/orangepi/uvg_car/install/fishbot_cartographer/share/ament_index/resource_index/package_run_dependencies/fishbot_cartographer
[0.589s] -- Up-to-date: /home/orangepi/uvg_car/install/fishbot_cartographer/share/ament_index/resource_index/parent_prefix_path/fishbot_cartographer
[0.590s] -- Up-to-date: /home/orangepi/uvg_car/install/fishbot_cartographer/share/fishbot_cartographer/environment/ament_prefix_path.sh
[0.594s] -- Up-to-date: /home/orangepi/uvg_car/install/fishbot_cartographer/share/fishbot_cartographer/environment/ament_prefix_path.dsv
[0.595s] -- Up-to-date: /home/orangepi/uvg_car/install/fishbot_cartographer/share/fishbot_cartographer/environment/path.sh
[0.596s] -- Up-to-date: /home/orangepi/uvg_car/install/fishbot_cartographer/share/fishbot_cartographer/environment/path.dsv
[0.601s] -- Up-to-date: /home/orangepi/uvg_car/install/fishbot_cartographer/share/fishbot_cartographer/local_setup.bash
[0.604s] -- Up-to-date: /home/orangepi/uvg_car/install/fishbot_cartographer/share/fishbot_cartographer/local_setup.sh
[0.606s] -- Up-to-date: /home/orangepi/uvg_car/install/fishbot_cartographer/share/fishbot_cartographer/local_setup.zsh
[0.607s] -- Up-to-date: /home/orangepi/uvg_car/install/fishbot_cartographer/share/fishbot_cartographer/local_setup.dsv
[0.607s] -- Installing: /home/orangepi/uvg_car/install/fishbot_cartographer/share/fishbot_cartographer/package.dsv
[0.608s] -- Up-to-date: /home/orangepi/uvg_car/install/fishbot_cartographer/share/ament_index/resource_index/packages/fishbot_cartographer
[0.609s] -- Up-to-date: /home/orangepi/uvg_car/install/fishbot_cartographer/share/fishbot_cartographer/cmake/fishbot_cartographerConfig.cmake
[0.609s] -- Up-to-date: /home/orangepi/uvg_car/install/fishbot_cartographer/share/fishbot_cartographer/cmake/fishbot_cartographerConfig-version.cmake
[0.609s] -- Up-to-date: /home/orangepi/uvg_car/install/fishbot_cartographer/share/fishbot_cartographer/package.xml
[0.653s] Invoked command in '/home/orangepi/uvg_car/build/fishbot_cartographer' returned '0': CMAKE_PREFIX_PATH=${CMAKE_PREFIX_PATH}:/home/orangepi/uvg_car/install/wit_ros2_imu:/opt/ros/humble /usr/bin/cmake --install /home/orangepi/uvg_car/build/fishbot_cartographer
