[0.035s] Invoking command in '/home/orangepi/uvg_car/build/oakchina_vio_package': CMAKE_PREFIX_PATH=/opt/ros/humble /usr/bin/cmake --build /home/orangepi/uvg_car/build/oakchina_vio_package -- -j8 -l8
[0.167s] [ 50%] [32m[1mLinking CXX executable oakchina_vio_package_node[0m
[0.240s] /usr/bin/ld: skipping incompatible /home/orangepi/uvg_car/src/oakchina_vio_package_ros2/lib/libcarina_vio.so when searching for -lcarina_vio
[0.242s] /usr/bin/ld: cannot find -lcarina_vio: No such file or directory
[0.243s] /usr/bin/ld: skipping incompatible /home/orangepi/uvg_car/src/oakchina_vio_package_ros2/lib/libcarina_vio.so when searching for -lcarina_vio
[0.244s] /usr/bin/ld: skipping incompatible /home/orangepi/uvg_car/src/oakchina_vio_package_ros2/lib/libcarina_vio_client.so when searching for -lcarina_vio_client
[0.244s] /usr/bin/ld: cannot find -lcarina_vio_client: No such file or directory
[0.245s] /usr/bin/ld: skipping incompatible /home/orangepi/uvg_car/src/oakchina_vio_package_ros2/lib/libcarina_vio_client.so when searching for -lcarina_vio_client
[0.246s] /usr/bin/ld: skipping incompatible /home/orangepi/uvg_car/src/oakchina_vio_package_ros2/lib/libcarina_client.so when searching for -lcarina_client
[0.246s] /usr/bin/ld: cannot find -lcarina_client: No such file or directory
[0.247s] /usr/bin/ld: skipping incompatible /home/orangepi/uvg_car/src/oakchina_vio_package_ros2/lib/libcarina_client.so when searching for -lcarina_client
[0.247s] /usr/bin/ld: skipping incompatible /home/orangepi/uvg_car/src/oakchina_vio_package_ros2/lib/libclahe.a when searching for -lclahe
[0.248s] /usr/bin/ld: cannot find -lclahe: No such file or directory
[0.248s] /usr/bin/ld: skipping incompatible /home/orangepi/uvg_car/src/oakchina_vio_package_ros2/lib/libDBoW2.a when searching for -lDBoW2
[0.249s] /usr/bin/ld: cannot find -lDBoW2: No such file or directory
[0.249s] /usr/bin/ld: skipping incompatible /home/orangepi/uvg_car/src/oakchina_vio_package_ros2/lib/libg2o.a when searching for -lg2o
[0.250s] /usr/bin/ld: cannot find -lg2o: No such file or directory
[0.250s] /usr/bin/ld: skipping incompatible /home/orangepi/uvg_car/src/oakchina_vio_package_ros2/lib/liblk.a when searching for -llk
[0.250s] /usr/bin/ld: cannot find -llk: No such file or directory
[0.251s] /usr/bin/ld: skipping incompatible /home/orangepi/uvg_car/src/oakchina_vio_package_ros2/lib/libtracker.a when searching for -ltracker
[0.251s] /usr/bin/ld: cannot find -ltracker: No such file or directory
[0.252s] /usr/bin/ld: skipping incompatible /home/orangepi/uvg_car/src/oakchina_vio_package_ros2/lib/libyaml-cpp.a when searching for -lyaml-cpp
[0.516s] collect2: error: ld returned 1 exit status
[0.521s] gmake[2]: *** [CMakeFiles/oakchina_vio_package_node.dir/build.make:269: oakchina_vio_package_node] Error 1
[0.521s] gmake[1]: *** [CMakeFiles/Makefile2:137: CMakeFiles/oakchina_vio_package_node.dir/all] Error 2
[0.521s] gmake: *** [Makefile:146: all] Error 2
[0.547s] Invoked command in '/home/orangepi/uvg_car/build/oakchina_vio_package' returned '2': CMAKE_PREFIX_PATH=/opt/ros/humble /usr/bin/cmake --build /home/orangepi/uvg_car/build/oakchina_vio_package -- -j8 -l8
