[0.061s] Invoking command in '/home/orangepi/uvg_car/build/lslidar_msgs': CMAKE_PREFIX_PATH=${CMAKE_PREFIX_PATH}:/home/orangepi/uvg_car/install/wit_ros2_imu:/opt/ros/humble /usr/bin/cmake --build /home/orangepi/uvg_car/build/lslidar_msgs -- -j8 -l8
[0.200s] [ 11%] Built target lslidar_msgs__rosidl_generator_c
[0.219s] [ 11%] Built target ament_cmake_python_copy_lslidar_msgs
[0.223s] [ 12%] Built target lslidar_msgs__cpp
[0.251s] [ 23%] Built target lslidar_msgs__rosidl_typesupport_fastrtps_c
[0.261s] [ 34%] Built target lslidar_msgs__rosidl_typesupport_introspection_c
[0.267s] [ 46%] Built target lslidar_msgs__rosidl_typesupport_c
[0.296s] [ 57%] Built target lslidar_msgs__rosidl_typesupport_cpp
[0.297s] [ 68%] Built target lslidar_msgs__rosidl_typesupport_fastrtps_cpp
[0.319s] [ 79%] Built target lslidar_msgs__rosidl_typesupport_introspection_cpp
[0.385s] [ 79%] Built target lslidar_msgs
[0.457s] [ 80%] Built target lslidar_msgs__py
[0.542s] [ 90%] Built target lslidar_msgs__rosidl_generator_py
[0.583s] [ 93%] Built target lslidar_msgs__rosidl_typesupport_fastrtps_c__pyext
[0.584s] running egg_info
[0.584s] writing lslidar_msgs.egg-info/PKG-INFO
[0.584s] writing dependency_links to lslidar_msgs.egg-info/dependency_links.txt
[0.584s] writing top-level names to lslidar_msgs.egg-info/top_level.txt
[0.587s] reading manifest file 'lslidar_msgs.egg-info/SOURCES.txt'
[0.601s] writing manifest file 'lslidar_msgs.egg-info/SOURCES.txt'
[0.608s] [ 96%] Built target lslidar_msgs__rosidl_typesupport_c__pyext
[0.624s] [100%] Built target lslidar_msgs__rosidl_typesupport_introspection_c__pyext
[0.681s] [100%] Built target ament_cmake_python_build_lslidar_msgs_egg
