[0.033s] Invoking command in '/home/orangepi/uvg_car/build/fishbot_navigation2': CMAKE_PREFIX_PATH=${CMAKE_PREFIX_PATH}:/home/orangepi/uvg_car/install/wit_ros2_imu:/home/orangepi/car_ros2/install/rknn_yolo:/opt/ros/humble /usr/bin/cmake /home/orangepi/uvg_car/src/fishbot_navigation2 -DCMAKE_INSTALL_PREFIX=/home/orangepi/uvg_car/install/fishbot_navigation2
[0.225s] -- The C compiler identification is GNU 11.4.0
[0.346s] -- The CXX compiler identification is GNU 11.4.0
[0.359s] -- Detecting C compiler ABI info
[0.537s] -- Detecting C compiler ABI info - done
[0.583s] -- Check for working C compiler: /usr/bin/cc - skipped
[0.584s] -- Detecting C compile features
[0.586s] -- Detecting C compile features - done
[0.586s] -- Detecting CXX compiler ABI info
[0.809s] -- Detecting CXX compiler ABI info - done
[0.851s] -- Check for working CXX compiler: /usr/bin/c++ - skipped
[0.852s] -- Detecting CXX compile features
[0.854s] -- Detecting CXX compile features - done
[0.858s] -- Found ament_cmake: 1.3.11 (/opt/ros/humble/share/ament_cmake/cmake)
[1.182s] -- Found Python3: /usr/bin/python3 (found version "3.10.12") found components: Interpreter 
[1.364s] -- Found nav2_bringup: 1.1.18 (/opt/ros/humble/share/nav2_bringup/cmake)
[1.366s] -- Found ament_lint_auto: 0.12.12 (/opt/ros/humble/share/ament_lint_auto/cmake)
[1.520s] -- Added test 'flake8' to check Python code syntax and style conventions
[1.520s] -- Added test 'lint_cmake' to check CMake code style
[1.521s] -- Added test 'pep257' to check Python code against some of the docstring style conventions in PEP 257
[1.521s] -- Added test 'xmllint' to check XML markup files
[1.522s] -- Configuring done
[1.522s] -- Generating done
[1.523s] -- Build files have been written to: /home/orangepi/uvg_car/build/fishbot_navigation2
[1.578s] Invoked command in '/home/orangepi/uvg_car/build/fishbot_navigation2' returned '0': CMAKE_PREFIX_PATH=${CMAKE_PREFIX_PATH}:/home/orangepi/uvg_car/install/wit_ros2_imu:/home/orangepi/car_ros2/install/rknn_yolo:/opt/ros/humble /usr/bin/cmake /home/orangepi/uvg_car/src/fishbot_navigation2 -DCMAKE_INSTALL_PREFIX=/home/orangepi/uvg_car/install/fishbot_navigation2
[1.580s] Invoking command in '/home/orangepi/uvg_car/build/fishbot_navigation2': CMAKE_PREFIX_PATH=${CMAKE_PREFIX_PATH}:/home/orangepi/uvg_car/install/wit_ros2_imu:/home/orangepi/car_ros2/install/rknn_yolo:/opt/ros/humble /usr/bin/cmake --build /home/orangepi/uvg_car/build/fishbot_navigation2 -- -j8 -l8
[1.700s] Invoked command in '/home/orangepi/uvg_car/build/fishbot_navigation2' returned '0': CMAKE_PREFIX_PATH=${CMAKE_PREFIX_PATH}:/home/orangepi/uvg_car/install/wit_ros2_imu:/home/orangepi/car_ros2/install/rknn_yolo:/opt/ros/humble /usr/bin/cmake --build /home/orangepi/uvg_car/build/fishbot_navigation2 -- -j8 -l8
[1.703s] Invoking command in '/home/orangepi/uvg_car/build/fishbot_navigation2': CMAKE_PREFIX_PATH=${CMAKE_PREFIX_PATH}:/home/orangepi/uvg_car/install/wit_ros2_imu:/home/orangepi/car_ros2/install/rknn_yolo:/opt/ros/humble /usr/bin/cmake --install /home/orangepi/uvg_car/build/fishbot_navigation2
[1.731s] -- Install configuration: ""
[1.732s] -- Installing: /home/orangepi/uvg_car/install/fishbot_navigation2/share/fishbot_navigation2/launch
[1.733s] -- Installing: /home/orangepi/uvg_car/install/fishbot_navigation2/share/fishbot_navigation2/launch/fishbot_navigation2.launch.py
[1.734s] -- Installing: /home/orangepi/uvg_car/install/fishbot_navigation2/share/fishbot_navigation2/param
[1.734s] -- Installing: /home/orangepi/uvg_car/install/fishbot_navigation2/share/fishbot_navigation2/param/fishbot_nav2.yaml
[1.735s] -- Installing: /home/orangepi/uvg_car/install/fishbot_navigation2/share/fishbot_navigation2/param/ekf.yaml
[1.735s] -- Installing: /home/orangepi/uvg_car/install/fishbot_navigation2/share/fishbot_navigation2/maps
[1.735s] -- Installing: /home/orangepi/uvg_car/install/fishbot_navigation2/share/fishbot_navigation2/maps/fishbot_map.pgm
[1.736s] -- Installing: /home/orangepi/uvg_car/install/fishbot_navigation2/share/fishbot_navigation2/maps/fishbot_map.yaml
[1.737s] -- Installing: /home/orangepi/uvg_car/install/fishbot_navigation2/share/fishbot_navigation2/urdf
[1.739s] -- Installing: /home/orangepi/uvg_car/install/fishbot_navigation2/share/fishbot_navigation2/urdf/fishot_2d.urdf
[1.739s] -- Installing: /home/orangepi/uvg_car/install/fishbot_navigation2/share/ament_index/resource_index/package_run_dependencies/fishbot_navigation2
[1.740s] -- Installing: /home/orangepi/uvg_car/install/fishbot_navigation2/share/ament_index/resource_index/parent_prefix_path/fishbot_navigation2
[1.740s] -- Installing: /home/orangepi/uvg_car/install/fishbot_navigation2/share/fishbot_navigation2/environment/ament_prefix_path.sh
[1.740s] -- Installing: /home/orangepi/uvg_car/install/fishbot_navigation2/share/fishbot_navigation2/environment/ament_prefix_path.dsv
[1.741s] -- Installing: /home/orangepi/uvg_car/install/fishbot_navigation2/share/fishbot_navigation2/environment/path.sh
[1.741s] -- Installing: /home/orangepi/uvg_car/install/fishbot_navigation2/share/fishbot_navigation2/environment/path.dsv
[1.742s] -- Installing: /home/orangepi/uvg_car/install/fishbot_navigation2/share/fishbot_navigation2/local_setup.bash
[1.742s] -- Installing: /home/orangepi/uvg_car/install/fishbot_navigation2/share/fishbot_navigation2/local_setup.sh
[1.743s] -- Installing: /home/orangepi/uvg_car/install/fishbot_navigation2/share/fishbot_navigation2/local_setup.zsh
[1.745s] -- Installing: /home/orangepi/uvg_car/install/fishbot_navigation2/share/fishbot_navigation2/local_setup.dsv
[1.745s] -- Installing: /home/orangepi/uvg_car/install/fishbot_navigation2/share/fishbot_navigation2/package.dsv
[1.746s] -- Installing: /home/orangepi/uvg_car/install/fishbot_navigation2/share/ament_index/resource_index/packages/fishbot_navigation2
[1.749s] -- Installing: /home/orangepi/uvg_car/install/fishbot_navigation2/share/fishbot_navigation2/cmake/fishbot_navigation2Config.cmake
[1.750s] -- Installing: /home/orangepi/uvg_car/install/fishbot_navigation2/share/fishbot_navigation2/cmake/fishbot_navigation2Config-version.cmake
[1.751s] -- Installing: /home/orangepi/uvg_car/install/fishbot_navigation2/share/fishbot_navigation2/package.xml
[1.752s] Invoked command in '/home/orangepi/uvg_car/build/fishbot_navigation2' returned '0': CMAKE_PREFIX_PATH=${CMAKE_PREFIX_PATH}:/home/orangepi/uvg_car/install/wit_ros2_imu:/home/orangepi/car_ros2/install/rknn_yolo:/opt/ros/humble /usr/bin/cmake --install /home/orangepi/uvg_car/build/fishbot_navigation2
