[0.039s] Invoking command in '/home/orangepi/uvg_car/build/lslidar_msgs': CMAKE_PREFIX_PATH=${CMAKE_PREFIX_PATH}:/home/orangepi/car_ros2/install/rknn_yolo:/opt/ros/humble /usr/bin/cmake --build /home/orangepi/uvg_car/build/lslidar_msgs -- -j8 -l8
[0.214s] [  1%] Built target lslidar_msgs__cpp
[0.231s] [  1%] Built target ament_cmake_python_copy_lslidar_msgs
[0.236s] [ 12%] Built target lslidar_msgs__rosidl_generator_c
[0.259s] [ 23%] Built target lslidar_msgs__rosidl_typesupport_cpp
[0.265s] [ 34%] Built target lslidar_msgs__rosidl_typesupport_fastrtps_cpp
[0.273s] [ 46%] Built target lslidar_msgs__rosidl_typesupport_fastrtps_c
[0.279s] [ 57%] Built target lslidar_msgs__rosidl_typesupport_introspection_cpp
[0.292s] [ 68%] Built target lslidar_msgs__rosidl_typesupport_introspection_c
[0.296s] [ 79%] Built target lslidar_msgs__rosidl_typesupport_c
[0.360s] [ 79%] Built target lslidar_msgs
[0.389s] [ 80%] Built target lslidar_msgs__py
[0.473s] [ 90%] Built target lslidar_msgs__rosidl_generator_py
[0.521s] [ 93%] Built target lslidar_msgs__rosidl_typesupport_fastrtps_c__pyext
[0.553s] [ 96%] Built target lslidar_msgs__rosidl_typesupport_introspection_c__pyext
[0.558s] [100%] Built target lslidar_msgs__rosidl_typesupport_c__pyext
[0.620s] running egg_info
[0.621s] writing lslidar_msgs.egg-info/PKG-INFO
[0.622s] writing dependency_links to lslidar_msgs.egg-info/dependency_links.txt
[0.622s] writing top-level names to lslidar_msgs.egg-info/top_level.txt
[0.628s] reading manifest file 'lslidar_msgs.egg-info/SOURCES.txt'
[0.629s] writing manifest file 'lslidar_msgs.egg-info/SOURCES.txt'
[0.744s] [100%] Built target ament_cmake_python_build_lslidar_msgs_egg
[0.777s] Invoked command in '/home/orangepi/uvg_car/build/lslidar_msgs' returned '0': CMAKE_PREFIX_PATH=${CMAKE_PREFIX_PATH}:/home/orangepi/car_ros2/install/rknn_yolo:/opt/ros/humble /usr/bin/cmake --build /home/orangepi/uvg_car/build/lslidar_msgs -- -j8 -l8
[0.782s] Invoking command in '/home/orangepi/uvg_car/build/lslidar_msgs': CMAKE_PREFIX_PATH=${CMAKE_PREFIX_PATH}:/home/orangepi/car_ros2/install/rknn_yolo:/opt/ros/humble /usr/bin/cmake --install /home/orangepi/uvg_car/build/lslidar_msgs
[0.811s] -- Install configuration: ""
[0.811s] -- Up-to-date: /home/orangepi/uvg_car/install/lslidar_msgs/share/ament_index/resource_index/rosidl_interfaces/lslidar_msgs
[0.811s] -- Up-to-date: /home/orangepi/uvg_car/install/lslidar_msgs/include/lslidar_msgs/lslidar_msgs
[0.813s] -- Up-to-date: /home/orangepi/uvg_car/install/lslidar_msgs/include/lslidar_msgs/lslidar_msgs/msg
[0.814s] -- Up-to-date: /home/orangepi/uvg_car/install/lslidar_msgs/include/lslidar_msgs/lslidar_msgs/msg/detail
[0.814s] -- Up-to-date: /home/orangepi/uvg_car/install/lslidar_msgs/include/lslidar_msgs/lslidar_msgs/msg/detail/lslidar_point__functions.h
[0.815s] -- Up-to-date: /home/orangepi/uvg_car/install/lslidar_msgs/include/lslidar_msgs/lslidar_msgs/msg/detail/lslidar_sweep__functions.h
[0.815s] -- Up-to-date: /home/orangepi/uvg_car/install/lslidar_msgs/include/lslidar_msgs/lslidar_msgs/msg/detail/lslidar_difop__type_support.h
[0.816s] -- Up-to-date: /home/orangepi/uvg_car/install/lslidar_msgs/include/lslidar_msgs/lslidar_msgs/msg/detail/lslidar_scan__type_support.h
[0.817s] -- Up-to-date: /home/orangepi/uvg_car/install/lslidar_msgs/include/lslidar_msgs/lslidar_msgs/msg/detail/lslidar_point__struct.h
[0.817s] -- Up-to-date: /home/orangepi/uvg_car/install/lslidar_msgs/include/lslidar_msgs/lslidar_msgs/msg/detail/lslidar_sweep__struct.h
[0.817s] -- Up-to-date: /home/orangepi/uvg_car/install/lslidar_msgs/include/lslidar_msgs/lslidar_msgs/msg/detail/lslidar_packet__struct.h
[0.818s] -- Up-to-date: /home/orangepi/uvg_car/install/lslidar_msgs/include/lslidar_msgs/lslidar_msgs/msg/detail/lslidar_packet__functions.h
[0.818s] -- Up-to-date: /home/orangepi/uvg_car/install/lslidar_msgs/include/lslidar_msgs/lslidar_msgs/msg/detail/lslidar_sweep__functions.c
[0.818s] -- Up-to-date: /home/orangepi/uvg_car/install/lslidar_msgs/include/lslidar_msgs/lslidar_msgs/msg/detail/lslidar_scan__functions.c
[0.819s] -- Up-to-date: /home/orangepi/uvg_car/install/lslidar_msgs/include/lslidar_msgs/lslidar_msgs/msg/detail/lslidar_scan__functions.h
[0.819s] -- Up-to-date: /home/orangepi/uvg_car/install/lslidar_msgs/include/lslidar_msgs/lslidar_msgs/msg/detail/lslidar_difop__functions.h
[0.820s] -- Up-to-date: /home/orangepi/uvg_car/install/lslidar_msgs/include/lslidar_msgs/lslidar_msgs/msg/detail/lslidar_sweep__type_support.h
[0.820s] -- Up-to-date: /home/orangepi/uvg_car/install/lslidar_msgs/include/lslidar_msgs/lslidar_msgs/msg/detail/lslidar_point__functions.c
[0.820s] -- Up-to-date: /home/orangepi/uvg_car/install/lslidar_msgs/include/lslidar_msgs/lslidar_msgs/msg/detail/lslidar_point__type_support.h
[0.821s] -- Up-to-date: /home/orangepi/uvg_car/install/lslidar_msgs/include/lslidar_msgs/lslidar_msgs/msg/detail/lslidar_scan__struct.h
[0.821s] -- Up-to-date: /home/orangepi/uvg_car/install/lslidar_msgs/include/lslidar_msgs/lslidar_msgs/msg/detail/lslidar_difop__struct.h
[0.821s] -- Up-to-date: /home/orangepi/uvg_car/install/lslidar_msgs/include/lslidar_msgs/lslidar_msgs/msg/detail/lslidar_packet__functions.c
[0.822s] -- Up-to-date: /home/orangepi/uvg_car/install/lslidar_msgs/include/lslidar_msgs/lslidar_msgs/msg/detail/lslidar_packet__type_support.h
[0.822s] -- Up-to-date: /home/orangepi/uvg_car/install/lslidar_msgs/include/lslidar_msgs/lslidar_msgs/msg/detail/lslidar_difop__functions.c
[0.822s] -- Up-to-date: /home/orangepi/uvg_car/install/lslidar_msgs/include/lslidar_msgs/lslidar_msgs/msg/lslidar_point.h
[0.823s] -- Up-to-date: /home/orangepi/uvg_car/install/lslidar_msgs/include/lslidar_msgs/lslidar_msgs/msg/lslidar_packet.h
[0.823s] -- Up-to-date: /home/orangepi/uvg_car/install/lslidar_msgs/include/lslidar_msgs/lslidar_msgs/msg/lslidar_difop.h
[0.824s] -- Up-to-date: /home/orangepi/uvg_car/install/lslidar_msgs/include/lslidar_msgs/lslidar_msgs/msg/lslidar_sweep.h
[0.824s] -- Up-to-date: /home/orangepi/uvg_car/install/lslidar_msgs/include/lslidar_msgs/lslidar_msgs/msg/lslidar_scan.h
[0.824s] -- Up-to-date: /home/orangepi/uvg_car/install/lslidar_msgs/include/lslidar_msgs/lslidar_msgs/msg/rosidl_generator_c__visibility_control.h
[0.825s] -- Up-to-date: /home/orangepi/uvg_car/install/lslidar_msgs/share/lslidar_msgs/environment/library_path.sh
[0.825s] -- Up-to-date: /home/orangepi/uvg_car/install/lslidar_msgs/share/lslidar_msgs/environment/library_path.dsv
[0.825s] -- Up-to-date: /home/orangepi/uvg_car/install/lslidar_msgs/lib/liblslidar_msgs__rosidl_generator_c.so
[0.826s] -- Up-to-date: /home/orangepi/uvg_car/install/lslidar_msgs/include/lslidar_msgs/lslidar_msgs
[0.826s] -- Up-to-date: /home/orangepi/uvg_car/install/lslidar_msgs/include/lslidar_msgs/lslidar_msgs/msg
[0.826s] -- Up-to-date: /home/orangepi/uvg_car/install/lslidar_msgs/include/lslidar_msgs/lslidar_msgs/msg/detail
[0.827s] -- Up-to-date: /home/orangepi/uvg_car/install/lslidar_msgs/include/lslidar_msgs/lslidar_msgs/msg/detail/lslidar_sweep__rosidl_typesupport_fastrtps_c.h
[0.827s] -- Up-to-date: /home/orangepi/uvg_car/install/lslidar_msgs/include/lslidar_msgs/lslidar_msgs/msg/detail/lslidar_point__rosidl_typesupport_fastrtps_c.h
[0.827s] -- Up-to-date: /home/orangepi/uvg_car/install/lslidar_msgs/include/lslidar_msgs/lslidar_msgs/msg/detail/lslidar_scan__rosidl_typesupport_fastrtps_c.h
[0.828s] -- Up-to-date: /home/orangepi/uvg_car/install/lslidar_msgs/include/lslidar_msgs/lslidar_msgs/msg/detail/lslidar_difop__rosidl_typesupport_fastrtps_c.h
[0.828s] -- Up-to-date: /home/orangepi/uvg_car/install/lslidar_msgs/include/lslidar_msgs/lslidar_msgs/msg/detail/lslidar_packet__rosidl_typesupport_fastrtps_c.h
[0.828s] -- Up-to-date: /home/orangepi/uvg_car/install/lslidar_msgs/include/lslidar_msgs/lslidar_msgs/msg/rosidl_typesupport_fastrtps_c__visibility_control.h
[0.829s] -- Up-to-date: /home/orangepi/uvg_car/install/lslidar_msgs/lib/liblslidar_msgs__rosidl_typesupport_fastrtps_c.so
[0.829s] -- Up-to-date: /home/orangepi/uvg_car/install/lslidar_msgs/include/lslidar_msgs/lslidar_msgs
[0.829s] -- Up-to-date: /home/orangepi/uvg_car/install/lslidar_msgs/include/lslidar_msgs/lslidar_msgs/msg
[0.830s] -- Up-to-date: /home/orangepi/uvg_car/install/lslidar_msgs/include/lslidar_msgs/lslidar_msgs/msg/lslidar_point.hpp
[0.830s] -- Up-to-date: /home/orangepi/uvg_car/install/lslidar_msgs/include/lslidar_msgs/lslidar_msgs/msg/lslidar_packet.hpp
[0.831s] -- Up-to-date: /home/orangepi/uvg_car/install/lslidar_msgs/include/lslidar_msgs/lslidar_msgs/msg/detail
[0.831s] -- Up-to-date: /home/orangepi/uvg_car/install/lslidar_msgs/include/lslidar_msgs/lslidar_msgs/msg/detail/lslidar_difop__type_support.hpp
[0.831s] -- Up-to-date: /home/orangepi/uvg_car/install/lslidar_msgs/include/lslidar_msgs/lslidar_msgs/msg/detail/lslidar_point__struct.hpp
[0.832s] -- Up-to-date: /home/orangepi/uvg_car/install/lslidar_msgs/include/lslidar_msgs/lslidar_msgs/msg/detail/lslidar_packet__type_support.hpp
[0.832s] -- Up-to-date: /home/orangepi/uvg_car/install/lslidar_msgs/include/lslidar_msgs/lslidar_msgs/msg/detail/lslidar_sweep__builder.hpp
[0.832s] -- Up-to-date: /home/orangepi/uvg_car/install/lslidar_msgs/include/lslidar_msgs/lslidar_msgs/msg/detail/lslidar_scan__builder.hpp
[0.833s] -- Up-to-date: /home/orangepi/uvg_car/install/lslidar_msgs/include/lslidar_msgs/lslidar_msgs/msg/detail/lslidar_point__type_support.hpp
[0.833s] -- Up-to-date: /home/orangepi/uvg_car/install/lslidar_msgs/include/lslidar_msgs/lslidar_msgs/msg/detail/lslidar_point__builder.hpp
[0.833s] -- Up-to-date: /home/orangepi/uvg_car/install/lslidar_msgs/include/lslidar_msgs/lslidar_msgs/msg/detail/lslidar_difop__traits.hpp
[0.834s] -- Up-to-date: /home/orangepi/uvg_car/install/lslidar_msgs/include/lslidar_msgs/lslidar_msgs/msg/detail/lslidar_packet__struct.hpp
[0.834s] -- Up-to-date: /home/orangepi/uvg_car/install/lslidar_msgs/include/lslidar_msgs/lslidar_msgs/msg/detail/lslidar_sweep__traits.hpp
[0.834s] -- Up-to-date: /home/orangepi/uvg_car/install/lslidar_msgs/include/lslidar_msgs/lslidar_msgs/msg/detail/lslidar_scan__traits.hpp
[0.835s] -- Up-to-date: /home/orangepi/uvg_car/install/lslidar_msgs/include/lslidar_msgs/lslidar_msgs/msg/detail/lslidar_packet__builder.hpp
[0.835s] -- Up-to-date: /home/orangepi/uvg_car/install/lslidar_msgs/include/lslidar_msgs/lslidar_msgs/msg/detail/lslidar_scan__type_support.hpp
[0.835s] -- Up-to-date: /home/orangepi/uvg_car/install/lslidar_msgs/include/lslidar_msgs/lslidar_msgs/msg/detail/lslidar_difop__struct.hpp
[0.836s] -- Up-to-date: /home/orangepi/uvg_car/install/lslidar_msgs/include/lslidar_msgs/lslidar_msgs/msg/detail/lslidar_scan__struct.hpp
[0.836s] -- Up-to-date: /home/orangepi/uvg_car/install/lslidar_msgs/include/lslidar_msgs/lslidar_msgs/msg/detail/lslidar_difop__builder.hpp
[0.837s] -- Up-to-date: /home/orangepi/uvg_car/install/lslidar_msgs/include/lslidar_msgs/lslidar_msgs/msg/detail/lslidar_sweep__type_support.hpp
[0.837s] -- Up-to-date: /home/orangepi/uvg_car/install/lslidar_msgs/include/lslidar_msgs/lslidar_msgs/msg/detail/lslidar_sweep__struct.hpp
[0.837s] -- Up-to-date: /home/orangepi/uvg_car/install/lslidar_msgs/include/lslidar_msgs/lslidar_msgs/msg/detail/lslidar_packet__traits.hpp
[0.838s] -- Up-to-date: /home/orangepi/uvg_car/install/lslidar_msgs/include/lslidar_msgs/lslidar_msgs/msg/detail/lslidar_point__traits.hpp
[0.838s] -- Up-to-date: /home/orangepi/uvg_car/install/lslidar_msgs/include/lslidar_msgs/lslidar_msgs/msg/lslidar_sweep.hpp
[0.838s] -- Up-to-date: /home/orangepi/uvg_car/install/lslidar_msgs/include/lslidar_msgs/lslidar_msgs/msg/rosidl_generator_cpp__visibility_control.hpp
[0.839s] -- Up-to-date: /home/orangepi/uvg_car/install/lslidar_msgs/include/lslidar_msgs/lslidar_msgs/msg/lslidar_scan.hpp
[0.839s] -- Up-to-date: /home/orangepi/uvg_car/install/lslidar_msgs/include/lslidar_msgs/lslidar_msgs/msg/lslidar_difop.hpp
[0.839s] -- Up-to-date: /home/orangepi/uvg_car/install/lslidar_msgs/include/lslidar_msgs/lslidar_msgs
[0.840s] -- Up-to-date: /home/orangepi/uvg_car/install/lslidar_msgs/include/lslidar_msgs/lslidar_msgs/msg
[0.840s] -- Up-to-date: /home/orangepi/uvg_car/install/lslidar_msgs/include/lslidar_msgs/lslidar_msgs/msg/detail
[0.840s] -- Up-to-date: /home/orangepi/uvg_car/install/lslidar_msgs/include/lslidar_msgs/lslidar_msgs/msg/detail/lslidar_point__rosidl_typesupport_fastrtps_cpp.hpp
[0.841s] -- Up-to-date: /home/orangepi/uvg_car/install/lslidar_msgs/include/lslidar_msgs/lslidar_msgs/msg/detail/lslidar_packet__rosidl_typesupport_fastrtps_cpp.hpp
[0.841s] -- Up-to-date: /home/orangepi/uvg_car/install/lslidar_msgs/include/lslidar_msgs/lslidar_msgs/msg/detail/lslidar_sweep__rosidl_typesupport_fastrtps_cpp.hpp
[0.841s] -- Up-to-date: /home/orangepi/uvg_car/install/lslidar_msgs/include/lslidar_msgs/lslidar_msgs/msg/detail/lslidar_scan__rosidl_typesupport_fastrtps_cpp.hpp
[0.842s] -- Up-to-date: /home/orangepi/uvg_car/install/lslidar_msgs/include/lslidar_msgs/lslidar_msgs/msg/detail/lslidar_difop__rosidl_typesupport_fastrtps_cpp.hpp
[0.842s] -- Up-to-date: /home/orangepi/uvg_car/install/lslidar_msgs/include/lslidar_msgs/lslidar_msgs/msg/detail/dds_fastrtps
[0.842s] -- Up-to-date: /home/orangepi/uvg_car/install/lslidar_msgs/include/lslidar_msgs/lslidar_msgs/msg/rosidl_typesupport_fastrtps_cpp__visibility_control.h
[0.843s] -- Up-to-date: /home/orangepi/uvg_car/install/lslidar_msgs/lib/liblslidar_msgs__rosidl_typesupport_fastrtps_cpp.so
[0.843s] -- Up-to-date: /home/orangepi/uvg_car/install/lslidar_msgs/include/lslidar_msgs/lslidar_msgs
[0.844s] -- Up-to-date: /home/orangepi/uvg_car/install/lslidar_msgs/include/lslidar_msgs/lslidar_msgs/msg
[0.844s] -- Up-to-date: /home/orangepi/uvg_car/install/lslidar_msgs/include/lslidar_msgs/lslidar_msgs/msg/detail
[0.844s] -- Up-to-date: /home/orangepi/uvg_car/install/lslidar_msgs/include/lslidar_msgs/lslidar_msgs/msg/detail/lslidar_packet__type_support.c
[0.845s] -- Up-to-date: /home/orangepi/uvg_car/install/lslidar_msgs/include/lslidar_msgs/lslidar_msgs/msg/detail/lslidar_sweep__rosidl_typesupport_introspection_c.h
[0.845s] -- Up-to-date: /home/orangepi/uvg_car/install/lslidar_msgs/include/lslidar_msgs/lslidar_msgs/msg/detail/lslidar_difop__type_support.c
[0.845s] -- Up-to-date: /home/orangepi/uvg_car/install/lslidar_msgs/include/lslidar_msgs/lslidar_msgs/msg/detail/lslidar_sweep__type_support.c
[0.846s] -- Up-to-date: /home/orangepi/uvg_car/install/lslidar_msgs/include/lslidar_msgs/lslidar_msgs/msg/detail/lslidar_point__type_support.c
[0.846s] -- Up-to-date: /home/orangepi/uvg_car/install/lslidar_msgs/include/lslidar_msgs/lslidar_msgs/msg/detail/lslidar_scan__rosidl_typesupport_introspection_c.h
[0.846s] -- Up-to-date: /home/orangepi/uvg_car/install/lslidar_msgs/include/lslidar_msgs/lslidar_msgs/msg/detail/lslidar_scan__type_support.c
[0.847s] -- Up-to-date: /home/orangepi/uvg_car/install/lslidar_msgs/include/lslidar_msgs/lslidar_msgs/msg/detail/lslidar_point__rosidl_typesupport_introspection_c.h
[0.847s] -- Up-to-date: /home/orangepi/uvg_car/install/lslidar_msgs/include/lslidar_msgs/lslidar_msgs/msg/detail/lslidar_difop__rosidl_typesupport_introspection_c.h
[0.847s] -- Up-to-date: /home/orangepi/uvg_car/install/lslidar_msgs/include/lslidar_msgs/lslidar_msgs/msg/detail/lslidar_packet__rosidl_typesupport_introspection_c.h
[0.848s] -- Up-to-date: /home/orangepi/uvg_car/install/lslidar_msgs/include/lslidar_msgs/lslidar_msgs/msg/rosidl_typesupport_introspection_c__visibility_control.h
[0.848s] -- Up-to-date: /home/orangepi/uvg_car/install/lslidar_msgs/lib/liblslidar_msgs__rosidl_typesupport_introspection_c.so
[0.848s] -- Up-to-date: /home/orangepi/uvg_car/install/lslidar_msgs/lib/liblslidar_msgs__rosidl_typesupport_c.so
[0.849s] -- Up-to-date: /home/orangepi/uvg_car/install/lslidar_msgs/include/lslidar_msgs/lslidar_msgs
[0.849s] -- Up-to-date: /home/orangepi/uvg_car/install/lslidar_msgs/include/lslidar_msgs/lslidar_msgs/msg
[0.850s] -- Up-to-date: /home/orangepi/uvg_car/install/lslidar_msgs/include/lslidar_msgs/lslidar_msgs/msg/detail
[0.850s] -- Up-to-date: /home/orangepi/uvg_car/install/lslidar_msgs/include/lslidar_msgs/lslidar_msgs/msg/detail/lslidar_difop__type_support.cpp
[0.850s] -- Up-to-date: /home/orangepi/uvg_car/install/lslidar_msgs/include/lslidar_msgs/lslidar_msgs/msg/detail/lslidar_scan__type_support.cpp
[0.851s] -- Up-to-date: /home/orangepi/uvg_car/install/lslidar_msgs/include/lslidar_msgs/lslidar_msgs/msg/detail/lslidar_packet__type_support.cpp
[0.851s] -- Up-to-date: /home/orangepi/uvg_car/install/lslidar_msgs/include/lslidar_msgs/lslidar_msgs/msg/detail/lslidar_point__type_support.cpp
[0.851s] -- Up-to-date: /home/orangepi/uvg_car/install/lslidar_msgs/include/lslidar_msgs/lslidar_msgs/msg/detail/lslidar_sweep__type_support.cpp
[0.852s] -- Up-to-date: /home/orangepi/uvg_car/install/lslidar_msgs/include/lslidar_msgs/lslidar_msgs/msg/detail/lslidar_sweep__rosidl_typesupport_introspection_cpp.hpp
[0.852s] -- Up-to-date: /home/orangepi/uvg_car/install/lslidar_msgs/include/lslidar_msgs/lslidar_msgs/msg/detail/lslidar_difop__rosidl_typesupport_introspection_cpp.hpp
[0.852s] -- Up-to-date: /home/orangepi/uvg_car/install/lslidar_msgs/include/lslidar_msgs/lslidar_msgs/msg/detail/lslidar_scan__rosidl_typesupport_introspection_cpp.hpp
[0.853s] -- Up-to-date: /home/orangepi/uvg_car/install/lslidar_msgs/include/lslidar_msgs/lslidar_msgs/msg/detail/lslidar_point__rosidl_typesupport_introspection_cpp.hpp
[0.853s] -- Up-to-date: /home/orangepi/uvg_car/install/lslidar_msgs/include/lslidar_msgs/lslidar_msgs/msg/detail/lslidar_packet__rosidl_typesupport_introspection_cpp.hpp
[0.853s] -- Up-to-date: /home/orangepi/uvg_car/install/lslidar_msgs/lib/liblslidar_msgs__rosidl_typesupport_introspection_cpp.so
[0.854s] -- Up-to-date: /home/orangepi/uvg_car/install/lslidar_msgs/lib/liblslidar_msgs__rosidl_typesupport_cpp.so
[0.854s] -- Up-to-date: /home/orangepi/uvg_car/install/lslidar_msgs/share/lslidar_msgs/environment/pythonpath.sh
[0.854s] -- Up-to-date: /home/orangepi/uvg_car/install/lslidar_msgs/share/lslidar_msgs/environment/pythonpath.dsv
[0.855s] -- Up-to-date: /home/orangepi/uvg_car/install/lslidar_msgs/local/lib/python3.10/dist-packages/lslidar_msgs-1.2.0-py3.10.egg-info
[0.855s] -- Installing: /home/orangepi/uvg_car/install/lslidar_msgs/local/lib/python3.10/dist-packages/lslidar_msgs-1.2.0-py3.10.egg-info/top_level.txt
[0.856s] -- Installing: /home/orangepi/uvg_car/install/lslidar_msgs/local/lib/python3.10/dist-packages/lslidar_msgs-1.2.0-py3.10.egg-info/SOURCES.txt
[0.856s] -- Installing: /home/orangepi/uvg_car/install/lslidar_msgs/local/lib/python3.10/dist-packages/lslidar_msgs-1.2.0-py3.10.egg-info/PKG-INFO
[0.856s] -- Installing: /home/orangepi/uvg_car/install/lslidar_msgs/local/lib/python3.10/dist-packages/lslidar_msgs-1.2.0-py3.10.egg-info/dependency_links.txt
[0.857s] -- Up-to-date: /home/orangepi/uvg_car/install/lslidar_msgs/local/lib/python3.10/dist-packages/lslidar_msgs
[0.857s] -- Up-to-date: /home/orangepi/uvg_car/install/lslidar_msgs/local/lib/python3.10/dist-packages/lslidar_msgs/liblslidar_msgs__rosidl_generator_py.so
[0.857s] -- Up-to-date: /home/orangepi/uvg_car/install/lslidar_msgs/local/lib/python3.10/dist-packages/lslidar_msgs/_lslidar_msgs_s.ep.rosidl_typesupport_fastrtps_c.c
[0.858s] -- Up-to-date: /home/orangepi/uvg_car/install/lslidar_msgs/local/lib/python3.10/dist-packages/lslidar_msgs/_lslidar_msgs_s.ep.rosidl_typesupport_introspection_c.c
[0.858s] -- Up-to-date: /home/orangepi/uvg_car/install/lslidar_msgs/local/lib/python3.10/dist-packages/lslidar_msgs/__init__.py
[0.858s] -- Up-to-date: /home/orangepi/uvg_car/install/lslidar_msgs/local/lib/python3.10/dist-packages/lslidar_msgs/lslidar_msgs_s__rosidl_typesupport_introspection_c.cpython-310-aarch64-linux-gnu.so
[0.859s] -- Up-to-date: /home/orangepi/uvg_car/install/lslidar_msgs/local/lib/python3.10/dist-packages/lslidar_msgs/lslidar_msgs_s__rosidl_typesupport_c.cpython-310-aarch64-linux-gnu.so
[0.859s] -- Up-to-date: /home/orangepi/uvg_car/install/lslidar_msgs/local/lib/python3.10/dist-packages/lslidar_msgs/msg
[0.859s] -- Up-to-date: /home/orangepi/uvg_car/install/lslidar_msgs/local/lib/python3.10/dist-packages/lslidar_msgs/msg/_lslidar_difop_s.c
[0.860s] -- Up-to-date: /home/orangepi/uvg_car/install/lslidar_msgs/local/lib/python3.10/dist-packages/lslidar_msgs/msg/_lslidar_scan.py
[0.860s] -- Up-to-date: /home/orangepi/uvg_car/install/lslidar_msgs/local/lib/python3.10/dist-packages/lslidar_msgs/msg/_lslidar_difop.py
[0.860s] -- Up-to-date: /home/orangepi/uvg_car/install/lslidar_msgs/local/lib/python3.10/dist-packages/lslidar_msgs/msg/_lslidar_packet_s.c
[0.861s] -- Up-to-date: /home/orangepi/uvg_car/install/lslidar_msgs/local/lib/python3.10/dist-packages/lslidar_msgs/msg/__init__.py
[0.861s] -- Up-to-date: /home/orangepi/uvg_car/install/lslidar_msgs/local/lib/python3.10/dist-packages/lslidar_msgs/msg/_lslidar_scan_s.c
[0.861s] -- Up-to-date: /home/orangepi/uvg_car/install/lslidar_msgs/local/lib/python3.10/dist-packages/lslidar_msgs/msg/_lslidar_packet.py
[0.861s] -- Up-to-date: /home/orangepi/uvg_car/install/lslidar_msgs/local/lib/python3.10/dist-packages/lslidar_msgs/msg/_lslidar_sweep_s.c
[0.861s] -- Up-to-date: /home/orangepi/uvg_car/install/lslidar_msgs/local/lib/python3.10/dist-packages/lslidar_msgs/msg/_lslidar_point.py
[0.861s] -- Up-to-date: /home/orangepi/uvg_car/install/lslidar_msgs/local/lib/python3.10/dist-packages/lslidar_msgs/msg/_lslidar_sweep.py
[0.861s] -- Up-to-date: /home/orangepi/uvg_car/install/lslidar_msgs/local/lib/python3.10/dist-packages/lslidar_msgs/msg/_lslidar_point_s.c
[0.861s] -- Up-to-date: /home/orangepi/uvg_car/install/lslidar_msgs/local/lib/python3.10/dist-packages/lslidar_msgs/_lslidar_msgs_s.ep.rosidl_typesupport_c.c
[0.861s] -- Up-to-date: /home/orangepi/uvg_car/install/lslidar_msgs/local/lib/python3.10/dist-packages/lslidar_msgs/lslidar_msgs_s__rosidl_typesupport_fastrtps_c.cpython-310-aarch64-linux-gnu.so
[0.871s] Listing '/home/orangepi/uvg_car/install/lslidar_msgs/local/lib/python3.10/dist-packages/lslidar_msgs'...
[0.871s] Listing '/home/orangepi/uvg_car/install/lslidar_msgs/local/lib/python3.10/dist-packages/lslidar_msgs/msg'...
[0.885s] -- Up-to-date: /home/orangepi/uvg_car/install/lslidar_msgs/local/lib/python3.10/dist-packages/lslidar_msgs/lslidar_msgs_s__rosidl_typesupport_fastrtps_c.cpython-310-aarch64-linux-gnu.so
[0.885s] -- Up-to-date: /home/orangepi/uvg_car/install/lslidar_msgs/local/lib/python3.10/dist-packages/lslidar_msgs/lslidar_msgs_s__rosidl_typesupport_introspection_c.cpython-310-aarch64-linux-gnu.so
[0.885s] -- Up-to-date: /home/orangepi/uvg_car/install/lslidar_msgs/local/lib/python3.10/dist-packages/lslidar_msgs/lslidar_msgs_s__rosidl_typesupport_c.cpython-310-aarch64-linux-gnu.so
[0.886s] -- Up-to-date: /home/orangepi/uvg_car/install/lslidar_msgs/lib/liblslidar_msgs__rosidl_generator_py.so
[0.886s] -- Up-to-date: /home/orangepi/uvg_car/install/lslidar_msgs/share/lslidar_msgs/msg/LslidarDifop.idl
[0.886s] -- Up-to-date: /home/orangepi/uvg_car/install/lslidar_msgs/share/lslidar_msgs/msg/LslidarPacket.idl
[0.886s] -- Up-to-date: /home/orangepi/uvg_car/install/lslidar_msgs/share/lslidar_msgs/msg/LslidarPoint.idl
[0.886s] -- Up-to-date: /home/orangepi/uvg_car/install/lslidar_msgs/share/lslidar_msgs/msg/LslidarScan.idl
[0.886s] -- Up-to-date: /home/orangepi/uvg_car/install/lslidar_msgs/share/lslidar_msgs/msg/LslidarSweep.idl
[0.886s] -- Up-to-date: /home/orangepi/uvg_car/install/lslidar_msgs/share/lslidar_msgs/msg/LslidarDifop.msg
[0.886s] -- Up-to-date: /home/orangepi/uvg_car/install/lslidar_msgs/share/lslidar_msgs/msg/LslidarPacket.msg
[0.886s] -- Up-to-date: /home/orangepi/uvg_car/install/lslidar_msgs/share/lslidar_msgs/msg/LslidarPoint.msg
[0.887s] -- Up-to-date: /home/orangepi/uvg_car/install/lslidar_msgs/share/lslidar_msgs/msg/LslidarScan.msg
[0.887s] -- Up-to-date: /home/orangepi/uvg_car/install/lslidar_msgs/share/lslidar_msgs/msg/LslidarSweep.msg
[0.887s] -- Up-to-date: /home/orangepi/uvg_car/install/lslidar_msgs/share/ament_index/resource_index/package_run_dependencies/lslidar_msgs
[0.887s] -- Up-to-date: /home/orangepi/uvg_car/install/lslidar_msgs/share/ament_index/resource_index/parent_prefix_path/lslidar_msgs
[0.887s] -- Up-to-date: /home/orangepi/uvg_car/install/lslidar_msgs/share/lslidar_msgs/environment/ament_prefix_path.sh
[0.887s] -- Up-to-date: /home/orangepi/uvg_car/install/lslidar_msgs/share/lslidar_msgs/environment/ament_prefix_path.dsv
[0.887s] -- Up-to-date: /home/orangepi/uvg_car/install/lslidar_msgs/share/lslidar_msgs/environment/path.sh
[0.887s] -- Up-to-date: /home/orangepi/uvg_car/install/lslidar_msgs/share/lslidar_msgs/environment/path.dsv
[0.887s] -- Up-to-date: /home/orangepi/uvg_car/install/lslidar_msgs/share/lslidar_msgs/local_setup.bash
[0.887s] -- Up-to-date: /home/orangepi/uvg_car/install/lslidar_msgs/share/lslidar_msgs/local_setup.sh
[0.887s] -- Up-to-date: /home/orangepi/uvg_car/install/lslidar_msgs/share/lslidar_msgs/local_setup.zsh
[0.888s] -- Up-to-date: /home/orangepi/uvg_car/install/lslidar_msgs/share/lslidar_msgs/local_setup.dsv
[0.888s] -- Installing: /home/orangepi/uvg_car/install/lslidar_msgs/share/lslidar_msgs/package.dsv
[0.888s] -- Up-to-date: /home/orangepi/uvg_car/install/lslidar_msgs/share/ament_index/resource_index/packages/lslidar_msgs
[0.888s] -- Up-to-date: /home/orangepi/uvg_car/install/lslidar_msgs/share/lslidar_msgs/cmake/export_lslidar_msgs__rosidl_generator_cExport.cmake
[0.888s] -- Up-to-date: /home/orangepi/uvg_car/install/lslidar_msgs/share/lslidar_msgs/cmake/export_lslidar_msgs__rosidl_generator_cExport-noconfig.cmake
[0.888s] -- Up-to-date: /home/orangepi/uvg_car/install/lslidar_msgs/share/lslidar_msgs/cmake/export_lslidar_msgs__rosidl_typesupport_fastrtps_cExport.cmake
[0.888s] -- Up-to-date: /home/orangepi/uvg_car/install/lslidar_msgs/share/lslidar_msgs/cmake/export_lslidar_msgs__rosidl_typesupport_fastrtps_cExport-noconfig.cmake
[0.888s] -- Up-to-date: /home/orangepi/uvg_car/install/lslidar_msgs/share/lslidar_msgs/cmake/export_lslidar_msgs__rosidl_generator_cppExport.cmake
[0.888s] -- Up-to-date: /home/orangepi/uvg_car/install/lslidar_msgs/share/lslidar_msgs/cmake/export_lslidar_msgs__rosidl_typesupport_fastrtps_cppExport.cmake
[0.888s] -- Up-to-date: /home/orangepi/uvg_car/install/lslidar_msgs/share/lslidar_msgs/cmake/export_lslidar_msgs__rosidl_typesupport_fastrtps_cppExport-noconfig.cmake
[0.888s] -- Up-to-date: /home/orangepi/uvg_car/install/lslidar_msgs/share/lslidar_msgs/cmake/lslidar_msgs__rosidl_typesupport_introspection_cExport.cmake
[0.889s] -- Up-to-date: /home/orangepi/uvg_car/install/lslidar_msgs/share/lslidar_msgs/cmake/lslidar_msgs__rosidl_typesupport_introspection_cExport-noconfig.cmake
[0.889s] -- Up-to-date: /home/orangepi/uvg_car/install/lslidar_msgs/share/lslidar_msgs/cmake/lslidar_msgs__rosidl_typesupport_cExport.cmake
[0.889s] -- Up-to-date: /home/orangepi/uvg_car/install/lslidar_msgs/share/lslidar_msgs/cmake/lslidar_msgs__rosidl_typesupport_cExport-noconfig.cmake
[0.889s] -- Up-to-date: /home/orangepi/uvg_car/install/lslidar_msgs/share/lslidar_msgs/cmake/lslidar_msgs__rosidl_typesupport_introspection_cppExport.cmake
[0.889s] -- Up-to-date: /home/orangepi/uvg_car/install/lslidar_msgs/share/lslidar_msgs/cmake/lslidar_msgs__rosidl_typesupport_introspection_cppExport-noconfig.cmake
[0.889s] -- Up-to-date: /home/orangepi/uvg_car/install/lslidar_msgs/share/lslidar_msgs/cmake/lslidar_msgs__rosidl_typesupport_cppExport.cmake
[0.889s] -- Up-to-date: /home/orangepi/uvg_car/install/lslidar_msgs/share/lslidar_msgs/cmake/lslidar_msgs__rosidl_typesupport_cppExport-noconfig.cmake
[0.889s] -- Up-to-date: /home/orangepi/uvg_car/install/lslidar_msgs/share/lslidar_msgs/cmake/export_lslidar_msgs__rosidl_generator_pyExport.cmake
[0.889s] -- Up-to-date: /home/orangepi/uvg_car/install/lslidar_msgs/share/lslidar_msgs/cmake/export_lslidar_msgs__rosidl_generator_pyExport-noconfig.cmake
[0.889s] -- Up-to-date: /home/orangepi/uvg_car/install/lslidar_msgs/share/lslidar_msgs/cmake/rosidl_cmake-extras.cmake
[0.889s] -- Up-to-date: /home/orangepi/uvg_car/install/lslidar_msgs/share/lslidar_msgs/cmake/ament_cmake_export_dependencies-extras.cmake
[0.890s] -- Up-to-date: /home/orangepi/uvg_car/install/lslidar_msgs/share/lslidar_msgs/cmake/ament_cmake_export_include_directories-extras.cmake
[0.890s] -- Up-to-date: /home/orangepi/uvg_car/install/lslidar_msgs/share/lslidar_msgs/cmake/ament_cmake_export_libraries-extras.cmake
[0.890s] -- Up-to-date: /home/orangepi/uvg_car/install/lslidar_msgs/share/lslidar_msgs/cmake/ament_cmake_export_targets-extras.cmake
[0.890s] -- Up-to-date: /home/orangepi/uvg_car/install/lslidar_msgs/share/lslidar_msgs/cmake/rosidl_cmake_export_typesupport_targets-extras.cmake
[0.890s] -- Up-to-date: /home/orangepi/uvg_car/install/lslidar_msgs/share/lslidar_msgs/cmake/rosidl_cmake_export_typesupport_libraries-extras.cmake
[0.890s] -- Up-to-date: /home/orangepi/uvg_car/install/lslidar_msgs/share/lslidar_msgs/cmake/lslidar_msgsConfig.cmake
[0.890s] -- Up-to-date: /home/orangepi/uvg_car/install/lslidar_msgs/share/lslidar_msgs/cmake/lslidar_msgsConfig-version.cmake
[0.890s] -- Up-to-date: /home/orangepi/uvg_car/install/lslidar_msgs/share/lslidar_msgs/package.xml
[0.894s] Invoked command in '/home/orangepi/uvg_car/build/lslidar_msgs' returned '0': CMAKE_PREFIX_PATH=${CMAKE_PREFIX_PATH}:/home/orangepi/car_ros2/install/rknn_yolo:/opt/ros/humble /usr/bin/cmake --install /home/orangepi/uvg_car/build/lslidar_msgs
