[0.047s] Invoking command in '/home/orangepi/uvg_car/build/oakchina_vio_package': CMAKE_PREFIX_PATH=${CMAKE_PREFIX_PATH}:/home/orangepi/uvg_car/install/wit_ros2_imu:/opt/ros/humble /usr/bin/cmake --build /home/orangepi/uvg_car/build/oakchina_vio_package -- -j8 -l8
[0.240s] [35m[1mConsolidate compiler generated dependencies of target oakchina_vio_package_node[0m
[0.295s] [100%] Built target oakchina_vio_package_node
[0.523s] Invoked command in '/home/orangepi/uvg_car/build/oakchina_vio_package' returned '0': CMAKE_PREFIX_PATH=${CMAKE_PREFIX_PATH}:/home/orangepi/uvg_car/install/wit_ros2_imu:/opt/ros/humble /usr/bin/cmake --build /home/orangepi/uvg_car/build/oakchina_vio_package -- -j8 -l8
[0.553s] Invoking command in '/home/orangepi/uvg_car/build/oakchina_vio_package': CMAKE_PREFIX_PATH=${CMAKE_PREFIX_PATH}:/home/orangepi/uvg_car/install/wit_ros2_imu:/opt/ros/humble /usr/bin/cmake --install /home/orangepi/uvg_car/build/oakchina_vio_package
[0.555s] -- Install configuration: ""
[0.555s] -- Up-to-date: /home/orangepi/uvg_car/install/oakchina_vio_package/lib/oakchina_vio_package/oakchina_vio_package_node
[0.556s] -- Up-to-date: /home/orangepi/uvg_car/install/oakchina_vio_package/lib/libcarina_client.so
[0.556s] -- Up-to-date: /home/orangepi/uvg_car/install/oakchina_vio_package/lib/libcarina_vio.so
[0.557s] -- Up-to-date: /home/orangepi/uvg_car/install/oakchina_vio_package/lib/libcarina_vio_client.so
[0.557s] -- Up-to-date: /home/orangepi/uvg_car/install/oakchina_vio_package/lib/libopencv_calib3d.so.4.2
[0.558s] -- Up-to-date: /home/orangepi/uvg_car/install/oakchina_vio_package/lib/libopencv_core.so.4.2
[0.558s] -- Up-to-date: /home/orangepi/uvg_car/install/oakchina_vio_package/lib/libopencv_imgcodecs.so.4.2
[0.561s] -- Up-to-date: /home/orangepi/uvg_car/install/oakchina_vio_package/share/oakchina_vio_package/launch
[0.562s] -- Up-to-date: /home/orangepi/uvg_car/install/oakchina_vio_package/share/oakchina_vio_package/launch/oakchina_vio.launch.py
[0.562s] -- Up-to-date: /home/orangepi/uvg_car/install/oakchina_vio_package/share/oakchina_vio_package/launch/oakchina_vio.launch
[0.563s] -- Up-to-date: /home/orangepi/uvg_car/install/oakchina_vio_package/share/oakchina_vio_package/config
[0.564s] -- Up-to-date: /home/orangepi/uvg_car/install/oakchina_vio_package/share/oakchina_vio_package/config/database.bin
[0.566s] -- Up-to-date: /home/orangepi/uvg_car/install/oakchina_vio_package/share/oakchina_vio_package/config/custom_config.yaml
[0.568s] -- Up-to-date: /home/orangepi/uvg_car/install/oakchina_vio_package/share/oakchina_vio_package/rviz
[0.570s] -- Up-to-date: /home/orangepi/uvg_car/install/oakchina_vio_package/share/oakchina_vio_package/rviz/oakchina_vio.rviz
[0.575s] -- Up-to-date: /home/orangepi/uvg_car/install/oakchina_vio_package/share/oakchina_vio_package/environment/library_path.sh
[0.578s] -- Up-to-date: /home/orangepi/uvg_car/install/oakchina_vio_package/share/oakchina_vio_package/environment/library_path.dsv
[0.581s] -- Up-to-date: /home/orangepi/uvg_car/install/oakchina_vio_package/share/ament_index/resource_index/package_run_dependencies/oakchina_vio_package
[0.583s] -- Up-to-date: /home/orangepi/uvg_car/install/oakchina_vio_package/share/ament_index/resource_index/parent_prefix_path/oakchina_vio_package
[0.585s] -- Up-to-date: /home/orangepi/uvg_car/install/oakchina_vio_package/share/oakchina_vio_package/environment/ament_prefix_path.sh
[0.586s] -- Up-to-date: /home/orangepi/uvg_car/install/oakchina_vio_package/share/oakchina_vio_package/environment/ament_prefix_path.dsv
[0.587s] -- Up-to-date: /home/orangepi/uvg_car/install/oakchina_vio_package/share/oakchina_vio_package/environment/path.sh
[0.587s] -- Up-to-date: /home/orangepi/uvg_car/install/oakchina_vio_package/share/oakchina_vio_package/environment/path.dsv
[0.588s] -- Up-to-date: /home/orangepi/uvg_car/install/oakchina_vio_package/share/oakchina_vio_package/local_setup.bash
[0.589s] -- Up-to-date: /home/orangepi/uvg_car/install/oakchina_vio_package/share/oakchina_vio_package/local_setup.sh
[0.591s] -- Up-to-date: /home/orangepi/uvg_car/install/oakchina_vio_package/share/oakchina_vio_package/local_setup.zsh
[0.592s] -- Up-to-date: /home/orangepi/uvg_car/install/oakchina_vio_package/share/oakchina_vio_package/local_setup.dsv
[0.593s] -- Installing: /home/orangepi/uvg_car/install/oakchina_vio_package/share/oakchina_vio_package/package.dsv
[0.593s] -- Up-to-date: /home/orangepi/uvg_car/install/oakchina_vio_package/share/ament_index/resource_index/packages/oakchina_vio_package
[0.594s] -- Up-to-date: /home/orangepi/uvg_car/install/oakchina_vio_package/share/oakchina_vio_package/cmake/ament_cmake_export_dependencies-extras.cmake
[0.595s] -- Up-to-date: /home/orangepi/uvg_car/install/oakchina_vio_package/share/oakchina_vio_package/cmake/ament_cmake_export_include_directories-extras.cmake
[0.595s] -- Up-to-date: /home/orangepi/uvg_car/install/oakchina_vio_package/share/oakchina_vio_package/cmake/ament_cmake_export_libraries-extras.cmake
[0.595s] -- Up-to-date: /home/orangepi/uvg_car/install/oakchina_vio_package/share/oakchina_vio_package/cmake/oakchina_vio_packageConfig.cmake
[0.596s] -- Up-to-date: /home/orangepi/uvg_car/install/oakchina_vio_package/share/oakchina_vio_package/cmake/oakchina_vio_packageConfig-version.cmake
[0.596s] -- Up-to-date: /home/orangepi/uvg_car/install/oakchina_vio_package/share/oakchina_vio_package/package.xml
[0.619s] Invoked command in '/home/orangepi/uvg_car/build/oakchina_vio_package' returned '0': CMAKE_PREFIX_PATH=${CMAKE_PREFIX_PATH}:/home/orangepi/uvg_car/install/wit_ros2_imu:/opt/ros/humble /usr/bin/cmake --install /home/orangepi/uvg_car/build/oakchina_vio_package
