[0.040s] Invoking command in '/home/orangepi/uvg_car/build/fishbot_cartographer': CMAKE_PREFIX_PATH=${CMAKE_PREFIX_PATH}:/home/orangepi/uvg_car/install/wit_ros2_imu:/home/orangepi/car_ros2/install/rknn_yolo:/opt/ros/humble /usr/bin/cmake --build /home/orangepi/uvg_car/build/fishbot_cartographer -- -j8 -l8
[0.090s] -- Found ament_cmake: 1.3.11 (/opt/ros/humble/share/ament_cmake/cmake)
[0.334s] -- Found rclcpp: 16.0.12 (/opt/ros/humble/share/rclcpp/cmake)
[0.375s] -- Found rosidl_generator_c: 3.1.6 (/opt/ros/humble/share/rosidl_generator_c/cmake)
[0.378s] -- Found rosidl_adapter: 3.1.6 (/opt/ros/humble/share/rosidl_adapter/cmake)
[0.386s] -- Found rosidl_generator_cpp: 3.1.6 (/opt/ros/humble/share/rosidl_generator_cpp/cmake)
[0.400s] -- Using all available rosidl_typesupport_c: rosidl_typesupport_fastrtps_c;rosidl_typesupport_introspection_c
[0.420s] -- Using all available rosidl_typesupport_cpp: rosidl_typesupport_fastrtps_cpp;rosidl_typesupport_introspection_cpp
[0.466s] -- Found rmw_implementation_cmake: 6.1.2 (/opt/ros/humble/share/rmw_implementation_cmake/cmake)
[0.468s] -- Found rmw_fastrtps_cpp: 6.2.7 (/opt/ros/humble/share/rmw_fastrtps_cpp/cmake)
[0.645s] -- Using RMW implementation 'rmw_fastrtps_cpp' as default
[0.722s] -- Found tf2: 0.25.12 (/opt/ros/humble/share/tf2/cmake)
[0.788s] -- Found tf2_ros: 0.25.12 (/opt/ros/humble/share/tf2_ros/cmake)
[0.877s] -- Found ament_lint_auto: 0.12.12 (/opt/ros/humble/share/ament_lint_auto/cmake)
[1.013s] -- Added test 'cppcheck' to perform static code analysis on C / C++ code
[1.014s] -- Configured cppcheck include dirs: 
[1.015s] -- Configured cppcheck exclude dirs and/or files: 
[1.015s] -- Added test 'flake8' to check Python code syntax and style conventions
[1.016s] -- Added test 'lint_cmake' to check CMake code style
[1.016s] -- Added test 'pep257' to check Python code against some of the docstring style conventions in PEP 257
[1.017s] -- Added test 'uncrustify' to check C / C++ code style
[1.017s] -- Configured uncrustify additional arguments: 
[1.018s] -- Added test 'xmllint' to check XML markup files
[1.018s] -- Configuring done
[1.030s] -- Generating done
[1.036s] -- Build files have been written to: /home/orangepi/uvg_car/build/fishbot_cartographer
[1.148s] [ 50%] [32mBuilding CXX object CMakeFiles/CartoTransferPose_main.dir/src/CartoTransferPose_main.cc.o[0m
[1.185s] [01m[K/home/orangepi/uvg_car/src/fishbot_cartographer/src/CartoTransferPose_main.cc:1:10:[m[K [01;31m[Kfatal error: [m[Kros/ros.h: No such file or directory
[1.187s]     1 | #include [01;31m[K<ros/ros.h>[m[K
[1.187s]       |          [01;31m[K^~~~~~~~~~~[m[K
[1.188s] compilation terminated.
[1.188s] gmake[2]: *** [CMakeFiles/CartoTransferPose_main.dir/build.make:76: CMakeFiles/CartoTransferPose_main.dir/src/CartoTransferPose_main.cc.o] Error 1
[1.189s] gmake[1]: *** [CMakeFiles/Makefile2:137: CMakeFiles/CartoTransferPose_main.dir/all] Error 2
[1.189s] gmake: *** [Makefile:146: all] Error 2
[1.192s] Invoked command in '/home/orangepi/uvg_car/build/fishbot_cartographer' returned '2': CMAKE_PREFIX_PATH=${CMAKE_PREFIX_PATH}:/home/orangepi/uvg_car/install/wit_ros2_imu:/home/orangepi/car_ros2/install/rknn_yolo:/opt/ros/humble /usr/bin/cmake --build /home/orangepi/uvg_car/build/fishbot_cartographer -- -j8 -l8
