[0.051s] Invoking command in '/home/orangepi/uvg_car/build/fishbot_navigation2': CMAKE_PREFIX_PATH=${CMAKE_PREFIX_PATH}:/home/orangepi/uvg_car/install/wit_ros2_imu:/opt/ros/humble /usr/bin/cmake --build /home/orangepi/uvg_car/build/fishbot_navigation2 -- -j8 -l8
[0.465s] Invoked command in '/home/orangepi/uvg_car/build/fishbot_navigation2' returned '0': CMAKE_PREFIX_PATH=${CMAKE_PREFIX_PATH}:/home/orangepi/uvg_car/install/wit_ros2_imu:/opt/ros/humble /usr/bin/cmake --build /home/orangepi/uvg_car/build/fishbot_navigation2 -- -j8 -l8
[0.479s] Invoking command in '/home/orangepi/uvg_car/build/fishbot_navigation2': CMAKE_PREFIX_PATH=${CMAKE_PREFIX_PATH}:/home/orangepi/uvg_car/install/wit_ros2_imu:/opt/ros/humble /usr/bin/cmake --install /home/orangepi/uvg_car/build/fishbot_navigation2
[0.500s] -- Install configuration: ""
[0.501s] -- Up-to-date: /home/orangepi/uvg_car/install/fishbot_navigation2/share/fishbot_navigation2/launch
[0.502s] -- Up-to-date: /home/orangepi/uvg_car/install/fishbot_navigation2/share/fishbot_navigation2/launch/fishbot_navigation2.launch.py
[0.504s] -- Up-to-date: /home/orangepi/uvg_car/install/fishbot_navigation2/share/fishbot_navigation2/param
[0.505s] -- Up-to-date: /home/orangepi/uvg_car/install/fishbot_navigation2/share/fishbot_navigation2/param/fishbot_nav2.yaml
[0.506s] -- Up-to-date: /home/orangepi/uvg_car/install/fishbot_navigation2/share/fishbot_navigation2/param/ekf.yaml
[0.509s] -- Up-to-date: /home/orangepi/uvg_car/install/fishbot_navigation2/share/fishbot_navigation2/maps
[0.511s] -- Up-to-date: /home/orangepi/uvg_car/install/fishbot_navigation2/share/fishbot_navigation2/maps/fishbot_map.pgm
[0.513s] -- Up-to-date: /home/orangepi/uvg_car/install/fishbot_navigation2/share/fishbot_navigation2/maps/fishbot_map.yaml
[0.514s] -- Up-to-date: /home/orangepi/uvg_car/install/fishbot_navigation2/share/fishbot_navigation2/urdf
[0.515s] -- Up-to-date: /home/orangepi/uvg_car/install/fishbot_navigation2/share/fishbot_navigation2/urdf/fishot_2d.urdf
[0.518s] -- Up-to-date: /home/orangepi/uvg_car/install/fishbot_navigation2/share/ament_index/resource_index/package_run_dependencies/fishbot_navigation2
[0.519s] -- Up-to-date: /home/orangepi/uvg_car/install/fishbot_navigation2/share/ament_index/resource_index/parent_prefix_path/fishbot_navigation2
[0.521s] -- Up-to-date: /home/orangepi/uvg_car/install/fishbot_navigation2/share/fishbot_navigation2/environment/ament_prefix_path.sh
[0.522s] -- Up-to-date: /home/orangepi/uvg_car/install/fishbot_navigation2/share/fishbot_navigation2/environment/ament_prefix_path.dsv
[0.523s] -- Up-to-date: /home/orangepi/uvg_car/install/fishbot_navigation2/share/fishbot_navigation2/environment/path.sh
[0.524s] -- Up-to-date: /home/orangepi/uvg_car/install/fishbot_navigation2/share/fishbot_navigation2/environment/path.dsv
[0.525s] -- Up-to-date: /home/orangepi/uvg_car/install/fishbot_navigation2/share/fishbot_navigation2/local_setup.bash
[0.525s] -- Up-to-date: /home/orangepi/uvg_car/install/fishbot_navigation2/share/fishbot_navigation2/local_setup.sh
[0.528s] -- Up-to-date: /home/orangepi/uvg_car/install/fishbot_navigation2/share/fishbot_navigation2/local_setup.zsh
[0.529s] -- Up-to-date: /home/orangepi/uvg_car/install/fishbot_navigation2/share/fishbot_navigation2/local_setup.dsv
[0.530s] -- Installing: /home/orangepi/uvg_car/install/fishbot_navigation2/share/fishbot_navigation2/package.dsv
[0.531s] -- Up-to-date: /home/orangepi/uvg_car/install/fishbot_navigation2/share/ament_index/resource_index/packages/fishbot_navigation2
[0.532s] -- Up-to-date: /home/orangepi/uvg_car/install/fishbot_navigation2/share/fishbot_navigation2/cmake/fishbot_navigation2Config.cmake
[0.532s] -- Up-to-date: /home/orangepi/uvg_car/install/fishbot_navigation2/share/fishbot_navigation2/cmake/fishbot_navigation2Config-version.cmake
[0.533s] -- Up-to-date: /home/orangepi/uvg_car/install/fishbot_navigation2/share/fishbot_navigation2/package.xml
[0.595s] Invoked command in '/home/orangepi/uvg_car/build/fishbot_navigation2' returned '0': CMAKE_PREFIX_PATH=${CMAKE_PREFIX_PATH}:/home/orangepi/uvg_car/install/wit_ros2_imu:/opt/ros/humble /usr/bin/cmake --install /home/orangepi/uvg_car/build/fishbot_navigation2
