gmake: Warning: File 'Makefile' has modification time 64 s in the future
gmake[1]: Warning: File 'CMakeFiles/Makefile2' has modification time 64 s in the future
gmake[2]: Warning: File 'CMakeFiles/lslidar_driver_node.dir/flags.make' has modification time 64 s in the future
gmake[2]: warning:  Clock skew detected.  Your build may be incomplete.
gmake[2]: Warning: File 'CMakeFiles/lslidar_driver_node.dir/flags.make' has modification time 64 s in the future
gmake[2]: warning:  Clock skew detected.  Your build may be incomplete.
[100%] Built target lslidar_driver_node
gmake[1]: warning:  Clock skew detected.  Your build may be incomplete.
gmake: warning:  Clock skew detected.  Your build may be incomplete.
-- Install configuration: ""
-- Up-to-date: /home/orangepi/uvg_car/install/lslidar_driver/share/lslidar_driver/launch
-- Up-to-date: /home/orangepi/uvg_car/install/lslidar_driver/share/lslidar_driver/launch/lsm10p_net_launch.py
-- Up-to-date: /home/orangepi/uvg_car/install/lslidar_driver/share/lslidar_driver/launch/demo.launch.py
-- Up-to-date: /home/orangepi/uvg_car/install/lslidar_driver/share/lslidar_driver/launch/lslidar_double_launch.py
-- Up-to-date: /home/orangepi/uvg_car/install/lslidar_driver/share/lslidar_driver/launch/lsm10_net_launch.py
-- Up-to-date: /home/orangepi/uvg_car/install/lslidar_driver/share/lslidar_driver/launch/lsm10p_uart_launch.py
-- Up-to-date: /home/orangepi/uvg_car/install/lslidar_driver/share/lslidar_driver/launch/lsm10_uart_launch.py
-- Up-to-date: /home/orangepi/uvg_car/install/lslidar_driver/share/lslidar_driver/launch/lsn10_net_launch.py
-- Up-to-date: /home/orangepi/uvg_car/install/lslidar_driver/share/lslidar_driver/launch/lsn10p_launch.py
-- Up-to-date: /home/orangepi/uvg_car/install/lslidar_driver/share/lslidar_driver/launch/viewer_scan_launch.py
-- Up-to-date: /home/orangepi/uvg_car/install/lslidar_driver/share/lslidar_driver/launch/lsn10_launch.py
-- Up-to-date: /home/orangepi/uvg_car/install/lslidar_driver/share/lslidar_driver/launch/lsn10p_net_launch.py
-- Up-to-date: /home/orangepi/uvg_car/install/lslidar_driver/share/lslidar_driver/params
-- Up-to-date: /home/orangepi/uvg_car/install/lslidar_driver/share/lslidar_driver/params/lidar_net_ros2
-- Up-to-date: /home/orangepi/uvg_car/install/lslidar_driver/share/lslidar_driver/params/lidar_net_ros2/lsm10p_net.yaml
-- Up-to-date: /home/orangepi/uvg_car/install/lslidar_driver/share/lslidar_driver/params/lidar_net_ros2/lsn10p_net.yaml
-- Up-to-date: /home/orangepi/uvg_car/install/lslidar_driver/share/lslidar_driver/params/lidar_net_ros2/lsn10_net.yaml
-- Up-to-date: /home/orangepi/uvg_car/install/lslidar_driver/share/lslidar_driver/params/lidar_net_ros2/lsm10_net.yaml
-- Up-to-date: /home/orangepi/uvg_car/install/lslidar_driver/share/lslidar_driver/params/lidar_uart_ros2
-- Up-to-date: /home/orangepi/uvg_car/install/lslidar_driver/share/lslidar_driver/params/lidar_uart_ros2/lsn10p.yaml
-- Up-to-date: /home/orangepi/uvg_car/install/lslidar_driver/share/lslidar_driver/params/lidar_uart_ros2/lsm10_p.yaml
-- Up-to-date: /home/orangepi/uvg_car/install/lslidar_driver/share/lslidar_driver/params/lidar_uart_ros2/lsm10.yaml
-- Up-to-date: /home/orangepi/uvg_car/install/lslidar_driver/share/lslidar_driver/params/lidar_uart_ros2/lsn10.yaml
-- Up-to-date: /home/orangepi/uvg_car/install/lslidar_driver/share/lslidar_driver/rviz
-- Up-to-date: /home/orangepi/uvg_car/install/lslidar_driver/share/lslidar_driver/rviz/lslidar.rviz
-- Up-to-date: /home/orangepi/uvg_car/install/lslidar_driver/lib/lslidar_driver/lslidar_driver_node
-- Up-to-date: /home/orangepi/uvg_car/install/lslidar_driver/share/ament_index/resource_index/package_run_dependencies/lslidar_driver
-- Up-to-date: /home/orangepi/uvg_car/install/lslidar_driver/share/ament_index/resource_index/parent_prefix_path/lslidar_driver
-- Up-to-date: /home/orangepi/uvg_car/install/lslidar_driver/share/lslidar_driver/environment/ament_prefix_path.sh
-- Up-to-date: /home/orangepi/uvg_car/install/lslidar_driver/share/lslidar_driver/environment/ament_prefix_path.dsv
-- Up-to-date: /home/orangepi/uvg_car/install/lslidar_driver/share/lslidar_driver/environment/path.sh
-- Up-to-date: /home/orangepi/uvg_car/install/lslidar_driver/share/lslidar_driver/environment/path.dsv
-- Up-to-date: /home/orangepi/uvg_car/install/lslidar_driver/share/lslidar_driver/local_setup.bash
-- Up-to-date: /home/orangepi/uvg_car/install/lslidar_driver/share/lslidar_driver/local_setup.sh
-- Up-to-date: /home/orangepi/uvg_car/install/lslidar_driver/share/lslidar_driver/local_setup.zsh
-- Up-to-date: /home/orangepi/uvg_car/install/lslidar_driver/share/lslidar_driver/local_setup.dsv
-- Installing: /home/orangepi/uvg_car/install/lslidar_driver/share/lslidar_driver/package.dsv
-- Up-to-date: /home/orangepi/uvg_car/install/lslidar_driver/share/ament_index/resource_index/packages/lslidar_driver
-- Up-to-date: /home/orangepi/uvg_car/install/lslidar_driver/share/lslidar_driver/cmake/ament_cmake_export_dependencies-extras.cmake
-- Up-to-date: /home/orangepi/uvg_car/install/lslidar_driver/share/lslidar_driver/cmake/ament_cmake_export_include_directories-extras.cmake
-- Up-to-date: /home/orangepi/uvg_car/install/lslidar_driver/share/lslidar_driver/cmake/lslidar_driverConfig.cmake
-- Up-to-date: /home/orangepi/uvg_car/install/lslidar_driver/share/lslidar_driver/cmake/lslidar_driverConfig-version.cmake
-- Up-to-date: /home/orangepi/uvg_car/install/lslidar_driver/share/lslidar_driver/package.xml
