[0.160s] [34mcolcon[0m [1;30mDEBUG[0m [32mCommand line arguments: ['/usr/bin/colcon', 'build'][0m
[0.160s] [34mcolcon[0m [1;30mDEBUG[0m [32mParsed command line arguments: Namespace(log_base=None, log_level=None, verb_name='build', build_base='build', install_base='install', merge_install=False, symlink_install=False, test_result_base=None, continue_on_error=False, executor='parallel', parallel_workers=8, event_handlers=None, ignore_user_meta=False, metas=['./colcon.meta'], base_paths=['.'], packages_ignore=None, packages_ignore_regex=None, paths=None, packages_up_to=None, packages_up_to_regex=None, packages_above=None, packages_above_and_dependencies=None, packages_above_depth=None, packages_select_by_dep=None, packages_skip_by_dep=None, packages_skip_up_to=None, packages_select_build_failed=False, packages_skip_build_finished=False, packages_select_test_failures=False, packages_skip_test_passed=False, packages_select=None, packages_skip=None, packages_select_regex=None, packages_skip_regex=None, packages_start=None, packages_end=None, cmake_args=None, cmake_target=None, cmake_target_skip_unavailable=False, cmake_clean_cache=False, cmake_clean_first=False, cmake_force_configure=False, ament_cmake_args=None, catkin_cmake_args=None, catkin_skip_building_tests=False, verb_parser=<colcon_defaults.argument_parser.defaults.DefaultArgumentsDecorator object at 0x7faa99a530>, verb_extension=<colcon_core.verb.build.BuildVerb object at 0x7faa99a020>, main=<bound method BuildVerb.main of <colcon_core.verb.build.BuildVerb object at 0x7faa99a020>>)[0m
[0.377s] [34mcolcon.colcon_core.package_discovery[0m [1;30mLevel 1[0m discover_packages(colcon_meta) check parameters
[0.377s] [34mcolcon.colcon_core.package_discovery[0m [1;30mLevel 1[0m discover_packages(recursive) check parameters
[0.377s] [34mcolcon.colcon_core.package_discovery[0m [1;30mLevel 1[0m discover_packages(ignore) check parameters
[0.377s] [34mcolcon.colcon_core.package_discovery[0m [1;30mLevel 1[0m discover_packages(path) check parameters
[0.377s] [34mcolcon.colcon_core.package_discovery[0m [1;30mLevel 1[0m discover_packages(colcon_meta) discover
[0.377s] [34mcolcon.colcon_core.package_discovery[0m [1;30mLevel 1[0m discover_packages(recursive) discover
[0.377s] [34mcolcon.colcon_core.package_discovery[0m [1;30mINFO[0m Crawling recursively for packages in '/home/orangepi/uvg_car'
[0.378s] [34mcolcon.colcon_core.package_identification[0m [1;30mLevel 1[0m _identify(.) by extensions ['ignore', 'ignore_ament_install']
[0.378s] [34mcolcon.colcon_core.package_identification[0m [1;30mLevel 1[0m _identify(.) by extension 'ignore'
[0.378s] [34mcolcon.colcon_core.package_identification[0m [1;30mLevel 1[0m _identify(.) by extension 'ignore_ament_install'
[0.378s] [34mcolcon.colcon_core.package_identification[0m [1;30mLevel 1[0m _identify(.) by extensions ['colcon_pkg']
[0.378s] [34mcolcon.colcon_core.package_identification[0m [1;30mLevel 1[0m _identify(.) by extension 'colcon_pkg'
[0.378s] [34mcolcon.colcon_core.package_identification[0m [1;30mLevel 1[0m _identify(.) by extensions ['colcon_meta']
[0.378s] [34mcolcon.colcon_core.package_identification[0m [1;30mLevel 1[0m _identify(.) by extension 'colcon_meta'
[0.378s] [34mcolcon.colcon_core.package_identification[0m [1;30mLevel 1[0m _identify(.) by extensions ['ros']
[0.378s] [34mcolcon.colcon_core.package_identification[0m [1;30mLevel 1[0m _identify(.) by extension 'ros'
[0.396s] [34mcolcon.colcon_core.package_identification[0m [1;30mLevel 1[0m _identify(.) by extensions ['cmake', 'python']
[0.396s] [34mcolcon.colcon_core.package_identification[0m [1;30mLevel 1[0m _identify(.) by extension 'cmake'
[0.396s] [34mcolcon.colcon_core.package_identification[0m [1;30mLevel 1[0m _identify(.) by extension 'python'
[0.396s] [34mcolcon.colcon_core.package_identification[0m [1;30mLevel 1[0m _identify(.) by extensions ['python_setup_py']
[0.396s] [34mcolcon.colcon_core.package_identification[0m [1;30mLevel 1[0m _identify(.) by extension 'python_setup_py'
[0.396s] [34mcolcon.colcon_core.package_identification[0m [1;30mLevel 1[0m _identify(build) by extensions ['ignore', 'ignore_ament_install']
[0.396s] [34mcolcon.colcon_core.package_identification[0m [1;30mLevel 1[0m _identify(build) by extension 'ignore'
[0.397s] [34mcolcon.colcon_core.package_identification[0m [1;30mLevel 1[0m _identify(build) ignored
[0.397s] [34mcolcon.colcon_core.package_identification[0m [1;30mLevel 1[0m _identify(install) by extensions ['ignore', 'ignore_ament_install']
[0.397s] [34mcolcon.colcon_core.package_identification[0m [1;30mLevel 1[0m _identify(install) by extension 'ignore'
[0.397s] [34mcolcon.colcon_core.package_identification[0m [1;30mLevel 1[0m _identify(install) ignored
[0.397s] [34mcolcon.colcon_core.package_identification[0m [1;30mLevel 1[0m _identify(log) by extensions ['ignore', 'ignore_ament_install']
[0.397s] [34mcolcon.colcon_core.package_identification[0m [1;30mLevel 1[0m _identify(log) by extension 'ignore'
[0.397s] [34mcolcon.colcon_core.package_identification[0m [1;30mLevel 1[0m _identify(log) ignored
[0.397s] [34mcolcon.colcon_core.package_identification[0m [1;30mLevel 1[0m _identify(src) by extensions ['ignore', 'ignore_ament_install']
[0.397s] [34mcolcon.colcon_core.package_identification[0m [1;30mLevel 1[0m _identify(src) by extension 'ignore'
[0.397s] [34mcolcon.colcon_core.package_identification[0m [1;30mLevel 1[0m _identify(src) by extension 'ignore_ament_install'
[0.397s] [34mcolcon.colcon_core.package_identification[0m [1;30mLevel 1[0m _identify(src) by extensions ['colcon_pkg']
[0.398s] [34mcolcon.colcon_core.package_identification[0m [1;30mLevel 1[0m _identify(src) by extension 'colcon_pkg'
[0.398s] [34mcolcon.colcon_core.package_identification[0m [1;30mLevel 1[0m _identify(src) by extensions ['colcon_meta']
[0.398s] [34mcolcon.colcon_core.package_identification[0m [1;30mLevel 1[0m _identify(src) by extension 'colcon_meta'
[0.398s] [34mcolcon.colcon_core.package_identification[0m [1;30mLevel 1[0m _identify(src) by extensions ['ros']
[0.398s] [34mcolcon.colcon_core.package_identification[0m [1;30mLevel 1[0m _identify(src) by extension 'ros'
[0.398s] [34mcolcon.colcon_core.package_identification[0m [1;30mLevel 1[0m _identify(src) by extensions ['cmake', 'python']
[0.398s] [34mcolcon.colcon_core.package_identification[0m [1;30mLevel 1[0m _identify(src) by extension 'cmake'
[0.398s] [34mcolcon.colcon_core.package_identification[0m [1;30mLevel 1[0m _identify(src) by extension 'python'
[0.398s] [34mcolcon.colcon_core.package_identification[0m [1;30mLevel 1[0m _identify(src) by extensions ['python_setup_py']
[0.398s] [34mcolcon.colcon_core.package_identification[0m [1;30mLevel 1[0m _identify(src) by extension 'python_setup_py'
[0.398s] [34mcolcon.colcon_core.package_identification[0m [1;30mLevel 1[0m _identify(src/LSLIDAR_X_ROS2-20240228) by extensions ['ignore', 'ignore_ament_install']
[0.398s] [34mcolcon.colcon_core.package_identification[0m [1;30mLevel 1[0m _identify(src/LSLIDAR_X_ROS2-20240228) by extension 'ignore'
[0.398s] [34mcolcon.colcon_core.package_identification[0m [1;30mLevel 1[0m _identify(src/LSLIDAR_X_ROS2-20240228) by extension 'ignore_ament_install'
[0.398s] [34mcolcon.colcon_core.package_identification[0m [1;30mLevel 1[0m _identify(src/LSLIDAR_X_ROS2-20240228) by extensions ['colcon_pkg']
[0.398s] [34mcolcon.colcon_core.package_identification[0m [1;30mLevel 1[0m _identify(src/LSLIDAR_X_ROS2-20240228) by extension 'colcon_pkg'
[0.398s] [34mcolcon.colcon_core.package_identification[0m [1;30mLevel 1[0m _identify(src/LSLIDAR_X_ROS2-20240228) by extensions ['colcon_meta']
[0.399s] [34mcolcon.colcon_core.package_identification[0m [1;30mLevel 1[0m _identify(src/LSLIDAR_X_ROS2-20240228) by extension 'colcon_meta'
[0.399s] [34mcolcon.colcon_core.package_identification[0m [1;30mLevel 1[0m _identify(src/LSLIDAR_X_ROS2-20240228) by extensions ['ros']
[0.399s] [34mcolcon.colcon_core.package_identification[0m [1;30mLevel 1[0m _identify(src/LSLIDAR_X_ROS2-20240228) by extension 'ros'
[0.399s] [34mcolcon.colcon_core.package_identification[0m [1;30mLevel 1[0m _identify(src/LSLIDAR_X_ROS2-20240228) by extensions ['cmake', 'python']
[0.399s] [34mcolcon.colcon_core.package_identification[0m [1;30mLevel 1[0m _identify(src/LSLIDAR_X_ROS2-20240228) by extension 'cmake'
[0.399s] [34mcolcon.colcon_core.package_identification[0m [1;30mLevel 1[0m _identify(src/LSLIDAR_X_ROS2-20240228) by extension 'python'
[0.399s] [34mcolcon.colcon_core.package_identification[0m [1;30mLevel 1[0m _identify(src/LSLIDAR_X_ROS2-20240228) by extensions ['python_setup_py']
[0.399s] [34mcolcon.colcon_core.package_identification[0m [1;30mLevel 1[0m _identify(src/LSLIDAR_X_ROS2-20240228) by extension 'python_setup_py'
[0.399s] [34mcolcon.colcon_core.package_identification[0m [1;30mLevel 1[0m _identify(src/LSLIDAR_X_ROS2-20240228/src) by extensions ['ignore', 'ignore_ament_install']
[0.399s] [34mcolcon.colcon_core.package_identification[0m [1;30mLevel 1[0m _identify(src/LSLIDAR_X_ROS2-20240228/src) by extension 'ignore'
[0.399s] [34mcolcon.colcon_core.package_identification[0m [1;30mLevel 1[0m _identify(src/LSLIDAR_X_ROS2-20240228/src) by extension 'ignore_ament_install'
[0.399s] [34mcolcon.colcon_core.package_identification[0m [1;30mLevel 1[0m _identify(src/LSLIDAR_X_ROS2-20240228/src) by extensions ['colcon_pkg']
[0.399s] [34mcolcon.colcon_core.package_identification[0m [1;30mLevel 1[0m _identify(src/LSLIDAR_X_ROS2-20240228/src) by extension 'colcon_pkg'
[0.399s] [34mcolcon.colcon_core.package_identification[0m [1;30mLevel 1[0m _identify(src/LSLIDAR_X_ROS2-20240228/src) by extensions ['colcon_meta']
[0.399s] [34mcolcon.colcon_core.package_identification[0m [1;30mLevel 1[0m _identify(src/LSLIDAR_X_ROS2-20240228/src) by extension 'colcon_meta'
[0.399s] [34mcolcon.colcon_core.package_identification[0m [1;30mLevel 1[0m _identify(src/LSLIDAR_X_ROS2-20240228/src) by extensions ['ros']
[0.399s] [34mcolcon.colcon_core.package_identification[0m [1;30mLevel 1[0m _identify(src/LSLIDAR_X_ROS2-20240228/src) by extension 'ros'
[0.399s] [34mcolcon.colcon_core.package_identification[0m [1;30mLevel 1[0m _identify(src/LSLIDAR_X_ROS2-20240228/src) by extensions ['cmake', 'python']
[0.399s] [34mcolcon.colcon_core.package_identification[0m [1;30mLevel 1[0m _identify(src/LSLIDAR_X_ROS2-20240228/src) by extension 'cmake'
[0.400s] [34mcolcon.colcon_core.package_identification[0m [1;30mLevel 1[0m _identify(src/LSLIDAR_X_ROS2-20240228/src) by extension 'python'
[0.400s] [34mcolcon.colcon_core.package_identification[0m [1;30mLevel 1[0m _identify(src/LSLIDAR_X_ROS2-20240228/src) by extensions ['python_setup_py']
[0.400s] [34mcolcon.colcon_core.package_identification[0m [1;30mLevel 1[0m _identify(src/LSLIDAR_X_ROS2-20240228/src) by extension 'python_setup_py'
[0.400s] [34mcolcon.colcon_core.package_identification[0m [1;30mLevel 1[0m _identify(src/LSLIDAR_X_ROS2-20240228/src/lslidar_driver) by extensions ['ignore', 'ignore_ament_install']
[0.400s] [34mcolcon.colcon_core.package_identification[0m [1;30mLevel 1[0m _identify(src/LSLIDAR_X_ROS2-20240228/src/lslidar_driver) by extension 'ignore'
[0.400s] [34mcolcon.colcon_core.package_identification[0m [1;30mLevel 1[0m _identify(src/LSLIDAR_X_ROS2-20240228/src/lslidar_driver) by extension 'ignore_ament_install'
[0.400s] [34mcolcon.colcon_core.package_identification[0m [1;30mLevel 1[0m _identify(src/LSLIDAR_X_ROS2-20240228/src/lslidar_driver) by extensions ['colcon_pkg']
[0.400s] [34mcolcon.colcon_core.package_identification[0m [1;30mLevel 1[0m _identify(src/LSLIDAR_X_ROS2-20240228/src/lslidar_driver) by extension 'colcon_pkg'
[0.400s] [34mcolcon.colcon_core.package_identification[0m [1;30mLevel 1[0m _identify(src/LSLIDAR_X_ROS2-20240228/src/lslidar_driver) by extensions ['colcon_meta']
[0.400s] [34mcolcon.colcon_core.package_identification[0m [1;30mLevel 1[0m _identify(src/LSLIDAR_X_ROS2-20240228/src/lslidar_driver) by extension 'colcon_meta'
[0.400s] [34mcolcon.colcon_core.package_identification[0m [1;30mLevel 1[0m _identify(src/LSLIDAR_X_ROS2-20240228/src/lslidar_driver) by extensions ['ros']
[0.400s] [34mcolcon.colcon_core.package_identification[0m [1;30mLevel 1[0m _identify(src/LSLIDAR_X_ROS2-20240228/src/lslidar_driver) by extension 'ros'
[0.405s] [34mcolcon.colcon_core.package_identification[0m [1;30mDEBUG[0m [32mPackage 'src/LSLIDAR_X_ROS2-20240228/src/lslidar_driver' with type 'ros.ament_cmake' and name 'lslidar_driver'[0m
[0.405s] [34mcolcon.colcon_core.package_identification[0m [1;30mLevel 1[0m _identify(src/LSLIDAR_X_ROS2-20240228/src/lslidar_msgs) by extensions ['ignore', 'ignore_ament_install']
[0.405s] [34mcolcon.colcon_core.package_identification[0m [1;30mLevel 1[0m _identify(src/LSLIDAR_X_ROS2-20240228/src/lslidar_msgs) by extension 'ignore'
[0.405s] [34mcolcon.colcon_core.package_identification[0m [1;30mLevel 1[0m _identify(src/LSLIDAR_X_ROS2-20240228/src/lslidar_msgs) by extension 'ignore_ament_install'
[0.405s] [34mcolcon.colcon_core.package_identification[0m [1;30mLevel 1[0m _identify(src/LSLIDAR_X_ROS2-20240228/src/lslidar_msgs) by extensions ['colcon_pkg']
[0.405s] [34mcolcon.colcon_core.package_identification[0m [1;30mLevel 1[0m _identify(src/LSLIDAR_X_ROS2-20240228/src/lslidar_msgs) by extension 'colcon_pkg'
[0.405s] [34mcolcon.colcon_core.package_identification[0m [1;30mLevel 1[0m _identify(src/LSLIDAR_X_ROS2-20240228/src/lslidar_msgs) by extensions ['colcon_meta']
[0.405s] [34mcolcon.colcon_core.package_identification[0m [1;30mLevel 1[0m _identify(src/LSLIDAR_X_ROS2-20240228/src/lslidar_msgs) by extension 'colcon_meta'
[0.405s] [34mcolcon.colcon_core.package_identification[0m [1;30mLevel 1[0m _identify(src/LSLIDAR_X_ROS2-20240228/src/lslidar_msgs) by extensions ['ros']
[0.405s] [34mcolcon.colcon_core.package_identification[0m [1;30mLevel 1[0m _identify(src/LSLIDAR_X_ROS2-20240228/src/lslidar_msgs) by extension 'ros'
[0.406s] [34mcolcon.colcon_core.package_identification[0m [1;30mDEBUG[0m [32mPackage 'src/LSLIDAR_X_ROS2-20240228/src/lslidar_msgs' with type 'ros.ament_cmake' and name 'lslidar_msgs'[0m
[0.407s] [34mcolcon.colcon_core.package_identification[0m [1;30mLevel 1[0m _identify(src/fishbot_cartographer) by extensions ['ignore', 'ignore_ament_install']
[0.407s] [34mcolcon.colcon_core.package_identification[0m [1;30mLevel 1[0m _identify(src/fishbot_cartographer) by extension 'ignore'
[0.407s] [34mcolcon.colcon_core.package_identification[0m [1;30mLevel 1[0m _identify(src/fishbot_cartographer) by extension 'ignore_ament_install'
[0.407s] [34mcolcon.colcon_core.package_identification[0m [1;30mLevel 1[0m _identify(src/fishbot_cartographer) by extensions ['colcon_pkg']
[0.407s] [34mcolcon.colcon_core.package_identification[0m [1;30mLevel 1[0m _identify(src/fishbot_cartographer) by extension 'colcon_pkg'
[0.407s] [34mcolcon.colcon_core.package_identification[0m [1;30mLevel 1[0m _identify(src/fishbot_cartographer) by extensions ['colcon_meta']
[0.407s] [34mcolcon.colcon_core.package_identification[0m [1;30mLevel 1[0m _identify(src/fishbot_cartographer) by extension 'colcon_meta'
[0.407s] [34mcolcon.colcon_core.package_identification[0m [1;30mLevel 1[0m _identify(src/fishbot_cartographer) by extensions ['ros']
[0.407s] [34mcolcon.colcon_core.package_identification[0m [1;30mLevel 1[0m _identify(src/fishbot_cartographer) by extension 'ros'
[0.410s] [34mcolcon.colcon_core.package_identification[0m [1;30mDEBUG[0m [32mPackage 'src/fishbot_cartographer' with type 'ros.ament_cmake' and name 'fishbot_cartographer'[0m
[0.410s] [34mcolcon.colcon_core.package_identification[0m [1;30mLevel 1[0m _identify(src/fishbot_navigation2) by extensions ['ignore', 'ignore_ament_install']
[0.410s] [34mcolcon.colcon_core.package_identification[0m [1;30mLevel 1[0m _identify(src/fishbot_navigation2) by extension 'ignore'
[0.410s] [34mcolcon.colcon_core.package_identification[0m [1;30mLevel 1[0m _identify(src/fishbot_navigation2) by extension 'ignore_ament_install'
[0.410s] [34mcolcon.colcon_core.package_identification[0m [1;30mLevel 1[0m _identify(src/fishbot_navigation2) by extensions ['colcon_pkg']
[0.411s] [34mcolcon.colcon_core.package_identification[0m [1;30mLevel 1[0m _identify(src/fishbot_navigation2) by extension 'colcon_pkg'
[0.411s] [34mcolcon.colcon_core.package_identification[0m [1;30mLevel 1[0m _identify(src/fishbot_navigation2) by extensions ['colcon_meta']
[0.411s] [34mcolcon.colcon_core.package_identification[0m [1;30mLevel 1[0m _identify(src/fishbot_navigation2) by extension 'colcon_meta'
[0.411s] [34mcolcon.colcon_core.package_identification[0m [1;30mLevel 1[0m _identify(src/fishbot_navigation2) by extensions ['ros']
[0.411s] [34mcolcon.colcon_core.package_identification[0m [1;30mLevel 1[0m _identify(src/fishbot_navigation2) by extension 'ros'
[0.411s] [34mcolcon.colcon_core.package_identification[0m [1;30mDEBUG[0m [32mPackage 'src/fishbot_navigation2' with type 'ros.ament_cmake' and name 'fishbot_navigation2'[0m
[0.411s] [34mcolcon.colcon_core.package_identification[0m [1;30mLevel 1[0m _identify(src/wit_ros2_imu) by extensions ['ignore', 'ignore_ament_install']
[0.412s] [34mcolcon.colcon_core.package_identification[0m [1;30mLevel 1[0m _identify(src/wit_ros2_imu) by extension 'ignore'
[0.412s] [34mcolcon.colcon_core.package_identification[0m [1;30mLevel 1[0m _identify(src/wit_ros2_imu) by extension 'ignore_ament_install'
[0.412s] [34mcolcon.colcon_core.package_identification[0m [1;30mLevel 1[0m _identify(src/wit_ros2_imu) by extensions ['colcon_pkg']
[0.412s] [34mcolcon.colcon_core.package_identification[0m [1;30mLevel 1[0m _identify(src/wit_ros2_imu) by extension 'colcon_pkg'
[0.412s] [34mcolcon.colcon_core.package_identification[0m [1;30mLevel 1[0m _identify(src/wit_ros2_imu) by extensions ['colcon_meta']
[0.412s] [34mcolcon.colcon_core.package_identification[0m [1;30mLevel 1[0m _identify(src/wit_ros2_imu) by extension 'colcon_meta'
[0.412s] [34mcolcon.colcon_core.package_identification[0m [1;30mLevel 1[0m _identify(src/wit_ros2_imu) by extensions ['ros']
[0.412s] [34mcolcon.colcon_core.package_identification[0m [1;30mLevel 1[0m _identify(src/wit_ros2_imu) by extension 'ros'
[0.413s] [34mcolcon.colcon_core.package_identification[0m [1;30mDEBUG[0m [32mPackage 'src/wit_ros2_imu' with type 'ros.ament_python' and name 'wit_ros2_imu'[0m
[0.413s] [34mcolcon.colcon_core.package_discovery[0m [1;30mLevel 1[0m discover_packages(recursive) using defaults
[0.413s] [34mcolcon.colcon_core.package_discovery[0m [1;30mLevel 1[0m discover_packages(ignore) discover
[0.413s] [34mcolcon.colcon_core.package_discovery[0m [1;30mLevel 1[0m discover_packages(ignore) using defaults
[0.413s] [34mcolcon.colcon_core.package_discovery[0m [1;30mLevel 1[0m discover_packages(path) discover
[0.413s] [34mcolcon.colcon_core.package_discovery[0m [1;30mLevel 1[0m discover_packages(path) using defaults
[0.490s] [34mcolcon.colcon_core.verb[0m [1;30mLevel 5[0m set package 'fishbot_cartographer' build argument 'cmake_args' from command line to 'None'
[0.490s] [34mcolcon.colcon_core.verb[0m [1;30mLevel 5[0m set package 'fishbot_cartographer' build argument 'cmake_target' from command line to 'None'
[0.490s] [34mcolcon.colcon_core.verb[0m [1;30mLevel 5[0m set package 'fishbot_cartographer' build argument 'cmake_target_skip_unavailable' from command line to 'False'
[0.490s] [34mcolcon.colcon_core.verb[0m [1;30mLevel 5[0m set package 'fishbot_cartographer' build argument 'cmake_clean_cache' from command line to 'False'
[0.490s] [34mcolcon.colcon_core.verb[0m [1;30mLevel 5[0m set package 'fishbot_cartographer' build argument 'cmake_clean_first' from command line to 'False'
[0.490s] [34mcolcon.colcon_core.verb[0m [1;30mLevel 5[0m set package 'fishbot_cartographer' build argument 'cmake_force_configure' from command line to 'False'
[0.490s] [34mcolcon.colcon_core.verb[0m [1;30mLevel 5[0m set package 'fishbot_cartographer' build argument 'ament_cmake_args' from command line to 'None'
[0.490s] [34mcolcon.colcon_core.verb[0m [1;30mLevel 5[0m set package 'fishbot_cartographer' build argument 'catkin_cmake_args' from command line to 'None'
[0.491s] [34mcolcon.colcon_core.verb[0m [1;30mLevel 5[0m set package 'fishbot_cartographer' build argument 'catkin_skip_building_tests' from command line to 'False'
[0.491s] [34mcolcon.colcon_core.verb[0m [1;30mDEBUG[0m [32mBuilding package 'fishbot_cartographer' with the following arguments: {'ament_cmake_args': None, 'build_base': '/home/orangepi/uvg_car/build/fishbot_cartographer', 'catkin_cmake_args': None, 'catkin_skip_building_tests': False, 'cmake_args': None, 'cmake_clean_cache': False, 'cmake_clean_first': False, 'cmake_force_configure': False, 'cmake_target': None, 'cmake_target_skip_unavailable': False, 'install_base': '/home/orangepi/uvg_car/install/fishbot_cartographer', 'merge_install': False, 'path': '/home/orangepi/uvg_car/src/fishbot_cartographer', 'symlink_install': False, 'test_result_base': None}[0m
[0.491s] [34mcolcon.colcon_core.verb[0m [1;30mLevel 5[0m set package 'fishbot_navigation2' build argument 'cmake_args' from command line to 'None'
[0.491s] [34mcolcon.colcon_core.verb[0m [1;30mLevel 5[0m set package 'fishbot_navigation2' build argument 'cmake_target' from command line to 'None'
[0.491s] [34mcolcon.colcon_core.verb[0m [1;30mLevel 5[0m set package 'fishbot_navigation2' build argument 'cmake_target_skip_unavailable' from command line to 'False'
[0.491s] [34mcolcon.colcon_core.verb[0m [1;30mLevel 5[0m set package 'fishbot_navigation2' build argument 'cmake_clean_cache' from command line to 'False'
[0.491s] [34mcolcon.colcon_core.verb[0m [1;30mLevel 5[0m set package 'fishbot_navigation2' build argument 'cmake_clean_first' from command line to 'False'
[0.491s] [34mcolcon.colcon_core.verb[0m [1;30mLevel 5[0m set package 'fishbot_navigation2' build argument 'cmake_force_configure' from command line to 'False'
[0.491s] [34mcolcon.colcon_core.verb[0m [1;30mLevel 5[0m set package 'fishbot_navigation2' build argument 'ament_cmake_args' from command line to 'None'
[0.491s] [34mcolcon.colcon_core.verb[0m [1;30mLevel 5[0m set package 'fishbot_navigation2' build argument 'catkin_cmake_args' from command line to 'None'
[0.491s] [34mcolcon.colcon_core.verb[0m [1;30mLevel 5[0m set package 'fishbot_navigation2' build argument 'catkin_skip_building_tests' from command line to 'False'
[0.491s] [34mcolcon.colcon_core.verb[0m [1;30mDEBUG[0m [32mBuilding package 'fishbot_navigation2' with the following arguments: {'ament_cmake_args': None, 'build_base': '/home/orangepi/uvg_car/build/fishbot_navigation2', 'catkin_cmake_args': None, 'catkin_skip_building_tests': False, 'cmake_args': None, 'cmake_clean_cache': False, 'cmake_clean_first': False, 'cmake_force_configure': False, 'cmake_target': None, 'cmake_target_skip_unavailable': False, 'install_base': '/home/orangepi/uvg_car/install/fishbot_navigation2', 'merge_install': False, 'path': '/home/orangepi/uvg_car/src/fishbot_navigation2', 'symlink_install': False, 'test_result_base': None}[0m
[0.492s] [34mcolcon.colcon_core.verb[0m [1;30mLevel 5[0m set package 'lslidar_msgs' build argument 'cmake_args' from command line to 'None'
[0.492s] [34mcolcon.colcon_core.verb[0m [1;30mLevel 5[0m set package 'lslidar_msgs' build argument 'cmake_target' from command line to 'None'
[0.492s] [34mcolcon.colcon_core.verb[0m [1;30mLevel 5[0m set package 'lslidar_msgs' build argument 'cmake_target_skip_unavailable' from command line to 'False'
[0.492s] [34mcolcon.colcon_core.verb[0m [1;30mLevel 5[0m set package 'lslidar_msgs' build argument 'cmake_clean_cache' from command line to 'False'
[0.492s] [34mcolcon.colcon_core.verb[0m [1;30mLevel 5[0m set package 'lslidar_msgs' build argument 'cmake_clean_first' from command line to 'False'
[0.492s] [34mcolcon.colcon_core.verb[0m [1;30mLevel 5[0m set package 'lslidar_msgs' build argument 'cmake_force_configure' from command line to 'False'
[0.492s] [34mcolcon.colcon_core.verb[0m [1;30mLevel 5[0m set package 'lslidar_msgs' build argument 'ament_cmake_args' from command line to 'None'
[0.492s] [34mcolcon.colcon_core.verb[0m [1;30mLevel 5[0m set package 'lslidar_msgs' build argument 'catkin_cmake_args' from command line to 'None'
[0.492s] [34mcolcon.colcon_core.verb[0m [1;30mLevel 5[0m set package 'lslidar_msgs' build argument 'catkin_skip_building_tests' from command line to 'False'
[0.492s] [34mcolcon.colcon_core.verb[0m [1;30mDEBUG[0m [32mBuilding package 'lslidar_msgs' with the following arguments: {'ament_cmake_args': None, 'build_base': '/home/orangepi/uvg_car/build/lslidar_msgs', 'catkin_cmake_args': None, 'catkin_skip_building_tests': False, 'cmake_args': None, 'cmake_clean_cache': False, 'cmake_clean_first': False, 'cmake_force_configure': False, 'cmake_target': None, 'cmake_target_skip_unavailable': False, 'install_base': '/home/orangepi/uvg_car/install/lslidar_msgs', 'merge_install': False, 'path': '/home/orangepi/uvg_car/src/LSLIDAR_X_ROS2-20240228/src/lslidar_msgs', 'symlink_install': False, 'test_result_base': None}[0m
[0.492s] [34mcolcon.colcon_core.verb[0m [1;30mLevel 5[0m set package 'wit_ros2_imu' build argument 'cmake_args' from command line to 'None'
[0.493s] [34mcolcon.colcon_core.verb[0m [1;30mLevel 5[0m set package 'wit_ros2_imu' build argument 'cmake_target' from command line to 'None'
[0.493s] [34mcolcon.colcon_core.verb[0m [1;30mLevel 5[0m set package 'wit_ros2_imu' build argument 'cmake_target_skip_unavailable' from command line to 'False'
[0.493s] [34mcolcon.colcon_core.verb[0m [1;30mLevel 5[0m set package 'wit_ros2_imu' build argument 'cmake_clean_cache' from command line to 'False'
[0.493s] [34mcolcon.colcon_core.verb[0m [1;30mLevel 5[0m set package 'wit_ros2_imu' build argument 'cmake_clean_first' from command line to 'False'
[0.493s] [34mcolcon.colcon_core.verb[0m [1;30mLevel 5[0m set package 'wit_ros2_imu' build argument 'cmake_force_configure' from command line to 'False'
[0.493s] [34mcolcon.colcon_core.verb[0m [1;30mLevel 5[0m set package 'wit_ros2_imu' build argument 'ament_cmake_args' from command line to 'None'
[0.493s] [34mcolcon.colcon_core.verb[0m [1;30mLevel 5[0m set package 'wit_ros2_imu' build argument 'catkin_cmake_args' from command line to 'None'
[0.493s] [34mcolcon.colcon_core.verb[0m [1;30mLevel 5[0m set package 'wit_ros2_imu' build argument 'catkin_skip_building_tests' from command line to 'False'
[0.493s] [34mcolcon.colcon_core.verb[0m [1;30mDEBUG[0m [32mBuilding package 'wit_ros2_imu' with the following arguments: {'ament_cmake_args': None, 'build_base': '/home/orangepi/uvg_car/build/wit_ros2_imu', 'catkin_cmake_args': None, 'catkin_skip_building_tests': False, 'cmake_args': None, 'cmake_clean_cache': False, 'cmake_clean_first': False, 'cmake_force_configure': False, 'cmake_target': None, 'cmake_target_skip_unavailable': False, 'install_base': '/home/orangepi/uvg_car/install/wit_ros2_imu', 'merge_install': False, 'path': '/home/orangepi/uvg_car/src/wit_ros2_imu', 'symlink_install': False, 'test_result_base': None}[0m
[0.493s] [34mcolcon.colcon_core.verb[0m [1;30mLevel 5[0m set package 'lslidar_driver' build argument 'cmake_args' from command line to 'None'
[0.493s] [34mcolcon.colcon_core.verb[0m [1;30mLevel 5[0m set package 'lslidar_driver' build argument 'cmake_target' from command line to 'None'
[0.493s] [34mcolcon.colcon_core.verb[0m [1;30mLevel 5[0m set package 'lslidar_driver' build argument 'cmake_target_skip_unavailable' from command line to 'False'
[0.493s] [34mcolcon.colcon_core.verb[0m [1;30mLevel 5[0m set package 'lslidar_driver' build argument 'cmake_clean_cache' from command line to 'False'
[0.493s] [34mcolcon.colcon_core.verb[0m [1;30mLevel 5[0m set package 'lslidar_driver' build argument 'cmake_clean_first' from command line to 'False'
[0.493s] [34mcolcon.colcon_core.verb[0m [1;30mLevel 5[0m set package 'lslidar_driver' build argument 'cmake_force_configure' from command line to 'False'
[0.493s] [34mcolcon.colcon_core.verb[0m [1;30mLevel 5[0m set package 'lslidar_driver' build argument 'ament_cmake_args' from command line to 'None'
[0.493s] [34mcolcon.colcon_core.verb[0m [1;30mLevel 5[0m set package 'lslidar_driver' build argument 'catkin_cmake_args' from command line to 'None'
[0.493s] [34mcolcon.colcon_core.verb[0m [1;30mLevel 5[0m set package 'lslidar_driver' build argument 'catkin_skip_building_tests' from command line to 'False'
[0.493s] [34mcolcon.colcon_core.verb[0m [1;30mDEBUG[0m [32mBuilding package 'lslidar_driver' with the following arguments: {'ament_cmake_args': None, 'build_base': '/home/orangepi/uvg_car/build/lslidar_driver', 'catkin_cmake_args': None, 'catkin_skip_building_tests': False, 'cmake_args': None, 'cmake_clean_cache': False, 'cmake_clean_first': False, 'cmake_force_configure': False, 'cmake_target': None, 'cmake_target_skip_unavailable': False, 'install_base': '/home/orangepi/uvg_car/install/lslidar_driver', 'merge_install': False, 'path': '/home/orangepi/uvg_car/src/LSLIDAR_X_ROS2-20240228/src/lslidar_driver', 'symlink_install': False, 'test_result_base': None}[0m
[0.494s] [34mcolcon.colcon_core.executor[0m [1;30mINFO[0m Executing jobs using 'parallel' executor
[0.496s] [34mcolcon.colcon_parallel_executor.executor.parallel[0m [1;30mDEBUG[0m [32mrun_until_complete[0m
[0.496s] [34mcolcon.colcon_ros.task.ament_cmake.build[0m [1;30mINFO[0m Building ROS package in '/home/orangepi/uvg_car/src/LSLIDAR_X_ROS2-20240228/src/lslidar_msgs' with build type 'ament_cmake'
[0.496s] [34mcolcon.colcon_cmake.task.cmake.build[0m [1;30mINFO[0m Building CMake package in '/home/orangepi/uvg_car/src/LSLIDAR_X_ROS2-20240228/src/lslidar_msgs'
[0.500s] [34mcolcon.colcon_core.plugin_system[0m [1;30mINFO[0m Skipping extension 'colcon_core.shell.bat': Not used on non-Windows systems
[0.501s] [34mcolcon.colcon_core.shell[0m [1;30mINFO[0m Skip shell extension 'powershell' for command environment: Not usable outside of PowerShell
[0.501s] [34mcolcon.colcon_core.shell[0m [1;30mDEBUG[0m [32mSkip shell extension 'dsv' for command environment[0m
[0.502s] [34mcolcon.colcon_core.prefix_path.colcon[0m [1;30mWARNING[0m [33mThe path '/home/orangepi/ws_livox/install' in the environment variable COLCON_PREFIX_PATH doesn't exist[0m
[0.502s] [34mcolcon.colcon_ros.prefix_path.ament[0m [1;30mWARNING[0m [33mThe path '/home/orangepi/uvg_car/install/point_lio' in the environment variable AMENT_PREFIX_PATH doesn't exist[0m
[0.502s] [34mcolcon.colcon_ros.prefix_path.ament[0m [1;30mWARNING[0m [33mThe path '/home/orangepi/ws_livox/install/livox_ros_driver2' in the environment variable AMENT_PREFIX_PATH doesn't exist[0m
[0.502s] [34mcolcon.colcon_ros.prefix_path.catkin[0m [1;30mWARNING[0m [33mThe path '/home/orangepi/uvg_car/install/point_lio' in the environment variable CMAKE_PREFIX_PATH doesn't exist[0m
[0.502s] [34mcolcon.colcon_ros.prefix_path.catkin[0m [1;30mWARNING[0m [33mThe path '/home/orangepi/ws_livox/install/livox_ros_driver2' in the environment variable CMAKE_PREFIX_PATH doesn't exist[0m
[0.509s] [34mcolcon.colcon_ros.task.ament_cmake.build[0m [1;30mINFO[0m Building ROS package in '/home/orangepi/uvg_car/src/fishbot_cartographer' with build type 'ament_cmake'
[0.509s] [34mcolcon.colcon_cmake.task.cmake.build[0m [1;30mINFO[0m Building CMake package in '/home/orangepi/uvg_car/src/fishbot_cartographer'
[0.510s] [34mcolcon.colcon_core.shell[0m [1;30mINFO[0m Skip shell extension 'powershell' for command environment: Not usable outside of PowerShell
[0.510s] [34mcolcon.colcon_core.shell[0m [1;30mDEBUG[0m [32mSkip shell extension 'dsv' for command environment[0m
[0.516s] [34mcolcon.colcon_ros.task.ament_cmake.build[0m [1;30mINFO[0m Building ROS package in '/home/orangepi/uvg_car/src/fishbot_navigation2' with build type 'ament_cmake'
[0.516s] [34mcolcon.colcon_cmake.task.cmake.build[0m [1;30mINFO[0m Building CMake package in '/home/orangepi/uvg_car/src/fishbot_navigation2'
[0.517s] [34mcolcon.colcon_core.shell[0m [1;30mINFO[0m Skip shell extension 'powershell' for command environment: Not usable outside of PowerShell
[0.517s] [34mcolcon.colcon_core.shell[0m [1;30mDEBUG[0m [32mSkip shell extension 'dsv' for command environment[0m
[0.523s] [34mcolcon.colcon_ros.task.ament_python.build[0m [1;30mINFO[0m Building ROS package in '/home/orangepi/uvg_car/src/wit_ros2_imu' with build type 'ament_python'
[0.523s] [34mcolcon.colcon_core.shell[0m [1;30mLevel 1[0m create_environment_hook('wit_ros2_imu', 'ament_prefix_path')
[0.524s] [34mcolcon.colcon_core.shell[0m [1;30mINFO[0m Creating environment hook '/home/orangepi/uvg_car/install/wit_ros2_imu/share/wit_ros2_imu/hook/ament_prefix_path.ps1'
[0.525s] [34mcolcon.colcon_core.shell[0m [1;30mINFO[0m Creating environment descriptor '/home/orangepi/uvg_car/install/wit_ros2_imu/share/wit_ros2_imu/hook/ament_prefix_path.dsv'
[0.526s] [34mcolcon.colcon_core.shell[0m [1;30mINFO[0m Creating environment hook '/home/orangepi/uvg_car/install/wit_ros2_imu/share/wit_ros2_imu/hook/ament_prefix_path.sh'
[0.527s] [34mcolcon.colcon_core.shell[0m [1;30mINFO[0m Skip shell extension 'powershell' for command environment: Not usable outside of PowerShell
[0.527s] [34mcolcon.colcon_core.shell[0m [1;30mDEBUG[0m [32mSkip shell extension 'dsv' for command environment[0m
[0.543s] [34mcolcon.colcon_core.event_handler.log_command[0m [1;30mDEBUG[0m [32mInvoking command in '/home/orangepi/uvg_car/build/lslidar_msgs': CMAKE_PREFIX_PATH=${CMAKE_PREFIX_PATH}:/home/orangepi/uvg_car/install/wit_ros2_imu:/home/orangepi/car_ros2/install/rknn_yolo:/opt/ros/humble /usr/bin/cmake --build /home/orangepi/uvg_car/build/lslidar_msgs -- -j8 -l8[0m
[0.550s] [34mcolcon.colcon_core.event_handler.log_command[0m [1;30mDEBUG[0m [32mInvoking command in '/home/orangepi/uvg_car/build/fishbot_cartographer': CMAKE_PREFIX_PATH=${CMAKE_PREFIX_PATH}:/home/orangepi/uvg_car/install/wit_ros2_imu:/home/orangepi/car_ros2/install/rknn_yolo:/opt/ros/humble /usr/bin/cmake --build /home/orangepi/uvg_car/build/fishbot_cartographer -- -j8 -l8[0m
[0.559s] [34mcolcon.colcon_core.event_handler.log_command[0m [1;30mDEBUG[0m [32mInvoking command in '/home/orangepi/uvg_car/build/fishbot_navigation2': CMAKE_PREFIX_PATH=${CMAKE_PREFIX_PATH}:/home/orangepi/uvg_car/install/wit_ros2_imu:/home/orangepi/car_ros2/install/rknn_yolo:/opt/ros/humble /usr/bin/cmake --build /home/orangepi/uvg_car/build/fishbot_navigation2 -- -j8 -l8[0m
[0.985s] [34mcolcon.colcon_core.task.python.build[0m [1;30mINFO[0m Building Python package in '/home/orangepi/uvg_car/src/wit_ros2_imu'
[0.985s] [34mcolcon.colcon_core.shell[0m [1;30mINFO[0m Skip shell extension 'powershell' for command environment: Not usable outside of PowerShell
[0.986s] [34mcolcon.colcon_core.shell[0m [1;30mDEBUG[0m [32mSkip shell extension 'dsv' for command environment[0m
[1.000s] [34mcolcon.colcon_core.event_handler.log_command[0m [1;30mDEBUG[0m [32mInvoked command in '/home/orangepi/uvg_car/build/fishbot_cartographer' returned '0': CMAKE_PREFIX_PATH=${CMAKE_PREFIX_PATH}:/home/orangepi/uvg_car/install/wit_ros2_imu:/home/orangepi/car_ros2/install/rknn_yolo:/opt/ros/humble /usr/bin/cmake --build /home/orangepi/uvg_car/build/fishbot_cartographer -- -j8 -l8[0m
[1.016s] [34mcolcon.colcon_core.event_handler.log_command[0m [1;30mDEBUG[0m [32mInvoking command in '/home/orangepi/uvg_car/build/fishbot_cartographer': CMAKE_PREFIX_PATH=${CMAKE_PREFIX_PATH}:/home/orangepi/uvg_car/install/wit_ros2_imu:/home/orangepi/car_ros2/install/rknn_yolo:/opt/ros/humble /usr/bin/cmake --install /home/orangepi/uvg_car/build/fishbot_cartographer[0m
[1.018s] [34mcolcon.colcon_core.event_handler.log_command[0m [1;30mDEBUG[0m [32mInvoked command in '/home/orangepi/uvg_car/build/fishbot_navigation2' returned '0': CMAKE_PREFIX_PATH=${CMAKE_PREFIX_PATH}:/home/orangepi/uvg_car/install/wit_ros2_imu:/home/orangepi/car_ros2/install/rknn_yolo:/opt/ros/humble /usr/bin/cmake --build /home/orangepi/uvg_car/build/fishbot_navigation2 -- -j8 -l8[0m
[1.023s] [34mcolcon.colcon_core.event_handler.log_command[0m [1;30mDEBUG[0m [32mInvoking command in '/home/orangepi/uvg_car/build/fishbot_navigation2': CMAKE_PREFIX_PATH=${CMAKE_PREFIX_PATH}:/home/orangepi/uvg_car/install/wit_ros2_imu:/home/orangepi/car_ros2/install/rknn_yolo:/opt/ros/humble /usr/bin/cmake --install /home/orangepi/uvg_car/build/fishbot_navigation2[0m
[1.049s] [34mcolcon.colcon_core.environment[0m [1;30mLevel 1[0m create_environment_scripts_only(fishbot_cartographer)
[1.053s] [34mcolcon.colcon_core.environment[0m [1;30mLevel 1[0m checking '/home/orangepi/uvg_car/install/fishbot_cartographer' for CMake module files
[1.054s] [34mcolcon.colcon_core.event_handler.log_command[0m [1;30mDEBUG[0m [32mInvoked command in '/home/orangepi/uvg_car/build/fishbot_cartographer' returned '0': CMAKE_PREFIX_PATH=${CMAKE_PREFIX_PATH}:/home/orangepi/uvg_car/install/wit_ros2_imu:/home/orangepi/car_ros2/install/rknn_yolo:/opt/ros/humble /usr/bin/cmake --install /home/orangepi/uvg_car/build/fishbot_cartographer[0m
[1.057s] [34mcolcon.colcon_core.environment[0m [1;30mLevel 1[0m checking '/home/orangepi/uvg_car/install/fishbot_cartographer' for CMake config files
[1.058s] [34mcolcon.colcon_core.shell[0m [1;30mLevel 1[0m create_environment_hook('fishbot_cartographer', 'cmake_prefix_path')
[1.059s] [34mcolcon.colcon_core.shell[0m [1;30mINFO[0m Creating environment hook '/home/orangepi/uvg_car/install/fishbot_cartographer/share/fishbot_cartographer/hook/cmake_prefix_path.ps1'
[1.060s] [34mcolcon.colcon_core.shell[0m [1;30mINFO[0m Creating environment descriptor '/home/orangepi/uvg_car/install/fishbot_cartographer/share/fishbot_cartographer/hook/cmake_prefix_path.dsv'
[1.062s] [34mcolcon.colcon_core.shell[0m [1;30mINFO[0m Creating environment hook '/home/orangepi/uvg_car/install/fishbot_cartographer/share/fishbot_cartographer/hook/cmake_prefix_path.sh'
[1.064s] [34mcolcon.colcon_core.environment[0m [1;30mLevel 1[0m checking '/home/orangepi/uvg_car/install/fishbot_cartographer/bin'
[1.064s] [34mcolcon.colcon_core.environment[0m [1;30mLevel 1[0m checking '/home/orangepi/uvg_car/install/fishbot_cartographer/lib/pkgconfig/fishbot_cartographer.pc'
[1.065s] [34mcolcon.colcon_core.environment[0m [1;30mLevel 1[0m checking '/home/orangepi/uvg_car/install/fishbot_cartographer/lib/python3.10/site-packages'
[1.065s] [34mcolcon.colcon_core.environment[0m [1;30mLevel 1[0m checking '/home/orangepi/uvg_car/install/fishbot_cartographer/bin'
[1.065s] [34mcolcon.colcon_core.shell[0m [1;30mINFO[0m Creating package script '/home/orangepi/uvg_car/install/fishbot_cartographer/share/fishbot_cartographer/package.ps1'
[1.068s] [34mcolcon.colcon_core.shell[0m [1;30mINFO[0m Creating package descriptor '/home/orangepi/uvg_car/install/fishbot_cartographer/share/fishbot_cartographer/package.dsv'
[1.069s] [34mcolcon.colcon_core.shell[0m [1;30mINFO[0m Creating package script '/home/orangepi/uvg_car/install/fishbot_cartographer/share/fishbot_cartographer/package.sh'
[1.071s] [34mcolcon.colcon_core.shell[0m [1;30mINFO[0m Creating package script '/home/orangepi/uvg_car/install/fishbot_cartographer/share/fishbot_cartographer/package.bash'
[1.073s] [34mcolcon.colcon_core.shell[0m [1;30mINFO[0m Creating package script '/home/orangepi/uvg_car/install/fishbot_cartographer/share/fishbot_cartographer/package.zsh'
[1.074s] [34mcolcon.colcon_core.environment[0m [1;30mLevel 1[0m create_file_with_runtime_dependencies(/home/orangepi/uvg_car/install/fishbot_cartographer/share/colcon-core/packages/fishbot_cartographer)
[1.075s] [34mcolcon.colcon_core.environment[0m [1;30mLevel 1[0m create_environment_scripts_only(fishbot_cartographer)
[1.076s] [34mcolcon.colcon_core.environment[0m [1;30mLevel 1[0m checking '/home/orangepi/uvg_car/install/fishbot_cartographer' for CMake module files
[1.076s] [34mcolcon.colcon_core.environment[0m [1;30mLevel 1[0m checking '/home/orangepi/uvg_car/install/fishbot_cartographer' for CMake config files
[1.076s] [34mcolcon.colcon_core.shell[0m [1;30mLevel 1[0m create_environment_hook('fishbot_cartographer', 'cmake_prefix_path')
[1.077s] [34mcolcon.colcon_core.shell[0m [1;30mINFO[0m Creating environment hook '/home/orangepi/uvg_car/install/fishbot_cartographer/share/fishbot_cartographer/hook/cmake_prefix_path.ps1'
[1.077s] [34mcolcon.colcon_core.shell[0m [1;30mINFO[0m Creating environment descriptor '/home/orangepi/uvg_car/install/fishbot_cartographer/share/fishbot_cartographer/hook/cmake_prefix_path.dsv'
[1.078s] [34mcolcon.colcon_core.shell[0m [1;30mINFO[0m Creating environment hook '/home/orangepi/uvg_car/install/fishbot_cartographer/share/fishbot_cartographer/hook/cmake_prefix_path.sh'
[1.079s] [34mcolcon.colcon_core.environment[0m [1;30mLevel 1[0m checking '/home/orangepi/uvg_car/install/fishbot_cartographer/bin'
[1.079s] [34mcolcon.colcon_core.environment[0m [1;30mLevel 1[0m checking '/home/orangepi/uvg_car/install/fishbot_cartographer/lib/pkgconfig/fishbot_cartographer.pc'
[1.079s] [34mcolcon.colcon_core.environment[0m [1;30mLevel 1[0m checking '/home/orangepi/uvg_car/install/fishbot_cartographer/lib/python3.10/site-packages'
[1.080s] [34mcolcon.colcon_core.environment[0m [1;30mLevel 1[0m checking '/home/orangepi/uvg_car/install/fishbot_cartographer/bin'
[1.080s] [34mcolcon.colcon_core.shell[0m [1;30mINFO[0m Creating package script '/home/orangepi/uvg_car/install/fishbot_cartographer/share/fishbot_cartographer/package.ps1'
[1.082s] [34mcolcon.colcon_core.shell[0m [1;30mINFO[0m Creating package descriptor '/home/orangepi/uvg_car/install/fishbot_cartographer/share/fishbot_cartographer/package.dsv'
[1.083s] [34mcolcon.colcon_core.shell[0m [1;30mINFO[0m Creating package script '/home/orangepi/uvg_car/install/fishbot_cartographer/share/fishbot_cartographer/package.sh'
[1.084s] [34mcolcon.colcon_core.shell[0m [1;30mINFO[0m Creating package script '/home/orangepi/uvg_car/install/fishbot_cartographer/share/fishbot_cartographer/package.bash'
[1.084s] [34mcolcon.colcon_core.shell[0m [1;30mINFO[0m Creating package script '/home/orangepi/uvg_car/install/fishbot_cartographer/share/fishbot_cartographer/package.zsh'
[1.085s] [34mcolcon.colcon_core.environment[0m [1;30mLevel 1[0m create_file_with_runtime_dependencies(/home/orangepi/uvg_car/install/fishbot_cartographer/share/colcon-core/packages/fishbot_cartographer)
[1.088s] [34mcolcon.colcon_core.environment[0m [1;30mLevel 1[0m create_environment_scripts_only(fishbot_navigation2)
[1.088s] [34mcolcon.colcon_core.event_handler.log_command[0m [1;30mDEBUG[0m [32mInvoked command in '/home/orangepi/uvg_car/build/fishbot_navigation2' returned '0': CMAKE_PREFIX_PATH=${CMAKE_PREFIX_PATH}:/home/orangepi/uvg_car/install/wit_ros2_imu:/home/orangepi/car_ros2/install/rknn_yolo:/opt/ros/humble /usr/bin/cmake --install /home/orangepi/uvg_car/build/fishbot_navigation2[0m
[1.089s] [34mcolcon.colcon_core.environment[0m [1;30mLevel 1[0m checking '/home/orangepi/uvg_car/install/fishbot_navigation2' for CMake module files
[1.090s] [34mcolcon.colcon_core.environment[0m [1;30mLevel 1[0m checking '/home/orangepi/uvg_car/install/fishbot_navigation2' for CMake config files
[1.091s] [34mcolcon.colcon_core.shell[0m [1;30mLevel 1[0m create_environment_hook('fishbot_navigation2', 'cmake_prefix_path')
[1.092s] [34mcolcon.colcon_core.shell[0m [1;30mINFO[0m Creating environment hook '/home/orangepi/uvg_car/install/fishbot_navigation2/share/fishbot_navigation2/hook/cmake_prefix_path.ps1'
[1.094s] [34mcolcon.colcon_core.shell[0m [1;30mINFO[0m Creating environment descriptor '/home/orangepi/uvg_car/install/fishbot_navigation2/share/fishbot_navigation2/hook/cmake_prefix_path.dsv'
[1.094s] [34mcolcon.colcon_core.shell[0m [1;30mINFO[0m Creating environment hook '/home/orangepi/uvg_car/install/fishbot_navigation2/share/fishbot_navigation2/hook/cmake_prefix_path.sh'
[1.095s] [34mcolcon.colcon_core.environment[0m [1;30mLevel 1[0m checking '/home/orangepi/uvg_car/install/fishbot_navigation2/bin'
[1.096s] [34mcolcon.colcon_core.environment[0m [1;30mLevel 1[0m checking '/home/orangepi/uvg_car/install/fishbot_navigation2/lib/pkgconfig/fishbot_navigation2.pc'
[1.096s] [34mcolcon.colcon_core.environment[0m [1;30mLevel 1[0m checking '/home/orangepi/uvg_car/install/fishbot_navigation2/lib/python3.10/site-packages'
[1.097s] [34mcolcon.colcon_core.environment[0m [1;30mLevel 1[0m checking '/home/orangepi/uvg_car/install/fishbot_navigation2/bin'
[1.097s] [34mcolcon.colcon_core.shell[0m [1;30mINFO[0m Creating package script '/home/orangepi/uvg_car/install/fishbot_navigation2/share/fishbot_navigation2/package.ps1'
[1.099s] [34mcolcon.colcon_core.shell[0m [1;30mINFO[0m Creating package descriptor '/home/orangepi/uvg_car/install/fishbot_navigation2/share/fishbot_navigation2/package.dsv'
[1.100s] [34mcolcon.colcon_core.shell[0m [1;30mINFO[0m Creating package script '/home/orangepi/uvg_car/install/fishbot_navigation2/share/fishbot_navigation2/package.sh'
[1.100s] [34mcolcon.colcon_core.shell[0m [1;30mINFO[0m Creating package script '/home/orangepi/uvg_car/install/fishbot_navigation2/share/fishbot_navigation2/package.bash'
[1.101s] [34mcolcon.colcon_core.shell[0m [1;30mINFO[0m Creating package script '/home/orangepi/uvg_car/install/fishbot_navigation2/share/fishbot_navigation2/package.zsh'
[1.101s] [34mcolcon.colcon_core.environment[0m [1;30mLevel 1[0m create_file_with_runtime_dependencies(/home/orangepi/uvg_car/install/fishbot_navigation2/share/colcon-core/packages/fishbot_navigation2)
[1.102s] [34mcolcon.colcon_core.environment[0m [1;30mLevel 1[0m create_environment_scripts_only(fishbot_navigation2)
[1.103s] [34mcolcon.colcon_core.environment[0m [1;30mLevel 1[0m checking '/home/orangepi/uvg_car/install/fishbot_navigation2' for CMake module files
[1.103s] [34mcolcon.colcon_core.environment[0m [1;30mLevel 1[0m checking '/home/orangepi/uvg_car/install/fishbot_navigation2' for CMake config files
[1.104s] [34mcolcon.colcon_core.shell[0m [1;30mLevel 1[0m create_environment_hook('fishbot_navigation2', 'cmake_prefix_path')
[1.104s] [34mcolcon.colcon_core.shell[0m [1;30mINFO[0m Creating environment hook '/home/orangepi/uvg_car/install/fishbot_navigation2/share/fishbot_navigation2/hook/cmake_prefix_path.ps1'
[1.105s] [34mcolcon.colcon_core.shell[0m [1;30mINFO[0m Creating environment descriptor '/home/orangepi/uvg_car/install/fishbot_navigation2/share/fishbot_navigation2/hook/cmake_prefix_path.dsv'
[1.106s] [34mcolcon.colcon_core.shell[0m [1;30mINFO[0m Creating environment hook '/home/orangepi/uvg_car/install/fishbot_navigation2/share/fishbot_navigation2/hook/cmake_prefix_path.sh'
[1.107s] [34mcolcon.colcon_core.environment[0m [1;30mLevel 1[0m checking '/home/orangepi/uvg_car/install/fishbot_navigation2/bin'
[1.107s] [34mcolcon.colcon_core.environment[0m [1;30mLevel 1[0m checking '/home/orangepi/uvg_car/install/fishbot_navigation2/lib/pkgconfig/fishbot_navigation2.pc'
[1.108s] [34mcolcon.colcon_core.environment[0m [1;30mLevel 1[0m checking '/home/orangepi/uvg_car/install/fishbot_navigation2/lib/python3.10/site-packages'
[1.108s] [34mcolcon.colcon_core.environment[0m [1;30mLevel 1[0m checking '/home/orangepi/uvg_car/install/fishbot_navigation2/bin'
[1.108s] [34mcolcon.colcon_core.shell[0m [1;30mINFO[0m Creating package script '/home/orangepi/uvg_car/install/fishbot_navigation2/share/fishbot_navigation2/package.ps1'
[1.109s] [34mcolcon.colcon_core.shell[0m [1;30mINFO[0m Creating package descriptor '/home/orangepi/uvg_car/install/fishbot_navigation2/share/fishbot_navigation2/package.dsv'
[1.110s] [34mcolcon.colcon_core.shell[0m [1;30mINFO[0m Creating package script '/home/orangepi/uvg_car/install/fishbot_navigation2/share/fishbot_navigation2/package.sh'
[1.111s] [34mcolcon.colcon_core.shell[0m [1;30mINFO[0m Creating package script '/home/orangepi/uvg_car/install/fishbot_navigation2/share/fishbot_navigation2/package.bash'
[1.112s] [34mcolcon.colcon_core.shell[0m [1;30mINFO[0m Creating package script '/home/orangepi/uvg_car/install/fishbot_navigation2/share/fishbot_navigation2/package.zsh'
[1.113s] [34mcolcon.colcon_core.environment[0m [1;30mLevel 1[0m create_file_with_runtime_dependencies(/home/orangepi/uvg_car/install/fishbot_navigation2/share/colcon-core/packages/fishbot_navigation2)
[1.203s] [34mcolcon.colcon_core.event_handler.log_command[0m [1;30mDEBUG[0m [32mInvoked command in '/home/orangepi/uvg_car/build/lslidar_msgs' returned '0': CMAKE_PREFIX_PATH=${CMAKE_PREFIX_PATH}:/home/orangepi/uvg_car/install/wit_ros2_imu:/home/orangepi/car_ros2/install/rknn_yolo:/opt/ros/humble /usr/bin/cmake --build /home/orangepi/uvg_car/build/lslidar_msgs -- -j8 -l8[0m
[1.208s] [34mcolcon.colcon_core.event_handler.log_command[0m [1;30mDEBUG[0m [32mInvoking command in '/home/orangepi/uvg_car/build/lslidar_msgs': CMAKE_PREFIX_PATH=${CMAKE_PREFIX_PATH}:/home/orangepi/uvg_car/install/wit_ros2_imu:/home/orangepi/car_ros2/install/rknn_yolo:/opt/ros/humble /usr/bin/cmake --install /home/orangepi/uvg_car/build/lslidar_msgs[0m
[1.332s] [34mcolcon.colcon_core.environment[0m [1;30mLevel 1[0m create_environment_scripts_only(lslidar_msgs)
[1.334s] [34mcolcon.colcon_core.environment[0m [1;30mLevel 1[0m checking '/home/orangepi/uvg_car/install/lslidar_msgs' for CMake module files
[1.343s] [34mcolcon.colcon_core.environment[0m [1;30mLevel 1[0m checking '/home/orangepi/uvg_car/install/lslidar_msgs' for CMake config files
[1.347s] [34mcolcon.colcon_core.shell[0m [1;30mLevel 1[0m create_environment_hook('lslidar_msgs', 'cmake_prefix_path')
[1.349s] [34mcolcon.colcon_core.shell[0m [1;30mINFO[0m Creating environment hook '/home/orangepi/uvg_car/install/lslidar_msgs/share/lslidar_msgs/hook/cmake_prefix_path.ps1'
[1.353s] [34mcolcon.colcon_core.shell[0m [1;30mINFO[0m Creating environment descriptor '/home/orangepi/uvg_car/install/lslidar_msgs/share/lslidar_msgs/hook/cmake_prefix_path.dsv'
[1.356s] [34mcolcon.colcon_core.shell[0m [1;30mINFO[0m Creating environment hook '/home/orangepi/uvg_car/install/lslidar_msgs/share/lslidar_msgs/hook/cmake_prefix_path.sh'
[1.361s] [34mcolcon.colcon_core.event_handler.log_command[0m [1;30mDEBUG[0m [32mInvoked command in '/home/orangepi/uvg_car/build/lslidar_msgs' returned '0': CMAKE_PREFIX_PATH=${CMAKE_PREFIX_PATH}:/home/orangepi/uvg_car/install/wit_ros2_imu:/home/orangepi/car_ros2/install/rknn_yolo:/opt/ros/humble /usr/bin/cmake --install /home/orangepi/uvg_car/build/lslidar_msgs[0m
[1.361s] [34mcolcon.colcon_core.environment[0m [1;30mLevel 1[0m checking '/home/orangepi/uvg_car/install/lslidar_msgs/lib'
[1.362s] [34mcolcon.colcon_core.shell[0m [1;30mLevel 1[0m create_environment_hook('lslidar_msgs', 'ld_library_path_lib')
[1.364s] [34mcolcon.colcon_core.shell[0m [1;30mINFO[0m Creating environment hook '/home/orangepi/uvg_car/install/lslidar_msgs/share/lslidar_msgs/hook/ld_library_path_lib.ps1'
[1.366s] [34mcolcon.colcon_core.shell[0m [1;30mINFO[0m Creating environment descriptor '/home/orangepi/uvg_car/install/lslidar_msgs/share/lslidar_msgs/hook/ld_library_path_lib.dsv'
[1.367s] [34mcolcon.colcon_core.shell[0m [1;30mINFO[0m Creating environment hook '/home/orangepi/uvg_car/install/lslidar_msgs/share/lslidar_msgs/hook/ld_library_path_lib.sh'
[1.369s] [34mcolcon.colcon_core.environment[0m [1;30mLevel 1[0m checking '/home/orangepi/uvg_car/install/lslidar_msgs/bin'
[1.370s] [34mcolcon.colcon_core.environment[0m [1;30mLevel 1[0m checking '/home/orangepi/uvg_car/install/lslidar_msgs/lib/pkgconfig/lslidar_msgs.pc'
[1.371s] [34mcolcon.colcon_core.environment[0m [1;30mLevel 1[0m checking '/home/orangepi/uvg_car/install/lslidar_msgs/lib/python3.10/site-packages'
[1.372s] [34mcolcon.colcon_core.environment[0m [1;30mLevel 1[0m checking '/home/orangepi/uvg_car/install/lslidar_msgs/bin'
[1.374s] [34mcolcon.colcon_core.shell[0m [1;30mINFO[0m Creating package script '/home/orangepi/uvg_car/install/lslidar_msgs/share/lslidar_msgs/package.ps1'
[1.376s] [34mcolcon.colcon_core.shell[0m [1;30mINFO[0m Creating package descriptor '/home/orangepi/uvg_car/install/lslidar_msgs/share/lslidar_msgs/package.dsv'
[1.379s] [34mcolcon.colcon_core.shell[0m [1;30mINFO[0m Creating package script '/home/orangepi/uvg_car/install/lslidar_msgs/share/lslidar_msgs/package.sh'
[1.381s] [34mcolcon.colcon_core.shell[0m [1;30mINFO[0m Creating package script '/home/orangepi/uvg_car/install/lslidar_msgs/share/lslidar_msgs/package.bash'
[1.383s] [34mcolcon.colcon_core.shell[0m [1;30mINFO[0m Creating package script '/home/orangepi/uvg_car/install/lslidar_msgs/share/lslidar_msgs/package.zsh'
[1.385s] [34mcolcon.colcon_core.environment[0m [1;30mLevel 1[0m create_file_with_runtime_dependencies(/home/orangepi/uvg_car/install/lslidar_msgs/share/colcon-core/packages/lslidar_msgs)
[1.388s] [34mcolcon.colcon_core.environment[0m [1;30mLevel 1[0m create_environment_scripts_only(lslidar_msgs)
[1.389s] [34mcolcon.colcon_core.environment[0m [1;30mLevel 1[0m checking '/home/orangepi/uvg_car/install/lslidar_msgs' for CMake module files
[1.393s] [34mcolcon.colcon_core.environment[0m [1;30mLevel 1[0m checking '/home/orangepi/uvg_car/install/lslidar_msgs' for CMake config files
[1.394s] [34mcolcon.colcon_core.shell[0m [1;30mLevel 1[0m create_environment_hook('lslidar_msgs', 'cmake_prefix_path')
[1.395s] [34mcolcon.colcon_core.shell[0m [1;30mINFO[0m Creating environment hook '/home/orangepi/uvg_car/install/lslidar_msgs/share/lslidar_msgs/hook/cmake_prefix_path.ps1'
[1.396s] [34mcolcon.colcon_core.shell[0m [1;30mINFO[0m Creating environment descriptor '/home/orangepi/uvg_car/install/lslidar_msgs/share/lslidar_msgs/hook/cmake_prefix_path.dsv'
[1.397s] [34mcolcon.colcon_core.shell[0m [1;30mINFO[0m Creating environment hook '/home/orangepi/uvg_car/install/lslidar_msgs/share/lslidar_msgs/hook/cmake_prefix_path.sh'
[1.398s] [34mcolcon.colcon_core.environment[0m [1;30mLevel 1[0m checking '/home/orangepi/uvg_car/install/lslidar_msgs/lib'
[1.398s] [34mcolcon.colcon_core.shell[0m [1;30mLevel 1[0m create_environment_hook('lslidar_msgs', 'ld_library_path_lib')
[1.399s] [34mcolcon.colcon_core.shell[0m [1;30mINFO[0m Creating environment hook '/home/orangepi/uvg_car/install/lslidar_msgs/share/lslidar_msgs/hook/ld_library_path_lib.ps1'
[1.400s] [34mcolcon.colcon_core.shell[0m [1;30mINFO[0m Creating environment descriptor '/home/orangepi/uvg_car/install/lslidar_msgs/share/lslidar_msgs/hook/ld_library_path_lib.dsv'
[1.400s] [34mcolcon.colcon_core.shell[0m [1;30mINFO[0m Creating environment hook '/home/orangepi/uvg_car/install/lslidar_msgs/share/lslidar_msgs/hook/ld_library_path_lib.sh'
[1.401s] [34mcolcon.colcon_core.environment[0m [1;30mLevel 1[0m checking '/home/orangepi/uvg_car/install/lslidar_msgs/bin'
[1.401s] [34mcolcon.colcon_core.environment[0m [1;30mLevel 1[0m checking '/home/orangepi/uvg_car/install/lslidar_msgs/lib/pkgconfig/lslidar_msgs.pc'
[1.401s] [34mcolcon.colcon_core.environment[0m [1;30mLevel 1[0m checking '/home/orangepi/uvg_car/install/lslidar_msgs/lib/python3.10/site-packages'
[1.402s] [34mcolcon.colcon_core.environment[0m [1;30mLevel 1[0m checking '/home/orangepi/uvg_car/install/lslidar_msgs/bin'
[1.402s] [34mcolcon.colcon_core.shell[0m [1;30mINFO[0m Creating package script '/home/orangepi/uvg_car/install/lslidar_msgs/share/lslidar_msgs/package.ps1'
[1.403s] [34mcolcon.colcon_core.shell[0m [1;30mINFO[0m Creating package descriptor '/home/orangepi/uvg_car/install/lslidar_msgs/share/lslidar_msgs/package.dsv'
[1.404s] [34mcolcon.colcon_core.shell[0m [1;30mINFO[0m Creating package script '/home/orangepi/uvg_car/install/lslidar_msgs/share/lslidar_msgs/package.sh'
[1.405s] [34mcolcon.colcon_core.shell[0m [1;30mINFO[0m Creating package script '/home/orangepi/uvg_car/install/lslidar_msgs/share/lslidar_msgs/package.bash'
[1.406s] [34mcolcon.colcon_core.shell[0m [1;30mINFO[0m Creating package script '/home/orangepi/uvg_car/install/lslidar_msgs/share/lslidar_msgs/package.zsh'
[1.406s] [34mcolcon.colcon_core.environment[0m [1;30mLevel 1[0m create_file_with_runtime_dependencies(/home/orangepi/uvg_car/install/lslidar_msgs/share/colcon-core/packages/lslidar_msgs)
[1.407s] [34mcolcon.colcon_ros.task.ament_cmake.build[0m [1;30mINFO[0m Building ROS package in '/home/orangepi/uvg_car/src/LSLIDAR_X_ROS2-20240228/src/lslidar_driver' with build type 'ament_cmake'
[1.407s] [34mcolcon.colcon_cmake.task.cmake.build[0m [1;30mINFO[0m Building CMake package in '/home/orangepi/uvg_car/src/LSLIDAR_X_ROS2-20240228/src/lslidar_driver'
[1.408s] [34mcolcon.colcon_core.shell[0m [1;30mINFO[0m Skip shell extension 'powershell' for command environment: Not usable outside of PowerShell
[1.408s] [34mcolcon.colcon_core.shell[0m [1;30mDEBUG[0m [32mSkip shell extension 'dsv' for command environment[0m
[1.433s] [34mcolcon.colcon_core.event_handler.log_command[0m [1;30mDEBUG[0m [32mInvoking command in '/home/orangepi/uvg_car/build/lslidar_driver': CMAKE_PREFIX_PATH=/home/orangepi/uvg_car/install/lslidar_msgs:/home/orangepi/uvg_car/install/point_lio:/home/orangepi/ws_livox/install/livox_ros_driver2:/home/orangepi/uvg_car/install/lslidar_driver:/home/orangepi/uvg_car/install/fishbot_navigation2:/home/orangepi/uvg_car/install/fishbot_cartographer:/home/orangepi/uvg_car/install/wit_ros2_imu:/home/orangepi/car_ros2/install/rknn_yolo:/opt/ros/humble LD_LIBRARY_PATH=/home/orangepi/uvg_car/install/lslidar_msgs/lib:/home/orangepi/ws_livox/install/livox_ros_driver2/lib:/opt/ros/humble/opt/rviz_ogre_vendor/lib:/opt/ros/humble/lib/aarch64-linux-gnu:/opt/ros/humble/lib /usr/bin/cmake --build /home/orangepi/uvg_car/build/lslidar_driver -- -j8 -l8[0m
[1.585s] [34mcolcon.colcon_core.event_handler.log_command[0m [1;30mDEBUG[0m [32mInvoking command in '/home/orangepi/uvg_car/src/wit_ros2_imu': PYTHONPATH=/home/orangepi/uvg_car/build/wit_ros2_imu/prefix_override:/usr/lib/python3/dist-packages/colcon_core/task/python/colcon_distutils_commands:/home/orangepi/uvg_car/install/wit_ros2_imu/lib/python3.10/site-packages:${PYTHONPATH} /usr/bin/python3 -W ignore:setup.py install is deprecated -W ignore:easy_install command is deprecated setup.py egg_info --egg-base ../../build/wit_ros2_imu build --build-base /home/orangepi/uvg_car/build/wit_ros2_imu/build install --record /home/orangepi/uvg_car/build/wit_ros2_imu/install.log --install-scripts $base/lib/wit_ros2_imu --single-version-externally-managed install_data[0m
[1.697s] [34mcolcon.colcon_core.event_handler.log_command[0m [1;30mDEBUG[0m [32mInvoked command in '/home/orangepi/uvg_car/build/lslidar_driver' returned '0': CMAKE_PREFIX_PATH=/home/orangepi/uvg_car/install/lslidar_msgs:/home/orangepi/uvg_car/install/point_lio:/home/orangepi/ws_livox/install/livox_ros_driver2:/home/orangepi/uvg_car/install/lslidar_driver:/home/orangepi/uvg_car/install/fishbot_navigation2:/home/orangepi/uvg_car/install/fishbot_cartographer:/home/orangepi/uvg_car/install/wit_ros2_imu:/home/orangepi/car_ros2/install/rknn_yolo:/opt/ros/humble LD_LIBRARY_PATH=/home/orangepi/uvg_car/install/lslidar_msgs/lib:/home/orangepi/ws_livox/install/livox_ros_driver2/lib:/opt/ros/humble/opt/rviz_ogre_vendor/lib:/opt/ros/humble/lib/aarch64-linux-gnu:/opt/ros/humble/lib /usr/bin/cmake --build /home/orangepi/uvg_car/build/lslidar_driver -- -j8 -l8[0m
[1.703s] [34mcolcon.colcon_core.event_handler.log_command[0m [1;30mDEBUG[0m [32mInvoking command in '/home/orangepi/uvg_car/build/lslidar_driver': CMAKE_PREFIX_PATH=/home/orangepi/uvg_car/install/lslidar_msgs:/home/orangepi/uvg_car/install/point_lio:/home/orangepi/ws_livox/install/livox_ros_driver2:/home/orangepi/uvg_car/install/lslidar_driver:/home/orangepi/uvg_car/install/fishbot_navigation2:/home/orangepi/uvg_car/install/fishbot_cartographer:/home/orangepi/uvg_car/install/wit_ros2_imu:/home/orangepi/car_ros2/install/rknn_yolo:/opt/ros/humble LD_LIBRARY_PATH=/home/orangepi/uvg_car/install/lslidar_msgs/lib:/home/orangepi/ws_livox/install/livox_ros_driver2/lib:/opt/ros/humble/opt/rviz_ogre_vendor/lib:/opt/ros/humble/lib/aarch64-linux-gnu:/opt/ros/humble/lib /usr/bin/cmake --install /home/orangepi/uvg_car/build/lslidar_driver[0m
[1.734s] [34mcolcon.colcon_core.environment[0m [1;30mLevel 1[0m create_environment_scripts_only(lslidar_driver)
[1.735s] [34mcolcon.colcon_core.environment[0m [1;30mLevel 1[0m checking '/home/orangepi/uvg_car/install/lslidar_driver' for CMake module files
[1.739s] [34mcolcon.colcon_core.environment[0m [1;30mLevel 1[0m checking '/home/orangepi/uvg_car/install/lslidar_driver' for CMake config files
[1.743s] [34mcolcon.colcon_core.shell[0m [1;30mLevel 1[0m create_environment_hook('lslidar_driver', 'cmake_prefix_path')
[1.744s] [34mcolcon.colcon_core.shell[0m [1;30mINFO[0m Creating environment hook '/home/orangepi/uvg_car/install/lslidar_driver/share/lslidar_driver/hook/cmake_prefix_path.ps1'
[1.748s] [34mcolcon.colcon_core.shell[0m [1;30mINFO[0m Creating environment descriptor '/home/orangepi/uvg_car/install/lslidar_driver/share/lslidar_driver/hook/cmake_prefix_path.dsv'
[1.750s] [34mcolcon.colcon_core.shell[0m [1;30mINFO[0m Creating environment hook '/home/orangepi/uvg_car/install/lslidar_driver/share/lslidar_driver/hook/cmake_prefix_path.sh'
[1.754s] [34mcolcon.colcon_core.environment[0m [1;30mLevel 1[0m checking '/home/orangepi/uvg_car/install/lslidar_driver/lib'
[1.755s] [34mcolcon.colcon_core.environment[0m [1;30mLevel 1[0m checking '/home/orangepi/uvg_car/install/lslidar_driver/bin'
[1.755s] [34mcolcon.colcon_core.environment[0m [1;30mLevel 1[0m checking '/home/orangepi/uvg_car/install/lslidar_driver/lib/pkgconfig/lslidar_driver.pc'
[1.757s] [34mcolcon.colcon_core.environment[0m [1;30mLevel 1[0m checking '/home/orangepi/uvg_car/install/lslidar_driver/lib/python3.10/site-packages'
[1.758s] [34mcolcon.colcon_core.environment[0m [1;30mLevel 1[0m checking '/home/orangepi/uvg_car/install/lslidar_driver/bin'
[1.759s] [34mcolcon.colcon_core.shell[0m [1;30mINFO[0m Creating package script '/home/orangepi/uvg_car/install/lslidar_driver/share/lslidar_driver/package.ps1'
[1.763s] [34mcolcon.colcon_core.shell[0m [1;30mINFO[0m Creating package descriptor '/home/orangepi/uvg_car/install/lslidar_driver/share/lslidar_driver/package.dsv'
[1.766s] [34mcolcon.colcon_core.shell[0m [1;30mINFO[0m Creating package script '/home/orangepi/uvg_car/install/lslidar_driver/share/lslidar_driver/package.sh'
[1.769s] [34mcolcon.colcon_core.event_handler.log_command[0m [1;30mDEBUG[0m [32mInvoked command in '/home/orangepi/uvg_car/build/lslidar_driver' returned '0': CMAKE_PREFIX_PATH=/home/orangepi/uvg_car/install/lslidar_msgs:/home/orangepi/uvg_car/install/point_lio:/home/orangepi/ws_livox/install/livox_ros_driver2:/home/orangepi/uvg_car/install/lslidar_driver:/home/orangepi/uvg_car/install/fishbot_navigation2:/home/orangepi/uvg_car/install/fishbot_cartographer:/home/orangepi/uvg_car/install/wit_ros2_imu:/home/orangepi/car_ros2/install/rknn_yolo:/opt/ros/humble LD_LIBRARY_PATH=/home/orangepi/uvg_car/install/lslidar_msgs/lib:/home/orangepi/ws_livox/install/livox_ros_driver2/lib:/opt/ros/humble/opt/rviz_ogre_vendor/lib:/opt/ros/humble/lib/aarch64-linux-gnu:/opt/ros/humble/lib /usr/bin/cmake --install /home/orangepi/uvg_car/build/lslidar_driver[0m
[1.769s] [34mcolcon.colcon_core.shell[0m [1;30mINFO[0m Creating package script '/home/orangepi/uvg_car/install/lslidar_driver/share/lslidar_driver/package.bash'
[1.771s] [34mcolcon.colcon_core.shell[0m [1;30mINFO[0m Creating package script '/home/orangepi/uvg_car/install/lslidar_driver/share/lslidar_driver/package.zsh'
[1.772s] [34mcolcon.colcon_core.environment[0m [1;30mLevel 1[0m create_file_with_runtime_dependencies(/home/orangepi/uvg_car/install/lslidar_driver/share/colcon-core/packages/lslidar_driver)
[1.775s] [34mcolcon.colcon_core.environment[0m [1;30mLevel 1[0m create_environment_scripts_only(lslidar_driver)
[1.776s] [34mcolcon.colcon_core.environment[0m [1;30mLevel 1[0m checking '/home/orangepi/uvg_car/install/lslidar_driver' for CMake module files
[1.778s] [34mcolcon.colcon_core.environment[0m [1;30mLevel 1[0m checking '/home/orangepi/uvg_car/install/lslidar_driver' for CMake config files
[1.779s] [34mcolcon.colcon_core.shell[0m [1;30mLevel 1[0m create_environment_hook('lslidar_driver', 'cmake_prefix_path')
[1.780s] [34mcolcon.colcon_core.shell[0m [1;30mINFO[0m Creating environment hook '/home/orangepi/uvg_car/install/lslidar_driver/share/lslidar_driver/hook/cmake_prefix_path.ps1'
[1.781s] [34mcolcon.colcon_core.shell[0m [1;30mINFO[0m Creating environment descriptor '/home/orangepi/uvg_car/install/lslidar_driver/share/lslidar_driver/hook/cmake_prefix_path.dsv'
[1.783s] [34mcolcon.colcon_core.shell[0m [1;30mINFO[0m Creating environment hook '/home/orangepi/uvg_car/install/lslidar_driver/share/lslidar_driver/hook/cmake_prefix_path.sh'
[1.785s] [34mcolcon.colcon_core.environment[0m [1;30mLevel 1[0m checking '/home/orangepi/uvg_car/install/lslidar_driver/lib'
[1.785s] [34mcolcon.colcon_core.environment[0m [1;30mLevel 1[0m checking '/home/orangepi/uvg_car/install/lslidar_driver/bin'
[1.785s] [34mcolcon.colcon_core.environment[0m [1;30mLevel 1[0m checking '/home/orangepi/uvg_car/install/lslidar_driver/lib/pkgconfig/lslidar_driver.pc'
[1.786s] [34mcolcon.colcon_core.environment[0m [1;30mLevel 1[0m checking '/home/orangepi/uvg_car/install/lslidar_driver/lib/python3.10/site-packages'
[1.787s] [34mcolcon.colcon_core.environment[0m [1;30mLevel 1[0m checking '/home/orangepi/uvg_car/install/lslidar_driver/bin'
[1.789s] [34mcolcon.colcon_core.shell[0m [1;30mINFO[0m Creating package script '/home/orangepi/uvg_car/install/lslidar_driver/share/lslidar_driver/package.ps1'
[1.791s] [34mcolcon.colcon_core.shell[0m [1;30mINFO[0m Creating package descriptor '/home/orangepi/uvg_car/install/lslidar_driver/share/lslidar_driver/package.dsv'
[1.793s] [34mcolcon.colcon_core.shell[0m [1;30mINFO[0m Creating package script '/home/orangepi/uvg_car/install/lslidar_driver/share/lslidar_driver/package.sh'
[1.794s] [34mcolcon.colcon_core.shell[0m [1;30mINFO[0m Creating package script '/home/orangepi/uvg_car/install/lslidar_driver/share/lslidar_driver/package.bash'
[1.796s] [34mcolcon.colcon_core.shell[0m [1;30mINFO[0m Creating package script '/home/orangepi/uvg_car/install/lslidar_driver/share/lslidar_driver/package.zsh'
[1.797s] [34mcolcon.colcon_core.environment[0m [1;30mLevel 1[0m create_file_with_runtime_dependencies(/home/orangepi/uvg_car/install/lslidar_driver/share/colcon-core/packages/lslidar_driver)
[2.048s] [34mcolcon.colcon_core.environment[0m [1;30mLevel 1[0m checking '/home/orangepi/uvg_car/install/wit_ros2_imu' for CMake module files
[2.049s] [34mcolcon.colcon_core.event_handler.log_command[0m [1;30mDEBUG[0m [32mInvoked command in '/home/orangepi/uvg_car/src/wit_ros2_imu' returned '0': PYTHONPATH=/home/orangepi/uvg_car/build/wit_ros2_imu/prefix_override:/usr/lib/python3/dist-packages/colcon_core/task/python/colcon_distutils_commands:/home/orangepi/uvg_car/install/wit_ros2_imu/lib/python3.10/site-packages:${PYTHONPATH} /usr/bin/python3 -W ignore:setup.py install is deprecated -W ignore:easy_install command is deprecated setup.py egg_info --egg-base ../../build/wit_ros2_imu build --build-base /home/orangepi/uvg_car/build/wit_ros2_imu/build install --record /home/orangepi/uvg_car/build/wit_ros2_imu/install.log --install-scripts $base/lib/wit_ros2_imu --single-version-externally-managed install_data[0m
[2.050s] [34mcolcon.colcon_core.environment[0m [1;30mLevel 1[0m checking '/home/orangepi/uvg_car/install/wit_ros2_imu' for CMake config files
[2.051s] [34mcolcon.colcon_core.environment[0m [1;30mLevel 1[0m checking '/home/orangepi/uvg_car/install/wit_ros2_imu/lib'
[2.051s] [34mcolcon.colcon_core.environment[0m [1;30mLevel 1[0m checking '/home/orangepi/uvg_car/install/wit_ros2_imu/bin'
[2.051s] [34mcolcon.colcon_core.environment[0m [1;30mLevel 1[0m checking '/home/orangepi/uvg_car/install/wit_ros2_imu/lib/pkgconfig/wit_ros2_imu.pc'
[2.051s] [34mcolcon.colcon_core.environment[0m [1;30mLevel 1[0m checking '/home/orangepi/uvg_car/install/wit_ros2_imu/lib/python3.10/site-packages'
[2.051s] [34mcolcon.colcon_core.shell[0m [1;30mLevel 1[0m create_environment_hook('wit_ros2_imu', 'pythonpath')
[2.052s] [34mcolcon.colcon_core.shell[0m [1;30mINFO[0m Creating environment hook '/home/orangepi/uvg_car/install/wit_ros2_imu/share/wit_ros2_imu/hook/pythonpath.ps1'
[2.053s] [34mcolcon.colcon_core.shell[0m [1;30mINFO[0m Creating environment descriptor '/home/orangepi/uvg_car/install/wit_ros2_imu/share/wit_ros2_imu/hook/pythonpath.dsv'
[2.053s] [34mcolcon.colcon_core.shell[0m [1;30mINFO[0m Creating environment hook '/home/orangepi/uvg_car/install/wit_ros2_imu/share/wit_ros2_imu/hook/pythonpath.sh'
[2.054s] [34mcolcon.colcon_core.environment[0m [1;30mLevel 1[0m checking '/home/orangepi/uvg_car/install/wit_ros2_imu/bin'
[2.054s] [34mcolcon.colcon_core.environment[0m [1;30mLevel 1[0m create_environment_scripts_only(wit_ros2_imu)
[2.054s] [34mcolcon.colcon_core.shell[0m [1;30mINFO[0m Creating package script '/home/orangepi/uvg_car/install/wit_ros2_imu/share/wit_ros2_imu/package.ps1'
[2.055s] [34mcolcon.colcon_core.shell[0m [1;30mINFO[0m Creating package descriptor '/home/orangepi/uvg_car/install/wit_ros2_imu/share/wit_ros2_imu/package.dsv'
[2.056s] [34mcolcon.colcon_core.shell[0m [1;30mINFO[0m Creating package script '/home/orangepi/uvg_car/install/wit_ros2_imu/share/wit_ros2_imu/package.sh'
[2.056s] [34mcolcon.colcon_core.shell[0m [1;30mINFO[0m Creating package script '/home/orangepi/uvg_car/install/wit_ros2_imu/share/wit_ros2_imu/package.bash'
[2.057s] [34mcolcon.colcon_core.shell[0m [1;30mINFO[0m Creating package script '/home/orangepi/uvg_car/install/wit_ros2_imu/share/wit_ros2_imu/package.zsh'
[2.057s] [34mcolcon.colcon_core.environment[0m [1;30mLevel 1[0m create_file_with_runtime_dependencies(/home/orangepi/uvg_car/install/wit_ros2_imu/share/colcon-core/packages/wit_ros2_imu)
[2.058s] [34mcolcon.colcon_parallel_executor.executor.parallel[0m [1;30mDEBUG[0m [32mclosing loop[0m
[2.058s] [34mcolcon.colcon_parallel_executor.executor.parallel[0m [1;30mDEBUG[0m [32mloop closed[0m
[2.058s] [34mcolcon.colcon_parallel_executor.executor.parallel[0m [1;30mDEBUG[0m [32mrun_until_complete finished with '0'[0m
[2.059s] [34mcolcon.colcon_core.event_reactor[0m [1;30mDEBUG[0m [32mjoining thread[0m
[2.067s] [34mcolcon.colcon_core.plugin_system[0m [1;30mINFO[0m Skipping extension 'colcon_notification.desktop_notification.terminal_notifier': Not used on non-Darwin systems
[2.068s] [34mcolcon.colcon_core.plugin_system[0m [1;30mINFO[0m Skipping extension 'colcon_notification.desktop_notification.win32': Not used on non-Windows systems
[2.068s] [34mcolcon.colcon_notification.desktop_notification[0m [1;30mINFO[0m Sending desktop notification using 'notify2'
[2.080s] [34mcolcon.colcon_core.event_reactor[0m [1;30mDEBUG[0m [32mjoined thread[0m
[2.081s] [34mcolcon.colcon_core.shell[0m [1;30mINFO[0m Creating prefix script '/home/orangepi/uvg_car/install/local_setup.ps1'
[2.083s] [34mcolcon.colcon_core.shell[0m [1;30mINFO[0m Creating prefix util module '/home/orangepi/uvg_car/install/_local_setup_util_ps1.py'
[2.086s] [34mcolcon.colcon_core.shell[0m [1;30mINFO[0m Creating prefix chain script '/home/orangepi/uvg_car/install/setup.ps1'
[2.089s] [34mcolcon.colcon_core.shell[0m [1;30mINFO[0m Creating prefix script '/home/orangepi/uvg_car/install/local_setup.sh'
[2.090s] [34mcolcon.colcon_core.shell[0m [1;30mINFO[0m Creating prefix util module '/home/orangepi/uvg_car/install/_local_setup_util_sh.py'
[2.093s] [34mcolcon.colcon_core.shell[0m [1;30mINFO[0m Creating prefix chain script '/home/orangepi/uvg_car/install/setup.sh'
[2.097s] [34mcolcon.colcon_core.shell[0m [1;30mINFO[0m Creating prefix script '/home/orangepi/uvg_car/install/local_setup.bash'
[2.100s] [34mcolcon.colcon_core.shell[0m [1;30mINFO[0m Creating prefix chain script '/home/orangepi/uvg_car/install/setup.bash'
[2.106s] [34mcolcon.colcon_core.shell[0m [1;30mINFO[0m Creating prefix script '/home/orangepi/uvg_car/install/local_setup.zsh'
[2.110s] [34mcolcon.colcon_core.shell[0m [1;30mINFO[0m Creating prefix chain script '/home/orangepi/uvg_car/install/setup.zsh'
