[0.158s] [34mcolcon[0m [1;30mDEBUG[0m [32mCommand line arguments: ['/usr/bin/colcon', 'build'][0m
[0.159s] [34mcolcon[0m [1;30mDEBUG[0m [32mParsed command line arguments: Namespace(log_base=None, log_level=None, verb_name='build', build_base='build', install_base='install', merge_install=False, symlink_install=False, test_result_base=None, continue_on_error=False, executor='parallel', parallel_workers=8, event_handlers=None, ignore_user_meta=False, metas=['./colcon.meta'], base_paths=['.'], packages_ignore=None, packages_ignore_regex=None, paths=None, packages_up_to=None, packages_up_to_regex=None, packages_above=None, packages_above_and_dependencies=None, packages_above_depth=None, packages_select_by_dep=None, packages_skip_by_dep=None, packages_skip_up_to=None, packages_select_build_failed=False, packages_skip_build_finished=False, packages_select_test_failures=False, packages_skip_test_passed=False, packages_select=None, packages_skip=None, packages_select_regex=None, packages_skip_regex=None, packages_start=None, packages_end=None, cmake_args=None, cmake_target=None, cmake_target_skip_unavailable=False, cmake_clean_cache=False, cmake_clean_first=False, cmake_force_configure=False, ament_cmake_args=None, catkin_cmake_args=None, catkin_skip_building_tests=False, verb_parser=<colcon_defaults.argument_parser.defaults.DefaultArgumentsDecorator object at 0x7faac698a0>, verb_extension=<colcon_core.verb.build.BuildVerb object at 0x7faac69390>, main=<bound method BuildVerb.main of <colcon_core.verb.build.BuildVerb object at 0x7faac69390>>)[0m
[0.367s] [34mcolcon.colcon_core.package_discovery[0m [1;30mLevel 1[0m discover_packages(colcon_meta) check parameters
[0.367s] [34mcolcon.colcon_core.package_discovery[0m [1;30mLevel 1[0m discover_packages(recursive) check parameters
[0.367s] [34mcolcon.colcon_core.package_discovery[0m [1;30mLevel 1[0m discover_packages(ignore) check parameters
[0.367s] [34mcolcon.colcon_core.package_discovery[0m [1;30mLevel 1[0m discover_packages(path) check parameters
[0.367s] [34mcolcon.colcon_core.package_discovery[0m [1;30mLevel 1[0m discover_packages(colcon_meta) discover
[0.367s] [34mcolcon.colcon_core.package_discovery[0m [1;30mLevel 1[0m discover_packages(recursive) discover
[0.368s] [34mcolcon.colcon_core.package_discovery[0m [1;30mINFO[0m Crawling recursively for packages in '/home/orangepi/uvg_car'
[0.368s] [34mcolcon.colcon_core.package_identification[0m [1;30mLevel 1[0m _identify(.) by extensions ['ignore', 'ignore_ament_install']
[0.368s] [34mcolcon.colcon_core.package_identification[0m [1;30mLevel 1[0m _identify(.) by extension 'ignore'
[0.368s] [34mcolcon.colcon_core.package_identification[0m [1;30mLevel 1[0m _identify(.) by extension 'ignore_ament_install'
[0.368s] [34mcolcon.colcon_core.package_identification[0m [1;30mLevel 1[0m _identify(.) by extensions ['colcon_pkg']
[0.368s] [34mcolcon.colcon_core.package_identification[0m [1;30mLevel 1[0m _identify(.) by extension 'colcon_pkg'
[0.368s] [34mcolcon.colcon_core.package_identification[0m [1;30mLevel 1[0m _identify(.) by extensions ['colcon_meta']
[0.368s] [34mcolcon.colcon_core.package_identification[0m [1;30mLevel 1[0m _identify(.) by extension 'colcon_meta'
[0.368s] [34mcolcon.colcon_core.package_identification[0m [1;30mLevel 1[0m _identify(.) by extensions ['ros']
[0.368s] [34mcolcon.colcon_core.package_identification[0m [1;30mLevel 1[0m _identify(.) by extension 'ros'
[0.387s] [34mcolcon.colcon_core.package_identification[0m [1;30mLevel 1[0m _identify(.) by extensions ['cmake', 'python']
[0.387s] [34mcolcon.colcon_core.package_identification[0m [1;30mLevel 1[0m _identify(.) by extension 'cmake'
[0.387s] [34mcolcon.colcon_core.package_identification[0m [1;30mLevel 1[0m _identify(.) by extension 'python'
[0.387s] [34mcolcon.colcon_core.package_identification[0m [1;30mLevel 1[0m _identify(.) by extensions ['python_setup_py']
[0.387s] [34mcolcon.colcon_core.package_identification[0m [1;30mLevel 1[0m _identify(.) by extension 'python_setup_py'
[0.387s] [34mcolcon.colcon_core.package_identification[0m [1;30mLevel 1[0m _identify(build) by extensions ['ignore', 'ignore_ament_install']
[0.388s] [34mcolcon.colcon_core.package_identification[0m [1;30mLevel 1[0m _identify(build) by extension 'ignore'
[0.388s] [34mcolcon.colcon_core.package_identification[0m [1;30mLevel 1[0m _identify(build) ignored
[0.388s] [34mcolcon.colcon_core.package_identification[0m [1;30mLevel 1[0m _identify(install) by extensions ['ignore', 'ignore_ament_install']
[0.388s] [34mcolcon.colcon_core.package_identification[0m [1;30mLevel 1[0m _identify(install) by extension 'ignore'
[0.388s] [34mcolcon.colcon_core.package_identification[0m [1;30mLevel 1[0m _identify(install) ignored
[0.388s] [34mcolcon.colcon_core.package_identification[0m [1;30mLevel 1[0m _identify(log) by extensions ['ignore', 'ignore_ament_install']
[0.388s] [34mcolcon.colcon_core.package_identification[0m [1;30mLevel 1[0m _identify(log) by extension 'ignore'
[0.388s] [34mcolcon.colcon_core.package_identification[0m [1;30mLevel 1[0m _identify(log) ignored
[0.388s] [34mcolcon.colcon_core.package_identification[0m [1;30mLevel 1[0m _identify(src) by extensions ['ignore', 'ignore_ament_install']
[0.389s] [34mcolcon.colcon_core.package_identification[0m [1;30mLevel 1[0m _identify(src) by extension 'ignore'
[0.389s] [34mcolcon.colcon_core.package_identification[0m [1;30mLevel 1[0m _identify(src) by extension 'ignore_ament_install'
[0.389s] [34mcolcon.colcon_core.package_identification[0m [1;30mLevel 1[0m _identify(src) by extensions ['colcon_pkg']
[0.389s] [34mcolcon.colcon_core.package_identification[0m [1;30mLevel 1[0m _identify(src) by extension 'colcon_pkg'
[0.389s] [34mcolcon.colcon_core.package_identification[0m [1;30mLevel 1[0m _identify(src) by extensions ['colcon_meta']
[0.389s] [34mcolcon.colcon_core.package_identification[0m [1;30mLevel 1[0m _identify(src) by extension 'colcon_meta'
[0.389s] [34mcolcon.colcon_core.package_identification[0m [1;30mLevel 1[0m _identify(src) by extensions ['ros']
[0.389s] [34mcolcon.colcon_core.package_identification[0m [1;30mLevel 1[0m _identify(src) by extension 'ros'
[0.389s] [34mcolcon.colcon_core.package_identification[0m [1;30mLevel 1[0m _identify(src) by extensions ['cmake', 'python']
[0.389s] [34mcolcon.colcon_core.package_identification[0m [1;30mLevel 1[0m _identify(src) by extension 'cmake'
[0.389s] [34mcolcon.colcon_core.package_identification[0m [1;30mLevel 1[0m _identify(src) by extension 'python'
[0.389s] [34mcolcon.colcon_core.package_identification[0m [1;30mLevel 1[0m _identify(src) by extensions ['python_setup_py']
[0.389s] [34mcolcon.colcon_core.package_identification[0m [1;30mLevel 1[0m _identify(src) by extension 'python_setup_py'
[0.389s] [34mcolcon.colcon_core.package_identification[0m [1;30mLevel 1[0m _identify(src/LSLIDAR_X_ROS2-20240228) by extensions ['ignore', 'ignore_ament_install']
[0.389s] [34mcolcon.colcon_core.package_identification[0m [1;30mLevel 1[0m _identify(src/LSLIDAR_X_ROS2-20240228) by extension 'ignore'
[0.389s] [34mcolcon.colcon_core.package_identification[0m [1;30mLevel 1[0m _identify(src/LSLIDAR_X_ROS2-20240228) by extension 'ignore_ament_install'
[0.389s] [34mcolcon.colcon_core.package_identification[0m [1;30mLevel 1[0m _identify(src/LSLIDAR_X_ROS2-20240228) by extensions ['colcon_pkg']
[0.389s] [34mcolcon.colcon_core.package_identification[0m [1;30mLevel 1[0m _identify(src/LSLIDAR_X_ROS2-20240228) by extension 'colcon_pkg'
[0.390s] [34mcolcon.colcon_core.package_identification[0m [1;30mLevel 1[0m _identify(src/LSLIDAR_X_ROS2-20240228) by extensions ['colcon_meta']
[0.390s] [34mcolcon.colcon_core.package_identification[0m [1;30mLevel 1[0m _identify(src/LSLIDAR_X_ROS2-20240228) by extension 'colcon_meta'
[0.390s] [34mcolcon.colcon_core.package_identification[0m [1;30mLevel 1[0m _identify(src/LSLIDAR_X_ROS2-20240228) by extensions ['ros']
[0.390s] [34mcolcon.colcon_core.package_identification[0m [1;30mLevel 1[0m _identify(src/LSLIDAR_X_ROS2-20240228) by extension 'ros'
[0.390s] [34mcolcon.colcon_core.package_identification[0m [1;30mLevel 1[0m _identify(src/LSLIDAR_X_ROS2-20240228) by extensions ['cmake', 'python']
[0.390s] [34mcolcon.colcon_core.package_identification[0m [1;30mLevel 1[0m _identify(src/LSLIDAR_X_ROS2-20240228) by extension 'cmake'
[0.390s] [34mcolcon.colcon_core.package_identification[0m [1;30mLevel 1[0m _identify(src/LSLIDAR_X_ROS2-20240228) by extension 'python'
[0.390s] [34mcolcon.colcon_core.package_identification[0m [1;30mLevel 1[0m _identify(src/LSLIDAR_X_ROS2-20240228) by extensions ['python_setup_py']
[0.390s] [34mcolcon.colcon_core.package_identification[0m [1;30mLevel 1[0m _identify(src/LSLIDAR_X_ROS2-20240228) by extension 'python_setup_py'
[0.390s] [34mcolcon.colcon_core.package_identification[0m [1;30mLevel 1[0m _identify(src/LSLIDAR_X_ROS2-20240228/src) by extensions ['ignore', 'ignore_ament_install']
[0.390s] [34mcolcon.colcon_core.package_identification[0m [1;30mLevel 1[0m _identify(src/LSLIDAR_X_ROS2-20240228/src) by extension 'ignore'
[0.390s] [34mcolcon.colcon_core.package_identification[0m [1;30mLevel 1[0m _identify(src/LSLIDAR_X_ROS2-20240228/src) by extension 'ignore_ament_install'
[0.390s] [34mcolcon.colcon_core.package_identification[0m [1;30mLevel 1[0m _identify(src/LSLIDAR_X_ROS2-20240228/src) by extensions ['colcon_pkg']
[0.390s] [34mcolcon.colcon_core.package_identification[0m [1;30mLevel 1[0m _identify(src/LSLIDAR_X_ROS2-20240228/src) by extension 'colcon_pkg'
[0.390s] [34mcolcon.colcon_core.package_identification[0m [1;30mLevel 1[0m _identify(src/LSLIDAR_X_ROS2-20240228/src) by extensions ['colcon_meta']
[0.390s] [34mcolcon.colcon_core.package_identification[0m [1;30mLevel 1[0m _identify(src/LSLIDAR_X_ROS2-20240228/src) by extension 'colcon_meta'
[0.390s] [34mcolcon.colcon_core.package_identification[0m [1;30mLevel 1[0m _identify(src/LSLIDAR_X_ROS2-20240228/src) by extensions ['ros']
[0.390s] [34mcolcon.colcon_core.package_identification[0m [1;30mLevel 1[0m _identify(src/LSLIDAR_X_ROS2-20240228/src) by extension 'ros'
[0.390s] [34mcolcon.colcon_core.package_identification[0m [1;30mLevel 1[0m _identify(src/LSLIDAR_X_ROS2-20240228/src) by extensions ['cmake', 'python']
[0.391s] [34mcolcon.colcon_core.package_identification[0m [1;30mLevel 1[0m _identify(src/LSLIDAR_X_ROS2-20240228/src) by extension 'cmake'
[0.391s] [34mcolcon.colcon_core.package_identification[0m [1;30mLevel 1[0m _identify(src/LSLIDAR_X_ROS2-20240228/src) by extension 'python'
[0.391s] [34mcolcon.colcon_core.package_identification[0m [1;30mLevel 1[0m _identify(src/LSLIDAR_X_ROS2-20240228/src) by extensions ['python_setup_py']
[0.391s] [34mcolcon.colcon_core.package_identification[0m [1;30mLevel 1[0m _identify(src/LSLIDAR_X_ROS2-20240228/src) by extension 'python_setup_py'
[0.391s] [34mcolcon.colcon_core.package_identification[0m [1;30mLevel 1[0m _identify(src/LSLIDAR_X_ROS2-20240228/src/lslidar_driver) by extensions ['ignore', 'ignore_ament_install']
[0.391s] [34mcolcon.colcon_core.package_identification[0m [1;30mLevel 1[0m _identify(src/LSLIDAR_X_ROS2-20240228/src/lslidar_driver) by extension 'ignore'
[0.391s] [34mcolcon.colcon_core.package_identification[0m [1;30mLevel 1[0m _identify(src/LSLIDAR_X_ROS2-20240228/src/lslidar_driver) by extension 'ignore_ament_install'
[0.391s] [34mcolcon.colcon_core.package_identification[0m [1;30mLevel 1[0m _identify(src/LSLIDAR_X_ROS2-20240228/src/lslidar_driver) by extensions ['colcon_pkg']
[0.391s] [34mcolcon.colcon_core.package_identification[0m [1;30mLevel 1[0m _identify(src/LSLIDAR_X_ROS2-20240228/src/lslidar_driver) by extension 'colcon_pkg'
[0.391s] [34mcolcon.colcon_core.package_identification[0m [1;30mLevel 1[0m _identify(src/LSLIDAR_X_ROS2-20240228/src/lslidar_driver) by extensions ['colcon_meta']
[0.391s] [34mcolcon.colcon_core.package_identification[0m [1;30mLevel 1[0m _identify(src/LSLIDAR_X_ROS2-20240228/src/lslidar_driver) by extension 'colcon_meta'
[0.391s] [34mcolcon.colcon_core.package_identification[0m [1;30mLevel 1[0m _identify(src/LSLIDAR_X_ROS2-20240228/src/lslidar_driver) by extensions ['ros']
[0.391s] [34mcolcon.colcon_core.package_identification[0m [1;30mLevel 1[0m _identify(src/LSLIDAR_X_ROS2-20240228/src/lslidar_driver) by extension 'ros'
[0.396s] [34mcolcon.colcon_core.package_identification[0m [1;30mDEBUG[0m [32mPackage 'src/LSLIDAR_X_ROS2-20240228/src/lslidar_driver' with type 'ros.ament_cmake' and name 'lslidar_driver'[0m
[0.397s] [34mcolcon.colcon_core.package_identification[0m [1;30mLevel 1[0m _identify(src/LSLIDAR_X_ROS2-20240228/src/lslidar_msgs) by extensions ['ignore', 'ignore_ament_install']
[0.397s] [34mcolcon.colcon_core.package_identification[0m [1;30mLevel 1[0m _identify(src/LSLIDAR_X_ROS2-20240228/src/lslidar_msgs) by extension 'ignore'
[0.397s] [34mcolcon.colcon_core.package_identification[0m [1;30mLevel 1[0m _identify(src/LSLIDAR_X_ROS2-20240228/src/lslidar_msgs) by extension 'ignore_ament_install'
[0.397s] [34mcolcon.colcon_core.package_identification[0m [1;30mLevel 1[0m _identify(src/LSLIDAR_X_ROS2-20240228/src/lslidar_msgs) by extensions ['colcon_pkg']
[0.397s] [34mcolcon.colcon_core.package_identification[0m [1;30mLevel 1[0m _identify(src/LSLIDAR_X_ROS2-20240228/src/lslidar_msgs) by extension 'colcon_pkg'
[0.397s] [34mcolcon.colcon_core.package_identification[0m [1;30mLevel 1[0m _identify(src/LSLIDAR_X_ROS2-20240228/src/lslidar_msgs) by extensions ['colcon_meta']
[0.397s] [34mcolcon.colcon_core.package_identification[0m [1;30mLevel 1[0m _identify(src/LSLIDAR_X_ROS2-20240228/src/lslidar_msgs) by extension 'colcon_meta'
[0.397s] [34mcolcon.colcon_core.package_identification[0m [1;30mLevel 1[0m _identify(src/LSLIDAR_X_ROS2-20240228/src/lslidar_msgs) by extensions ['ros']
[0.397s] [34mcolcon.colcon_core.package_identification[0m [1;30mLevel 1[0m _identify(src/LSLIDAR_X_ROS2-20240228/src/lslidar_msgs) by extension 'ros'
[0.398s] [34mcolcon.colcon_core.package_identification[0m [1;30mDEBUG[0m [32mPackage 'src/LSLIDAR_X_ROS2-20240228/src/lslidar_msgs' with type 'ros.ament_cmake' and name 'lslidar_msgs'[0m
[0.399s] [34mcolcon.colcon_core.package_identification[0m [1;30mLevel 1[0m _identify(src/fishbot_cartographer) by extensions ['ignore', 'ignore_ament_install']
[0.399s] [34mcolcon.colcon_core.package_identification[0m [1;30mLevel 1[0m _identify(src/fishbot_cartographer) by extension 'ignore'
[0.399s] [34mcolcon.colcon_core.package_identification[0m [1;30mLevel 1[0m _identify(src/fishbot_cartographer) by extension 'ignore_ament_install'
[0.399s] [34mcolcon.colcon_core.package_identification[0m [1;30mLevel 1[0m _identify(src/fishbot_cartographer) by extensions ['colcon_pkg']
[0.399s] [34mcolcon.colcon_core.package_identification[0m [1;30mLevel 1[0m _identify(src/fishbot_cartographer) by extension 'colcon_pkg'
[0.399s] [34mcolcon.colcon_core.package_identification[0m [1;30mLevel 1[0m _identify(src/fishbot_cartographer) by extensions ['colcon_meta']
[0.399s] [34mcolcon.colcon_core.package_identification[0m [1;30mLevel 1[0m _identify(src/fishbot_cartographer) by extension 'colcon_meta'
[0.399s] [34mcolcon.colcon_core.package_identification[0m [1;30mLevel 1[0m _identify(src/fishbot_cartographer) by extensions ['ros']
[0.399s] [34mcolcon.colcon_core.package_identification[0m [1;30mLevel 1[0m _identify(src/fishbot_cartographer) by extension 'ros'
[0.403s] [34mcolcon.colcon_core.package_identification[0m [1;30mDEBUG[0m [32mPackage 'src/fishbot_cartographer' with type 'ros.ament_cmake' and name 'fishbot_cartographer'[0m
[0.403s] [34mcolcon.colcon_core.package_identification[0m [1;30mLevel 1[0m _identify(src/fishbot_navigation2) by extensions ['ignore', 'ignore_ament_install']
[0.403s] [34mcolcon.colcon_core.package_identification[0m [1;30mLevel 1[0m _identify(src/fishbot_navigation2) by extension 'ignore'
[0.403s] [34mcolcon.colcon_core.package_identification[0m [1;30mLevel 1[0m _identify(src/fishbot_navigation2) by extension 'ignore_ament_install'
[0.403s] [34mcolcon.colcon_core.package_identification[0m [1;30mLevel 1[0m _identify(src/fishbot_navigation2) by extensions ['colcon_pkg']
[0.403s] [34mcolcon.colcon_core.package_identification[0m [1;30mLevel 1[0m _identify(src/fishbot_navigation2) by extension 'colcon_pkg'
[0.403s] [34mcolcon.colcon_core.package_identification[0m [1;30mLevel 1[0m _identify(src/fishbot_navigation2) by extensions ['colcon_meta']
[0.403s] [34mcolcon.colcon_core.package_identification[0m [1;30mLevel 1[0m _identify(src/fishbot_navigation2) by extension 'colcon_meta'
[0.403s] [34mcolcon.colcon_core.package_identification[0m [1;30mLevel 1[0m _identify(src/fishbot_navigation2) by extensions ['ros']
[0.403s] [34mcolcon.colcon_core.package_identification[0m [1;30mLevel 1[0m _identify(src/fishbot_navigation2) by extension 'ros'
[0.404s] [34mcolcon.colcon_core.package_identification[0m [1;30mDEBUG[0m [32mPackage 'src/fishbot_navigation2' with type 'ros.ament_cmake' and name 'fishbot_navigation2'[0m
[0.404s] [34mcolcon.colcon_core.package_identification[0m [1;30mLevel 1[0m _identify(src/oakchina_vio_package_ros2) by extensions ['ignore', 'ignore_ament_install']
[0.404s] [34mcolcon.colcon_core.package_identification[0m [1;30mLevel 1[0m _identify(src/oakchina_vio_package_ros2) by extension 'ignore'
[0.404s] [34mcolcon.colcon_core.package_identification[0m [1;30mLevel 1[0m _identify(src/oakchina_vio_package_ros2) by extension 'ignore_ament_install'
[0.404s] [34mcolcon.colcon_core.package_identification[0m [1;30mLevel 1[0m _identify(src/oakchina_vio_package_ros2) by extensions ['colcon_pkg']
[0.404s] [34mcolcon.colcon_core.package_identification[0m [1;30mLevel 1[0m _identify(src/oakchina_vio_package_ros2) by extension 'colcon_pkg'
[0.404s] [34mcolcon.colcon_core.package_identification[0m [1;30mLevel 1[0m _identify(src/oakchina_vio_package_ros2) by extensions ['colcon_meta']
[0.405s] [34mcolcon.colcon_core.package_identification[0m [1;30mLevel 1[0m _identify(src/oakchina_vio_package_ros2) by extension 'colcon_meta'
[0.405s] [34mcolcon.colcon_core.package_identification[0m [1;30mLevel 1[0m _identify(src/oakchina_vio_package_ros2) by extensions ['ros']
[0.405s] [34mcolcon.colcon_core.package_identification[0m [1;30mLevel 1[0m _identify(src/oakchina_vio_package_ros2) by extension 'ros'
[0.406s] [34mcolcon.colcon_core.package_identification[0m [1;30mDEBUG[0m [32mPackage 'src/oakchina_vio_package_ros2' with type 'ros.ament_cmake' and name 'oakchina_vio_package'[0m
[0.406s] [34mcolcon.colcon_core.package_identification[0m [1;30mLevel 1[0m _identify(src/wit_ros2_imu) by extensions ['ignore', 'ignore_ament_install']
[0.406s] [34mcolcon.colcon_core.package_identification[0m [1;30mLevel 1[0m _identify(src/wit_ros2_imu) by extension 'ignore'
[0.406s] [34mcolcon.colcon_core.package_identification[0m [1;30mLevel 1[0m _identify(src/wit_ros2_imu) by extension 'ignore_ament_install'
[0.406s] [34mcolcon.colcon_core.package_identification[0m [1;30mLevel 1[0m _identify(src/wit_ros2_imu) by extensions ['colcon_pkg']
[0.406s] [34mcolcon.colcon_core.package_identification[0m [1;30mLevel 1[0m _identify(src/wit_ros2_imu) by extension 'colcon_pkg'
[0.406s] [34mcolcon.colcon_core.package_identification[0m [1;30mLevel 1[0m _identify(src/wit_ros2_imu) by extensions ['colcon_meta']
[0.406s] [34mcolcon.colcon_core.package_identification[0m [1;30mLevel 1[0m _identify(src/wit_ros2_imu) by extension 'colcon_meta'
[0.406s] [34mcolcon.colcon_core.package_identification[0m [1;30mLevel 1[0m _identify(src/wit_ros2_imu) by extensions ['ros']
[0.406s] [34mcolcon.colcon_core.package_identification[0m [1;30mLevel 1[0m _identify(src/wit_ros2_imu) by extension 'ros'
[0.407s] [34mcolcon.colcon_core.package_identification[0m [1;30mDEBUG[0m [32mPackage 'src/wit_ros2_imu' with type 'ros.ament_python' and name 'wit_ros2_imu'[0m
[0.407s] [34mcolcon.colcon_core.package_discovery[0m [1;30mLevel 1[0m discover_packages(recursive) using defaults
[0.407s] [34mcolcon.colcon_core.package_discovery[0m [1;30mLevel 1[0m discover_packages(ignore) discover
[0.407s] [34mcolcon.colcon_core.package_discovery[0m [1;30mLevel 1[0m discover_packages(ignore) using defaults
[0.407s] [34mcolcon.colcon_core.package_discovery[0m [1;30mLevel 1[0m discover_packages(path) discover
[0.407s] [34mcolcon.colcon_core.package_discovery[0m [1;30mLevel 1[0m discover_packages(path) using defaults
[0.474s] [34mcolcon.colcon_core.verb[0m [1;30mLevel 5[0m set package 'fishbot_cartographer' build argument 'cmake_args' from command line to 'None'
[0.474s] [34mcolcon.colcon_core.verb[0m [1;30mLevel 5[0m set package 'fishbot_cartographer' build argument 'cmake_target' from command line to 'None'
[0.474s] [34mcolcon.colcon_core.verb[0m [1;30mLevel 5[0m set package 'fishbot_cartographer' build argument 'cmake_target_skip_unavailable' from command line to 'False'
[0.474s] [34mcolcon.colcon_core.verb[0m [1;30mLevel 5[0m set package 'fishbot_cartographer' build argument 'cmake_clean_cache' from command line to 'False'
[0.474s] [34mcolcon.colcon_core.verb[0m [1;30mLevel 5[0m set package 'fishbot_cartographer' build argument 'cmake_clean_first' from command line to 'False'
[0.474s] [34mcolcon.colcon_core.verb[0m [1;30mLevel 5[0m set package 'fishbot_cartographer' build argument 'cmake_force_configure' from command line to 'False'
[0.474s] [34mcolcon.colcon_core.verb[0m [1;30mLevel 5[0m set package 'fishbot_cartographer' build argument 'ament_cmake_args' from command line to 'None'
[0.474s] [34mcolcon.colcon_core.verb[0m [1;30mLevel 5[0m set package 'fishbot_cartographer' build argument 'catkin_cmake_args' from command line to 'None'
[0.474s] [34mcolcon.colcon_core.verb[0m [1;30mLevel 5[0m set package 'fishbot_cartographer' build argument 'catkin_skip_building_tests' from command line to 'False'
[0.475s] [34mcolcon.colcon_core.verb[0m [1;30mDEBUG[0m [32mBuilding package 'fishbot_cartographer' with the following arguments: {'ament_cmake_args': None, 'build_base': '/home/orangepi/uvg_car/build/fishbot_cartographer', 'catkin_cmake_args': None, 'catkin_skip_building_tests': False, 'cmake_args': None, 'cmake_clean_cache': False, 'cmake_clean_first': False, 'cmake_force_configure': False, 'cmake_target': None, 'cmake_target_skip_unavailable': False, 'install_base': '/home/orangepi/uvg_car/install/fishbot_cartographer', 'merge_install': False, 'path': '/home/orangepi/uvg_car/src/fishbot_cartographer', 'symlink_install': False, 'test_result_base': None}[0m
[0.475s] [34mcolcon.colcon_core.verb[0m [1;30mLevel 5[0m set package 'fishbot_navigation2' build argument 'cmake_args' from command line to 'None'
[0.475s] [34mcolcon.colcon_core.verb[0m [1;30mLevel 5[0m set package 'fishbot_navigation2' build argument 'cmake_target' from command line to 'None'
[0.475s] [34mcolcon.colcon_core.verb[0m [1;30mLevel 5[0m set package 'fishbot_navigation2' build argument 'cmake_target_skip_unavailable' from command line to 'False'
[0.475s] [34mcolcon.colcon_core.verb[0m [1;30mLevel 5[0m set package 'fishbot_navigation2' build argument 'cmake_clean_cache' from command line to 'False'
[0.475s] [34mcolcon.colcon_core.verb[0m [1;30mLevel 5[0m set package 'fishbot_navigation2' build argument 'cmake_clean_first' from command line to 'False'
[0.475s] [34mcolcon.colcon_core.verb[0m [1;30mLevel 5[0m set package 'fishbot_navigation2' build argument 'cmake_force_configure' from command line to 'False'
[0.475s] [34mcolcon.colcon_core.verb[0m [1;30mLevel 5[0m set package 'fishbot_navigation2' build argument 'ament_cmake_args' from command line to 'None'
[0.475s] [34mcolcon.colcon_core.verb[0m [1;30mLevel 5[0m set package 'fishbot_navigation2' build argument 'catkin_cmake_args' from command line to 'None'
[0.475s] [34mcolcon.colcon_core.verb[0m [1;30mLevel 5[0m set package 'fishbot_navigation2' build argument 'catkin_skip_building_tests' from command line to 'False'
[0.475s] [34mcolcon.colcon_core.verb[0m [1;30mDEBUG[0m [32mBuilding package 'fishbot_navigation2' with the following arguments: {'ament_cmake_args': None, 'build_base': '/home/orangepi/uvg_car/build/fishbot_navigation2', 'catkin_cmake_args': None, 'catkin_skip_building_tests': False, 'cmake_args': None, 'cmake_clean_cache': False, 'cmake_clean_first': False, 'cmake_force_configure': False, 'cmake_target': None, 'cmake_target_skip_unavailable': False, 'install_base': '/home/orangepi/uvg_car/install/fishbot_navigation2', 'merge_install': False, 'path': '/home/orangepi/uvg_car/src/fishbot_navigation2', 'symlink_install': False, 'test_result_base': None}[0m
[0.476s] [34mcolcon.colcon_core.verb[0m [1;30mLevel 5[0m set package 'lslidar_msgs' build argument 'cmake_args' from command line to 'None'
[0.476s] [34mcolcon.colcon_core.verb[0m [1;30mLevel 5[0m set package 'lslidar_msgs' build argument 'cmake_target' from command line to 'None'
[0.476s] [34mcolcon.colcon_core.verb[0m [1;30mLevel 5[0m set package 'lslidar_msgs' build argument 'cmake_target_skip_unavailable' from command line to 'False'
[0.476s] [34mcolcon.colcon_core.verb[0m [1;30mLevel 5[0m set package 'lslidar_msgs' build argument 'cmake_clean_cache' from command line to 'False'
[0.476s] [34mcolcon.colcon_core.verb[0m [1;30mLevel 5[0m set package 'lslidar_msgs' build argument 'cmake_clean_first' from command line to 'False'
[0.476s] [34mcolcon.colcon_core.verb[0m [1;30mLevel 5[0m set package 'lslidar_msgs' build argument 'cmake_force_configure' from command line to 'False'
[0.476s] [34mcolcon.colcon_core.verb[0m [1;30mLevel 5[0m set package 'lslidar_msgs' build argument 'ament_cmake_args' from command line to 'None'
[0.476s] [34mcolcon.colcon_core.verb[0m [1;30mLevel 5[0m set package 'lslidar_msgs' build argument 'catkin_cmake_args' from command line to 'None'
[0.476s] [34mcolcon.colcon_core.verb[0m [1;30mLevel 5[0m set package 'lslidar_msgs' build argument 'catkin_skip_building_tests' from command line to 'False'
[0.476s] [34mcolcon.colcon_core.verb[0m [1;30mDEBUG[0m [32mBuilding package 'lslidar_msgs' with the following arguments: {'ament_cmake_args': None, 'build_base': '/home/orangepi/uvg_car/build/lslidar_msgs', 'catkin_cmake_args': None, 'catkin_skip_building_tests': False, 'cmake_args': None, 'cmake_clean_cache': False, 'cmake_clean_first': False, 'cmake_force_configure': False, 'cmake_target': None, 'cmake_target_skip_unavailable': False, 'install_base': '/home/orangepi/uvg_car/install/lslidar_msgs', 'merge_install': False, 'path': '/home/orangepi/uvg_car/src/LSLIDAR_X_ROS2-20240228/src/lslidar_msgs', 'symlink_install': False, 'test_result_base': None}[0m
[0.476s] [34mcolcon.colcon_core.verb[0m [1;30mLevel 5[0m set package 'oakchina_vio_package' build argument 'cmake_args' from command line to 'None'
[0.476s] [34mcolcon.colcon_core.verb[0m [1;30mLevel 5[0m set package 'oakchina_vio_package' build argument 'cmake_target' from command line to 'None'
[0.476s] [34mcolcon.colcon_core.verb[0m [1;30mLevel 5[0m set package 'oakchina_vio_package' build argument 'cmake_target_skip_unavailable' from command line to 'False'
[0.477s] [34mcolcon.colcon_core.verb[0m [1;30mLevel 5[0m set package 'oakchina_vio_package' build argument 'cmake_clean_cache' from command line to 'False'
[0.477s] [34mcolcon.colcon_core.verb[0m [1;30mLevel 5[0m set package 'oakchina_vio_package' build argument 'cmake_clean_first' from command line to 'False'
[0.477s] [34mcolcon.colcon_core.verb[0m [1;30mLevel 5[0m set package 'oakchina_vio_package' build argument 'cmake_force_configure' from command line to 'False'
[0.477s] [34mcolcon.colcon_core.verb[0m [1;30mLevel 5[0m set package 'oakchina_vio_package' build argument 'ament_cmake_args' from command line to 'None'
[0.477s] [34mcolcon.colcon_core.verb[0m [1;30mLevel 5[0m set package 'oakchina_vio_package' build argument 'catkin_cmake_args' from command line to 'None'
[0.477s] [34mcolcon.colcon_core.verb[0m [1;30mLevel 5[0m set package 'oakchina_vio_package' build argument 'catkin_skip_building_tests' from command line to 'False'
[0.477s] [34mcolcon.colcon_core.verb[0m [1;30mDEBUG[0m [32mBuilding package 'oakchina_vio_package' with the following arguments: {'ament_cmake_args': None, 'build_base': '/home/orangepi/uvg_car/build/oakchina_vio_package', 'catkin_cmake_args': None, 'catkin_skip_building_tests': False, 'cmake_args': None, 'cmake_clean_cache': False, 'cmake_clean_first': False, 'cmake_force_configure': False, 'cmake_target': None, 'cmake_target_skip_unavailable': False, 'install_base': '/home/orangepi/uvg_car/install/oakchina_vio_package', 'merge_install': False, 'path': '/home/orangepi/uvg_car/src/oakchina_vio_package_ros2', 'symlink_install': False, 'test_result_base': None}[0m
[0.477s] [34mcolcon.colcon_core.verb[0m [1;30mLevel 5[0m set package 'wit_ros2_imu' build argument 'cmake_args' from command line to 'None'
[0.477s] [34mcolcon.colcon_core.verb[0m [1;30mLevel 5[0m set package 'wit_ros2_imu' build argument 'cmake_target' from command line to 'None'
[0.477s] [34mcolcon.colcon_core.verb[0m [1;30mLevel 5[0m set package 'wit_ros2_imu' build argument 'cmake_target_skip_unavailable' from command line to 'False'
[0.477s] [34mcolcon.colcon_core.verb[0m [1;30mLevel 5[0m set package 'wit_ros2_imu' build argument 'cmake_clean_cache' from command line to 'False'
[0.477s] [34mcolcon.colcon_core.verb[0m [1;30mLevel 5[0m set package 'wit_ros2_imu' build argument 'cmake_clean_first' from command line to 'False'
[0.477s] [34mcolcon.colcon_core.verb[0m [1;30mLevel 5[0m set package 'wit_ros2_imu' build argument 'cmake_force_configure' from command line to 'False'
[0.477s] [34mcolcon.colcon_core.verb[0m [1;30mLevel 5[0m set package 'wit_ros2_imu' build argument 'ament_cmake_args' from command line to 'None'
[0.477s] [34mcolcon.colcon_core.verb[0m [1;30mLevel 5[0m set package 'wit_ros2_imu' build argument 'catkin_cmake_args' from command line to 'None'
[0.477s] [34mcolcon.colcon_core.verb[0m [1;30mLevel 5[0m set package 'wit_ros2_imu' build argument 'catkin_skip_building_tests' from command line to 'False'
[0.477s] [34mcolcon.colcon_core.verb[0m [1;30mDEBUG[0m [32mBuilding package 'wit_ros2_imu' with the following arguments: {'ament_cmake_args': None, 'build_base': '/home/orangepi/uvg_car/build/wit_ros2_imu', 'catkin_cmake_args': None, 'catkin_skip_building_tests': False, 'cmake_args': None, 'cmake_clean_cache': False, 'cmake_clean_first': False, 'cmake_force_configure': False, 'cmake_target': None, 'cmake_target_skip_unavailable': False, 'install_base': '/home/orangepi/uvg_car/install/wit_ros2_imu', 'merge_install': False, 'path': '/home/orangepi/uvg_car/src/wit_ros2_imu', 'symlink_install': False, 'test_result_base': None}[0m
[0.478s] [34mcolcon.colcon_core.verb[0m [1;30mLevel 5[0m set package 'lslidar_driver' build argument 'cmake_args' from command line to 'None'
[0.478s] [34mcolcon.colcon_core.verb[0m [1;30mLevel 5[0m set package 'lslidar_driver' build argument 'cmake_target' from command line to 'None'
[0.478s] [34mcolcon.colcon_core.verb[0m [1;30mLevel 5[0m set package 'lslidar_driver' build argument 'cmake_target_skip_unavailable' from command line to 'False'
[0.478s] [34mcolcon.colcon_core.verb[0m [1;30mLevel 5[0m set package 'lslidar_driver' build argument 'cmake_clean_cache' from command line to 'False'
[0.478s] [34mcolcon.colcon_core.verb[0m [1;30mLevel 5[0m set package 'lslidar_driver' build argument 'cmake_clean_first' from command line to 'False'
[0.478s] [34mcolcon.colcon_core.verb[0m [1;30mLevel 5[0m set package 'lslidar_driver' build argument 'cmake_force_configure' from command line to 'False'
[0.478s] [34mcolcon.colcon_core.verb[0m [1;30mLevel 5[0m set package 'lslidar_driver' build argument 'ament_cmake_args' from command line to 'None'
[0.478s] [34mcolcon.colcon_core.verb[0m [1;30mLevel 5[0m set package 'lslidar_driver' build argument 'catkin_cmake_args' from command line to 'None'
[0.478s] [34mcolcon.colcon_core.verb[0m [1;30mLevel 5[0m set package 'lslidar_driver' build argument 'catkin_skip_building_tests' from command line to 'False'
[0.478s] [34mcolcon.colcon_core.verb[0m [1;30mDEBUG[0m [32mBuilding package 'lslidar_driver' with the following arguments: {'ament_cmake_args': None, 'build_base': '/home/orangepi/uvg_car/build/lslidar_driver', 'catkin_cmake_args': None, 'catkin_skip_building_tests': False, 'cmake_args': None, 'cmake_clean_cache': False, 'cmake_clean_first': False, 'cmake_force_configure': False, 'cmake_target': None, 'cmake_target_skip_unavailable': False, 'install_base': '/home/orangepi/uvg_car/install/lslidar_driver', 'merge_install': False, 'path': '/home/orangepi/uvg_car/src/LSLIDAR_X_ROS2-20240228/src/lslidar_driver', 'symlink_install': False, 'test_result_base': None}[0m
[0.478s] [34mcolcon.colcon_core.executor[0m [1;30mINFO[0m Executing jobs using 'parallel' executor
[0.480s] [34mcolcon.colcon_parallel_executor.executor.parallel[0m [1;30mDEBUG[0m [32mrun_until_complete[0m
[0.481s] [34mcolcon.colcon_ros.task.ament_cmake.build[0m [1;30mINFO[0m Building ROS package in '/home/orangepi/uvg_car/src/LSLIDAR_X_ROS2-20240228/src/lslidar_msgs' with build type 'ament_cmake'
[0.481s] [34mcolcon.colcon_cmake.task.cmake.build[0m [1;30mINFO[0m Building CMake package in '/home/orangepi/uvg_car/src/LSLIDAR_X_ROS2-20240228/src/lslidar_msgs'
[0.485s] [34mcolcon.colcon_core.plugin_system[0m [1;30mINFO[0m Skipping extension 'colcon_core.shell.bat': Not used on non-Windows systems
[0.485s] [34mcolcon.colcon_core.shell[0m [1;30mINFO[0m Skip shell extension 'powershell' for command environment: Not usable outside of PowerShell
[0.485s] [34mcolcon.colcon_core.shell[0m [1;30mDEBUG[0m [32mSkip shell extension 'dsv' for command environment[0m
[0.491s] [34mcolcon.colcon_ros.task.ament_cmake.build[0m [1;30mINFO[0m Building ROS package in '/home/orangepi/uvg_car/src/fishbot_cartographer' with build type 'ament_cmake'
[0.492s] [34mcolcon.colcon_cmake.task.cmake.build[0m [1;30mINFO[0m Building CMake package in '/home/orangepi/uvg_car/src/fishbot_cartographer'
[0.492s] [34mcolcon.colcon_core.shell[0m [1;30mINFO[0m Skip shell extension 'powershell' for command environment: Not usable outside of PowerShell
[0.492s] [34mcolcon.colcon_core.shell[0m [1;30mDEBUG[0m [32mSkip shell extension 'dsv' for command environment[0m
[0.497s] [34mcolcon.colcon_ros.task.ament_cmake.build[0m [1;30mINFO[0m Building ROS package in '/home/orangepi/uvg_car/src/fishbot_navigation2' with build type 'ament_cmake'
[0.497s] [34mcolcon.colcon_cmake.task.cmake.build[0m [1;30mINFO[0m Building CMake package in '/home/orangepi/uvg_car/src/fishbot_navigation2'
[0.497s] [34mcolcon.colcon_core.shell[0m [1;30mINFO[0m Skip shell extension 'powershell' for command environment: Not usable outside of PowerShell
[0.498s] [34mcolcon.colcon_core.shell[0m [1;30mDEBUG[0m [32mSkip shell extension 'dsv' for command environment[0m
[0.502s] [34mcolcon.colcon_ros.task.ament_cmake.build[0m [1;30mINFO[0m Building ROS package in '/home/orangepi/uvg_car/src/oakchina_vio_package_ros2' with build type 'ament_cmake'
[0.502s] [34mcolcon.colcon_cmake.task.cmake.build[0m [1;30mINFO[0m Building CMake package in '/home/orangepi/uvg_car/src/oakchina_vio_package_ros2'
[0.503s] [34mcolcon.colcon_core.shell[0m [1;30mINFO[0m Skip shell extension 'powershell' for command environment: Not usable outside of PowerShell
[0.503s] [34mcolcon.colcon_core.shell[0m [1;30mDEBUG[0m [32mSkip shell extension 'dsv' for command environment[0m
[0.507s] [34mcolcon.colcon_ros.task.ament_python.build[0m [1;30mINFO[0m Building ROS package in '/home/orangepi/uvg_car/src/wit_ros2_imu' with build type 'ament_python'
[0.507s] [34mcolcon.colcon_core.shell[0m [1;30mLevel 1[0m create_environment_hook('wit_ros2_imu', 'ament_prefix_path')
[0.508s] [34mcolcon.colcon_core.shell[0m [1;30mINFO[0m Creating environment hook '/home/orangepi/uvg_car/install/wit_ros2_imu/share/wit_ros2_imu/hook/ament_prefix_path.ps1'
[0.509s] [34mcolcon.colcon_core.shell[0m [1;30mINFO[0m Creating environment descriptor '/home/orangepi/uvg_car/install/wit_ros2_imu/share/wit_ros2_imu/hook/ament_prefix_path.dsv'
[0.510s] [34mcolcon.colcon_core.shell[0m [1;30mINFO[0m Creating environment hook '/home/orangepi/uvg_car/install/wit_ros2_imu/share/wit_ros2_imu/hook/ament_prefix_path.sh'
[0.511s] [34mcolcon.colcon_core.shell[0m [1;30mINFO[0m Skip shell extension 'powershell' for command environment: Not usable outside of PowerShell
[0.511s] [34mcolcon.colcon_core.shell[0m [1;30mDEBUG[0m [32mSkip shell extension 'dsv' for command environment[0m
[0.524s] [34mcolcon.colcon_core.event_handler.log_command[0m [1;30mDEBUG[0m [32mInvoking command in '/home/orangepi/uvg_car/build/lslidar_msgs': CMAKE_PREFIX_PATH=/opt/ros/humble /usr/bin/cmake --build /home/orangepi/uvg_car/build/lslidar_msgs -- -j8 -l8[0m
[0.538s] [34mcolcon.colcon_core.event_handler.log_command[0m [1;30mDEBUG[0m [32mInvoking command in '/home/orangepi/uvg_car/build/fishbot_cartographer': CMAKE_PREFIX_PATH=/opt/ros/humble /usr/bin/cmake --build /home/orangepi/uvg_car/build/fishbot_cartographer -- -j8 -l8[0m
[0.544s] [34mcolcon.colcon_core.event_handler.log_command[0m [1;30mDEBUG[0m [32mInvoking command in '/home/orangepi/uvg_car/build/fishbot_navigation2': CMAKE_PREFIX_PATH=/opt/ros/humble /usr/bin/cmake --build /home/orangepi/uvg_car/build/fishbot_navigation2 -- -j8 -l8[0m
[0.550s] [34mcolcon.colcon_core.event_handler.log_command[0m [1;30mDEBUG[0m [32mInvoking command in '/home/orangepi/uvg_car/build/oakchina_vio_package': CMAKE_PREFIX_PATH=/opt/ros/humble /usr/bin/cmake /home/orangepi/uvg_car/src/oakchina_vio_package_ros2 -DCMAKE_INSTALL_PREFIX=/home/orangepi/uvg_car/install/oakchina_vio_package[0m
[0.974s] [34mcolcon.colcon_core.task.python.build[0m [1;30mINFO[0m Building Python package in '/home/orangepi/uvg_car/src/wit_ros2_imu'
[0.974s] [34mcolcon.colcon_core.shell[0m [1;30mINFO[0m Skip shell extension 'powershell' for command environment: Not usable outside of PowerShell
[0.974s] [34mcolcon.colcon_core.shell[0m [1;30mDEBUG[0m [32mSkip shell extension 'dsv' for command environment[0m
[0.985s] [34mcolcon.colcon_core.event_handler.log_command[0m [1;30mDEBUG[0m [32mInvoked command in '/home/orangepi/uvg_car/build/fishbot_navigation2' returned '0': CMAKE_PREFIX_PATH=/opt/ros/humble /usr/bin/cmake --build /home/orangepi/uvg_car/build/fishbot_navigation2 -- -j8 -l8[0m
[1.008s] [34mcolcon.colcon_core.event_handler.log_command[0m [1;30mDEBUG[0m [32mInvoking command in '/home/orangepi/uvg_car/build/fishbot_navigation2': CMAKE_PREFIX_PATH=/opt/ros/humble /usr/bin/cmake --install /home/orangepi/uvg_car/build/fishbot_navigation2[0m
[1.012s] [34mcolcon.colcon_core.event_handler.log_command[0m [1;30mDEBUG[0m [32mInvoked command in '/home/orangepi/uvg_car/build/fishbot_cartographer' returned '0': CMAKE_PREFIX_PATH=/opt/ros/humble /usr/bin/cmake --build /home/orangepi/uvg_car/build/fishbot_cartographer -- -j8 -l8[0m
[1.017s] [34mcolcon.colcon_core.event_handler.log_command[0m [1;30mDEBUG[0m [32mInvoking command in '/home/orangepi/uvg_car/build/fishbot_cartographer': CMAKE_PREFIX_PATH=/opt/ros/humble /usr/bin/cmake --install /home/orangepi/uvg_car/build/fishbot_cartographer[0m
[1.045s] [34mcolcon.colcon_core.environment[0m [1;30mLevel 1[0m create_environment_scripts_only(fishbot_navigation2)
[1.047s] [34mcolcon.colcon_core.event_handler.log_command[0m [1;30mDEBUG[0m [32mInvoked command in '/home/orangepi/uvg_car/build/fishbot_navigation2' returned '0': CMAKE_PREFIX_PATH=/opt/ros/humble /usr/bin/cmake --install /home/orangepi/uvg_car/build/fishbot_navigation2[0m
[1.057s] [34mcolcon.colcon_core.environment[0m [1;30mLevel 1[0m checking '/home/orangepi/uvg_car/install/fishbot_navigation2' for CMake module files
[1.061s] [34mcolcon.colcon_core.environment[0m [1;30mLevel 1[0m checking '/home/orangepi/uvg_car/install/fishbot_navigation2' for CMake config files
[1.062s] [34mcolcon.colcon_core.shell[0m [1;30mLevel 1[0m create_environment_hook('fishbot_navigation2', 'cmake_prefix_path')
[1.064s] [34mcolcon.colcon_core.shell[0m [1;30mINFO[0m Creating environment hook '/home/orangepi/uvg_car/install/fishbot_navigation2/share/fishbot_navigation2/hook/cmake_prefix_path.ps1'
[1.066s] [34mcolcon.colcon_core.shell[0m [1;30mINFO[0m Creating environment descriptor '/home/orangepi/uvg_car/install/fishbot_navigation2/share/fishbot_navigation2/hook/cmake_prefix_path.dsv'
[1.068s] [34mcolcon.colcon_core.shell[0m [1;30mINFO[0m Creating environment hook '/home/orangepi/uvg_car/install/fishbot_navigation2/share/fishbot_navigation2/hook/cmake_prefix_path.sh'
[1.070s] [34mcolcon.colcon_core.environment[0m [1;30mLevel 1[0m checking '/home/orangepi/uvg_car/install/fishbot_navigation2/bin'
[1.070s] [34mcolcon.colcon_core.environment[0m [1;30mLevel 1[0m checking '/home/orangepi/uvg_car/install/fishbot_navigation2/lib/pkgconfig/fishbot_navigation2.pc'
[1.071s] [34mcolcon.colcon_core.environment[0m [1;30mLevel 1[0m checking '/home/orangepi/uvg_car/install/fishbot_navigation2/lib/python3.10/site-packages'
[1.071s] [34mcolcon.colcon_core.environment[0m [1;30mLevel 1[0m checking '/home/orangepi/uvg_car/install/fishbot_navigation2/bin'
[1.071s] [34mcolcon.colcon_core.shell[0m [1;30mINFO[0m Creating package script '/home/orangepi/uvg_car/install/fishbot_navigation2/share/fishbot_navigation2/package.ps1'
[1.073s] [34mcolcon.colcon_core.shell[0m [1;30mINFO[0m Creating package descriptor '/home/orangepi/uvg_car/install/fishbot_navigation2/share/fishbot_navigation2/package.dsv'
[1.073s] [34mcolcon.colcon_core.shell[0m [1;30mINFO[0m Creating package script '/home/orangepi/uvg_car/install/fishbot_navigation2/share/fishbot_navigation2/package.sh'
[1.074s] [34mcolcon.colcon_core.shell[0m [1;30mINFO[0m Creating package script '/home/orangepi/uvg_car/install/fishbot_navigation2/share/fishbot_navigation2/package.bash'
[1.075s] [34mcolcon.colcon_core.shell[0m [1;30mINFO[0m Creating package script '/home/orangepi/uvg_car/install/fishbot_navigation2/share/fishbot_navigation2/package.zsh'
[1.076s] [34mcolcon.colcon_core.environment[0m [1;30mLevel 1[0m create_file_with_runtime_dependencies(/home/orangepi/uvg_car/install/fishbot_navigation2/share/colcon-core/packages/fishbot_navigation2)
[1.077s] [34mcolcon.colcon_core.environment[0m [1;30mLevel 1[0m create_environment_scripts_only(fishbot_navigation2)
[1.078s] [34mcolcon.colcon_core.environment[0m [1;30mLevel 1[0m checking '/home/orangepi/uvg_car/install/fishbot_navigation2' for CMake module files
[1.078s] [34mcolcon.colcon_core.environment[0m [1;30mLevel 1[0m checking '/home/orangepi/uvg_car/install/fishbot_navigation2' for CMake config files
[1.078s] [34mcolcon.colcon_core.shell[0m [1;30mLevel 1[0m create_environment_hook('fishbot_navigation2', 'cmake_prefix_path')
[1.079s] [34mcolcon.colcon_core.shell[0m [1;30mINFO[0m Creating environment hook '/home/orangepi/uvg_car/install/fishbot_navigation2/share/fishbot_navigation2/hook/cmake_prefix_path.ps1'
[1.079s] [34mcolcon.colcon_core.shell[0m [1;30mINFO[0m Creating environment descriptor '/home/orangepi/uvg_car/install/fishbot_navigation2/share/fishbot_navigation2/hook/cmake_prefix_path.dsv'
[1.080s] [34mcolcon.colcon_core.shell[0m [1;30mINFO[0m Creating environment hook '/home/orangepi/uvg_car/install/fishbot_navigation2/share/fishbot_navigation2/hook/cmake_prefix_path.sh'
[1.081s] [34mcolcon.colcon_core.environment[0m [1;30mLevel 1[0m checking '/home/orangepi/uvg_car/install/fishbot_navigation2/bin'
[1.081s] [34mcolcon.colcon_core.environment[0m [1;30mLevel 1[0m checking '/home/orangepi/uvg_car/install/fishbot_navigation2/lib/pkgconfig/fishbot_navigation2.pc'
[1.081s] [34mcolcon.colcon_core.environment[0m [1;30mLevel 1[0m checking '/home/orangepi/uvg_car/install/fishbot_navigation2/lib/python3.10/site-packages'
[1.081s] [34mcolcon.colcon_core.environment[0m [1;30mLevel 1[0m checking '/home/orangepi/uvg_car/install/fishbot_navigation2/bin'
[1.082s] [34mcolcon.colcon_core.shell[0m [1;30mINFO[0m Creating package script '/home/orangepi/uvg_car/install/fishbot_navigation2/share/fishbot_navigation2/package.ps1'
[1.084s] [34mcolcon.colcon_core.shell[0m [1;30mINFO[0m Creating package descriptor '/home/orangepi/uvg_car/install/fishbot_navigation2/share/fishbot_navigation2/package.dsv'
[1.084s] [34mcolcon.colcon_core.shell[0m [1;30mINFO[0m Creating package script '/home/orangepi/uvg_car/install/fishbot_navigation2/share/fishbot_navigation2/package.sh'
[1.085s] [34mcolcon.colcon_core.shell[0m [1;30mINFO[0m Creating package script '/home/orangepi/uvg_car/install/fishbot_navigation2/share/fishbot_navigation2/package.bash'
[1.085s] [34mcolcon.colcon_core.shell[0m [1;30mINFO[0m Creating package script '/home/orangepi/uvg_car/install/fishbot_navigation2/share/fishbot_navigation2/package.zsh'
[1.086s] [34mcolcon.colcon_core.environment[0m [1;30mLevel 1[0m create_file_with_runtime_dependencies(/home/orangepi/uvg_car/install/fishbot_navigation2/share/colcon-core/packages/fishbot_navigation2)
[1.086s] [34mcolcon.colcon_core.environment[0m [1;30mLevel 1[0m create_environment_scripts_only(fishbot_cartographer)
[1.087s] [34mcolcon.colcon_core.environment[0m [1;30mLevel 1[0m checking '/home/orangepi/uvg_car/install/fishbot_cartographer' for CMake module files
[1.089s] [34mcolcon.colcon_core.environment[0m [1;30mLevel 1[0m checking '/home/orangepi/uvg_car/install/fishbot_cartographer' for CMake config files
[1.092s] [34mcolcon.colcon_core.event_handler.log_command[0m [1;30mDEBUG[0m [32mInvoked command in '/home/orangepi/uvg_car/build/fishbot_cartographer' returned '0': CMAKE_PREFIX_PATH=/opt/ros/humble /usr/bin/cmake --install /home/orangepi/uvg_car/build/fishbot_cartographer[0m
[1.094s] [34mcolcon.colcon_core.shell[0m [1;30mLevel 1[0m create_environment_hook('fishbot_cartographer', 'cmake_prefix_path')
[1.095s] [34mcolcon.colcon_core.shell[0m [1;30mINFO[0m Creating environment hook '/home/orangepi/uvg_car/install/fishbot_cartographer/share/fishbot_cartographer/hook/cmake_prefix_path.ps1'
[1.098s] [34mcolcon.colcon_core.shell[0m [1;30mINFO[0m Creating environment descriptor '/home/orangepi/uvg_car/install/fishbot_cartographer/share/fishbot_cartographer/hook/cmake_prefix_path.dsv'
[1.100s] [34mcolcon.colcon_core.shell[0m [1;30mINFO[0m Creating environment hook '/home/orangepi/uvg_car/install/fishbot_cartographer/share/fishbot_cartographer/hook/cmake_prefix_path.sh'
[1.101s] [34mcolcon.colcon_core.environment[0m [1;30mLevel 1[0m checking '/home/orangepi/uvg_car/install/fishbot_cartographer/lib'
[1.101s] [34mcolcon.colcon_core.environment[0m [1;30mLevel 1[0m checking '/home/orangepi/uvg_car/install/fishbot_cartographer/bin'
[1.101s] [34mcolcon.colcon_core.environment[0m [1;30mLevel 1[0m checking '/home/orangepi/uvg_car/install/fishbot_cartographer/lib/pkgconfig/fishbot_cartographer.pc'
[1.102s] [34mcolcon.colcon_core.environment[0m [1;30mLevel 1[0m checking '/home/orangepi/uvg_car/install/fishbot_cartographer/lib/python3.10/site-packages'
[1.102s] [34mcolcon.colcon_core.environment[0m [1;30mLevel 1[0m checking '/home/orangepi/uvg_car/install/fishbot_cartographer/bin'
[1.103s] [34mcolcon.colcon_core.shell[0m [1;30mINFO[0m Creating package script '/home/orangepi/uvg_car/install/fishbot_cartographer/share/fishbot_cartographer/package.ps1'
[1.104s] [34mcolcon.colcon_core.shell[0m [1;30mINFO[0m Creating package descriptor '/home/orangepi/uvg_car/install/fishbot_cartographer/share/fishbot_cartographer/package.dsv'
[1.104s] [34mcolcon.colcon_core.shell[0m [1;30mINFO[0m Creating package script '/home/orangepi/uvg_car/install/fishbot_cartographer/share/fishbot_cartographer/package.sh'
[1.105s] [34mcolcon.colcon_core.shell[0m [1;30mINFO[0m Creating package script '/home/orangepi/uvg_car/install/fishbot_cartographer/share/fishbot_cartographer/package.bash'
[1.106s] [34mcolcon.colcon_core.shell[0m [1;30mINFO[0m Creating package script '/home/orangepi/uvg_car/install/fishbot_cartographer/share/fishbot_cartographer/package.zsh'
[1.106s] [34mcolcon.colcon_core.environment[0m [1;30mLevel 1[0m create_file_with_runtime_dependencies(/home/orangepi/uvg_car/install/fishbot_cartographer/share/colcon-core/packages/fishbot_cartographer)
[1.107s] [34mcolcon.colcon_core.environment[0m [1;30mLevel 1[0m create_environment_scripts_only(fishbot_cartographer)
[1.107s] [34mcolcon.colcon_core.environment[0m [1;30mLevel 1[0m checking '/home/orangepi/uvg_car/install/fishbot_cartographer' for CMake module files
[1.108s] [34mcolcon.colcon_core.environment[0m [1;30mLevel 1[0m checking '/home/orangepi/uvg_car/install/fishbot_cartographer' for CMake config files
[1.108s] [34mcolcon.colcon_core.shell[0m [1;30mLevel 1[0m create_environment_hook('fishbot_cartographer', 'cmake_prefix_path')
[1.109s] [34mcolcon.colcon_core.shell[0m [1;30mINFO[0m Creating environment hook '/home/orangepi/uvg_car/install/fishbot_cartographer/share/fishbot_cartographer/hook/cmake_prefix_path.ps1'
[1.110s] [34mcolcon.colcon_core.shell[0m [1;30mINFO[0m Creating environment descriptor '/home/orangepi/uvg_car/install/fishbot_cartographer/share/fishbot_cartographer/hook/cmake_prefix_path.dsv'
[1.111s] [34mcolcon.colcon_core.shell[0m [1;30mINFO[0m Creating environment hook '/home/orangepi/uvg_car/install/fishbot_cartographer/share/fishbot_cartographer/hook/cmake_prefix_path.sh'
[1.112s] [34mcolcon.colcon_core.environment[0m [1;30mLevel 1[0m checking '/home/orangepi/uvg_car/install/fishbot_cartographer/lib'
[1.113s] [34mcolcon.colcon_core.environment[0m [1;30mLevel 1[0m checking '/home/orangepi/uvg_car/install/fishbot_cartographer/bin'
[1.113s] [34mcolcon.colcon_core.environment[0m [1;30mLevel 1[0m checking '/home/orangepi/uvg_car/install/fishbot_cartographer/lib/pkgconfig/fishbot_cartographer.pc'
[1.113s] [34mcolcon.colcon_core.environment[0m [1;30mLevel 1[0m checking '/home/orangepi/uvg_car/install/fishbot_cartographer/lib/python3.10/site-packages'
[1.113s] [34mcolcon.colcon_core.environment[0m [1;30mLevel 1[0m checking '/home/orangepi/uvg_car/install/fishbot_cartographer/bin'
[1.114s] [34mcolcon.colcon_core.shell[0m [1;30mINFO[0m Creating package script '/home/orangepi/uvg_car/install/fishbot_cartographer/share/fishbot_cartographer/package.ps1'
[1.115s] [34mcolcon.colcon_core.shell[0m [1;30mINFO[0m Creating package descriptor '/home/orangepi/uvg_car/install/fishbot_cartographer/share/fishbot_cartographer/package.dsv'
[1.115s] [34mcolcon.colcon_core.shell[0m [1;30mINFO[0m Creating package script '/home/orangepi/uvg_car/install/fishbot_cartographer/share/fishbot_cartographer/package.sh'
[1.116s] [34mcolcon.colcon_core.shell[0m [1;30mINFO[0m Creating package script '/home/orangepi/uvg_car/install/fishbot_cartographer/share/fishbot_cartographer/package.bash'
[1.117s] [34mcolcon.colcon_core.shell[0m [1;30mINFO[0m Creating package script '/home/orangepi/uvg_car/install/fishbot_cartographer/share/fishbot_cartographer/package.zsh'
[1.117s] [34mcolcon.colcon_core.environment[0m [1;30mLevel 1[0m create_file_with_runtime_dependencies(/home/orangepi/uvg_car/install/fishbot_cartographer/share/colcon-core/packages/fishbot_cartographer)
[1.212s] [34mcolcon.colcon_core.event_handler.log_command[0m [1;30mDEBUG[0m [32mInvoked command in '/home/orangepi/uvg_car/build/lslidar_msgs' returned '0': CMAKE_PREFIX_PATH=/opt/ros/humble /usr/bin/cmake --build /home/orangepi/uvg_car/build/lslidar_msgs -- -j8 -l8[0m
[1.216s] [34mcolcon.colcon_core.event_handler.log_command[0m [1;30mDEBUG[0m [32mInvoking command in '/home/orangepi/uvg_car/build/lslidar_msgs': CMAKE_PREFIX_PATH=/opt/ros/humble /usr/bin/cmake --install /home/orangepi/uvg_car/build/lslidar_msgs[0m
[1.362s] [34mcolcon.colcon_core.environment[0m [1;30mLevel 1[0m create_environment_scripts_only(lslidar_msgs)
[1.364s] [34mcolcon.colcon_core.environment[0m [1;30mLevel 1[0m checking '/home/orangepi/uvg_car/install/lslidar_msgs' for CMake module files
[1.366s] [34mcolcon.colcon_core.event_handler.log_command[0m [1;30mDEBUG[0m [32mInvoked command in '/home/orangepi/uvg_car/build/lslidar_msgs' returned '0': CMAKE_PREFIX_PATH=/opt/ros/humble /usr/bin/cmake --install /home/orangepi/uvg_car/build/lslidar_msgs[0m
[1.369s] [34mcolcon.colcon_core.environment[0m [1;30mLevel 1[0m checking '/home/orangepi/uvg_car/install/lslidar_msgs' for CMake config files
[1.370s] [34mcolcon.colcon_core.shell[0m [1;30mLevel 1[0m create_environment_hook('lslidar_msgs', 'cmake_prefix_path')
[1.372s] [34mcolcon.colcon_core.shell[0m [1;30mINFO[0m Creating environment hook '/home/orangepi/uvg_car/install/lslidar_msgs/share/lslidar_msgs/hook/cmake_prefix_path.ps1'
[1.376s] [34mcolcon.colcon_core.shell[0m [1;30mINFO[0m Creating environment descriptor '/home/orangepi/uvg_car/install/lslidar_msgs/share/lslidar_msgs/hook/cmake_prefix_path.dsv'
[1.378s] [34mcolcon.colcon_core.shell[0m [1;30mINFO[0m Creating environment hook '/home/orangepi/uvg_car/install/lslidar_msgs/share/lslidar_msgs/hook/cmake_prefix_path.sh'
[1.383s] [34mcolcon.colcon_core.environment[0m [1;30mLevel 1[0m checking '/home/orangepi/uvg_car/install/lslidar_msgs/lib'
[1.383s] [34mcolcon.colcon_core.shell[0m [1;30mLevel 1[0m create_environment_hook('lslidar_msgs', 'ld_library_path_lib')
[1.385s] [34mcolcon.colcon_core.shell[0m [1;30mINFO[0m Creating environment hook '/home/orangepi/uvg_car/install/lslidar_msgs/share/lslidar_msgs/hook/ld_library_path_lib.ps1'
[1.388s] [34mcolcon.colcon_core.shell[0m [1;30mINFO[0m Creating environment descriptor '/home/orangepi/uvg_car/install/lslidar_msgs/share/lslidar_msgs/hook/ld_library_path_lib.dsv'
[1.391s] [34mcolcon.colcon_core.shell[0m [1;30mINFO[0m Creating environment hook '/home/orangepi/uvg_car/install/lslidar_msgs/share/lslidar_msgs/hook/ld_library_path_lib.sh'
[1.393s] [34mcolcon.colcon_core.environment[0m [1;30mLevel 1[0m checking '/home/orangepi/uvg_car/install/lslidar_msgs/bin'
[1.394s] [34mcolcon.colcon_core.environment[0m [1;30mLevel 1[0m checking '/home/orangepi/uvg_car/install/lslidar_msgs/lib/pkgconfig/lslidar_msgs.pc'
[1.395s] [34mcolcon.colcon_core.environment[0m [1;30mLevel 1[0m checking '/home/orangepi/uvg_car/install/lslidar_msgs/lib/python3.10/site-packages'
[1.397s] [34mcolcon.colcon_core.environment[0m [1;30mLevel 1[0m checking '/home/orangepi/uvg_car/install/lslidar_msgs/bin'
[1.399s] [34mcolcon.colcon_core.shell[0m [1;30mINFO[0m Creating package script '/home/orangepi/uvg_car/install/lslidar_msgs/share/lslidar_msgs/package.ps1'
[1.403s] [34mcolcon.colcon_core.shell[0m [1;30mINFO[0m Creating package descriptor '/home/orangepi/uvg_car/install/lslidar_msgs/share/lslidar_msgs/package.dsv'
[1.405s] [34mcolcon.colcon_core.shell[0m [1;30mINFO[0m Creating package script '/home/orangepi/uvg_car/install/lslidar_msgs/share/lslidar_msgs/package.sh'
[1.408s] [34mcolcon.colcon_core.shell[0m [1;30mINFO[0m Creating package script '/home/orangepi/uvg_car/install/lslidar_msgs/share/lslidar_msgs/package.bash'
[1.410s] [34mcolcon.colcon_core.shell[0m [1;30mINFO[0m Creating package script '/home/orangepi/uvg_car/install/lslidar_msgs/share/lslidar_msgs/package.zsh'
[1.412s] [34mcolcon.colcon_core.environment[0m [1;30mLevel 1[0m create_file_with_runtime_dependencies(/home/orangepi/uvg_car/install/lslidar_msgs/share/colcon-core/packages/lslidar_msgs)
[1.416s] [34mcolcon.colcon_core.environment[0m [1;30mLevel 1[0m create_environment_scripts_only(lslidar_msgs)
[1.418s] [34mcolcon.colcon_core.environment[0m [1;30mLevel 1[0m checking '/home/orangepi/uvg_car/install/lslidar_msgs' for CMake module files
[1.422s] [34mcolcon.colcon_core.environment[0m [1;30mLevel 1[0m checking '/home/orangepi/uvg_car/install/lslidar_msgs' for CMake config files
[1.423s] [34mcolcon.colcon_core.shell[0m [1;30mLevel 1[0m create_environment_hook('lslidar_msgs', 'cmake_prefix_path')
[1.424s] [34mcolcon.colcon_core.shell[0m [1;30mINFO[0m Creating environment hook '/home/orangepi/uvg_car/install/lslidar_msgs/share/lslidar_msgs/hook/cmake_prefix_path.ps1'
[1.425s] [34mcolcon.colcon_core.shell[0m [1;30mINFO[0m Creating environment descriptor '/home/orangepi/uvg_car/install/lslidar_msgs/share/lslidar_msgs/hook/cmake_prefix_path.dsv'
[1.426s] [34mcolcon.colcon_core.shell[0m [1;30mINFO[0m Creating environment hook '/home/orangepi/uvg_car/install/lslidar_msgs/share/lslidar_msgs/hook/cmake_prefix_path.sh'
[1.427s] [34mcolcon.colcon_core.environment[0m [1;30mLevel 1[0m checking '/home/orangepi/uvg_car/install/lslidar_msgs/lib'
[1.427s] [34mcolcon.colcon_core.shell[0m [1;30mLevel 1[0m create_environment_hook('lslidar_msgs', 'ld_library_path_lib')
[1.428s] [34mcolcon.colcon_core.shell[0m [1;30mINFO[0m Creating environment hook '/home/orangepi/uvg_car/install/lslidar_msgs/share/lslidar_msgs/hook/ld_library_path_lib.ps1'
[1.428s] [34mcolcon.colcon_core.shell[0m [1;30mINFO[0m Creating environment descriptor '/home/orangepi/uvg_car/install/lslidar_msgs/share/lslidar_msgs/hook/ld_library_path_lib.dsv'
[1.429s] [34mcolcon.colcon_core.shell[0m [1;30mINFO[0m Creating environment hook '/home/orangepi/uvg_car/install/lslidar_msgs/share/lslidar_msgs/hook/ld_library_path_lib.sh'
[1.430s] [34mcolcon.colcon_core.environment[0m [1;30mLevel 1[0m checking '/home/orangepi/uvg_car/install/lslidar_msgs/bin'
[1.430s] [34mcolcon.colcon_core.environment[0m [1;30mLevel 1[0m checking '/home/orangepi/uvg_car/install/lslidar_msgs/lib/pkgconfig/lslidar_msgs.pc'
[1.431s] [34mcolcon.colcon_core.environment[0m [1;30mLevel 1[0m checking '/home/orangepi/uvg_car/install/lslidar_msgs/lib/python3.10/site-packages'
[1.431s] [34mcolcon.colcon_core.environment[0m [1;30mLevel 1[0m checking '/home/orangepi/uvg_car/install/lslidar_msgs/bin'
[1.432s] [34mcolcon.colcon_core.shell[0m [1;30mINFO[0m Creating package script '/home/orangepi/uvg_car/install/lslidar_msgs/share/lslidar_msgs/package.ps1'
[1.434s] [34mcolcon.colcon_core.shell[0m [1;30mINFO[0m Creating package descriptor '/home/orangepi/uvg_car/install/lslidar_msgs/share/lslidar_msgs/package.dsv'
[1.436s] [34mcolcon.colcon_core.shell[0m [1;30mINFO[0m Creating package script '/home/orangepi/uvg_car/install/lslidar_msgs/share/lslidar_msgs/package.sh'
[1.441s] [34mcolcon.colcon_core.shell[0m [1;30mINFO[0m Creating package script '/home/orangepi/uvg_car/install/lslidar_msgs/share/lslidar_msgs/package.bash'
[1.446s] [34mcolcon.colcon_core.shell[0m [1;30mINFO[0m Creating package script '/home/orangepi/uvg_car/install/lslidar_msgs/share/lslidar_msgs/package.zsh'
[1.447s] [34mcolcon.colcon_core.environment[0m [1;30mLevel 1[0m create_file_with_runtime_dependencies(/home/orangepi/uvg_car/install/lslidar_msgs/share/colcon-core/packages/lslidar_msgs)
[1.448s] [34mcolcon.colcon_ros.task.ament_cmake.build[0m [1;30mINFO[0m Building ROS package in '/home/orangepi/uvg_car/src/LSLIDAR_X_ROS2-20240228/src/lslidar_driver' with build type 'ament_cmake'
[1.448s] [34mcolcon.colcon_cmake.task.cmake.build[0m [1;30mINFO[0m Building CMake package in '/home/orangepi/uvg_car/src/LSLIDAR_X_ROS2-20240228/src/lslidar_driver'
[1.449s] [34mcolcon.colcon_core.shell[0m [1;30mINFO[0m Skip shell extension 'powershell' for command environment: Not usable outside of PowerShell
[1.449s] [34mcolcon.colcon_core.shell[0m [1;30mDEBUG[0m [32mSkip shell extension 'dsv' for command environment[0m
[1.475s] [34mcolcon.colcon_core.event_handler.log_command[0m [1;30mDEBUG[0m [32mInvoking command in '/home/orangepi/uvg_car/build/lslidar_driver': AMENT_PREFIX_PATH=/home/orangepi/uvg_car/install/lslidar_msgs:${AMENT_PREFIX_PATH} CMAKE_PREFIX_PATH=/home/orangepi/uvg_car/install/lslidar_msgs:/opt/ros/humble LD_LIBRARY_PATH=/home/orangepi/uvg_car/install/lslidar_msgs/lib:${LD_LIBRARY_PATH} PYTHONPATH=/home/orangepi/uvg_car/install/lslidar_msgs/local/lib/python3.10/dist-packages:${PYTHONPATH} /usr/bin/cmake --build /home/orangepi/uvg_car/build/lslidar_driver -- -j8 -l8[0m
[1.543s] [34mcolcon.colcon_core.event_handler.log_command[0m [1;30mDEBUG[0m [32mInvoking command in '/home/orangepi/uvg_car/src/wit_ros2_imu': PYTHONPATH=/home/orangepi/uvg_car/build/wit_ros2_imu/prefix_override:/usr/lib/python3/dist-packages/colcon_core/task/python/colcon_distutils_commands:/home/orangepi/uvg_car/install/wit_ros2_imu/lib/python3.10/site-packages:${PYTHONPATH} /usr/bin/python3 -W ignore:setup.py install is deprecated -W ignore:easy_install command is deprecated setup.py egg_info --egg-base ../../build/wit_ros2_imu build --build-base /home/orangepi/uvg_car/build/wit_ros2_imu/build install --record /home/orangepi/uvg_car/build/wit_ros2_imu/install.log --install-scripts $base/lib/wit_ros2_imu --single-version-externally-managed install_data[0m
[1.731s] [34mcolcon.colcon_core.event_handler.log_command[0m [1;30mDEBUG[0m [32mInvoked command in '/home/orangepi/uvg_car/build/lslidar_driver' returned '0': AMENT_PREFIX_PATH=/home/orangepi/uvg_car/install/lslidar_msgs:${AMENT_PREFIX_PATH} CMAKE_PREFIX_PATH=/home/orangepi/uvg_car/install/lslidar_msgs:/opt/ros/humble LD_LIBRARY_PATH=/home/orangepi/uvg_car/install/lslidar_msgs/lib:${LD_LIBRARY_PATH} PYTHONPATH=/home/orangepi/uvg_car/install/lslidar_msgs/local/lib/python3.10/dist-packages:${PYTHONPATH} /usr/bin/cmake --build /home/orangepi/uvg_car/build/lslidar_driver -- -j8 -l8[0m
[1.735s] [34mcolcon.colcon_core.event_handler.log_command[0m [1;30mDEBUG[0m [32mInvoking command in '/home/orangepi/uvg_car/build/lslidar_driver': AMENT_PREFIX_PATH=/home/orangepi/uvg_car/install/lslidar_msgs:${AMENT_PREFIX_PATH} CMAKE_PREFIX_PATH=/home/orangepi/uvg_car/install/lslidar_msgs:/opt/ros/humble LD_LIBRARY_PATH=/home/orangepi/uvg_car/install/lslidar_msgs/lib:${LD_LIBRARY_PATH} PYTHONPATH=/home/orangepi/uvg_car/install/lslidar_msgs/local/lib/python3.10/dist-packages:${PYTHONPATH} /usr/bin/cmake --install /home/orangepi/uvg_car/build/lslidar_driver[0m
[1.768s] [34mcolcon.colcon_core.environment[0m [1;30mLevel 1[0m create_environment_scripts_only(lslidar_driver)
[1.770s] [34mcolcon.colcon_core.environment[0m [1;30mLevel 1[0m checking '/home/orangepi/uvg_car/install/lslidar_driver' for CMake module files
[1.777s] [34mcolcon.colcon_core.environment[0m [1;30mLevel 1[0m checking '/home/orangepi/uvg_car/install/lslidar_driver' for CMake config files
[1.781s] [34mcolcon.colcon_core.shell[0m [1;30mLevel 1[0m create_environment_hook('lslidar_driver', 'cmake_prefix_path')
[1.783s] [34mcolcon.colcon_core.shell[0m [1;30mINFO[0m Creating environment hook '/home/orangepi/uvg_car/install/lslidar_driver/share/lslidar_driver/hook/cmake_prefix_path.ps1'
[1.786s] [34mcolcon.colcon_core.shell[0m [1;30mINFO[0m Creating environment descriptor '/home/orangepi/uvg_car/install/lslidar_driver/share/lslidar_driver/hook/cmake_prefix_path.dsv'
[1.789s] [34mcolcon.colcon_core.shell[0m [1;30mINFO[0m Creating environment hook '/home/orangepi/uvg_car/install/lslidar_driver/share/lslidar_driver/hook/cmake_prefix_path.sh'
[1.792s] [34mcolcon.colcon_core.environment[0m [1;30mLevel 1[0m checking '/home/orangepi/uvg_car/install/lslidar_driver/lib'
[1.793s] [34mcolcon.colcon_core.environment[0m [1;30mLevel 1[0m checking '/home/orangepi/uvg_car/install/lslidar_driver/bin'
[1.793s] [34mcolcon.colcon_core.environment[0m [1;30mLevel 1[0m checking '/home/orangepi/uvg_car/install/lslidar_driver/lib/pkgconfig/lslidar_driver.pc'
[1.793s] [34mcolcon.colcon_core.environment[0m [1;30mLevel 1[0m checking '/home/orangepi/uvg_car/install/lslidar_driver/lib/python3.10/site-packages'
[1.794s] [34mcolcon.colcon_core.environment[0m [1;30mLevel 1[0m checking '/home/orangepi/uvg_car/install/lslidar_driver/bin'
[1.794s] [34mcolcon.colcon_core.shell[0m [1;30mINFO[0m Creating package script '/home/orangepi/uvg_car/install/lslidar_driver/share/lslidar_driver/package.ps1'
[1.796s] [34mcolcon.colcon_core.event_handler.log_command[0m [1;30mDEBUG[0m [32mInvoked command in '/home/orangepi/uvg_car/build/lslidar_driver' returned '0': AMENT_PREFIX_PATH=/home/orangepi/uvg_car/install/lslidar_msgs:${AMENT_PREFIX_PATH} CMAKE_PREFIX_PATH=/home/orangepi/uvg_car/install/lslidar_msgs:/opt/ros/humble LD_LIBRARY_PATH=/home/orangepi/uvg_car/install/lslidar_msgs/lib:${LD_LIBRARY_PATH} PYTHONPATH=/home/orangepi/uvg_car/install/lslidar_msgs/local/lib/python3.10/dist-packages:${PYTHONPATH} /usr/bin/cmake --install /home/orangepi/uvg_car/build/lslidar_driver[0m
[1.797s] [34mcolcon.colcon_core.shell[0m [1;30mINFO[0m Creating package descriptor '/home/orangepi/uvg_car/install/lslidar_driver/share/lslidar_driver/package.dsv'
[1.798s] [34mcolcon.colcon_core.shell[0m [1;30mINFO[0m Creating package script '/home/orangepi/uvg_car/install/lslidar_driver/share/lslidar_driver/package.sh'
[1.799s] [34mcolcon.colcon_core.shell[0m [1;30mINFO[0m Creating package script '/home/orangepi/uvg_car/install/lslidar_driver/share/lslidar_driver/package.bash'
[1.799s] [34mcolcon.colcon_core.shell[0m [1;30mINFO[0m Creating package script '/home/orangepi/uvg_car/install/lslidar_driver/share/lslidar_driver/package.zsh'
[1.800s] [34mcolcon.colcon_core.environment[0m [1;30mLevel 1[0m create_file_with_runtime_dependencies(/home/orangepi/uvg_car/install/lslidar_driver/share/colcon-core/packages/lslidar_driver)
[1.801s] [34mcolcon.colcon_core.environment[0m [1;30mLevel 1[0m create_environment_scripts_only(lslidar_driver)
[1.801s] [34mcolcon.colcon_core.environment[0m [1;30mLevel 1[0m checking '/home/orangepi/uvg_car/install/lslidar_driver' for CMake module files
[1.802s] [34mcolcon.colcon_core.environment[0m [1;30mLevel 1[0m checking '/home/orangepi/uvg_car/install/lslidar_driver' for CMake config files
[1.802s] [34mcolcon.colcon_core.shell[0m [1;30mLevel 1[0m create_environment_hook('lslidar_driver', 'cmake_prefix_path')
[1.802s] [34mcolcon.colcon_core.shell[0m [1;30mINFO[0m Creating environment hook '/home/orangepi/uvg_car/install/lslidar_driver/share/lslidar_driver/hook/cmake_prefix_path.ps1'
[1.803s] [34mcolcon.colcon_core.shell[0m [1;30mINFO[0m Creating environment descriptor '/home/orangepi/uvg_car/install/lslidar_driver/share/lslidar_driver/hook/cmake_prefix_path.dsv'
[1.803s] [34mcolcon.colcon_core.shell[0m [1;30mINFO[0m Creating environment hook '/home/orangepi/uvg_car/install/lslidar_driver/share/lslidar_driver/hook/cmake_prefix_path.sh'
[1.804s] [34mcolcon.colcon_core.environment[0m [1;30mLevel 1[0m checking '/home/orangepi/uvg_car/install/lslidar_driver/lib'
[1.804s] [34mcolcon.colcon_core.environment[0m [1;30mLevel 1[0m checking '/home/orangepi/uvg_car/install/lslidar_driver/bin'
[1.804s] [34mcolcon.colcon_core.environment[0m [1;30mLevel 1[0m checking '/home/orangepi/uvg_car/install/lslidar_driver/lib/pkgconfig/lslidar_driver.pc'
[1.804s] [34mcolcon.colcon_core.environment[0m [1;30mLevel 1[0m checking '/home/orangepi/uvg_car/install/lslidar_driver/lib/python3.10/site-packages'
[1.805s] [34mcolcon.colcon_core.environment[0m [1;30mLevel 1[0m checking '/home/orangepi/uvg_car/install/lslidar_driver/bin'
[1.805s] [34mcolcon.colcon_core.shell[0m [1;30mINFO[0m Creating package script '/home/orangepi/uvg_car/install/lslidar_driver/share/lslidar_driver/package.ps1'
[1.806s] [34mcolcon.colcon_core.shell[0m [1;30mINFO[0m Creating package descriptor '/home/orangepi/uvg_car/install/lslidar_driver/share/lslidar_driver/package.dsv'
[1.806s] [34mcolcon.colcon_core.shell[0m [1;30mINFO[0m Creating package script '/home/orangepi/uvg_car/install/lslidar_driver/share/lslidar_driver/package.sh'
[1.807s] [34mcolcon.colcon_core.shell[0m [1;30mINFO[0m Creating package script '/home/orangepi/uvg_car/install/lslidar_driver/share/lslidar_driver/package.bash'
[1.807s] [34mcolcon.colcon_core.shell[0m [1;30mINFO[0m Creating package script '/home/orangepi/uvg_car/install/lslidar_driver/share/lslidar_driver/package.zsh'
[1.808s] [34mcolcon.colcon_core.environment[0m [1;30mLevel 1[0m create_file_with_runtime_dependencies(/home/orangepi/uvg_car/install/lslidar_driver/share/colcon-core/packages/lslidar_driver)
[2.017s] [34mcolcon.colcon_core.environment[0m [1;30mLevel 1[0m checking '/home/orangepi/uvg_car/install/wit_ros2_imu' for CMake module files
[2.019s] [34mcolcon.colcon_core.event_handler.log_command[0m [1;30mDEBUG[0m [32mInvoked command in '/home/orangepi/uvg_car/src/wit_ros2_imu' returned '0': PYTHONPATH=/home/orangepi/uvg_car/build/wit_ros2_imu/prefix_override:/usr/lib/python3/dist-packages/colcon_core/task/python/colcon_distutils_commands:/home/orangepi/uvg_car/install/wit_ros2_imu/lib/python3.10/site-packages:${PYTHONPATH} /usr/bin/python3 -W ignore:setup.py install is deprecated -W ignore:easy_install command is deprecated setup.py egg_info --egg-base ../../build/wit_ros2_imu build --build-base /home/orangepi/uvg_car/build/wit_ros2_imu/build install --record /home/orangepi/uvg_car/build/wit_ros2_imu/install.log --install-scripts $base/lib/wit_ros2_imu --single-version-externally-managed install_data[0m
[2.020s] [34mcolcon.colcon_core.environment[0m [1;30mLevel 1[0m checking '/home/orangepi/uvg_car/install/wit_ros2_imu' for CMake config files
[2.020s] [34mcolcon.colcon_core.environment[0m [1;30mLevel 1[0m checking '/home/orangepi/uvg_car/install/wit_ros2_imu/lib'
[2.021s] [34mcolcon.colcon_core.environment[0m [1;30mLevel 1[0m checking '/home/orangepi/uvg_car/install/wit_ros2_imu/bin'
[2.021s] [34mcolcon.colcon_core.environment[0m [1;30mLevel 1[0m checking '/home/orangepi/uvg_car/install/wit_ros2_imu/lib/pkgconfig/wit_ros2_imu.pc'
[2.021s] [34mcolcon.colcon_core.environment[0m [1;30mLevel 1[0m checking '/home/orangepi/uvg_car/install/wit_ros2_imu/lib/python3.10/site-packages'
[2.021s] [34mcolcon.colcon_core.shell[0m [1;30mLevel 1[0m create_environment_hook('wit_ros2_imu', 'pythonpath')
[2.022s] [34mcolcon.colcon_core.shell[0m [1;30mINFO[0m Creating environment hook '/home/orangepi/uvg_car/install/wit_ros2_imu/share/wit_ros2_imu/hook/pythonpath.ps1'
[2.022s] [34mcolcon.colcon_core.shell[0m [1;30mINFO[0m Creating environment descriptor '/home/orangepi/uvg_car/install/wit_ros2_imu/share/wit_ros2_imu/hook/pythonpath.dsv'
[2.023s] [34mcolcon.colcon_core.shell[0m [1;30mINFO[0m Creating environment hook '/home/orangepi/uvg_car/install/wit_ros2_imu/share/wit_ros2_imu/hook/pythonpath.sh'
[2.024s] [34mcolcon.colcon_core.environment[0m [1;30mLevel 1[0m checking '/home/orangepi/uvg_car/install/wit_ros2_imu/bin'
[2.024s] [34mcolcon.colcon_core.environment[0m [1;30mLevel 1[0m create_environment_scripts_only(wit_ros2_imu)
[2.024s] [34mcolcon.colcon_core.shell[0m [1;30mINFO[0m Creating package script '/home/orangepi/uvg_car/install/wit_ros2_imu/share/wit_ros2_imu/package.ps1'
[2.025s] [34mcolcon.colcon_core.shell[0m [1;30mINFO[0m Creating package descriptor '/home/orangepi/uvg_car/install/wit_ros2_imu/share/wit_ros2_imu/package.dsv'
[2.026s] [34mcolcon.colcon_core.shell[0m [1;30mINFO[0m Creating package script '/home/orangepi/uvg_car/install/wit_ros2_imu/share/wit_ros2_imu/package.sh'
[2.026s] [34mcolcon.colcon_core.shell[0m [1;30mINFO[0m Creating package script '/home/orangepi/uvg_car/install/wit_ros2_imu/share/wit_ros2_imu/package.bash'
[2.027s] [34mcolcon.colcon_core.shell[0m [1;30mINFO[0m Creating package script '/home/orangepi/uvg_car/install/wit_ros2_imu/share/wit_ros2_imu/package.zsh'
[2.027s] [34mcolcon.colcon_core.environment[0m [1;30mLevel 1[0m create_file_with_runtime_dependencies(/home/orangepi/uvg_car/install/wit_ros2_imu/share/colcon-core/packages/wit_ros2_imu)
[3.363s] [34mcolcon.colcon_core.event_handler.log_command[0m [1;30mDEBUG[0m [32mInvoked command in '/home/orangepi/uvg_car/build/oakchina_vio_package' returned '0': CMAKE_PREFIX_PATH=/opt/ros/humble /usr/bin/cmake /home/orangepi/uvg_car/src/oakchina_vio_package_ros2 -DCMAKE_INSTALL_PREFIX=/home/orangepi/uvg_car/install/oakchina_vio_package[0m
[3.366s] [34mcolcon.colcon_core.event_handler.log_command[0m [1;30mDEBUG[0m [32mInvoking command in '/home/orangepi/uvg_car/build/oakchina_vio_package': CMAKE_PREFIX_PATH=/opt/ros/humble /usr/bin/cmake --build /home/orangepi/uvg_car/build/oakchina_vio_package -- -j8 -l8[0m
[16.986s] [34mcolcon.colcon_core.environment[0m [1;30mLevel 1[0m create_environment_scripts_only(oakchina_vio_package)
[16.986s] [34mcolcon.colcon_core.environment[0m [1;30mLevel 1[0m checking '/home/orangepi/uvg_car/install/oakchina_vio_package' for CMake module files
[16.987s] [34mcolcon.colcon_core.event_handler.log_command[0m [1;30mDEBUG[0m [32mInvoked command in '/home/orangepi/uvg_car/build/oakchina_vio_package' returned '2': CMAKE_PREFIX_PATH=/opt/ros/humble /usr/bin/cmake --build /home/orangepi/uvg_car/build/oakchina_vio_package -- -j8 -l8[0m
[16.988s] [34mcolcon.colcon_core.environment[0m [1;30mLevel 1[0m checking '/home/orangepi/uvg_car/install/oakchina_vio_package' for CMake config files
[16.988s] [34mcolcon.colcon_core.environment[0m [1;30mLevel 1[0m checking '/home/orangepi/uvg_car/install/oakchina_vio_package/bin'
[16.989s] [34mcolcon.colcon_core.environment[0m [1;30mLevel 1[0m checking '/home/orangepi/uvg_car/install/oakchina_vio_package/lib/pkgconfig/oakchina_vio_package.pc'
[16.989s] [34mcolcon.colcon_core.environment[0m [1;30mLevel 1[0m checking '/home/orangepi/uvg_car/install/oakchina_vio_package/lib/python3.10/site-packages'
[16.989s] [34mcolcon.colcon_core.environment[0m [1;30mLevel 1[0m checking '/home/orangepi/uvg_car/install/oakchina_vio_package/bin'
[16.990s] [34mcolcon.colcon_core.shell[0m [1;30mINFO[0m Creating package script '/home/orangepi/uvg_car/install/oakchina_vio_package/share/oakchina_vio_package/package.ps1'
[16.991s] [34mcolcon.colcon_core.shell[0m [1;30mINFO[0m Creating package descriptor '/home/orangepi/uvg_car/install/oakchina_vio_package/share/oakchina_vio_package/package.dsv'
[16.991s] [34mcolcon.colcon_core.shell[0m [1;30mINFO[0m Creating package script '/home/orangepi/uvg_car/install/oakchina_vio_package/share/oakchina_vio_package/package.sh'
[16.992s] [34mcolcon.colcon_core.shell[0m [1;30mINFO[0m Creating package script '/home/orangepi/uvg_car/install/oakchina_vio_package/share/oakchina_vio_package/package.bash'
[16.992s] [34mcolcon.colcon_core.shell[0m [1;30mINFO[0m Creating package script '/home/orangepi/uvg_car/install/oakchina_vio_package/share/oakchina_vio_package/package.zsh'
[16.993s] [34mcolcon.colcon_core.environment[0m [1;30mLevel 1[0m create_file_with_runtime_dependencies(/home/orangepi/uvg_car/install/oakchina_vio_package/share/colcon-core/packages/oakchina_vio_package)
[17.004s] [34mcolcon.colcon_parallel_executor.executor.parallel[0m [1;30mDEBUG[0m [32mclosing loop[0m
[17.004s] [34mcolcon.colcon_parallel_executor.executor.parallel[0m [1;30mDEBUG[0m [32mloop closed[0m
[17.005s] [34mcolcon.colcon_parallel_executor.executor.parallel[0m [1;30mDEBUG[0m [32mrun_until_complete finished with '2'[0m
[17.005s] [34mcolcon.colcon_core.event_reactor[0m [1;30mDEBUG[0m [32mjoining thread[0m
[17.028s] [34mcolcon.colcon_core.plugin_system[0m [1;30mINFO[0m Skipping extension 'colcon_notification.desktop_notification.terminal_notifier': Not used on non-Darwin systems
[17.028s] [34mcolcon.colcon_core.plugin_system[0m [1;30mINFO[0m Skipping extension 'colcon_notification.desktop_notification.win32': Not used on non-Windows systems
[17.028s] [34mcolcon.colcon_notification.desktop_notification[0m [1;30mINFO[0m Sending desktop notification using 'notify2'
[17.047s] [34mcolcon.colcon_core.event_reactor[0m [1;30mDEBUG[0m [32mjoined thread[0m
[17.048s] [34mcolcon.colcon_core.shell[0m [1;30mINFO[0m Creating prefix script '/home/orangepi/uvg_car/install/local_setup.ps1'
[17.053s] [34mcolcon.colcon_core.shell[0m [1;30mINFO[0m Creating prefix util module '/home/orangepi/uvg_car/install/_local_setup_util_ps1.py'
[17.060s] [34mcolcon.colcon_core.shell[0m [1;30mINFO[0m Creating prefix chain script '/home/orangepi/uvg_car/install/setup.ps1'
[17.062s] [34mcolcon.colcon_core.shell[0m [1;30mINFO[0m Creating prefix script '/home/orangepi/uvg_car/install/local_setup.sh'
[17.063s] [34mcolcon.colcon_core.shell[0m [1;30mINFO[0m Creating prefix util module '/home/orangepi/uvg_car/install/_local_setup_util_sh.py'
[17.064s] [34mcolcon.colcon_core.shell[0m [1;30mINFO[0m Creating prefix chain script '/home/orangepi/uvg_car/install/setup.sh'
[17.066s] [34mcolcon.colcon_core.shell[0m [1;30mINFO[0m Creating prefix script '/home/orangepi/uvg_car/install/local_setup.bash'
[17.066s] [34mcolcon.colcon_core.shell[0m [1;30mINFO[0m Creating prefix chain script '/home/orangepi/uvg_car/install/setup.bash'
[17.068s] [34mcolcon.colcon_core.shell[0m [1;30mINFO[0m Creating prefix script '/home/orangepi/uvg_car/install/local_setup.zsh'
[17.068s] [34mcolcon.colcon_core.shell[0m [1;30mINFO[0m Creating prefix chain script '/home/orangepi/uvg_car/install/setup.zsh'
