[0.165s] [34mcolcon[0m [1;30mDEBUG[0m [32mCommand line arguments: ['/usr/bin/colcon', 'build'][0m
[0.165s] [34mcolcon[0m [1;30mDEBUG[0m [32mParsed command line arguments: Namespace(log_base=None, log_level=None, verb_name='build', build_base='build', install_base='install', merge_install=False, symlink_install=False, test_result_base=None, continue_on_error=False, executor='parallel', parallel_workers=8, event_handlers=None, ignore_user_meta=False, metas=['./colcon.meta'], base_paths=['.'], packages_ignore=None, packages_ignore_regex=None, paths=None, packages_up_to=None, packages_up_to_regex=None, packages_above=None, packages_above_and_dependencies=None, packages_above_depth=None, packages_select_by_dep=None, packages_skip_by_dep=None, packages_skip_up_to=None, packages_select_build_failed=False, packages_skip_build_finished=False, packages_select_test_failures=False, packages_skip_test_passed=False, packages_select=None, packages_skip=None, packages_select_regex=None, packages_skip_regex=None, packages_start=None, packages_end=None, cmake_args=None, cmake_target=None, cmake_target_skip_unavailable=False, cmake_clean_cache=False, cmake_clean_first=False, cmake_force_configure=False, ament_cmake_args=None, catkin_cmake_args=None, catkin_skip_building_tests=False, verb_parser=<colcon_defaults.argument_parser.defaults.DefaultArgumentsDecorator object at 0x7faaaea530>, verb_extension=<colcon_core.verb.build.BuildVerb object at 0x7faaaea020>, main=<bound method BuildVerb.main of <colcon_core.verb.build.BuildVerb object at 0x7faaaea020>>)[0m
[0.377s] [34mcolcon.colcon_core.package_discovery[0m [1;30mLevel 1[0m discover_packages(colcon_meta) check parameters
[0.378s] [34mcolcon.colcon_core.package_discovery[0m [1;30mLevel 1[0m discover_packages(recursive) check parameters
[0.378s] [34mcolcon.colcon_core.package_discovery[0m [1;30mLevel 1[0m discover_packages(ignore) check parameters
[0.378s] [34mcolcon.colcon_core.package_discovery[0m [1;30mLevel 1[0m discover_packages(path) check parameters
[0.378s] [34mcolcon.colcon_core.package_discovery[0m [1;30mLevel 1[0m discover_packages(colcon_meta) discover
[0.378s] [34mcolcon.colcon_core.package_discovery[0m [1;30mLevel 1[0m discover_packages(recursive) discover
[0.378s] [34mcolcon.colcon_core.package_discovery[0m [1;30mINFO[0m Crawling recursively for packages in '/home/orangepi/uvg_car'
[0.378s] [34mcolcon.colcon_core.package_identification[0m [1;30mLevel 1[0m _identify(.) by extensions ['ignore', 'ignore_ament_install']
[0.378s] [34mcolcon.colcon_core.package_identification[0m [1;30mLevel 1[0m _identify(.) by extension 'ignore'
[0.378s] [34mcolcon.colcon_core.package_identification[0m [1;30mLevel 1[0m _identify(.) by extension 'ignore_ament_install'
[0.378s] [34mcolcon.colcon_core.package_identification[0m [1;30mLevel 1[0m _identify(.) by extensions ['colcon_pkg']
[0.378s] [34mcolcon.colcon_core.package_identification[0m [1;30mLevel 1[0m _identify(.) by extension 'colcon_pkg'
[0.379s] [34mcolcon.colcon_core.package_identification[0m [1;30mLevel 1[0m _identify(.) by extensions ['colcon_meta']
[0.379s] [34mcolcon.colcon_core.package_identification[0m [1;30mLevel 1[0m _identify(.) by extension 'colcon_meta'
[0.379s] [34mcolcon.colcon_core.package_identification[0m [1;30mLevel 1[0m _identify(.) by extensions ['ros']
[0.379s] [34mcolcon.colcon_core.package_identification[0m [1;30mLevel 1[0m _identify(.) by extension 'ros'
[0.396s] [34mcolcon.colcon_core.package_identification[0m [1;30mLevel 1[0m _identify(.) by extensions ['cmake', 'python']
[0.397s] [34mcolcon.colcon_core.package_identification[0m [1;30mLevel 1[0m _identify(.) by extension 'cmake'
[0.397s] [34mcolcon.colcon_core.package_identification[0m [1;30mLevel 1[0m _identify(.) by extension 'python'
[0.397s] [34mcolcon.colcon_core.package_identification[0m [1;30mLevel 1[0m _identify(.) by extensions ['python_setup_py']
[0.397s] [34mcolcon.colcon_core.package_identification[0m [1;30mLevel 1[0m _identify(.) by extension 'python_setup_py'
[0.397s] [34mcolcon.colcon_core.package_identification[0m [1;30mLevel 1[0m _identify(build) by extensions ['ignore', 'ignore_ament_install']
[0.397s] [34mcolcon.colcon_core.package_identification[0m [1;30mLevel 1[0m _identify(build) by extension 'ignore'
[0.397s] [34mcolcon.colcon_core.package_identification[0m [1;30mLevel 1[0m _identify(build) ignored
[0.397s] [34mcolcon.colcon_core.package_identification[0m [1;30mLevel 1[0m _identify(install) by extensions ['ignore', 'ignore_ament_install']
[0.398s] [34mcolcon.colcon_core.package_identification[0m [1;30mLevel 1[0m _identify(install) by extension 'ignore'
[0.398s] [34mcolcon.colcon_core.package_identification[0m [1;30mLevel 1[0m _identify(install) ignored
[0.398s] [34mcolcon.colcon_core.package_identification[0m [1;30mLevel 1[0m _identify(log) by extensions ['ignore', 'ignore_ament_install']
[0.398s] [34mcolcon.colcon_core.package_identification[0m [1;30mLevel 1[0m _identify(log) by extension 'ignore'
[0.398s] [34mcolcon.colcon_core.package_identification[0m [1;30mLevel 1[0m _identify(log) ignored
[0.398s] [34mcolcon.colcon_core.package_identification[0m [1;30mLevel 1[0m _identify(src) by extensions ['ignore', 'ignore_ament_install']
[0.398s] [34mcolcon.colcon_core.package_identification[0m [1;30mLevel 1[0m _identify(src) by extension 'ignore'
[0.398s] [34mcolcon.colcon_core.package_identification[0m [1;30mLevel 1[0m _identify(src) by extension 'ignore_ament_install'
[0.398s] [34mcolcon.colcon_core.package_identification[0m [1;30mLevel 1[0m _identify(src) by extensions ['colcon_pkg']
[0.398s] [34mcolcon.colcon_core.package_identification[0m [1;30mLevel 1[0m _identify(src) by extension 'colcon_pkg'
[0.398s] [34mcolcon.colcon_core.package_identification[0m [1;30mLevel 1[0m _identify(src) by extensions ['colcon_meta']
[0.398s] [34mcolcon.colcon_core.package_identification[0m [1;30mLevel 1[0m _identify(src) by extension 'colcon_meta'
[0.398s] [34mcolcon.colcon_core.package_identification[0m [1;30mLevel 1[0m _identify(src) by extensions ['ros']
[0.398s] [34mcolcon.colcon_core.package_identification[0m [1;30mLevel 1[0m _identify(src) by extension 'ros'
[0.398s] [34mcolcon.colcon_core.package_identification[0m [1;30mLevel 1[0m _identify(src) by extensions ['cmake', 'python']
[0.399s] [34mcolcon.colcon_core.package_identification[0m [1;30mLevel 1[0m _identify(src) by extension 'cmake'
[0.399s] [34mcolcon.colcon_core.package_identification[0m [1;30mLevel 1[0m _identify(src) by extension 'python'
[0.399s] [34mcolcon.colcon_core.package_identification[0m [1;30mLevel 1[0m _identify(src) by extensions ['python_setup_py']
[0.399s] [34mcolcon.colcon_core.package_identification[0m [1;30mLevel 1[0m _identify(src) by extension 'python_setup_py'
[0.399s] [34mcolcon.colcon_core.package_identification[0m [1;30mLevel 1[0m _identify(src/LSLIDAR_X_ROS2-20240228) by extensions ['ignore', 'ignore_ament_install']
[0.399s] [34mcolcon.colcon_core.package_identification[0m [1;30mLevel 1[0m _identify(src/LSLIDAR_X_ROS2-20240228) by extension 'ignore'
[0.399s] [34mcolcon.colcon_core.package_identification[0m [1;30mLevel 1[0m _identify(src/LSLIDAR_X_ROS2-20240228) by extension 'ignore_ament_install'
[0.399s] [34mcolcon.colcon_core.package_identification[0m [1;30mLevel 1[0m _identify(src/LSLIDAR_X_ROS2-20240228) by extensions ['colcon_pkg']
[0.399s] [34mcolcon.colcon_core.package_identification[0m [1;30mLevel 1[0m _identify(src/LSLIDAR_X_ROS2-20240228) by extension 'colcon_pkg'
[0.399s] [34mcolcon.colcon_core.package_identification[0m [1;30mLevel 1[0m _identify(src/LSLIDAR_X_ROS2-20240228) by extensions ['colcon_meta']
[0.399s] [34mcolcon.colcon_core.package_identification[0m [1;30mLevel 1[0m _identify(src/LSLIDAR_X_ROS2-20240228) by extension 'colcon_meta'
[0.399s] [34mcolcon.colcon_core.package_identification[0m [1;30mLevel 1[0m _identify(src/LSLIDAR_X_ROS2-20240228) by extensions ['ros']
[0.399s] [34mcolcon.colcon_core.package_identification[0m [1;30mLevel 1[0m _identify(src/LSLIDAR_X_ROS2-20240228) by extension 'ros'
[0.399s] [34mcolcon.colcon_core.package_identification[0m [1;30mLevel 1[0m _identify(src/LSLIDAR_X_ROS2-20240228) by extensions ['cmake', 'python']
[0.399s] [34mcolcon.colcon_core.package_identification[0m [1;30mLevel 1[0m _identify(src/LSLIDAR_X_ROS2-20240228) by extension 'cmake'
[0.399s] [34mcolcon.colcon_core.package_identification[0m [1;30mLevel 1[0m _identify(src/LSLIDAR_X_ROS2-20240228) by extension 'python'
[0.399s] [34mcolcon.colcon_core.package_identification[0m [1;30mLevel 1[0m _identify(src/LSLIDAR_X_ROS2-20240228) by extensions ['python_setup_py']
[0.399s] [34mcolcon.colcon_core.package_identification[0m [1;30mLevel 1[0m _identify(src/LSLIDAR_X_ROS2-20240228) by extension 'python_setup_py'
[0.400s] [34mcolcon.colcon_core.package_identification[0m [1;30mLevel 1[0m _identify(src/LSLIDAR_X_ROS2-20240228/src) by extensions ['ignore', 'ignore_ament_install']
[0.400s] [34mcolcon.colcon_core.package_identification[0m [1;30mLevel 1[0m _identify(src/LSLIDAR_X_ROS2-20240228/src) by extension 'ignore'
[0.400s] [34mcolcon.colcon_core.package_identification[0m [1;30mLevel 1[0m _identify(src/LSLIDAR_X_ROS2-20240228/src) by extension 'ignore_ament_install'
[0.400s] [34mcolcon.colcon_core.package_identification[0m [1;30mLevel 1[0m _identify(src/LSLIDAR_X_ROS2-20240228/src) by extensions ['colcon_pkg']
[0.400s] [34mcolcon.colcon_core.package_identification[0m [1;30mLevel 1[0m _identify(src/LSLIDAR_X_ROS2-20240228/src) by extension 'colcon_pkg'
[0.400s] [34mcolcon.colcon_core.package_identification[0m [1;30mLevel 1[0m _identify(src/LSLIDAR_X_ROS2-20240228/src) by extensions ['colcon_meta']
[0.400s] [34mcolcon.colcon_core.package_identification[0m [1;30mLevel 1[0m _identify(src/LSLIDAR_X_ROS2-20240228/src) by extension 'colcon_meta'
[0.400s] [34mcolcon.colcon_core.package_identification[0m [1;30mLevel 1[0m _identify(src/LSLIDAR_X_ROS2-20240228/src) by extensions ['ros']
[0.400s] [34mcolcon.colcon_core.package_identification[0m [1;30mLevel 1[0m _identify(src/LSLIDAR_X_ROS2-20240228/src) by extension 'ros'
[0.400s] [34mcolcon.colcon_core.package_identification[0m [1;30mLevel 1[0m _identify(src/LSLIDAR_X_ROS2-20240228/src) by extensions ['cmake', 'python']
[0.400s] [34mcolcon.colcon_core.package_identification[0m [1;30mLevel 1[0m _identify(src/LSLIDAR_X_ROS2-20240228/src) by extension 'cmake'
[0.400s] [34mcolcon.colcon_core.package_identification[0m [1;30mLevel 1[0m _identify(src/LSLIDAR_X_ROS2-20240228/src) by extension 'python'
[0.400s] [34mcolcon.colcon_core.package_identification[0m [1;30mLevel 1[0m _identify(src/LSLIDAR_X_ROS2-20240228/src) by extensions ['python_setup_py']
[0.400s] [34mcolcon.colcon_core.package_identification[0m [1;30mLevel 1[0m _identify(src/LSLIDAR_X_ROS2-20240228/src) by extension 'python_setup_py'
[0.400s] [34mcolcon.colcon_core.package_identification[0m [1;30mLevel 1[0m _identify(src/LSLIDAR_X_ROS2-20240228/src/lslidar_driver) by extensions ['ignore', 'ignore_ament_install']
[0.400s] [34mcolcon.colcon_core.package_identification[0m [1;30mLevel 1[0m _identify(src/LSLIDAR_X_ROS2-20240228/src/lslidar_driver) by extension 'ignore'
[0.400s] [34mcolcon.colcon_core.package_identification[0m [1;30mLevel 1[0m _identify(src/LSLIDAR_X_ROS2-20240228/src/lslidar_driver) by extension 'ignore_ament_install'
[0.400s] [34mcolcon.colcon_core.package_identification[0m [1;30mLevel 1[0m _identify(src/LSLIDAR_X_ROS2-20240228/src/lslidar_driver) by extensions ['colcon_pkg']
[0.401s] [34mcolcon.colcon_core.package_identification[0m [1;30mLevel 1[0m _identify(src/LSLIDAR_X_ROS2-20240228/src/lslidar_driver) by extension 'colcon_pkg'
[0.401s] [34mcolcon.colcon_core.package_identification[0m [1;30mLevel 1[0m _identify(src/LSLIDAR_X_ROS2-20240228/src/lslidar_driver) by extensions ['colcon_meta']
[0.401s] [34mcolcon.colcon_core.package_identification[0m [1;30mLevel 1[0m _identify(src/LSLIDAR_X_ROS2-20240228/src/lslidar_driver) by extension 'colcon_meta'
[0.401s] [34mcolcon.colcon_core.package_identification[0m [1;30mLevel 1[0m _identify(src/LSLIDAR_X_ROS2-20240228/src/lslidar_driver) by extensions ['ros']
[0.401s] [34mcolcon.colcon_core.package_identification[0m [1;30mLevel 1[0m _identify(src/LSLIDAR_X_ROS2-20240228/src/lslidar_driver) by extension 'ros'
[0.405s] [34mcolcon.colcon_core.package_identification[0m [1;30mDEBUG[0m [32mPackage 'src/LSLIDAR_X_ROS2-20240228/src/lslidar_driver' with type 'ros.ament_cmake' and name 'lslidar_driver'[0m
[0.406s] [34mcolcon.colcon_core.package_identification[0m [1;30mLevel 1[0m _identify(src/LSLIDAR_X_ROS2-20240228/src/lslidar_msgs) by extensions ['ignore', 'ignore_ament_install']
[0.406s] [34mcolcon.colcon_core.package_identification[0m [1;30mLevel 1[0m _identify(src/LSLIDAR_X_ROS2-20240228/src/lslidar_msgs) by extension 'ignore'
[0.406s] [34mcolcon.colcon_core.package_identification[0m [1;30mLevel 1[0m _identify(src/LSLIDAR_X_ROS2-20240228/src/lslidar_msgs) by extension 'ignore_ament_install'
[0.406s] [34mcolcon.colcon_core.package_identification[0m [1;30mLevel 1[0m _identify(src/LSLIDAR_X_ROS2-20240228/src/lslidar_msgs) by extensions ['colcon_pkg']
[0.406s] [34mcolcon.colcon_core.package_identification[0m [1;30mLevel 1[0m _identify(src/LSLIDAR_X_ROS2-20240228/src/lslidar_msgs) by extension 'colcon_pkg'
[0.406s] [34mcolcon.colcon_core.package_identification[0m [1;30mLevel 1[0m _identify(src/LSLIDAR_X_ROS2-20240228/src/lslidar_msgs) by extensions ['colcon_meta']
[0.406s] [34mcolcon.colcon_core.package_identification[0m [1;30mLevel 1[0m _identify(src/LSLIDAR_X_ROS2-20240228/src/lslidar_msgs) by extension 'colcon_meta'
[0.406s] [34mcolcon.colcon_core.package_identification[0m [1;30mLevel 1[0m _identify(src/LSLIDAR_X_ROS2-20240228/src/lslidar_msgs) by extensions ['ros']
[0.406s] [34mcolcon.colcon_core.package_identification[0m [1;30mLevel 1[0m _identify(src/LSLIDAR_X_ROS2-20240228/src/lslidar_msgs) by extension 'ros'
[0.407s] [34mcolcon.colcon_core.package_identification[0m [1;30mDEBUG[0m [32mPackage 'src/LSLIDAR_X_ROS2-20240228/src/lslidar_msgs' with type 'ros.ament_cmake' and name 'lslidar_msgs'[0m
[0.407s] [34mcolcon.colcon_core.package_identification[0m [1;30mLevel 1[0m _identify(src/fishbot_cartographer) by extensions ['ignore', 'ignore_ament_install']
[0.407s] [34mcolcon.colcon_core.package_identification[0m [1;30mLevel 1[0m _identify(src/fishbot_cartographer) by extension 'ignore'
[0.407s] [34mcolcon.colcon_core.package_identification[0m [1;30mLevel 1[0m _identify(src/fishbot_cartographer) by extension 'ignore_ament_install'
[0.408s] [34mcolcon.colcon_core.package_identification[0m [1;30mLevel 1[0m _identify(src/fishbot_cartographer) by extensions ['colcon_pkg']
[0.408s] [34mcolcon.colcon_core.package_identification[0m [1;30mLevel 1[0m _identify(src/fishbot_cartographer) by extension 'colcon_pkg'
[0.408s] [34mcolcon.colcon_core.package_identification[0m [1;30mLevel 1[0m _identify(src/fishbot_cartographer) by extensions ['colcon_meta']
[0.408s] [34mcolcon.colcon_core.package_identification[0m [1;30mLevel 1[0m _identify(src/fishbot_cartographer) by extension 'colcon_meta'
[0.408s] [34mcolcon.colcon_core.package_identification[0m [1;30mLevel 1[0m _identify(src/fishbot_cartographer) by extensions ['ros']
[0.408s] [34mcolcon.colcon_core.package_identification[0m [1;30mLevel 1[0m _identify(src/fishbot_cartographer) by extension 'ros'
[0.411s] [34mcolcon.colcon_core.package_identification[0m [1;30mDEBUG[0m [32mPackage 'src/fishbot_cartographer' with type 'ros.ament_cmake' and name 'fishbot_cartographer'[0m
[0.411s] [34mcolcon.colcon_core.package_identification[0m [1;30mLevel 1[0m _identify(src/fishbot_navigation2) by extensions ['ignore', 'ignore_ament_install']
[0.411s] [34mcolcon.colcon_core.package_identification[0m [1;30mLevel 1[0m _identify(src/fishbot_navigation2) by extension 'ignore'
[0.411s] [34mcolcon.colcon_core.package_identification[0m [1;30mLevel 1[0m _identify(src/fishbot_navigation2) by extension 'ignore_ament_install'
[0.411s] [34mcolcon.colcon_core.package_identification[0m [1;30mLevel 1[0m _identify(src/fishbot_navigation2) by extensions ['colcon_pkg']
[0.411s] [34mcolcon.colcon_core.package_identification[0m [1;30mLevel 1[0m _identify(src/fishbot_navigation2) by extension 'colcon_pkg'
[0.411s] [34mcolcon.colcon_core.package_identification[0m [1;30mLevel 1[0m _identify(src/fishbot_navigation2) by extensions ['colcon_meta']
[0.411s] [34mcolcon.colcon_core.package_identification[0m [1;30mLevel 1[0m _identify(src/fishbot_navigation2) by extension 'colcon_meta'
[0.411s] [34mcolcon.colcon_core.package_identification[0m [1;30mLevel 1[0m _identify(src/fishbot_navigation2) by extensions ['ros']
[0.411s] [34mcolcon.colcon_core.package_identification[0m [1;30mLevel 1[0m _identify(src/fishbot_navigation2) by extension 'ros'
[0.412s] [34mcolcon.colcon_core.package_identification[0m [1;30mDEBUG[0m [32mPackage 'src/fishbot_navigation2' with type 'ros.ament_cmake' and name 'fishbot_navigation2'[0m
[0.412s] [34mcolcon.colcon_core.package_identification[0m [1;30mLevel 1[0m _identify(src/wit_ros2_imu) by extensions ['ignore', 'ignore_ament_install']
[0.412s] [34mcolcon.colcon_core.package_identification[0m [1;30mLevel 1[0m _identify(src/wit_ros2_imu) by extension 'ignore'
[0.412s] [34mcolcon.colcon_core.package_identification[0m [1;30mLevel 1[0m _identify(src/wit_ros2_imu) by extension 'ignore_ament_install'
[0.412s] [34mcolcon.colcon_core.package_identification[0m [1;30mLevel 1[0m _identify(src/wit_ros2_imu) by extensions ['colcon_pkg']
[0.412s] [34mcolcon.colcon_core.package_identification[0m [1;30mLevel 1[0m _identify(src/wit_ros2_imu) by extension 'colcon_pkg'
[0.413s] [34mcolcon.colcon_core.package_identification[0m [1;30mLevel 1[0m _identify(src/wit_ros2_imu) by extensions ['colcon_meta']
[0.413s] [34mcolcon.colcon_core.package_identification[0m [1;30mLevel 1[0m _identify(src/wit_ros2_imu) by extension 'colcon_meta'
[0.413s] [34mcolcon.colcon_core.package_identification[0m [1;30mLevel 1[0m _identify(src/wit_ros2_imu) by extensions ['ros']
[0.413s] [34mcolcon.colcon_core.package_identification[0m [1;30mLevel 1[0m _identify(src/wit_ros2_imu) by extension 'ros'
[0.413s] [34mcolcon.colcon_core.package_identification[0m [1;30mDEBUG[0m [32mPackage 'src/wit_ros2_imu' with type 'ros.ament_python' and name 'wit_ros2_imu'[0m
[0.413s] [34mcolcon.colcon_core.package_discovery[0m [1;30mLevel 1[0m discover_packages(recursive) using defaults
[0.414s] [34mcolcon.colcon_core.package_discovery[0m [1;30mLevel 1[0m discover_packages(ignore) discover
[0.414s] [34mcolcon.colcon_core.package_discovery[0m [1;30mLevel 1[0m discover_packages(ignore) using defaults
[0.414s] [34mcolcon.colcon_core.package_discovery[0m [1;30mLevel 1[0m discover_packages(path) discover
[0.414s] [34mcolcon.colcon_core.package_discovery[0m [1;30mLevel 1[0m discover_packages(path) using defaults
[0.487s] [34mcolcon.colcon_core.verb[0m [1;30mLevel 5[0m set package 'fishbot_cartographer' build argument 'cmake_args' from command line to 'None'
[0.487s] [34mcolcon.colcon_core.verb[0m [1;30mLevel 5[0m set package 'fishbot_cartographer' build argument 'cmake_target' from command line to 'None'
[0.488s] [34mcolcon.colcon_core.verb[0m [1;30mLevel 5[0m set package 'fishbot_cartographer' build argument 'cmake_target_skip_unavailable' from command line to 'False'
[0.488s] [34mcolcon.colcon_core.verb[0m [1;30mLevel 5[0m set package 'fishbot_cartographer' build argument 'cmake_clean_cache' from command line to 'False'
[0.488s] [34mcolcon.colcon_core.verb[0m [1;30mLevel 5[0m set package 'fishbot_cartographer' build argument 'cmake_clean_first' from command line to 'False'
[0.488s] [34mcolcon.colcon_core.verb[0m [1;30mLevel 5[0m set package 'fishbot_cartographer' build argument 'cmake_force_configure' from command line to 'False'
[0.488s] [34mcolcon.colcon_core.verb[0m [1;30mLevel 5[0m set package 'fishbot_cartographer' build argument 'ament_cmake_args' from command line to 'None'
[0.488s] [34mcolcon.colcon_core.verb[0m [1;30mLevel 5[0m set package 'fishbot_cartographer' build argument 'catkin_cmake_args' from command line to 'None'
[0.488s] [34mcolcon.colcon_core.verb[0m [1;30mLevel 5[0m set package 'fishbot_cartographer' build argument 'catkin_skip_building_tests' from command line to 'False'
[0.488s] [34mcolcon.colcon_core.verb[0m [1;30mDEBUG[0m [32mBuilding package 'fishbot_cartographer' with the following arguments: {'ament_cmake_args': None, 'build_base': '/home/orangepi/uvg_car/build/fishbot_cartographer', 'catkin_cmake_args': None, 'catkin_skip_building_tests': False, 'cmake_args': None, 'cmake_clean_cache': False, 'cmake_clean_first': False, 'cmake_force_configure': False, 'cmake_target': None, 'cmake_target_skip_unavailable': False, 'install_base': '/home/orangepi/uvg_car/install/fishbot_cartographer', 'merge_install': False, 'path': '/home/orangepi/uvg_car/src/fishbot_cartographer', 'symlink_install': False, 'test_result_base': None}[0m
[0.488s] [34mcolcon.colcon_core.verb[0m [1;30mLevel 5[0m set package 'fishbot_navigation2' build argument 'cmake_args' from command line to 'None'
[0.488s] [34mcolcon.colcon_core.verb[0m [1;30mLevel 5[0m set package 'fishbot_navigation2' build argument 'cmake_target' from command line to 'None'
[0.488s] [34mcolcon.colcon_core.verb[0m [1;30mLevel 5[0m set package 'fishbot_navigation2' build argument 'cmake_target_skip_unavailable' from command line to 'False'
[0.488s] [34mcolcon.colcon_core.verb[0m [1;30mLevel 5[0m set package 'fishbot_navigation2' build argument 'cmake_clean_cache' from command line to 'False'
[0.488s] [34mcolcon.colcon_core.verb[0m [1;30mLevel 5[0m set package 'fishbot_navigation2' build argument 'cmake_clean_first' from command line to 'False'
[0.488s] [34mcolcon.colcon_core.verb[0m [1;30mLevel 5[0m set package 'fishbot_navigation2' build argument 'cmake_force_configure' from command line to 'False'
[0.488s] [34mcolcon.colcon_core.verb[0m [1;30mLevel 5[0m set package 'fishbot_navigation2' build argument 'ament_cmake_args' from command line to 'None'
[0.488s] [34mcolcon.colcon_core.verb[0m [1;30mLevel 5[0m set package 'fishbot_navigation2' build argument 'catkin_cmake_args' from command line to 'None'
[0.488s] [34mcolcon.colcon_core.verb[0m [1;30mLevel 5[0m set package 'fishbot_navigation2' build argument 'catkin_skip_building_tests' from command line to 'False'
[0.489s] [34mcolcon.colcon_core.verb[0m [1;30mDEBUG[0m [32mBuilding package 'fishbot_navigation2' with the following arguments: {'ament_cmake_args': None, 'build_base': '/home/orangepi/uvg_car/build/fishbot_navigation2', 'catkin_cmake_args': None, 'catkin_skip_building_tests': False, 'cmake_args': None, 'cmake_clean_cache': False, 'cmake_clean_first': False, 'cmake_force_configure': False, 'cmake_target': None, 'cmake_target_skip_unavailable': False, 'install_base': '/home/orangepi/uvg_car/install/fishbot_navigation2', 'merge_install': False, 'path': '/home/orangepi/uvg_car/src/fishbot_navigation2', 'symlink_install': False, 'test_result_base': None}[0m
[0.489s] [34mcolcon.colcon_core.verb[0m [1;30mLevel 5[0m set package 'lslidar_msgs' build argument 'cmake_args' from command line to 'None'
[0.489s] [34mcolcon.colcon_core.verb[0m [1;30mLevel 5[0m set package 'lslidar_msgs' build argument 'cmake_target' from command line to 'None'
[0.489s] [34mcolcon.colcon_core.verb[0m [1;30mLevel 5[0m set package 'lslidar_msgs' build argument 'cmake_target_skip_unavailable' from command line to 'False'
[0.489s] [34mcolcon.colcon_core.verb[0m [1;30mLevel 5[0m set package 'lslidar_msgs' build argument 'cmake_clean_cache' from command line to 'False'
[0.489s] [34mcolcon.colcon_core.verb[0m [1;30mLevel 5[0m set package 'lslidar_msgs' build argument 'cmake_clean_first' from command line to 'False'
[0.489s] [34mcolcon.colcon_core.verb[0m [1;30mLevel 5[0m set package 'lslidar_msgs' build argument 'cmake_force_configure' from command line to 'False'
[0.489s] [34mcolcon.colcon_core.verb[0m [1;30mLevel 5[0m set package 'lslidar_msgs' build argument 'ament_cmake_args' from command line to 'None'
[0.489s] [34mcolcon.colcon_core.verb[0m [1;30mLevel 5[0m set package 'lslidar_msgs' build argument 'catkin_cmake_args' from command line to 'None'
[0.489s] [34mcolcon.colcon_core.verb[0m [1;30mLevel 5[0m set package 'lslidar_msgs' build argument 'catkin_skip_building_tests' from command line to 'False'
[0.489s] [34mcolcon.colcon_core.verb[0m [1;30mDEBUG[0m [32mBuilding package 'lslidar_msgs' with the following arguments: {'ament_cmake_args': None, 'build_base': '/home/orangepi/uvg_car/build/lslidar_msgs', 'catkin_cmake_args': None, 'catkin_skip_building_tests': False, 'cmake_args': None, 'cmake_clean_cache': False, 'cmake_clean_first': False, 'cmake_force_configure': False, 'cmake_target': None, 'cmake_target_skip_unavailable': False, 'install_base': '/home/orangepi/uvg_car/install/lslidar_msgs', 'merge_install': False, 'path': '/home/orangepi/uvg_car/src/LSLIDAR_X_ROS2-20240228/src/lslidar_msgs', 'symlink_install': False, 'test_result_base': None}[0m
[0.490s] [34mcolcon.colcon_core.verb[0m [1;30mLevel 5[0m set package 'wit_ros2_imu' build argument 'cmake_args' from command line to 'None'
[0.490s] [34mcolcon.colcon_core.verb[0m [1;30mLevel 5[0m set package 'wit_ros2_imu' build argument 'cmake_target' from command line to 'None'
[0.490s] [34mcolcon.colcon_core.verb[0m [1;30mLevel 5[0m set package 'wit_ros2_imu' build argument 'cmake_target_skip_unavailable' from command line to 'False'
[0.490s] [34mcolcon.colcon_core.verb[0m [1;30mLevel 5[0m set package 'wit_ros2_imu' build argument 'cmake_clean_cache' from command line to 'False'
[0.490s] [34mcolcon.colcon_core.verb[0m [1;30mLevel 5[0m set package 'wit_ros2_imu' build argument 'cmake_clean_first' from command line to 'False'
[0.490s] [34mcolcon.colcon_core.verb[0m [1;30mLevel 5[0m set package 'wit_ros2_imu' build argument 'cmake_force_configure' from command line to 'False'
[0.490s] [34mcolcon.colcon_core.verb[0m [1;30mLevel 5[0m set package 'wit_ros2_imu' build argument 'ament_cmake_args' from command line to 'None'
[0.490s] [34mcolcon.colcon_core.verb[0m [1;30mLevel 5[0m set package 'wit_ros2_imu' build argument 'catkin_cmake_args' from command line to 'None'
[0.490s] [34mcolcon.colcon_core.verb[0m [1;30mLevel 5[0m set package 'wit_ros2_imu' build argument 'catkin_skip_building_tests' from command line to 'False'
[0.490s] [34mcolcon.colcon_core.verb[0m [1;30mDEBUG[0m [32mBuilding package 'wit_ros2_imu' with the following arguments: {'ament_cmake_args': None, 'build_base': '/home/orangepi/uvg_car/build/wit_ros2_imu', 'catkin_cmake_args': None, 'catkin_skip_building_tests': False, 'cmake_args': None, 'cmake_clean_cache': False, 'cmake_clean_first': False, 'cmake_force_configure': False, 'cmake_target': None, 'cmake_target_skip_unavailable': False, 'install_base': '/home/orangepi/uvg_car/install/wit_ros2_imu', 'merge_install': False, 'path': '/home/orangepi/uvg_car/src/wit_ros2_imu', 'symlink_install': False, 'test_result_base': None}[0m
[0.490s] [34mcolcon.colcon_core.verb[0m [1;30mLevel 5[0m set package 'lslidar_driver' build argument 'cmake_args' from command line to 'None'
[0.490s] [34mcolcon.colcon_core.verb[0m [1;30mLevel 5[0m set package 'lslidar_driver' build argument 'cmake_target' from command line to 'None'
[0.490s] [34mcolcon.colcon_core.verb[0m [1;30mLevel 5[0m set package 'lslidar_driver' build argument 'cmake_target_skip_unavailable' from command line to 'False'
[0.490s] [34mcolcon.colcon_core.verb[0m [1;30mLevel 5[0m set package 'lslidar_driver' build argument 'cmake_clean_cache' from command line to 'False'
[0.490s] [34mcolcon.colcon_core.verb[0m [1;30mLevel 5[0m set package 'lslidar_driver' build argument 'cmake_clean_first' from command line to 'False'
[0.490s] [34mcolcon.colcon_core.verb[0m [1;30mLevel 5[0m set package 'lslidar_driver' build argument 'cmake_force_configure' from command line to 'False'
[0.490s] [34mcolcon.colcon_core.verb[0m [1;30mLevel 5[0m set package 'lslidar_driver' build argument 'ament_cmake_args' from command line to 'None'
[0.490s] [34mcolcon.colcon_core.verb[0m [1;30mLevel 5[0m set package 'lslidar_driver' build argument 'catkin_cmake_args' from command line to 'None'
[0.490s] [34mcolcon.colcon_core.verb[0m [1;30mLevel 5[0m set package 'lslidar_driver' build argument 'catkin_skip_building_tests' from command line to 'False'
[0.491s] [34mcolcon.colcon_core.verb[0m [1;30mDEBUG[0m [32mBuilding package 'lslidar_driver' with the following arguments: {'ament_cmake_args': None, 'build_base': '/home/orangepi/uvg_car/build/lslidar_driver', 'catkin_cmake_args': None, 'catkin_skip_building_tests': False, 'cmake_args': None, 'cmake_clean_cache': False, 'cmake_clean_first': False, 'cmake_force_configure': False, 'cmake_target': None, 'cmake_target_skip_unavailable': False, 'install_base': '/home/orangepi/uvg_car/install/lslidar_driver', 'merge_install': False, 'path': '/home/orangepi/uvg_car/src/LSLIDAR_X_ROS2-20240228/src/lslidar_driver', 'symlink_install': False, 'test_result_base': None}[0m
[0.491s] [34mcolcon.colcon_core.executor[0m [1;30mINFO[0m Executing jobs using 'parallel' executor
[0.492s] [34mcolcon.colcon_parallel_executor.executor.parallel[0m [1;30mDEBUG[0m [32mrun_until_complete[0m
[0.492s] [34mcolcon.colcon_ros.task.ament_cmake.build[0m [1;30mINFO[0m Building ROS package in '/home/orangepi/uvg_car/src/LSLIDAR_X_ROS2-20240228/src/lslidar_msgs' with build type 'ament_cmake'
[0.493s] [34mcolcon.colcon_cmake.task.cmake.build[0m [1;30mINFO[0m Building CMake package in '/home/orangepi/uvg_car/src/LSLIDAR_X_ROS2-20240228/src/lslidar_msgs'
[0.495s] [34mcolcon.colcon_core.plugin_system[0m [1;30mINFO[0m Skipping extension 'colcon_core.shell.bat': Not used on non-Windows systems
[0.495s] [34mcolcon.colcon_core.shell[0m [1;30mINFO[0m Skip shell extension 'powershell' for command environment: Not usable outside of PowerShell
[0.495s] [34mcolcon.colcon_core.shell[0m [1;30mDEBUG[0m [32mSkip shell extension 'dsv' for command environment[0m
[0.496s] [34mcolcon.colcon_core.prefix_path.colcon[0m [1;30mWARNING[0m [33mThe path '/home/orangepi/ws_livox/install' in the environment variable COLCON_PREFIX_PATH doesn't exist[0m
[0.496s] [34mcolcon.colcon_ros.prefix_path.ament[0m [1;30mWARNING[0m [33mThe path '/home/orangepi/uvg_car/install/point_lio' in the environment variable AMENT_PREFIX_PATH doesn't exist[0m
[0.496s] [34mcolcon.colcon_ros.prefix_path.ament[0m [1;30mWARNING[0m [33mThe path '/home/orangepi/ws_livox/install/livox_ros_driver2' in the environment variable AMENT_PREFIX_PATH doesn't exist[0m
[0.497s] [34mcolcon.colcon_ros.prefix_path.catkin[0m [1;30mWARNING[0m [33mThe path '/home/orangepi/uvg_car/install/point_lio' in the environment variable CMAKE_PREFIX_PATH doesn't exist[0m
[0.497s] [34mcolcon.colcon_ros.prefix_path.catkin[0m [1;30mWARNING[0m [33mThe path '/home/orangepi/ws_livox/install/livox_ros_driver2' in the environment variable CMAKE_PREFIX_PATH doesn't exist[0m
[0.501s] [34mcolcon.colcon_ros.task.ament_cmake.build[0m [1;30mINFO[0m Building ROS package in '/home/orangepi/uvg_car/src/fishbot_cartographer' with build type 'ament_cmake'
[0.502s] [34mcolcon.colcon_cmake.task.cmake.build[0m [1;30mINFO[0m Building CMake package in '/home/orangepi/uvg_car/src/fishbot_cartographer'
[0.502s] [34mcolcon.colcon_core.shell[0m [1;30mINFO[0m Skip shell extension 'powershell' for command environment: Not usable outside of PowerShell
[0.502s] [34mcolcon.colcon_core.shell[0m [1;30mDEBUG[0m [32mSkip shell extension 'dsv' for command environment[0m
[0.507s] [34mcolcon.colcon_ros.task.ament_cmake.build[0m [1;30mINFO[0m Building ROS package in '/home/orangepi/uvg_car/src/fishbot_navigation2' with build type 'ament_cmake'
[0.507s] [34mcolcon.colcon_cmake.task.cmake.build[0m [1;30mINFO[0m Building CMake package in '/home/orangepi/uvg_car/src/fishbot_navigation2'
[0.507s] [34mcolcon.colcon_core.shell[0m [1;30mINFO[0m Skip shell extension 'powershell' for command environment: Not usable outside of PowerShell
[0.507s] [34mcolcon.colcon_core.shell[0m [1;30mDEBUG[0m [32mSkip shell extension 'dsv' for command environment[0m
[0.512s] [34mcolcon.colcon_ros.task.ament_python.build[0m [1;30mINFO[0m Building ROS package in '/home/orangepi/uvg_car/src/wit_ros2_imu' with build type 'ament_python'
[0.512s] [34mcolcon.colcon_core.shell[0m [1;30mLevel 1[0m create_environment_hook('wit_ros2_imu', 'ament_prefix_path')
[0.512s] [34mcolcon.colcon_core.shell[0m [1;30mINFO[0m Creating environment hook '/home/orangepi/uvg_car/install/wit_ros2_imu/share/wit_ros2_imu/hook/ament_prefix_path.ps1'
[0.513s] [34mcolcon.colcon_core.shell[0m [1;30mINFO[0m Creating environment descriptor '/home/orangepi/uvg_car/install/wit_ros2_imu/share/wit_ros2_imu/hook/ament_prefix_path.dsv'
[0.514s] [34mcolcon.colcon_core.shell[0m [1;30mINFO[0m Creating environment hook '/home/orangepi/uvg_car/install/wit_ros2_imu/share/wit_ros2_imu/hook/ament_prefix_path.sh'
[0.515s] [34mcolcon.colcon_core.shell[0m [1;30mINFO[0m Skip shell extension 'powershell' for command environment: Not usable outside of PowerShell
[0.515s] [34mcolcon.colcon_core.shell[0m [1;30mDEBUG[0m [32mSkip shell extension 'dsv' for command environment[0m
[0.524s] [34mcolcon.colcon_core.event_handler.log_command[0m [1;30mDEBUG[0m [32mInvoking command in '/home/orangepi/uvg_car/build/lslidar_msgs': CMAKE_PREFIX_PATH=${CMAKE_PREFIX_PATH}:/home/orangepi/uvg_car/install/wit_ros2_imu:/home/orangepi/car_ros2/install/rknn_yolo:/opt/ros/humble /usr/bin/cmake --build /home/orangepi/uvg_car/build/lslidar_msgs -- -j8 -l8[0m
[0.528s] [34mcolcon.colcon_core.event_handler.log_command[0m [1;30mDEBUG[0m [32mInvoking command in '/home/orangepi/uvg_car/build/fishbot_cartographer': CMAKE_PREFIX_PATH=${CMAKE_PREFIX_PATH}:/home/orangepi/uvg_car/install/wit_ros2_imu:/home/orangepi/car_ros2/install/rknn_yolo:/opt/ros/humble /usr/bin/cmake --build /home/orangepi/uvg_car/build/fishbot_cartographer -- -j8 -l8[0m
[0.531s] [34mcolcon.colcon_core.event_handler.log_command[0m [1;30mDEBUG[0m [32mInvoking command in '/home/orangepi/uvg_car/build/fishbot_navigation2': CMAKE_PREFIX_PATH=${CMAKE_PREFIX_PATH}:/home/orangepi/uvg_car/install/wit_ros2_imu:/home/orangepi/car_ros2/install/rknn_yolo:/opt/ros/humble /usr/bin/cmake --build /home/orangepi/uvg_car/build/fishbot_navigation2 -- -j8 -l8[0m
[0.955s] [34mcolcon.colcon_core.task.python.build[0m [1;30mINFO[0m Building Python package in '/home/orangepi/uvg_car/src/wit_ros2_imu'
[0.956s] [34mcolcon.colcon_core.shell[0m [1;30mINFO[0m Skip shell extension 'powershell' for command environment: Not usable outside of PowerShell
[0.956s] [34mcolcon.colcon_core.shell[0m [1;30mDEBUG[0m [32mSkip shell extension 'dsv' for command environment[0m
[0.965s] [34mcolcon.colcon_core.event_handler.log_command[0m [1;30mDEBUG[0m [32mInvoked command in '/home/orangepi/uvg_car/build/fishbot_cartographer' returned '0': CMAKE_PREFIX_PATH=${CMAKE_PREFIX_PATH}:/home/orangepi/uvg_car/install/wit_ros2_imu:/home/orangepi/car_ros2/install/rknn_yolo:/opt/ros/humble /usr/bin/cmake --build /home/orangepi/uvg_car/build/fishbot_cartographer -- -j8 -l8[0m
[0.981s] [34mcolcon.colcon_core.event_handler.log_command[0m [1;30mDEBUG[0m [32mInvoking command in '/home/orangepi/uvg_car/build/fishbot_cartographer': CMAKE_PREFIX_PATH=${CMAKE_PREFIX_PATH}:/home/orangepi/uvg_car/install/wit_ros2_imu:/home/orangepi/car_ros2/install/rknn_yolo:/opt/ros/humble /usr/bin/cmake --install /home/orangepi/uvg_car/build/fishbot_cartographer[0m
[0.982s] [34mcolcon.colcon_core.event_handler.log_command[0m [1;30mDEBUG[0m [32mInvoked command in '/home/orangepi/uvg_car/build/fishbot_navigation2' returned '0': CMAKE_PREFIX_PATH=${CMAKE_PREFIX_PATH}:/home/orangepi/uvg_car/install/wit_ros2_imu:/home/orangepi/car_ros2/install/rknn_yolo:/opt/ros/humble /usr/bin/cmake --build /home/orangepi/uvg_car/build/fishbot_navigation2 -- -j8 -l8[0m
[0.984s] [34mcolcon.colcon_core.event_handler.log_command[0m [1;30mDEBUG[0m [32mInvoking command in '/home/orangepi/uvg_car/build/fishbot_navigation2': CMAKE_PREFIX_PATH=${CMAKE_PREFIX_PATH}:/home/orangepi/uvg_car/install/wit_ros2_imu:/home/orangepi/car_ros2/install/rknn_yolo:/opt/ros/humble /usr/bin/cmake --install /home/orangepi/uvg_car/build/fishbot_navigation2[0m
[1.016s] [34mcolcon.colcon_core.environment[0m [1;30mLevel 1[0m create_environment_scripts_only(fishbot_cartographer)
[1.021s] [34mcolcon.colcon_core.event_handler.log_command[0m [1;30mDEBUG[0m [32mInvoked command in '/home/orangepi/uvg_car/build/fishbot_cartographer' returned '0': CMAKE_PREFIX_PATH=${CMAKE_PREFIX_PATH}:/home/orangepi/uvg_car/install/wit_ros2_imu:/home/orangepi/car_ros2/install/rknn_yolo:/opt/ros/humble /usr/bin/cmake --install /home/orangepi/uvg_car/build/fishbot_cartographer[0m
[1.029s] [34mcolcon.colcon_core.environment[0m [1;30mLevel 1[0m checking '/home/orangepi/uvg_car/install/fishbot_cartographer' for CMake module files
[1.032s] [34mcolcon.colcon_core.environment[0m [1;30mLevel 1[0m checking '/home/orangepi/uvg_car/install/fishbot_cartographer' for CMake config files
[1.033s] [34mcolcon.colcon_core.shell[0m [1;30mLevel 1[0m create_environment_hook('fishbot_cartographer', 'cmake_prefix_path')
[1.034s] [34mcolcon.colcon_core.shell[0m [1;30mINFO[0m Creating environment hook '/home/orangepi/uvg_car/install/fishbot_cartographer/share/fishbot_cartographer/hook/cmake_prefix_path.ps1'
[1.036s] [34mcolcon.colcon_core.shell[0m [1;30mINFO[0m Creating environment descriptor '/home/orangepi/uvg_car/install/fishbot_cartographer/share/fishbot_cartographer/hook/cmake_prefix_path.dsv'
[1.038s] [34mcolcon.colcon_core.shell[0m [1;30mINFO[0m Creating environment hook '/home/orangepi/uvg_car/install/fishbot_cartographer/share/fishbot_cartographer/hook/cmake_prefix_path.sh'
[1.041s] [34mcolcon.colcon_core.environment[0m [1;30mLevel 1[0m checking '/home/orangepi/uvg_car/install/fishbot_cartographer/bin'
[1.041s] [34mcolcon.colcon_core.environment[0m [1;30mLevel 1[0m checking '/home/orangepi/uvg_car/install/fishbot_cartographer/lib/pkgconfig/fishbot_cartographer.pc'
[1.043s] [34mcolcon.colcon_core.environment[0m [1;30mLevel 1[0m checking '/home/orangepi/uvg_car/install/fishbot_cartographer/lib/python3.10/site-packages'
[1.044s] [34mcolcon.colcon_core.environment[0m [1;30mLevel 1[0m checking '/home/orangepi/uvg_car/install/fishbot_cartographer/bin'
[1.046s] [34mcolcon.colcon_core.shell[0m [1;30mINFO[0m Creating package script '/home/orangepi/uvg_car/install/fishbot_cartographer/share/fishbot_cartographer/package.ps1'
[1.054s] [34mcolcon.colcon_core.shell[0m [1;30mINFO[0m Creating package descriptor '/home/orangepi/uvg_car/install/fishbot_cartographer/share/fishbot_cartographer/package.dsv'
[1.059s] [34mcolcon.colcon_core.shell[0m [1;30mINFO[0m Creating package script '/home/orangepi/uvg_car/install/fishbot_cartographer/share/fishbot_cartographer/package.sh'
[1.064s] [34mcolcon.colcon_core.shell[0m [1;30mINFO[0m Creating package script '/home/orangepi/uvg_car/install/fishbot_cartographer/share/fishbot_cartographer/package.bash'
[1.068s] [34mcolcon.colcon_core.shell[0m [1;30mINFO[0m Creating package script '/home/orangepi/uvg_car/install/fishbot_cartographer/share/fishbot_cartographer/package.zsh'
[1.072s] [34mcolcon.colcon_core.environment[0m [1;30mLevel 1[0m create_file_with_runtime_dependencies(/home/orangepi/uvg_car/install/fishbot_cartographer/share/colcon-core/packages/fishbot_cartographer)
[1.074s] [34mcolcon.colcon_core.environment[0m [1;30mLevel 1[0m create_environment_scripts_only(fishbot_cartographer)
[1.074s] [34mcolcon.colcon_core.environment[0m [1;30mLevel 1[0m checking '/home/orangepi/uvg_car/install/fishbot_cartographer' for CMake module files
[1.075s] [34mcolcon.colcon_core.environment[0m [1;30mLevel 1[0m checking '/home/orangepi/uvg_car/install/fishbot_cartographer' for CMake config files
[1.075s] [34mcolcon.colcon_core.shell[0m [1;30mLevel 1[0m create_environment_hook('fishbot_cartographer', 'cmake_prefix_path')
[1.076s] [34mcolcon.colcon_core.shell[0m [1;30mINFO[0m Creating environment hook '/home/orangepi/uvg_car/install/fishbot_cartographer/share/fishbot_cartographer/hook/cmake_prefix_path.ps1'
[1.077s] [34mcolcon.colcon_core.shell[0m [1;30mINFO[0m Creating environment descriptor '/home/orangepi/uvg_car/install/fishbot_cartographer/share/fishbot_cartographer/hook/cmake_prefix_path.dsv'
[1.077s] [34mcolcon.colcon_core.shell[0m [1;30mINFO[0m Creating environment hook '/home/orangepi/uvg_car/install/fishbot_cartographer/share/fishbot_cartographer/hook/cmake_prefix_path.sh'
[1.078s] [34mcolcon.colcon_core.environment[0m [1;30mLevel 1[0m checking '/home/orangepi/uvg_car/install/fishbot_cartographer/bin'
[1.079s] [34mcolcon.colcon_core.environment[0m [1;30mLevel 1[0m checking '/home/orangepi/uvg_car/install/fishbot_cartographer/lib/pkgconfig/fishbot_cartographer.pc'
[1.079s] [34mcolcon.colcon_core.environment[0m [1;30mLevel 1[0m checking '/home/orangepi/uvg_car/install/fishbot_cartographer/lib/python3.10/site-packages'
[1.079s] [34mcolcon.colcon_core.environment[0m [1;30mLevel 1[0m checking '/home/orangepi/uvg_car/install/fishbot_cartographer/bin'
[1.080s] [34mcolcon.colcon_core.shell[0m [1;30mINFO[0m Creating package script '/home/orangepi/uvg_car/install/fishbot_cartographer/share/fishbot_cartographer/package.ps1'
[1.081s] [34mcolcon.colcon_core.shell[0m [1;30mINFO[0m Creating package descriptor '/home/orangepi/uvg_car/install/fishbot_cartographer/share/fishbot_cartographer/package.dsv'
[1.082s] [34mcolcon.colcon_core.shell[0m [1;30mINFO[0m Creating package script '/home/orangepi/uvg_car/install/fishbot_cartographer/share/fishbot_cartographer/package.sh'
[1.083s] [34mcolcon.colcon_core.shell[0m [1;30mINFO[0m Creating package script '/home/orangepi/uvg_car/install/fishbot_cartographer/share/fishbot_cartographer/package.bash'
[1.084s] [34mcolcon.colcon_core.shell[0m [1;30mINFO[0m Creating package script '/home/orangepi/uvg_car/install/fishbot_cartographer/share/fishbot_cartographer/package.zsh'
[1.084s] [34mcolcon.colcon_core.environment[0m [1;30mLevel 1[0m create_file_with_runtime_dependencies(/home/orangepi/uvg_car/install/fishbot_cartographer/share/colcon-core/packages/fishbot_cartographer)
[1.087s] [34mcolcon.colcon_core.environment[0m [1;30mLevel 1[0m create_environment_scripts_only(fishbot_navigation2)
[1.087s] [34mcolcon.colcon_core.environment[0m [1;30mLevel 1[0m checking '/home/orangepi/uvg_car/install/fishbot_navigation2' for CMake module files
[1.089s] [34mcolcon.colcon_core.environment[0m [1;30mLevel 1[0m checking '/home/orangepi/uvg_car/install/fishbot_navigation2' for CMake config files
[1.090s] [34mcolcon.colcon_core.event_handler.log_command[0m [1;30mDEBUG[0m [32mInvoked command in '/home/orangepi/uvg_car/build/fishbot_navigation2' returned '0': CMAKE_PREFIX_PATH=${CMAKE_PREFIX_PATH}:/home/orangepi/uvg_car/install/wit_ros2_imu:/home/orangepi/car_ros2/install/rknn_yolo:/opt/ros/humble /usr/bin/cmake --install /home/orangepi/uvg_car/build/fishbot_navigation2[0m
[1.091s] [34mcolcon.colcon_core.shell[0m [1;30mLevel 1[0m create_environment_hook('fishbot_navigation2', 'cmake_prefix_path')
[1.092s] [34mcolcon.colcon_core.shell[0m [1;30mINFO[0m Creating environment hook '/home/orangepi/uvg_car/install/fishbot_navigation2/share/fishbot_navigation2/hook/cmake_prefix_path.ps1'
[1.093s] [34mcolcon.colcon_core.shell[0m [1;30mINFO[0m Creating environment descriptor '/home/orangepi/uvg_car/install/fishbot_navigation2/share/fishbot_navigation2/hook/cmake_prefix_path.dsv'
[1.094s] [34mcolcon.colcon_core.shell[0m [1;30mINFO[0m Creating environment hook '/home/orangepi/uvg_car/install/fishbot_navigation2/share/fishbot_navigation2/hook/cmake_prefix_path.sh'
[1.095s] [34mcolcon.colcon_core.environment[0m [1;30mLevel 1[0m checking '/home/orangepi/uvg_car/install/fishbot_navigation2/bin'
[1.095s] [34mcolcon.colcon_core.environment[0m [1;30mLevel 1[0m checking '/home/orangepi/uvg_car/install/fishbot_navigation2/lib/pkgconfig/fishbot_navigation2.pc'
[1.095s] [34mcolcon.colcon_core.environment[0m [1;30mLevel 1[0m checking '/home/orangepi/uvg_car/install/fishbot_navigation2/lib/python3.10/site-packages'
[1.096s] [34mcolcon.colcon_core.environment[0m [1;30mLevel 1[0m checking '/home/orangepi/uvg_car/install/fishbot_navigation2/bin'
[1.096s] [34mcolcon.colcon_core.shell[0m [1;30mINFO[0m Creating package script '/home/orangepi/uvg_car/install/fishbot_navigation2/share/fishbot_navigation2/package.ps1'
[1.097s] [34mcolcon.colcon_core.shell[0m [1;30mINFO[0m Creating package descriptor '/home/orangepi/uvg_car/install/fishbot_navigation2/share/fishbot_navigation2/package.dsv'
[1.099s] [34mcolcon.colcon_core.shell[0m [1;30mINFO[0m Creating package script '/home/orangepi/uvg_car/install/fishbot_navigation2/share/fishbot_navigation2/package.sh'
[1.100s] [34mcolcon.colcon_core.shell[0m [1;30mINFO[0m Creating package script '/home/orangepi/uvg_car/install/fishbot_navigation2/share/fishbot_navigation2/package.bash'
[1.100s] [34mcolcon.colcon_core.shell[0m [1;30mINFO[0m Creating package script '/home/orangepi/uvg_car/install/fishbot_navigation2/share/fishbot_navigation2/package.zsh'
[1.101s] [34mcolcon.colcon_core.environment[0m [1;30mLevel 1[0m create_file_with_runtime_dependencies(/home/orangepi/uvg_car/install/fishbot_navigation2/share/colcon-core/packages/fishbot_navigation2)
[1.102s] [34mcolcon.colcon_core.environment[0m [1;30mLevel 1[0m create_environment_scripts_only(fishbot_navigation2)
[1.102s] [34mcolcon.colcon_core.environment[0m [1;30mLevel 1[0m checking '/home/orangepi/uvg_car/install/fishbot_navigation2' for CMake module files
[1.103s] [34mcolcon.colcon_core.environment[0m [1;30mLevel 1[0m checking '/home/orangepi/uvg_car/install/fishbot_navigation2' for CMake config files
[1.103s] [34mcolcon.colcon_core.shell[0m [1;30mLevel 1[0m create_environment_hook('fishbot_navigation2', 'cmake_prefix_path')
[1.103s] [34mcolcon.colcon_core.shell[0m [1;30mINFO[0m Creating environment hook '/home/orangepi/uvg_car/install/fishbot_navigation2/share/fishbot_navigation2/hook/cmake_prefix_path.ps1'
[1.104s] [34mcolcon.colcon_core.shell[0m [1;30mINFO[0m Creating environment descriptor '/home/orangepi/uvg_car/install/fishbot_navigation2/share/fishbot_navigation2/hook/cmake_prefix_path.dsv'
[1.104s] [34mcolcon.colcon_core.shell[0m [1;30mINFO[0m Creating environment hook '/home/orangepi/uvg_car/install/fishbot_navigation2/share/fishbot_navigation2/hook/cmake_prefix_path.sh'
[1.105s] [34mcolcon.colcon_core.environment[0m [1;30mLevel 1[0m checking '/home/orangepi/uvg_car/install/fishbot_navigation2/bin'
[1.105s] [34mcolcon.colcon_core.environment[0m [1;30mLevel 1[0m checking '/home/orangepi/uvg_car/install/fishbot_navigation2/lib/pkgconfig/fishbot_navigation2.pc'
[1.106s] [34mcolcon.colcon_core.environment[0m [1;30mLevel 1[0m checking '/home/orangepi/uvg_car/install/fishbot_navigation2/lib/python3.10/site-packages'
[1.106s] [34mcolcon.colcon_core.environment[0m [1;30mLevel 1[0m checking '/home/orangepi/uvg_car/install/fishbot_navigation2/bin'
[1.107s] [34mcolcon.colcon_core.shell[0m [1;30mINFO[0m Creating package script '/home/orangepi/uvg_car/install/fishbot_navigation2/share/fishbot_navigation2/package.ps1'
[1.108s] [34mcolcon.colcon_core.shell[0m [1;30mINFO[0m Creating package descriptor '/home/orangepi/uvg_car/install/fishbot_navigation2/share/fishbot_navigation2/package.dsv'
[1.108s] [34mcolcon.colcon_core.shell[0m [1;30mINFO[0m Creating package script '/home/orangepi/uvg_car/install/fishbot_navigation2/share/fishbot_navigation2/package.sh'
[1.109s] [34mcolcon.colcon_core.shell[0m [1;30mINFO[0m Creating package script '/home/orangepi/uvg_car/install/fishbot_navigation2/share/fishbot_navigation2/package.bash'
[1.109s] [34mcolcon.colcon_core.shell[0m [1;30mINFO[0m Creating package script '/home/orangepi/uvg_car/install/fishbot_navigation2/share/fishbot_navigation2/package.zsh'
[1.110s] [34mcolcon.colcon_core.environment[0m [1;30mLevel 1[0m create_file_with_runtime_dependencies(/home/orangepi/uvg_car/install/fishbot_navigation2/share/colcon-core/packages/fishbot_navigation2)
[1.167s] [34mcolcon.colcon_core.event_handler.log_command[0m [1;30mDEBUG[0m [32mInvoked command in '/home/orangepi/uvg_car/build/lslidar_msgs' returned '0': CMAKE_PREFIX_PATH=${CMAKE_PREFIX_PATH}:/home/orangepi/uvg_car/install/wit_ros2_imu:/home/orangepi/car_ros2/install/rknn_yolo:/opt/ros/humble /usr/bin/cmake --build /home/orangepi/uvg_car/build/lslidar_msgs -- -j8 -l8[0m
[1.171s] [34mcolcon.colcon_core.event_handler.log_command[0m [1;30mDEBUG[0m [32mInvoking command in '/home/orangepi/uvg_car/build/lslidar_msgs': CMAKE_PREFIX_PATH=${CMAKE_PREFIX_PATH}:/home/orangepi/uvg_car/install/wit_ros2_imu:/home/orangepi/car_ros2/install/rknn_yolo:/opt/ros/humble /usr/bin/cmake --install /home/orangepi/uvg_car/build/lslidar_msgs[0m
[1.265s] [34mcolcon.colcon_core.environment[0m [1;30mLevel 1[0m create_environment_scripts_only(lslidar_msgs)
[1.266s] [34mcolcon.colcon_core.environment[0m [1;30mLevel 1[0m checking '/home/orangepi/uvg_car/install/lslidar_msgs' for CMake module files
[1.268s] [34mcolcon.colcon_core.environment[0m [1;30mLevel 1[0m checking '/home/orangepi/uvg_car/install/lslidar_msgs' for CMake config files
[1.269s] [34mcolcon.colcon_core.shell[0m [1;30mLevel 1[0m create_environment_hook('lslidar_msgs', 'cmake_prefix_path')
[1.270s] [34mcolcon.colcon_core.shell[0m [1;30mINFO[0m Creating environment hook '/home/orangepi/uvg_car/install/lslidar_msgs/share/lslidar_msgs/hook/cmake_prefix_path.ps1'
[1.271s] [34mcolcon.colcon_core.shell[0m [1;30mINFO[0m Creating environment descriptor '/home/orangepi/uvg_car/install/lslidar_msgs/share/lslidar_msgs/hook/cmake_prefix_path.dsv'
[1.272s] [34mcolcon.colcon_core.shell[0m [1;30mINFO[0m Creating environment hook '/home/orangepi/uvg_car/install/lslidar_msgs/share/lslidar_msgs/hook/cmake_prefix_path.sh'
[1.273s] [34mcolcon.colcon_core.environment[0m [1;30mLevel 1[0m checking '/home/orangepi/uvg_car/install/lslidar_msgs/lib'
[1.274s] [34mcolcon.colcon_core.shell[0m [1;30mLevel 1[0m create_environment_hook('lslidar_msgs', 'ld_library_path_lib')
[1.274s] [34mcolcon.colcon_core.shell[0m [1;30mINFO[0m Creating environment hook '/home/orangepi/uvg_car/install/lslidar_msgs/share/lslidar_msgs/hook/ld_library_path_lib.ps1'
[1.275s] [34mcolcon.colcon_core.shell[0m [1;30mINFO[0m Creating environment descriptor '/home/orangepi/uvg_car/install/lslidar_msgs/share/lslidar_msgs/hook/ld_library_path_lib.dsv'
[1.276s] [34mcolcon.colcon_core.shell[0m [1;30mINFO[0m Creating environment hook '/home/orangepi/uvg_car/install/lslidar_msgs/share/lslidar_msgs/hook/ld_library_path_lib.sh'
[1.277s] [34mcolcon.colcon_core.environment[0m [1;30mLevel 1[0m checking '/home/orangepi/uvg_car/install/lslidar_msgs/bin'
[1.277s] [34mcolcon.colcon_core.environment[0m [1;30mLevel 1[0m checking '/home/orangepi/uvg_car/install/lslidar_msgs/lib/pkgconfig/lslidar_msgs.pc'
[1.278s] [34mcolcon.colcon_core.environment[0m [1;30mLevel 1[0m checking '/home/orangepi/uvg_car/install/lslidar_msgs/lib/python3.10/site-packages'
[1.278s] [34mcolcon.colcon_core.environment[0m [1;30mLevel 1[0m checking '/home/orangepi/uvg_car/install/lslidar_msgs/bin'
[1.278s] [34mcolcon.colcon_core.shell[0m [1;30mINFO[0m Creating package script '/home/orangepi/uvg_car/install/lslidar_msgs/share/lslidar_msgs/package.ps1'
[1.280s] [34mcolcon.colcon_core.shell[0m [1;30mINFO[0m Creating package descriptor '/home/orangepi/uvg_car/install/lslidar_msgs/share/lslidar_msgs/package.dsv'
[1.281s] [34mcolcon.colcon_core.shell[0m [1;30mINFO[0m Creating package script '/home/orangepi/uvg_car/install/lslidar_msgs/share/lslidar_msgs/package.sh'
[1.285s] [34mcolcon.colcon_core.shell[0m [1;30mINFO[0m Creating package script '/home/orangepi/uvg_car/install/lslidar_msgs/share/lslidar_msgs/package.bash'
[1.288s] [34mcolcon.colcon_core.shell[0m [1;30mINFO[0m Creating package script '/home/orangepi/uvg_car/install/lslidar_msgs/share/lslidar_msgs/package.zsh'
[1.291s] [34mcolcon.colcon_core.environment[0m [1;30mLevel 1[0m create_file_with_runtime_dependencies(/home/orangepi/uvg_car/install/lslidar_msgs/share/colcon-core/packages/lslidar_msgs)
[1.293s] [34mcolcon.colcon_core.environment[0m [1;30mLevel 1[0m create_environment_scripts_only(lslidar_msgs)
[1.294s] [34mcolcon.colcon_core.environment[0m [1;30mLevel 1[0m checking '/home/orangepi/uvg_car/install/lslidar_msgs' for CMake module files
[1.296s] [34mcolcon.colcon_core.environment[0m [1;30mLevel 1[0m checking '/home/orangepi/uvg_car/install/lslidar_msgs' for CMake config files
[1.297s] [34mcolcon.colcon_core.shell[0m [1;30mLevel 1[0m create_environment_hook('lslidar_msgs', 'cmake_prefix_path')
[1.298s] [34mcolcon.colcon_core.shell[0m [1;30mINFO[0m Creating environment hook '/home/orangepi/uvg_car/install/lslidar_msgs/share/lslidar_msgs/hook/cmake_prefix_path.ps1'
[1.299s] [34mcolcon.colcon_core.shell[0m [1;30mINFO[0m Creating environment descriptor '/home/orangepi/uvg_car/install/lslidar_msgs/share/lslidar_msgs/hook/cmake_prefix_path.dsv'
[1.300s] [34mcolcon.colcon_core.shell[0m [1;30mINFO[0m Creating environment hook '/home/orangepi/uvg_car/install/lslidar_msgs/share/lslidar_msgs/hook/cmake_prefix_path.sh'
[1.301s] [34mcolcon.colcon_core.environment[0m [1;30mLevel 1[0m checking '/home/orangepi/uvg_car/install/lslidar_msgs/lib'
[1.301s] [34mcolcon.colcon_core.shell[0m [1;30mLevel 1[0m create_environment_hook('lslidar_msgs', 'ld_library_path_lib')
[1.302s] [34mcolcon.colcon_core.shell[0m [1;30mINFO[0m Creating environment hook '/home/orangepi/uvg_car/install/lslidar_msgs/share/lslidar_msgs/hook/ld_library_path_lib.ps1'
[1.303s] [34mcolcon.colcon_core.shell[0m [1;30mINFO[0m Creating environment descriptor '/home/orangepi/uvg_car/install/lslidar_msgs/share/lslidar_msgs/hook/ld_library_path_lib.dsv'
[1.305s] [34mcolcon.colcon_core.event_handler.log_command[0m [1;30mDEBUG[0m [32mInvoked command in '/home/orangepi/uvg_car/build/lslidar_msgs' returned '0': CMAKE_PREFIX_PATH=${CMAKE_PREFIX_PATH}:/home/orangepi/uvg_car/install/wit_ros2_imu:/home/orangepi/car_ros2/install/rknn_yolo:/opt/ros/humble /usr/bin/cmake --install /home/orangepi/uvg_car/build/lslidar_msgs[0m
[1.305s] [34mcolcon.colcon_core.shell[0m [1;30mINFO[0m Creating environment hook '/home/orangepi/uvg_car/install/lslidar_msgs/share/lslidar_msgs/hook/ld_library_path_lib.sh'
[1.306s] [34mcolcon.colcon_core.environment[0m [1;30mLevel 1[0m checking '/home/orangepi/uvg_car/install/lslidar_msgs/bin'
[1.306s] [34mcolcon.colcon_core.environment[0m [1;30mLevel 1[0m checking '/home/orangepi/uvg_car/install/lslidar_msgs/lib/pkgconfig/lslidar_msgs.pc'
[1.306s] [34mcolcon.colcon_core.environment[0m [1;30mLevel 1[0m checking '/home/orangepi/uvg_car/install/lslidar_msgs/lib/python3.10/site-packages'
[1.306s] [34mcolcon.colcon_core.environment[0m [1;30mLevel 1[0m checking '/home/orangepi/uvg_car/install/lslidar_msgs/bin'
[1.307s] [34mcolcon.colcon_core.shell[0m [1;30mINFO[0m Creating package script '/home/orangepi/uvg_car/install/lslidar_msgs/share/lslidar_msgs/package.ps1'
[1.308s] [34mcolcon.colcon_core.shell[0m [1;30mINFO[0m Creating package descriptor '/home/orangepi/uvg_car/install/lslidar_msgs/share/lslidar_msgs/package.dsv'
[1.308s] [34mcolcon.colcon_core.shell[0m [1;30mINFO[0m Creating package script '/home/orangepi/uvg_car/install/lslidar_msgs/share/lslidar_msgs/package.sh'
[1.309s] [34mcolcon.colcon_core.shell[0m [1;30mINFO[0m Creating package script '/home/orangepi/uvg_car/install/lslidar_msgs/share/lslidar_msgs/package.bash'
[1.310s] [34mcolcon.colcon_core.shell[0m [1;30mINFO[0m Creating package script '/home/orangepi/uvg_car/install/lslidar_msgs/share/lslidar_msgs/package.zsh'
[1.310s] [34mcolcon.colcon_core.environment[0m [1;30mLevel 1[0m create_file_with_runtime_dependencies(/home/orangepi/uvg_car/install/lslidar_msgs/share/colcon-core/packages/lslidar_msgs)
[1.311s] [34mcolcon.colcon_ros.task.ament_cmake.build[0m [1;30mINFO[0m Building ROS package in '/home/orangepi/uvg_car/src/LSLIDAR_X_ROS2-20240228/src/lslidar_driver' with build type 'ament_cmake'
[1.311s] [34mcolcon.colcon_cmake.task.cmake.build[0m [1;30mINFO[0m Building CMake package in '/home/orangepi/uvg_car/src/LSLIDAR_X_ROS2-20240228/src/lslidar_driver'
[1.312s] [34mcolcon.colcon_core.shell[0m [1;30mINFO[0m Skip shell extension 'powershell' for command environment: Not usable outside of PowerShell
[1.312s] [34mcolcon.colcon_core.shell[0m [1;30mDEBUG[0m [32mSkip shell extension 'dsv' for command environment[0m
[1.334s] [34mcolcon.colcon_core.event_handler.log_command[0m [1;30mDEBUG[0m [32mInvoking command in '/home/orangepi/uvg_car/build/lslidar_driver': CMAKE_PREFIX_PATH=/home/orangepi/uvg_car/install/lslidar_msgs:/home/orangepi/uvg_car/install/point_lio:/home/orangepi/ws_livox/install/livox_ros_driver2:/home/orangepi/uvg_car/install/lslidar_driver:/home/orangepi/uvg_car/install/fishbot_navigation2:/home/orangepi/uvg_car/install/fishbot_cartographer:/home/orangepi/uvg_car/install/wit_ros2_imu:/home/orangepi/car_ros2/install/rknn_yolo:/opt/ros/humble LD_LIBRARY_PATH=/home/orangepi/uvg_car/install/lslidar_msgs/lib:/home/orangepi/ws_livox/install/livox_ros_driver2/lib:/opt/ros/humble/opt/rviz_ogre_vendor/lib:/opt/ros/humble/lib/aarch64-linux-gnu:/opt/ros/humble/lib /usr/bin/cmake --build /home/orangepi/uvg_car/build/lslidar_driver -- -j8 -l8[0m
[1.506s] [34mcolcon.colcon_core.event_handler.log_command[0m [1;30mDEBUG[0m [32mInvoking command in '/home/orangepi/uvg_car/src/wit_ros2_imu': PYTHONPATH=/home/orangepi/uvg_car/build/wit_ros2_imu/prefix_override:/usr/lib/python3/dist-packages/colcon_core/task/python/colcon_distutils_commands:/home/orangepi/uvg_car/install/wit_ros2_imu/lib/python3.10/site-packages:${PYTHONPATH} /usr/bin/python3 -W ignore:setup.py install is deprecated -W ignore:easy_install command is deprecated setup.py egg_info --egg-base ../../build/wit_ros2_imu build --build-base /home/orangepi/uvg_car/build/wit_ros2_imu/build install --record /home/orangepi/uvg_car/build/wit_ros2_imu/install.log --install-scripts $base/lib/wit_ros2_imu --single-version-externally-managed install_data[0m
[1.597s] [34mcolcon.colcon_core.event_handler.log_command[0m [1;30mDEBUG[0m [32mInvoked command in '/home/orangepi/uvg_car/build/lslidar_driver' returned '0': CMAKE_PREFIX_PATH=/home/orangepi/uvg_car/install/lslidar_msgs:/home/orangepi/uvg_car/install/point_lio:/home/orangepi/ws_livox/install/livox_ros_driver2:/home/orangepi/uvg_car/install/lslidar_driver:/home/orangepi/uvg_car/install/fishbot_navigation2:/home/orangepi/uvg_car/install/fishbot_cartographer:/home/orangepi/uvg_car/install/wit_ros2_imu:/home/orangepi/car_ros2/install/rknn_yolo:/opt/ros/humble LD_LIBRARY_PATH=/home/orangepi/uvg_car/install/lslidar_msgs/lib:/home/orangepi/ws_livox/install/livox_ros_driver2/lib:/opt/ros/humble/opt/rviz_ogre_vendor/lib:/opt/ros/humble/lib/aarch64-linux-gnu:/opt/ros/humble/lib /usr/bin/cmake --build /home/orangepi/uvg_car/build/lslidar_driver -- -j8 -l8[0m
[1.607s] [34mcolcon.colcon_core.event_handler.log_command[0m [1;30mDEBUG[0m [32mInvoking command in '/home/orangepi/uvg_car/build/lslidar_driver': CMAKE_PREFIX_PATH=/home/orangepi/uvg_car/install/lslidar_msgs:/home/orangepi/uvg_car/install/point_lio:/home/orangepi/ws_livox/install/livox_ros_driver2:/home/orangepi/uvg_car/install/lslidar_driver:/home/orangepi/uvg_car/install/fishbot_navigation2:/home/orangepi/uvg_car/install/fishbot_cartographer:/home/orangepi/uvg_car/install/wit_ros2_imu:/home/orangepi/car_ros2/install/rknn_yolo:/opt/ros/humble LD_LIBRARY_PATH=/home/orangepi/uvg_car/install/lslidar_msgs/lib:/home/orangepi/ws_livox/install/livox_ros_driver2/lib:/opt/ros/humble/opt/rviz_ogre_vendor/lib:/opt/ros/humble/lib/aarch64-linux-gnu:/opt/ros/humble/lib /usr/bin/cmake --install /home/orangepi/uvg_car/build/lslidar_driver[0m
[1.625s] [34mcolcon.colcon_core.environment[0m [1;30mLevel 1[0m create_environment_scripts_only(lslidar_driver)
[1.627s] [34mcolcon.colcon_core.environment[0m [1;30mLevel 1[0m checking '/home/orangepi/uvg_car/install/lslidar_driver' for CMake module files
[1.634s] [34mcolcon.colcon_core.environment[0m [1;30mLevel 1[0m checking '/home/orangepi/uvg_car/install/lslidar_driver' for CMake config files
[1.638s] [34mcolcon.colcon_core.shell[0m [1;30mLevel 1[0m create_environment_hook('lslidar_driver', 'cmake_prefix_path')
[1.641s] [34mcolcon.colcon_core.shell[0m [1;30mINFO[0m Creating environment hook '/home/orangepi/uvg_car/install/lslidar_driver/share/lslidar_driver/hook/cmake_prefix_path.ps1'
[1.643s] [34mcolcon.colcon_core.event_handler.log_command[0m [1;30mDEBUG[0m [32mInvoked command in '/home/orangepi/uvg_car/build/lslidar_driver' returned '0': CMAKE_PREFIX_PATH=/home/orangepi/uvg_car/install/lslidar_msgs:/home/orangepi/uvg_car/install/point_lio:/home/orangepi/ws_livox/install/livox_ros_driver2:/home/orangepi/uvg_car/install/lslidar_driver:/home/orangepi/uvg_car/install/fishbot_navigation2:/home/orangepi/uvg_car/install/fishbot_cartographer:/home/orangepi/uvg_car/install/wit_ros2_imu:/home/orangepi/car_ros2/install/rknn_yolo:/opt/ros/humble LD_LIBRARY_PATH=/home/orangepi/uvg_car/install/lslidar_msgs/lib:/home/orangepi/ws_livox/install/livox_ros_driver2/lib:/opt/ros/humble/opt/rviz_ogre_vendor/lib:/opt/ros/humble/lib/aarch64-linux-gnu:/opt/ros/humble/lib /usr/bin/cmake --install /home/orangepi/uvg_car/build/lslidar_driver[0m
[1.645s] [34mcolcon.colcon_core.shell[0m [1;30mINFO[0m Creating environment descriptor '/home/orangepi/uvg_car/install/lslidar_driver/share/lslidar_driver/hook/cmake_prefix_path.dsv'
[1.648s] [34mcolcon.colcon_core.shell[0m [1;30mINFO[0m Creating environment hook '/home/orangepi/uvg_car/install/lslidar_driver/share/lslidar_driver/hook/cmake_prefix_path.sh'
[1.651s] [34mcolcon.colcon_core.environment[0m [1;30mLevel 1[0m checking '/home/orangepi/uvg_car/install/lslidar_driver/lib'
[1.651s] [34mcolcon.colcon_core.environment[0m [1;30mLevel 1[0m checking '/home/orangepi/uvg_car/install/lslidar_driver/bin'
[1.652s] [34mcolcon.colcon_core.environment[0m [1;30mLevel 1[0m checking '/home/orangepi/uvg_car/install/lslidar_driver/lib/pkgconfig/lslidar_driver.pc'
[1.653s] [34mcolcon.colcon_core.environment[0m [1;30mLevel 1[0m checking '/home/orangepi/uvg_car/install/lslidar_driver/lib/python3.10/site-packages'
[1.654s] [34mcolcon.colcon_core.environment[0m [1;30mLevel 1[0m checking '/home/orangepi/uvg_car/install/lslidar_driver/bin'
[1.656s] [34mcolcon.colcon_core.shell[0m [1;30mINFO[0m Creating package script '/home/orangepi/uvg_car/install/lslidar_driver/share/lslidar_driver/package.ps1'
[1.661s] [34mcolcon.colcon_core.shell[0m [1;30mINFO[0m Creating package descriptor '/home/orangepi/uvg_car/install/lslidar_driver/share/lslidar_driver/package.dsv'
[1.665s] [34mcolcon.colcon_core.shell[0m [1;30mINFO[0m Creating package script '/home/orangepi/uvg_car/install/lslidar_driver/share/lslidar_driver/package.sh'
[1.669s] [34mcolcon.colcon_core.shell[0m [1;30mINFO[0m Creating package script '/home/orangepi/uvg_car/install/lslidar_driver/share/lslidar_driver/package.bash'
[1.671s] [34mcolcon.colcon_core.shell[0m [1;30mINFO[0m Creating package script '/home/orangepi/uvg_car/install/lslidar_driver/share/lslidar_driver/package.zsh'
[1.673s] [34mcolcon.colcon_core.environment[0m [1;30mLevel 1[0m create_file_with_runtime_dependencies(/home/orangepi/uvg_car/install/lslidar_driver/share/colcon-core/packages/lslidar_driver)
[1.676s] [34mcolcon.colcon_core.environment[0m [1;30mLevel 1[0m create_environment_scripts_only(lslidar_driver)
[1.677s] [34mcolcon.colcon_core.environment[0m [1;30mLevel 1[0m checking '/home/orangepi/uvg_car/install/lslidar_driver' for CMake module files
[1.679s] [34mcolcon.colcon_core.environment[0m [1;30mLevel 1[0m checking '/home/orangepi/uvg_car/install/lslidar_driver' for CMake config files
[1.680s] [34mcolcon.colcon_core.shell[0m [1;30mLevel 1[0m create_environment_hook('lslidar_driver', 'cmake_prefix_path')
[1.681s] [34mcolcon.colcon_core.shell[0m [1;30mINFO[0m Creating environment hook '/home/orangepi/uvg_car/install/lslidar_driver/share/lslidar_driver/hook/cmake_prefix_path.ps1'
[1.683s] [34mcolcon.colcon_core.shell[0m [1;30mINFO[0m Creating environment descriptor '/home/orangepi/uvg_car/install/lslidar_driver/share/lslidar_driver/hook/cmake_prefix_path.dsv'
[1.684s] [34mcolcon.colcon_core.shell[0m [1;30mINFO[0m Creating environment hook '/home/orangepi/uvg_car/install/lslidar_driver/share/lslidar_driver/hook/cmake_prefix_path.sh'
[1.686s] [34mcolcon.colcon_core.environment[0m [1;30mLevel 1[0m checking '/home/orangepi/uvg_car/install/lslidar_driver/lib'
[1.687s] [34mcolcon.colcon_core.environment[0m [1;30mLevel 1[0m checking '/home/orangepi/uvg_car/install/lslidar_driver/bin'
[1.687s] [34mcolcon.colcon_core.environment[0m [1;30mLevel 1[0m checking '/home/orangepi/uvg_car/install/lslidar_driver/lib/pkgconfig/lslidar_driver.pc'
[1.688s] [34mcolcon.colcon_core.environment[0m [1;30mLevel 1[0m checking '/home/orangepi/uvg_car/install/lslidar_driver/lib/python3.10/site-packages'
[1.689s] [34mcolcon.colcon_core.environment[0m [1;30mLevel 1[0m checking '/home/orangepi/uvg_car/install/lslidar_driver/bin'
[1.690s] [34mcolcon.colcon_core.shell[0m [1;30mINFO[0m Creating package script '/home/orangepi/uvg_car/install/lslidar_driver/share/lslidar_driver/package.ps1'
[1.692s] [34mcolcon.colcon_core.shell[0m [1;30mINFO[0m Creating package descriptor '/home/orangepi/uvg_car/install/lslidar_driver/share/lslidar_driver/package.dsv'
[1.694s] [34mcolcon.colcon_core.shell[0m [1;30mINFO[0m Creating package script '/home/orangepi/uvg_car/install/lslidar_driver/share/lslidar_driver/package.sh'
[1.695s] [34mcolcon.colcon_core.shell[0m [1;30mINFO[0m Creating package script '/home/orangepi/uvg_car/install/lslidar_driver/share/lslidar_driver/package.bash'
[1.695s] [34mcolcon.colcon_core.shell[0m [1;30mINFO[0m Creating package script '/home/orangepi/uvg_car/install/lslidar_driver/share/lslidar_driver/package.zsh'
[1.696s] [34mcolcon.colcon_core.environment[0m [1;30mLevel 1[0m create_file_with_runtime_dependencies(/home/orangepi/uvg_car/install/lslidar_driver/share/colcon-core/packages/lslidar_driver)
[1.994s] [34mcolcon.colcon_core.environment[0m [1;30mLevel 1[0m checking '/home/orangepi/uvg_car/install/wit_ros2_imu' for CMake module files
[1.997s] [34mcolcon.colcon_core.event_handler.log_command[0m [1;30mDEBUG[0m [32mInvoked command in '/home/orangepi/uvg_car/src/wit_ros2_imu' returned '0': PYTHONPATH=/home/orangepi/uvg_car/build/wit_ros2_imu/prefix_override:/usr/lib/python3/dist-packages/colcon_core/task/python/colcon_distutils_commands:/home/orangepi/uvg_car/install/wit_ros2_imu/lib/python3.10/site-packages:${PYTHONPATH} /usr/bin/python3 -W ignore:setup.py install is deprecated -W ignore:easy_install command is deprecated setup.py egg_info --egg-base ../../build/wit_ros2_imu build --build-base /home/orangepi/uvg_car/build/wit_ros2_imu/build install --record /home/orangepi/uvg_car/build/wit_ros2_imu/install.log --install-scripts $base/lib/wit_ros2_imu --single-version-externally-managed install_data[0m
[1.997s] [34mcolcon.colcon_core.environment[0m [1;30mLevel 1[0m checking '/home/orangepi/uvg_car/install/wit_ros2_imu' for CMake config files
[1.998s] [34mcolcon.colcon_core.environment[0m [1;30mLevel 1[0m checking '/home/orangepi/uvg_car/install/wit_ros2_imu/lib'
[1.998s] [34mcolcon.colcon_core.environment[0m [1;30mLevel 1[0m checking '/home/orangepi/uvg_car/install/wit_ros2_imu/bin'
[1.998s] [34mcolcon.colcon_core.environment[0m [1;30mLevel 1[0m checking '/home/orangepi/uvg_car/install/wit_ros2_imu/lib/pkgconfig/wit_ros2_imu.pc'
[1.999s] [34mcolcon.colcon_core.environment[0m [1;30mLevel 1[0m checking '/home/orangepi/uvg_car/install/wit_ros2_imu/lib/python3.10/site-packages'
[1.999s] [34mcolcon.colcon_core.shell[0m [1;30mLevel 1[0m create_environment_hook('wit_ros2_imu', 'pythonpath')
[1.999s] [34mcolcon.colcon_core.shell[0m [1;30mINFO[0m Creating environment hook '/home/orangepi/uvg_car/install/wit_ros2_imu/share/wit_ros2_imu/hook/pythonpath.ps1'
[2.000s] [34mcolcon.colcon_core.shell[0m [1;30mINFO[0m Creating environment descriptor '/home/orangepi/uvg_car/install/wit_ros2_imu/share/wit_ros2_imu/hook/pythonpath.dsv'
[2.000s] [34mcolcon.colcon_core.shell[0m [1;30mINFO[0m Creating environment hook '/home/orangepi/uvg_car/install/wit_ros2_imu/share/wit_ros2_imu/hook/pythonpath.sh'
[2.001s] [34mcolcon.colcon_core.environment[0m [1;30mLevel 1[0m checking '/home/orangepi/uvg_car/install/wit_ros2_imu/bin'
[2.001s] [34mcolcon.colcon_core.environment[0m [1;30mLevel 1[0m create_environment_scripts_only(wit_ros2_imu)
[2.002s] [34mcolcon.colcon_core.shell[0m [1;30mINFO[0m Creating package script '/home/orangepi/uvg_car/install/wit_ros2_imu/share/wit_ros2_imu/package.ps1'
[2.002s] [34mcolcon.colcon_core.shell[0m [1;30mINFO[0m Creating package descriptor '/home/orangepi/uvg_car/install/wit_ros2_imu/share/wit_ros2_imu/package.dsv'
[2.003s] [34mcolcon.colcon_core.shell[0m [1;30mINFO[0m Creating package script '/home/orangepi/uvg_car/install/wit_ros2_imu/share/wit_ros2_imu/package.sh'
[2.003s] [34mcolcon.colcon_core.shell[0m [1;30mINFO[0m Creating package script '/home/orangepi/uvg_car/install/wit_ros2_imu/share/wit_ros2_imu/package.bash'
[2.004s] [34mcolcon.colcon_core.shell[0m [1;30mINFO[0m Creating package script '/home/orangepi/uvg_car/install/wit_ros2_imu/share/wit_ros2_imu/package.zsh'
[2.004s] [34mcolcon.colcon_core.environment[0m [1;30mLevel 1[0m create_file_with_runtime_dependencies(/home/orangepi/uvg_car/install/wit_ros2_imu/share/colcon-core/packages/wit_ros2_imu)
[2.005s] [34mcolcon.colcon_parallel_executor.executor.parallel[0m [1;30mDEBUG[0m [32mclosing loop[0m
[2.005s] [34mcolcon.colcon_parallel_executor.executor.parallel[0m [1;30mDEBUG[0m [32mloop closed[0m
[2.005s] [34mcolcon.colcon_parallel_executor.executor.parallel[0m [1;30mDEBUG[0m [32mrun_until_complete finished with '0'[0m
[2.005s] [34mcolcon.colcon_core.event_reactor[0m [1;30mDEBUG[0m [32mjoining thread[0m
[2.022s] [34mcolcon.colcon_core.plugin_system[0m [1;30mINFO[0m Skipping extension 'colcon_notification.desktop_notification.terminal_notifier': Not used on non-Darwin systems
[2.022s] [34mcolcon.colcon_core.plugin_system[0m [1;30mINFO[0m Skipping extension 'colcon_notification.desktop_notification.win32': Not used on non-Windows systems
[2.022s] [34mcolcon.colcon_notification.desktop_notification[0m [1;30mINFO[0m Sending desktop notification using 'notify2'
[2.037s] [34mcolcon.colcon_core.event_reactor[0m [1;30mDEBUG[0m [32mjoined thread[0m
[2.039s] [34mcolcon.colcon_core.shell[0m [1;30mINFO[0m Creating prefix script '/home/orangepi/uvg_car/install/local_setup.ps1'
[2.048s] [34mcolcon.colcon_core.shell[0m [1;30mINFO[0m Creating prefix util module '/home/orangepi/uvg_car/install/_local_setup_util_ps1.py'
[2.067s] [34mcolcon.colcon_core.shell[0m [1;30mINFO[0m Creating prefix chain script '/home/orangepi/uvg_car/install/setup.ps1'
[2.079s] [34mcolcon.colcon_core.shell[0m [1;30mINFO[0m Creating prefix script '/home/orangepi/uvg_car/install/local_setup.sh'
[2.082s] [34mcolcon.colcon_core.shell[0m [1;30mINFO[0m Creating prefix util module '/home/orangepi/uvg_car/install/_local_setup_util_sh.py'
[2.084s] [34mcolcon.colcon_core.shell[0m [1;30mINFO[0m Creating prefix chain script '/home/orangepi/uvg_car/install/setup.sh'
[2.086s] [34mcolcon.colcon_core.shell[0m [1;30mINFO[0m Creating prefix script '/home/orangepi/uvg_car/install/local_setup.bash'
[2.087s] [34mcolcon.colcon_core.shell[0m [1;30mINFO[0m Creating prefix chain script '/home/orangepi/uvg_car/install/setup.bash'
[2.089s] [34mcolcon.colcon_core.shell[0m [1;30mINFO[0m Creating prefix script '/home/orangepi/uvg_car/install/local_setup.zsh'
[2.090s] [34mcolcon.colcon_core.shell[0m [1;30mINFO[0m Creating prefix chain script '/home/orangepi/uvg_car/install/setup.zsh'
