[0.048s] Invoking command in '/home/orangepi/uvg_car/build/oakchina_vio_package': CMAKE_PREFIX_PATH=${CMAKE_PREFIX_PATH}:/home/orangepi/uvg_car/install/wit_ros2_imu:/opt/ros/humble /usr/bin/cmake --build /home/orangepi/uvg_car/build/oakchina_vio_package -- -j8 -l8
[0.136s] [35m[1mConsolidate compiler generated dependencies of target oakchina_vio_package_node[0m
[0.161s] [ 50%] [32mBuilding CXX object CMakeFiles/oakchina_vio_package_node.dir/src/main.cpp.o[0m
[12.937s] [100%] [32m[1mLinking CXX executable oakchina_vio_package_node[0m
[13.918s] /usr/bin/ld: warning: libopencv_imgcodecs.so.4.5d, needed by /opt/ros/humble/lib/libcv_bridge.so, may conflict with libopencv_imgcodecs.so.4.2
[13.919s] /usr/bin/ld: warning: libopencv_core.so.4.5d, needed by /opt/ros/humble/lib/libcv_bridge.so, may conflict with libopencv_core.so.4.2
[14.742s] [100%] Built target oakchina_vio_package_node
[14.785s] Invoked command in '/home/orangepi/uvg_car/build/oakchina_vio_package' returned '0': CMAKE_PREFIX_PATH=${CMAKE_PREFIX_PATH}:/home/orangepi/uvg_car/install/wit_ros2_imu:/opt/ros/humble /usr/bin/cmake --build /home/orangepi/uvg_car/build/oakchina_vio_package -- -j8 -l8
[14.790s] Invoking command in '/home/orangepi/uvg_car/build/oakchina_vio_package': CMAKE_PREFIX_PATH=${CMAKE_PREFIX_PATH}:/home/orangepi/uvg_car/install/wit_ros2_imu:/opt/ros/humble /usr/bin/cmake --install /home/orangepi/uvg_car/build/oakchina_vio_package
[14.821s] -- Install configuration: ""
[14.821s] -- Installing: /home/orangepi/uvg_car/install/oakchina_vio_package/lib/oakchina_vio_package/oakchina_vio_package_node
[14.833s] -- Set runtime path of "/home/orangepi/uvg_car/install/oakchina_vio_package/lib/oakchina_vio_package/oakchina_vio_package_node" to ""
[14.834s] -- Up-to-date: /home/orangepi/uvg_car/install/oakchina_vio_package/lib/libcarina_client.so
[14.834s] -- Up-to-date: /home/orangepi/uvg_car/install/oakchina_vio_package/lib/libcarina_vio.so
[14.834s] -- Up-to-date: /home/orangepi/uvg_car/install/oakchina_vio_package/lib/libcarina_vio_client.so
[14.834s] -- Up-to-date: /home/orangepi/uvg_car/install/oakchina_vio_package/lib/libopencv_calib3d.so.4.2
[14.835s] -- Up-to-date: /home/orangepi/uvg_car/install/oakchina_vio_package/lib/libopencv_core.so.4.2
[14.835s] -- Up-to-date: /home/orangepi/uvg_car/install/oakchina_vio_package/lib/libopencv_imgcodecs.so.4.2
[14.835s] -- Up-to-date: /home/orangepi/uvg_car/install/oakchina_vio_package/share/oakchina_vio_package/launch
[14.835s] -- Up-to-date: /home/orangepi/uvg_car/install/oakchina_vio_package/share/oakchina_vio_package/launch/oakchina_vio.launch.py
[14.836s] -- Up-to-date: /home/orangepi/uvg_car/install/oakchina_vio_package/share/oakchina_vio_package/launch/oakchina_vio.launch
[14.837s] -- Up-to-date: /home/orangepi/uvg_car/install/oakchina_vio_package/share/oakchina_vio_package/config
[14.839s] -- Up-to-date: /home/orangepi/uvg_car/install/oakchina_vio_package/share/oakchina_vio_package/config/database.bin
[14.839s] -- Up-to-date: /home/orangepi/uvg_car/install/oakchina_vio_package/share/oakchina_vio_package/config/custom_config.yaml
[14.839s] -- Up-to-date: /home/orangepi/uvg_car/install/oakchina_vio_package/share/oakchina_vio_package/rviz
[14.839s] -- Up-to-date: /home/orangepi/uvg_car/install/oakchina_vio_package/share/oakchina_vio_package/rviz/oakchina_vio.rviz
[14.839s] -- Up-to-date: /home/orangepi/uvg_car/install/oakchina_vio_package/share/oakchina_vio_package/environment/library_path.sh
[14.840s] -- Up-to-date: /home/orangepi/uvg_car/install/oakchina_vio_package/share/oakchina_vio_package/environment/library_path.dsv
[14.840s] -- Up-to-date: /home/orangepi/uvg_car/install/oakchina_vio_package/share/ament_index/resource_index/package_run_dependencies/oakchina_vio_package
[14.840s] -- Up-to-date: /home/orangepi/uvg_car/install/oakchina_vio_package/share/ament_index/resource_index/parent_prefix_path/oakchina_vio_package
[14.840s] -- Up-to-date: /home/orangepi/uvg_car/install/oakchina_vio_package/share/oakchina_vio_package/environment/ament_prefix_path.sh
[14.840s] -- Up-to-date: /home/orangepi/uvg_car/install/oakchina_vio_package/share/oakchina_vio_package/environment/ament_prefix_path.dsv
[14.841s] -- Up-to-date: /home/orangepi/uvg_car/install/oakchina_vio_package/share/oakchina_vio_package/environment/path.sh
[14.841s] -- Up-to-date: /home/orangepi/uvg_car/install/oakchina_vio_package/share/oakchina_vio_package/environment/path.dsv
[14.841s] -- Up-to-date: /home/orangepi/uvg_car/install/oakchina_vio_package/share/oakchina_vio_package/local_setup.bash
[14.841s] -- Up-to-date: /home/orangepi/uvg_car/install/oakchina_vio_package/share/oakchina_vio_package/local_setup.sh
[14.841s] -- Up-to-date: /home/orangepi/uvg_car/install/oakchina_vio_package/share/oakchina_vio_package/local_setup.zsh
[14.841s] -- Up-to-date: /home/orangepi/uvg_car/install/oakchina_vio_package/share/oakchina_vio_package/local_setup.dsv
[14.842s] -- Installing: /home/orangepi/uvg_car/install/oakchina_vio_package/share/oakchina_vio_package/package.dsv
[14.842s] -- Up-to-date: /home/orangepi/uvg_car/install/oakchina_vio_package/share/ament_index/resource_index/packages/oakchina_vio_package
[14.843s] -- Up-to-date: /home/orangepi/uvg_car/install/oakchina_vio_package/share/oakchina_vio_package/cmake/ament_cmake_export_dependencies-extras.cmake
[14.843s] -- Up-to-date: /home/orangepi/uvg_car/install/oakchina_vio_package/share/oakchina_vio_package/cmake/ament_cmake_export_include_directories-extras.cmake
[14.843s] -- Up-to-date: /home/orangepi/uvg_car/install/oakchina_vio_package/share/oakchina_vio_package/cmake/ament_cmake_export_libraries-extras.cmake
[14.844s] -- Up-to-date: /home/orangepi/uvg_car/install/oakchina_vio_package/share/oakchina_vio_package/cmake/oakchina_vio_packageConfig.cmake
[14.844s] -- Up-to-date: /home/orangepi/uvg_car/install/oakchina_vio_package/share/oakchina_vio_package/cmake/oakchina_vio_packageConfig-version.cmake
[14.844s] -- Up-to-date: /home/orangepi/uvg_car/install/oakchina_vio_package/share/oakchina_vio_package/package.xml
[14.845s] Invoked command in '/home/orangepi/uvg_car/build/oakchina_vio_package' returned '0': CMAKE_PREFIX_PATH=${CMAKE_PREFIX_PATH}:/home/orangepi/uvg_car/install/wit_ros2_imu:/opt/ros/humble /usr/bin/cmake --install /home/orangepi/uvg_car/build/oakchina_vio_package
