-- Install configuration: ""
-- Up-to-date: /home/orangepi/uvg_car/install/fishbot_cartographer/share/fishbot_cartographer/config
-- Up-to-date: /home/orangepi/uvg_car/install/fishbot_cartographer/share/fishbot_cartographer/config/fishbot_2d.lua
-- Up-to-date: /home/orangepi/uvg_car/install/fishbot_cartographer/share/fishbot_cartographer/launch
-- Installing: /home/orangepi/uvg_car/install/fishbot_cartographer/share/fishbot_cartographer/launch/cartographer.launch.py
-- Up-to-date: /home/orangepi/uvg_car/install/fishbot_cartographer/share/fishbot_cartographer/rviz
-- Up-to-date: /home/orangepi/uvg_car/install/fishbot_cartographer/share/fishbot_cartographer/rviz/fishbot_cartographer.rviz
-- Up-to-date: /home/orangepi/uvg_car/install/fishbot_cartographer/share/fishbot_cartographer/urdf
-- Up-to-date: /home/orangepi/uvg_car/install/fishbot_cartographer/share/fishbot_cartographer/urdf/fishot_2d.urdf
-- Up-to-date: /home/orangepi/uvg_car/install/fishbot_cartographer/share/fishbot_cartographer/map
-- Up-to-date: /home/orangepi/uvg_car/install/fishbot_cartographer/share/fishbot_cartographer/map/fishbot_map.pgm
-- Up-to-date: /home/orangepi/uvg_car/install/fishbot_cartographer/share/fishbot_cartographer/map/fishbot_map.yaml
-- Up-to-date: /home/orangepi/uvg_car/install/fishbot_cartographer/share/ament_index/resource_index/package_run_dependencies/fishbot_cartographer
-- Up-to-date: /home/orangepi/uvg_car/install/fishbot_cartographer/share/ament_index/resource_index/parent_prefix_path/fishbot_cartographer
-- Up-to-date: /home/orangepi/uvg_car/install/fishbot_cartographer/share/fishbot_cartographer/environment/ament_prefix_path.sh
-- Up-to-date: /home/orangepi/uvg_car/install/fishbot_cartographer/share/fishbot_cartographer/environment/ament_prefix_path.dsv
-- Up-to-date: /home/orangepi/uvg_car/install/fishbot_cartographer/share/fishbot_cartographer/environment/path.sh
-- Up-to-date: /home/orangepi/uvg_car/install/fishbot_cartographer/share/fishbot_cartographer/environment/path.dsv
-- Up-to-date: /home/orangepi/uvg_car/install/fishbot_cartographer/share/fishbot_cartographer/local_setup.bash
-- Up-to-date: /home/orangepi/uvg_car/install/fishbot_cartographer/share/fishbot_cartographer/local_setup.sh
-- Up-to-date: /home/orangepi/uvg_car/install/fishbot_cartographer/share/fishbot_cartographer/local_setup.zsh
-- Up-to-date: /home/orangepi/uvg_car/install/fishbot_cartographer/share/fishbot_cartographer/local_setup.dsv
-- Installing: /home/orangepi/uvg_car/install/fishbot_cartographer/share/fishbot_cartographer/package.dsv
-- Up-to-date: /home/orangepi/uvg_car/install/fishbot_cartographer/share/ament_index/resource_index/packages/fishbot_cartographer
-- Up-to-date: /home/orangepi/uvg_car/install/fishbot_cartographer/share/fishbot_cartographer/cmake/fishbot_cartographerConfig.cmake
-- Up-to-date: /home/orangepi/uvg_car/install/fishbot_cartographer/share/fishbot_cartographer/cmake/fishbot_cartographerConfig-version.cmake
-- Up-to-date: /home/orangepi/uvg_car/install/fishbot_cartographer/share/fishbot_cartographer/package.xml
