[0.030s] Invoking command in '/home/orangepi/uvg_car/build/lslidar_driver': CMAKE_PREFIX_PATH=/home/orangepi/uvg_car/install/lslidar_msgs:/home/orangepi/uvg_car/install/oakchina_vio_package:/home/orangepi/uvg_car/install/lslidar_driver:/home/orangepi/uvg_car/install/fishbot_navigation2:/home/orangepi/uvg_car/install/fishbot_cartographer:/home/orangepi/car_ros2/install/rknn_yolo:/opt/ros/humble LD_LIBRARY_PATH=/home/orangepi/uvg_car/install/lslidar_msgs/lib:/usr/local/lib:/usr/local/lib:/home/orangepi/uvg_car/install/oakchina_vio_package/lib:/opt/ros/humble/opt/rviz_ogre_vendor/lib:/opt/ros/humble/lib/aarch64-linux-gnu:/opt/ros/humble/lib /usr/bin/cmake /home/orangepi/uvg_car/src/LSLIDAR_X_ROS2-20240228/src/lslidar_driver -DCMAKE_INSTALL_PREFIX=/home/orangepi/uvg_car/install/lslidar_driver
[0.254s] -- The C compiler identification is GNU 11.4.0
[0.430s] -- The CXX compiler identification is GNU 11.4.0
[0.456s] -- Detecting C compiler ABI info
[0.722s] -- Detecting C compiler ABI info - done
[0.729s] -- Check for working C compiler: /usr/bin/cc - skipped
[0.730s] -- Detecting C compile features
[0.731s] -- Detecting C compile features - done
[0.734s] -- Detecting CXX compiler ABI info
[0.973s] -- Detecting CXX compiler ABI info - done
[1.027s] -- Check for working CXX compiler: /usr/bin/c++ - skipped
[1.028s] -- Detecting CXX compile features
[1.028s] -- Detecting CXX compile features - done
[1.560s] -- Found Boost: /usr/lib/aarch64-linux-gnu/cmake/Boost-1.74.0/BoostConfig.cmake (found version "1.74.0") found components: thread 
[1.563s] -- Found rclcpp: 16.0.12 (/opt/ros/humble/share/rclcpp/cmake)
[1.977s] -- Found Python3: /usr/bin/python3 (found version "3.10.12") found components: Interpreter 
[2.256s] -- Found rosidl_generator_c: 3.1.6 (/opt/ros/humble/share/rosidl_generator_c/cmake)
[2.263s] -- Found rosidl_adapter: 3.1.6 (/opt/ros/humble/share/rosidl_adapter/cmake)
[2.275s] -- Found rosidl_generator_cpp: 3.1.6 (/opt/ros/humble/share/rosidl_generator_cpp/cmake)
[2.294s] -- Using all available rosidl_typesupport_c: rosidl_typesupport_fastrtps_c;rosidl_typesupport_introspection_c
[2.318s] -- Using all available rosidl_typesupport_cpp: rosidl_typesupport_fastrtps_cpp;rosidl_typesupport_introspection_cpp
[2.383s] -- Found rmw_implementation_cmake: 6.1.2 (/opt/ros/humble/share/rmw_implementation_cmake/cmake)
[2.386s] -- Found rmw_fastrtps_cpp: 6.2.7 (/opt/ros/humble/share/rmw_fastrtps_cpp/cmake)
[2.626s] -- Found OpenSSL: /usr/lib/aarch64-linux-gnu/libcrypto.so (found version "3.0.2")  
[2.684s] -- Found FastRTPS: /opt/ros/humble/include  
[2.759s] -- Using RMW implementation 'rmw_fastrtps_cpp' as default
[2.773s] -- Found Threads: TRUE  
[2.909s] -- Checking for module 'eigen3'
[2.969s] --   Found eigen3, version 3.4.0
[3.089s] -- Found Eigen: /usr/include/eigen3 (Required is at least version "3.1") 
[3.090s] -- Eigen found (include: /usr/include/eigen3, version: 3.4.0)
[3.146s] -- Found Boost: /usr/lib/aarch64-linux-gnu/cmake/Boost-1.74.0/BoostConfig.cmake (found suitable version "1.74.0", minimum required is "1.65.0") found components: system filesystem date_time iostreams serialization 
[3.182s] -- Checking for module 'flann'
[3.234s] --   Found flann, version 1.9.1
[3.409s] -- Found FLANN: /usr/lib/aarch64-linux-gnu/libflann_cpp.so  
[3.409s] -- FLANN found (include: /usr/include, lib: /usr/lib/aarch64-linux-gnu/libflann_cpp.so)
[3.504s] -- Found GLEW: /usr/lib/aarch64-linux-gnu/libGLEW.so  
[3.531s] -- Found OpenGL: /usr/lib/aarch64-linux-gnu/libOpenGL.so  found components: OpenGL GLX 
[4.141s] -- Found MPI_C: /usr/lib/aarch64-linux-gnu/libmpi.so (found version "3.1") 
[4.146s] -- Found MPI: TRUE (found version "3.1") found components: C 
[4.162s] -- Found JsonCpp: /usr/lib/aarch64-linux-gnu/libjsoncpp.so (found suitable version "1.9.5", minimum required is "0.7.0") 
[4.211s] -- Found ZLIB: /usr/lib/aarch64-linux-gnu/libz.so (found version "1.2.11") 
[4.248s] -- Found PNG: /usr/lib/aarch64-linux-gnu/libpng.so (found version "1.6.37") 
[4.290s] -- Found Eigen3: /usr/include/eigen3 (found version "3.4.0") 
[4.594s] -- Found X11: /usr/include   
[4.595s] -- Looking for XOpenDisplay in /usr/lib/aarch64-linux-gnu/libX11.so;/usr/lib/aarch64-linux-gnu/libXext.so
[4.817s] -- Looking for XOpenDisplay in /usr/lib/aarch64-linux-gnu/libX11.so;/usr/lib/aarch64-linux-gnu/libXext.so - found
[4.818s] -- Looking for gethostbyname
[4.996s] -- Looking for gethostbyname - found
[4.996s] -- Looking for connect
[5.183s] -- Looking for connect - found
[5.184s] -- Looking for remove
[5.356s] -- Looking for remove - found
[5.357s] -- Looking for shmat
[5.576s] -- Looking for shmat - found
[5.576s] -- Looking for IceConnectionNumber in ICE
[5.756s] -- Looking for IceConnectionNumber in ICE - found
[5.956s] -- Found EXPAT: /usr/lib/aarch64-linux-gnu/libexpat.so (found version "2.4.7") 
[5.960s] -- Found double-conversion: /usr/lib/aarch64-linux-gnu/libdouble-conversion.so  
[5.966s] -- Found LZ4: /usr/lib/aarch64-linux-gnu/liblz4.so (found version "1.9.3") 
[5.970s] -- Found LZMA: /usr/lib/aarch64-linux-gnu/liblzma.so (found version "5.2.5") 
[6.026s] -- Found JPEG: /usr/lib/aarch64-linux-gnu/libjpeg.so (found version "80") 
[6.042s] -- Found TIFF: /usr/lib/aarch64-linux-gnu/libtiff.so (found version "4.3.0")  
[6.050s] -- Found Freetype: /usr/lib/aarch64-linux-gnu/libfreetype.so (found version "2.11.1") 
[6.060s] -- Found utf8cpp: /usr/include/utf8cpp  
[6.254s] -- Checking for module 'libusb-1.0'
[6.293s] --   Found libusb-1.0, version 1.0.25
[6.397s] -- Found libusb: /usr/lib/aarch64-linux-gnu/libusb-1.0.so  
[6.399s] -- Found OpenNI: /usr/lib/libOpenNI.so;libusb::libusb (found version "1.5.4.0") 
[6.400s] -- OpenNI found (version: 1.5.4.0, include: /usr/include/ni, lib: /usr/lib/libOpenNI.so;libusb::libusb)
[6.548s] -- Found OpenNI2: /usr/lib/aarch64-linux-gnu/libOpenNI2.so;libusb::libusb (found version "2.2.0.33") 
[6.549s] -- OpenNI2 found (version: 2.2.0.33, include: /usr/include/openni2, lib: /usr/lib/aarch64-linux-gnu/libOpenNI2.so;libusb::libusb)
[6.551s] [0m** WARNING ** io features related to pcap will be disabled[0m
[6.845s] -- Eigen found (include: /usr/include/eigen3, version: 3.4.0)
[6.860s] -- OpenNI found (version: 1.5.4.0, include: /usr/include/ni, lib: /usr/lib/libOpenNI.so;libusb::libusb)
[6.874s] -- OpenNI2 found (version: 2.2.0.33, include: /usr/include/openni2, lib: /usr/lib/aarch64-linux-gnu/libOpenNI2.so;libusb::libusb)
[7.153s] -- Found Qhull version 8.0.2
[7.429s] -- OpenNI found (version: 1.5.4.0, include: /usr/include/ni, lib: /usr/lib/libOpenNI.so;libusb::libusb)
[7.704s] -- looking for PCL_COMMON
[7.705s] -- Found PCL_COMMON: /usr/lib/aarch64-linux-gnu/libpcl_common.so  
[7.707s] -- looking for PCL_KDTREE
[7.709s] -- Found PCL_KDTREE: /usr/lib/aarch64-linux-gnu/libpcl_kdtree.so  
[7.711s] -- looking for PCL_OCTREE
[7.712s] -- Found PCL_OCTREE: /usr/lib/aarch64-linux-gnu/libpcl_octree.so  
[7.712s] -- looking for PCL_SEARCH
[7.714s] -- Found PCL_SEARCH: /usr/lib/aarch64-linux-gnu/libpcl_search.so  
[7.715s] -- looking for PCL_SAMPLE_CONSENSUS
[7.716s] -- Found PCL_SAMPLE_CONSENSUS: /usr/lib/aarch64-linux-gnu/libpcl_sample_consensus.so  
[7.716s] -- looking for PCL_FILTERS
[7.717s] -- Found PCL_FILTERS: /usr/lib/aarch64-linux-gnu/libpcl_filters.so  
[7.718s] -- looking for PCL_2D
[7.718s] -- Found PCL_2D: /usr/include/pcl-1.12  
[7.719s] -- looking for PCL_GEOMETRY
[7.719s] -- Found PCL_GEOMETRY: /usr/include/pcl-1.12  
[7.719s] -- looking for PCL_IO
[7.721s] -- Found PCL_IO: /usr/lib/aarch64-linux-gnu/libpcl_io.so  
[7.721s] -- looking for PCL_FEATURES
[7.723s] -- Found PCL_FEATURES: /usr/lib/aarch64-linux-gnu/libpcl_features.so  
[7.724s] -- looking for PCL_ML
[7.726s] -- Found PCL_ML: /usr/lib/aarch64-linux-gnu/libpcl_ml.so  
[7.727s] -- looking for PCL_SEGMENTATION
[7.729s] -- Found PCL_SEGMENTATION: /usr/lib/aarch64-linux-gnu/libpcl_segmentation.so  
[7.730s] -- looking for PCL_VISUALIZATION
[7.731s] -- Found PCL_VISUALIZATION: /usr/lib/aarch64-linux-gnu/libpcl_visualization.so  
[7.732s] -- looking for PCL_SURFACE
[7.733s] -- Found PCL_SURFACE: /usr/lib/aarch64-linux-gnu/libpcl_surface.so  
[7.734s] -- looking for PCL_REGISTRATION
[7.735s] -- Found PCL_REGISTRATION: /usr/lib/aarch64-linux-gnu/libpcl_registration.so  
[7.736s] -- looking for PCL_KEYPOINTS
[7.737s] -- Found PCL_KEYPOINTS: /usr/lib/aarch64-linux-gnu/libpcl_keypoints.so  
[7.738s] -- looking for PCL_TRACKING
[7.739s] -- Found PCL_TRACKING: /usr/lib/aarch64-linux-gnu/libpcl_tracking.so  
[7.740s] -- looking for PCL_RECOGNITION
[7.742s] -- Found PCL_RECOGNITION: /usr/lib/aarch64-linux-gnu/libpcl_recognition.so  
[7.743s] -- looking for PCL_STEREO
[7.745s] -- Found PCL_STEREO: /usr/lib/aarch64-linux-gnu/libpcl_stereo.so  
[7.746s] -- looking for PCL_APPS
[7.747s] -- Found PCL_APPS: /usr/lib/aarch64-linux-gnu/libpcl_apps.so  
[7.749s] -- looking for PCL_IN_HAND_SCANNER
[7.751s] -- Found PCL_IN_HAND_SCANNER: /usr/include/pcl-1.12  
[7.752s] -- looking for PCL_MODELER
[7.752s] -- Found PCL_MODELER: /usr/include/pcl-1.12  
[7.753s] -- looking for PCL_POINT_CLOUD_EDITOR
[7.753s] -- Found PCL_POINT_CLOUD_EDITOR: /usr/include/pcl-1.12  
[7.754s] -- looking for PCL_OUTOFCORE
[7.754s] -- Found PCL_OUTOFCORE: /usr/lib/aarch64-linux-gnu/libpcl_outofcore.so  
[7.755s] -- looking for PCL_PEOPLE
[7.755s] -- Found PCL_PEOPLE: /usr/lib/aarch64-linux-gnu/libpcl_people.so  
[7.756s] -- Found PCL: pcl_common;pcl_kdtree;pcl_octree;pcl_search;pcl_sample_consensus;pcl_filters;pcl_io;pcl_features;pcl_ml;pcl_segmentation;pcl_visualization;pcl_surface;pcl_registration;pcl_keypoints;pcl_tracking;pcl_recognition;pcl_stereo;pcl_apps;pcl_outofcore;pcl_people;Boost::system;Boost::filesystem;Boost::date_time;Boost::iostreams;Boost::serialization;/usr/lib/libOpenNI.so;libusb::libusb;/usr/lib/aarch64-linux-gnu/libOpenNI2.so;libusb::libusb;VTK::ChartsCore;VTK::CommonColor;VTK::CommonComputationalGeometry;VTK::CommonCore;VTK::CommonDataModel;VTK::CommonExecutionModel;VTK::CommonMath;VTK::CommonMisc;VTK::CommonTransforms;VTK::FiltersCore;VTK::FiltersExtraction;VTK::FiltersGeneral;VTK::FiltersGeometry;VTK::FiltersModeling;VTK::FiltersSources;VTK::ImagingCore;VTK::ImagingSources;VTK::InteractionImage;VTK::InteractionStyle;VTK::InteractionWidgets;VTK::IOCore;VTK::IOGeometry;VTK::IOImage;VTK::IOLegacy;VTK::IOPLY;VTK::RenderingAnnotation;VTK::RenderingCore;VTK::RenderingContext2D;VTK::RenderingLOD;VTK::RenderingFreeType;VTK::ViewsCore;VTK::ViewsContext2D;VTK::RenderingOpenGL2;VTK::GUISupportQt;FLANN::FLANN;QHULL::QHULL  
[7.761s] -- Found diagnostic_updater: 4.0.4 (/opt/ros/humble/share/diagnostic_updater/cmake)
[7.797s] -- Found lslidar_msgs: 1.2.0 (/home/orangepi/uvg_car/install/lslidar_msgs/share/lslidar_msgs/cmake)
[7.823s] -- Found pluginlib: 5.1.0 (/opt/ros/humble/share/pluginlib/cmake)
[7.862s] -- Found pcl_conversions: 2.4.5 (/opt/ros/humble/share/pcl_conversions/cmake)
[8.124s] -- Configuring done
[8.241s] -- Generating done
[8.262s] -- Build files have been written to: /home/orangepi/uvg_car/build/lslidar_driver
[8.308s] Invoked command in '/home/orangepi/uvg_car/build/lslidar_driver' returned '0': CMAKE_PREFIX_PATH=/home/orangepi/uvg_car/install/lslidar_msgs:/home/orangepi/uvg_car/install/oakchina_vio_package:/home/orangepi/uvg_car/install/lslidar_driver:/home/orangepi/uvg_car/install/fishbot_navigation2:/home/orangepi/uvg_car/install/fishbot_cartographer:/home/orangepi/car_ros2/install/rknn_yolo:/opt/ros/humble LD_LIBRARY_PATH=/home/orangepi/uvg_car/install/lslidar_msgs/lib:/usr/local/lib:/usr/local/lib:/home/orangepi/uvg_car/install/oakchina_vio_package/lib:/opt/ros/humble/opt/rviz_ogre_vendor/lib:/opt/ros/humble/lib/aarch64-linux-gnu:/opt/ros/humble/lib /usr/bin/cmake /home/orangepi/uvg_car/src/LSLIDAR_X_ROS2-20240228/src/lslidar_driver -DCMAKE_INSTALL_PREFIX=/home/orangepi/uvg_car/install/lslidar_driver
[8.312s] Invoking command in '/home/orangepi/uvg_car/build/lslidar_driver': CMAKE_PREFIX_PATH=/home/orangepi/uvg_car/install/lslidar_msgs:/home/orangepi/uvg_car/install/oakchina_vio_package:/home/orangepi/uvg_car/install/lslidar_driver:/home/orangepi/uvg_car/install/fishbot_navigation2:/home/orangepi/uvg_car/install/fishbot_cartographer:/home/orangepi/car_ros2/install/rknn_yolo:/opt/ros/humble LD_LIBRARY_PATH=/home/orangepi/uvg_car/install/lslidar_msgs/lib:/usr/local/lib:/usr/local/lib:/home/orangepi/uvg_car/install/oakchina_vio_package/lib:/opt/ros/humble/opt/rviz_ogre_vendor/lib:/opt/ros/humble/lib/aarch64-linux-gnu:/opt/ros/humble/lib /usr/bin/cmake --build /home/orangepi/uvg_car/build/lslidar_driver -- -j8 -l8
[8.463s] [ 20%] [32mBuilding CXX object CMakeFiles/lslidar_driver_node.dir/src/input.cc.o[0m
[8.471s] [ 60%] [32mBuilding CXX object CMakeFiles/lslidar_driver_node.dir/src/lslidar_driver_node.cc.o[0m
[8.471s] [ 60%] [32mBuilding CXX object CMakeFiles/lslidar_driver_node.dir/src/lsiosr.cpp.o[0m
[8.476s] [ 80%] [32mBuilding CXX object CMakeFiles/lslidar_driver_node.dir/src/lslidar_driver.cc.o[0m
[35.470s] [100%] [32m[1mLinking CXX executable lslidar_driver_node[0m
[39.398s] [100%] Built target lslidar_driver_node
[39.471s] Invoked command in '/home/orangepi/uvg_car/build/lslidar_driver' returned '0': CMAKE_PREFIX_PATH=/home/orangepi/uvg_car/install/lslidar_msgs:/home/orangepi/uvg_car/install/oakchina_vio_package:/home/orangepi/uvg_car/install/lslidar_driver:/home/orangepi/uvg_car/install/fishbot_navigation2:/home/orangepi/uvg_car/install/fishbot_cartographer:/home/orangepi/car_ros2/install/rknn_yolo:/opt/ros/humble LD_LIBRARY_PATH=/home/orangepi/uvg_car/install/lslidar_msgs/lib:/usr/local/lib:/usr/local/lib:/home/orangepi/uvg_car/install/oakchina_vio_package/lib:/opt/ros/humble/opt/rviz_ogre_vendor/lib:/opt/ros/humble/lib/aarch64-linux-gnu:/opt/ros/humble/lib /usr/bin/cmake --build /home/orangepi/uvg_car/build/lslidar_driver -- -j8 -l8
[39.477s] Invoking command in '/home/orangepi/uvg_car/build/lslidar_driver': CMAKE_PREFIX_PATH=/home/orangepi/uvg_car/install/lslidar_msgs:/home/orangepi/uvg_car/install/oakchina_vio_package:/home/orangepi/uvg_car/install/lslidar_driver:/home/orangepi/uvg_car/install/fishbot_navigation2:/home/orangepi/uvg_car/install/fishbot_cartographer:/home/orangepi/car_ros2/install/rknn_yolo:/opt/ros/humble LD_LIBRARY_PATH=/home/orangepi/uvg_car/install/lslidar_msgs/lib:/usr/local/lib:/usr/local/lib:/home/orangepi/uvg_car/install/oakchina_vio_package/lib:/opt/ros/humble/opt/rviz_ogre_vendor/lib:/opt/ros/humble/lib/aarch64-linux-gnu:/opt/ros/humble/lib /usr/bin/cmake --install /home/orangepi/uvg_car/build/lslidar_driver
[39.504s] -- Install configuration: ""
[39.505s] -- Installing: /home/orangepi/uvg_car/install/lslidar_driver/share/lslidar_driver/launch
[39.505s] -- Installing: /home/orangepi/uvg_car/install/lslidar_driver/share/lslidar_driver/launch/lsm10p_net_launch.py
[39.506s] -- Installing: /home/orangepi/uvg_car/install/lslidar_driver/share/lslidar_driver/launch/demo.launch.py
[39.506s] -- Installing: /home/orangepi/uvg_car/install/lslidar_driver/share/lslidar_driver/launch/lslidar_double_launch.py
[39.506s] -- Installing: /home/orangepi/uvg_car/install/lslidar_driver/share/lslidar_driver/launch/lsm10_net_launch.py
[39.507s] -- Installing: /home/orangepi/uvg_car/install/lslidar_driver/share/lslidar_driver/launch/lsm10p_uart_launch.py
[39.507s] -- Installing: /home/orangepi/uvg_car/install/lslidar_driver/share/lslidar_driver/launch/lsm10_uart_launch.py
[39.507s] -- Installing: /home/orangepi/uvg_car/install/lslidar_driver/share/lslidar_driver/launch/lsn10_net_launch.py
[39.507s] -- Installing: /home/orangepi/uvg_car/install/lslidar_driver/share/lslidar_driver/launch/lsn10p_launch.py
[39.507s] -- Installing: /home/orangepi/uvg_car/install/lslidar_driver/share/lslidar_driver/launch/viewer_scan_launch.py
[39.507s] -- Installing: /home/orangepi/uvg_car/install/lslidar_driver/share/lslidar_driver/launch/lsn10_launch.py
[39.507s] -- Installing: /home/orangepi/uvg_car/install/lslidar_driver/share/lslidar_driver/launch/lsn10p_net_launch.py
[39.507s] -- Installing: /home/orangepi/uvg_car/install/lslidar_driver/share/lslidar_driver/params
[39.507s] -- Installing: /home/orangepi/uvg_car/install/lslidar_driver/share/lslidar_driver/params/lidar_net_ros2
[39.508s] -- Installing: /home/orangepi/uvg_car/install/lslidar_driver/share/lslidar_driver/params/lidar_net_ros2/lsm10p_net.yaml
[39.508s] -- Installing: /home/orangepi/uvg_car/install/lslidar_driver/share/lslidar_driver/params/lidar_net_ros2/lsn10p_net.yaml
[39.508s] -- Installing: /home/orangepi/uvg_car/install/lslidar_driver/share/lslidar_driver/params/lidar_net_ros2/lsn10_net.yaml
[39.508s] -- Installing: /home/orangepi/uvg_car/install/lslidar_driver/share/lslidar_driver/params/lidar_net_ros2/lsm10_net.yaml
[39.508s] -- Installing: /home/orangepi/uvg_car/install/lslidar_driver/share/lslidar_driver/params/lidar_uart_ros2
[39.508s] -- Installing: /home/orangepi/uvg_car/install/lslidar_driver/share/lslidar_driver/params/lidar_uart_ros2/lsn10p.yaml
[39.508s] -- Installing: /home/orangepi/uvg_car/install/lslidar_driver/share/lslidar_driver/params/lidar_uart_ros2/lsm10_p.yaml
[39.508s] -- Installing: /home/orangepi/uvg_car/install/lslidar_driver/share/lslidar_driver/params/lidar_uart_ros2/lsm10.yaml
[39.508s] -- Installing: /home/orangepi/uvg_car/install/lslidar_driver/share/lslidar_driver/params/lidar_uart_ros2/lsn10.yaml
[39.509s] -- Installing: /home/orangepi/uvg_car/install/lslidar_driver/share/lslidar_driver/rviz
[39.509s] -- Installing: /home/orangepi/uvg_car/install/lslidar_driver/share/lslidar_driver/rviz/lslidar.rviz
[39.509s] -- Installing: /home/orangepi/uvg_car/install/lslidar_driver/lib/lslidar_driver/lslidar_driver_node
[39.518s] -- Set runtime path of "/home/orangepi/uvg_car/install/lslidar_driver/lib/lslidar_driver/lslidar_driver_node" to ""
[39.518s] -- Installing: /home/orangepi/uvg_car/install/lslidar_driver/share/ament_index/resource_index/package_run_dependencies/lslidar_driver
[39.518s] -- Installing: /home/orangepi/uvg_car/install/lslidar_driver/share/ament_index/resource_index/parent_prefix_path/lslidar_driver
[39.519s] -- Installing: /home/orangepi/uvg_car/install/lslidar_driver/share/lslidar_driver/environment/ament_prefix_path.sh
[39.519s] -- Installing: /home/orangepi/uvg_car/install/lslidar_driver/share/lslidar_driver/environment/ament_prefix_path.dsv
[39.519s] -- Installing: /home/orangepi/uvg_car/install/lslidar_driver/share/lslidar_driver/environment/path.sh
[39.519s] -- Installing: /home/orangepi/uvg_car/install/lslidar_driver/share/lslidar_driver/environment/path.dsv
[39.519s] -- Installing: /home/orangepi/uvg_car/install/lslidar_driver/share/lslidar_driver/local_setup.bash
[39.519s] -- Installing: /home/orangepi/uvg_car/install/lslidar_driver/share/lslidar_driver/local_setup.sh
[39.520s] -- Installing: /home/orangepi/uvg_car/install/lslidar_driver/share/lslidar_driver/local_setup.zsh
[39.520s] -- Installing: /home/orangepi/uvg_car/install/lslidar_driver/share/lslidar_driver/local_setup.dsv
[39.520s] -- Installing: /home/orangepi/uvg_car/install/lslidar_driver/share/lslidar_driver/package.dsv
[39.520s] -- Installing: /home/orangepi/uvg_car/install/lslidar_driver/share/ament_index/resource_index/packages/lslidar_driver
[39.521s] -- Installing: /home/orangepi/uvg_car/install/lslidar_driver/share/lslidar_driver/cmake/ament_cmake_export_dependencies-extras.cmake
[39.521s] -- Installing: /home/orangepi/uvg_car/install/lslidar_driver/share/lslidar_driver/cmake/ament_cmake_export_include_directories-extras.cmake
[39.521s] -- Installing: /home/orangepi/uvg_car/install/lslidar_driver/share/lslidar_driver/cmake/lslidar_driverConfig.cmake
[39.521s] -- Installing: /home/orangepi/uvg_car/install/lslidar_driver/share/lslidar_driver/cmake/lslidar_driverConfig-version.cmake
[39.521s] -- Installing: /home/orangepi/uvg_car/install/lslidar_driver/share/lslidar_driver/package.xml
[39.527s] Invoked command in '/home/orangepi/uvg_car/build/lslidar_driver' returned '0': CMAKE_PREFIX_PATH=/home/orangepi/uvg_car/install/lslidar_msgs:/home/orangepi/uvg_car/install/oakchina_vio_package:/home/orangepi/uvg_car/install/lslidar_driver:/home/orangepi/uvg_car/install/fishbot_navigation2:/home/orangepi/uvg_car/install/fishbot_cartographer:/home/orangepi/car_ros2/install/rknn_yolo:/opt/ros/humble LD_LIBRARY_PATH=/home/orangepi/uvg_car/install/lslidar_msgs/lib:/usr/local/lib:/usr/local/lib:/home/orangepi/uvg_car/install/oakchina_vio_package/lib:/opt/ros/humble/opt/rviz_ogre_vendor/lib:/opt/ros/humble/lib/aarch64-linux-gnu:/opt/ros/humble/lib /usr/bin/cmake --install /home/orangepi/uvg_car/build/lslidar_driver
