[0.196s] [34mcolcon[0m [1;30mDEBUG[0m [32mCommand line arguments: ['/usr/bin/colcon', 'build'][0m
[0.196s] [34mcolcon[0m [1;30mDEBUG[0m [32mParsed command line arguments: Namespace(log_base=None, log_level=None, verb_name='build', build_base='build', install_base='install', merge_install=False, symlink_install=False, test_result_base=None, continue_on_error=False, executor='parallel', parallel_workers=8, event_handlers=None, ignore_user_meta=False, metas=['./colcon.meta'], base_paths=['.'], packages_ignore=None, packages_ignore_regex=None, paths=None, packages_up_to=None, packages_up_to_regex=None, packages_above=None, packages_above_and_dependencies=None, packages_above_depth=None, packages_select_by_dep=None, packages_skip_by_dep=None, packages_skip_up_to=None, packages_select_build_failed=False, packages_skip_build_finished=False, packages_select_test_failures=False, packages_skip_test_passed=False, packages_select=None, packages_skip=None, packages_select_regex=None, packages_skip_regex=None, packages_start=None, packages_end=None, cmake_args=None, cmake_target=None, cmake_target_skip_unavailable=False, cmake_clean_cache=False, cmake_clean_first=False, cmake_force_configure=False, ament_cmake_args=None, catkin_cmake_args=None, catkin_skip_building_tests=False, verb_parser=<colcon_defaults.argument_parser.defaults.DefaultArgumentsDecorator object at 0x7f8474e1d0>, verb_extension=<colcon_core.verb.build.BuildVerb object at 0x7f8474dcc0>, main=<bound method BuildVerb.main of <colcon_core.verb.build.BuildVerb object at 0x7f8474dcc0>>)[0m
[0.416s] [34mcolcon.colcon_core.package_discovery[0m [1;30mLevel 1[0m discover_packages(colcon_meta) check parameters
[0.416s] [34mcolcon.colcon_core.package_discovery[0m [1;30mLevel 1[0m discover_packages(recursive) check parameters
[0.416s] [34mcolcon.colcon_core.package_discovery[0m [1;30mLevel 1[0m discover_packages(ignore) check parameters
[0.416s] [34mcolcon.colcon_core.package_discovery[0m [1;30mLevel 1[0m discover_packages(path) check parameters
[0.416s] [34mcolcon.colcon_core.package_discovery[0m [1;30mLevel 1[0m discover_packages(colcon_meta) discover
[0.416s] [34mcolcon.colcon_core.package_discovery[0m [1;30mLevel 1[0m discover_packages(recursive) discover
[0.416s] [34mcolcon.colcon_core.package_discovery[0m [1;30mINFO[0m Crawling recursively for packages in '/home/orangepi/uvg_car'
[0.417s] [34mcolcon.colcon_core.package_identification[0m [1;30mLevel 1[0m _identify(.) by extensions ['ignore', 'ignore_ament_install']
[0.417s] [34mcolcon.colcon_core.package_identification[0m [1;30mLevel 1[0m _identify(.) by extension 'ignore'
[0.417s] [34mcolcon.colcon_core.package_identification[0m [1;30mLevel 1[0m _identify(.) by extension 'ignore_ament_install'
[0.417s] [34mcolcon.colcon_core.package_identification[0m [1;30mLevel 1[0m _identify(.) by extensions ['colcon_pkg']
[0.417s] [34mcolcon.colcon_core.package_identification[0m [1;30mLevel 1[0m _identify(.) by extension 'colcon_pkg'
[0.417s] [34mcolcon.colcon_core.package_identification[0m [1;30mLevel 1[0m _identify(.) by extensions ['colcon_meta']
[0.417s] [34mcolcon.colcon_core.package_identification[0m [1;30mLevel 1[0m _identify(.) by extension 'colcon_meta'
[0.417s] [34mcolcon.colcon_core.package_identification[0m [1;30mLevel 1[0m _identify(.) by extensions ['ros']
[0.417s] [34mcolcon.colcon_core.package_identification[0m [1;30mLevel 1[0m _identify(.) by extension 'ros'
[0.435s] [34mcolcon.colcon_core.package_identification[0m [1;30mLevel 1[0m _identify(.) by extensions ['cmake', 'python']
[0.436s] [34mcolcon.colcon_core.package_identification[0m [1;30mLevel 1[0m _identify(.) by extension 'cmake'
[0.436s] [34mcolcon.colcon_core.package_identification[0m [1;30mLevel 1[0m _identify(.) by extension 'python'
[0.436s] [34mcolcon.colcon_core.package_identification[0m [1;30mLevel 1[0m _identify(.) by extensions ['python_setup_py']
[0.436s] [34mcolcon.colcon_core.package_identification[0m [1;30mLevel 1[0m _identify(.) by extension 'python_setup_py'
[0.436s] [34mcolcon.colcon_core.package_identification[0m [1;30mLevel 1[0m _identify(build) by extensions ['ignore', 'ignore_ament_install']
[0.436s] [34mcolcon.colcon_core.package_identification[0m [1;30mLevel 1[0m _identify(build) by extension 'ignore'
[0.436s] [34mcolcon.colcon_core.package_identification[0m [1;30mLevel 1[0m _identify(build) ignored
[0.437s] [34mcolcon.colcon_core.package_identification[0m [1;30mLevel 1[0m _identify(install) by extensions ['ignore', 'ignore_ament_install']
[0.437s] [34mcolcon.colcon_core.package_identification[0m [1;30mLevel 1[0m _identify(install) by extension 'ignore'
[0.437s] [34mcolcon.colcon_core.package_identification[0m [1;30mLevel 1[0m _identify(install) ignored
[0.437s] [34mcolcon.colcon_core.package_identification[0m [1;30mLevel 1[0m _identify(log) by extensions ['ignore', 'ignore_ament_install']
[0.437s] [34mcolcon.colcon_core.package_identification[0m [1;30mLevel 1[0m _identify(log) by extension 'ignore'
[0.437s] [34mcolcon.colcon_core.package_identification[0m [1;30mLevel 1[0m _identify(log) ignored
[0.437s] [34mcolcon.colcon_core.package_identification[0m [1;30mLevel 1[0m _identify(src) by extensions ['ignore', 'ignore_ament_install']
[0.437s] [34mcolcon.colcon_core.package_identification[0m [1;30mLevel 1[0m _identify(src) by extension 'ignore'
[0.437s] [34mcolcon.colcon_core.package_identification[0m [1;30mLevel 1[0m _identify(src) by extension 'ignore_ament_install'
[0.437s] [34mcolcon.colcon_core.package_identification[0m [1;30mLevel 1[0m _identify(src) by extensions ['colcon_pkg']
[0.437s] [34mcolcon.colcon_core.package_identification[0m [1;30mLevel 1[0m _identify(src) by extension 'colcon_pkg'
[0.437s] [34mcolcon.colcon_core.package_identification[0m [1;30mLevel 1[0m _identify(src) by extensions ['colcon_meta']
[0.438s] [34mcolcon.colcon_core.package_identification[0m [1;30mLevel 1[0m _identify(src) by extension 'colcon_meta'
[0.438s] [34mcolcon.colcon_core.package_identification[0m [1;30mLevel 1[0m _identify(src) by extensions ['ros']
[0.438s] [34mcolcon.colcon_core.package_identification[0m [1;30mLevel 1[0m _identify(src) by extension 'ros'
[0.438s] [34mcolcon.colcon_core.package_identification[0m [1;30mLevel 1[0m _identify(src) by extensions ['cmake', 'python']
[0.438s] [34mcolcon.colcon_core.package_identification[0m [1;30mLevel 1[0m _identify(src) by extension 'cmake'
[0.438s] [34mcolcon.colcon_core.package_identification[0m [1;30mLevel 1[0m _identify(src) by extension 'python'
[0.438s] [34mcolcon.colcon_core.package_identification[0m [1;30mLevel 1[0m _identify(src) by extensions ['python_setup_py']
[0.438s] [34mcolcon.colcon_core.package_identification[0m [1;30mLevel 1[0m _identify(src) by extension 'python_setup_py'
[0.438s] [34mcolcon.colcon_core.package_identification[0m [1;30mLevel 1[0m _identify(src/LSLIDAR_X_ROS2-20240228) by extensions ['ignore', 'ignore_ament_install']
[0.438s] [34mcolcon.colcon_core.package_identification[0m [1;30mLevel 1[0m _identify(src/LSLIDAR_X_ROS2-20240228) by extension 'ignore'
[0.438s] [34mcolcon.colcon_core.package_identification[0m [1;30mLevel 1[0m _identify(src/LSLIDAR_X_ROS2-20240228) by extension 'ignore_ament_install'
[0.438s] [34mcolcon.colcon_core.package_identification[0m [1;30mLevel 1[0m _identify(src/LSLIDAR_X_ROS2-20240228) by extensions ['colcon_pkg']
[0.438s] [34mcolcon.colcon_core.package_identification[0m [1;30mLevel 1[0m _identify(src/LSLIDAR_X_ROS2-20240228) by extension 'colcon_pkg'
[0.438s] [34mcolcon.colcon_core.package_identification[0m [1;30mLevel 1[0m _identify(src/LSLIDAR_X_ROS2-20240228) by extensions ['colcon_meta']
[0.438s] [34mcolcon.colcon_core.package_identification[0m [1;30mLevel 1[0m _identify(src/LSLIDAR_X_ROS2-20240228) by extension 'colcon_meta'
[0.438s] [34mcolcon.colcon_core.package_identification[0m [1;30mLevel 1[0m _identify(src/LSLIDAR_X_ROS2-20240228) by extensions ['ros']
[0.438s] [34mcolcon.colcon_core.package_identification[0m [1;30mLevel 1[0m _identify(src/LSLIDAR_X_ROS2-20240228) by extension 'ros'
[0.438s] [34mcolcon.colcon_core.package_identification[0m [1;30mLevel 1[0m _identify(src/LSLIDAR_X_ROS2-20240228) by extensions ['cmake', 'python']
[0.439s] [34mcolcon.colcon_core.package_identification[0m [1;30mLevel 1[0m _identify(src/LSLIDAR_X_ROS2-20240228) by extension 'cmake'
[0.439s] [34mcolcon.colcon_core.package_identification[0m [1;30mLevel 1[0m _identify(src/LSLIDAR_X_ROS2-20240228) by extension 'python'
[0.439s] [34mcolcon.colcon_core.package_identification[0m [1;30mLevel 1[0m _identify(src/LSLIDAR_X_ROS2-20240228) by extensions ['python_setup_py']
[0.439s] [34mcolcon.colcon_core.package_identification[0m [1;30mLevel 1[0m _identify(src/LSLIDAR_X_ROS2-20240228) by extension 'python_setup_py'
[0.439s] [34mcolcon.colcon_core.package_identification[0m [1;30mLevel 1[0m _identify(src/LSLIDAR_X_ROS2-20240228/src) by extensions ['ignore', 'ignore_ament_install']
[0.439s] [34mcolcon.colcon_core.package_identification[0m [1;30mLevel 1[0m _identify(src/LSLIDAR_X_ROS2-20240228/src) by extension 'ignore'
[0.439s] [34mcolcon.colcon_core.package_identification[0m [1;30mLevel 1[0m _identify(src/LSLIDAR_X_ROS2-20240228/src) by extension 'ignore_ament_install'
[0.439s] [34mcolcon.colcon_core.package_identification[0m [1;30mLevel 1[0m _identify(src/LSLIDAR_X_ROS2-20240228/src) by extensions ['colcon_pkg']
[0.439s] [34mcolcon.colcon_core.package_identification[0m [1;30mLevel 1[0m _identify(src/LSLIDAR_X_ROS2-20240228/src) by extension 'colcon_pkg'
[0.439s] [34mcolcon.colcon_core.package_identification[0m [1;30mLevel 1[0m _identify(src/LSLIDAR_X_ROS2-20240228/src) by extensions ['colcon_meta']
[0.439s] [34mcolcon.colcon_core.package_identification[0m [1;30mLevel 1[0m _identify(src/LSLIDAR_X_ROS2-20240228/src) by extension 'colcon_meta'
[0.439s] [34mcolcon.colcon_core.package_identification[0m [1;30mLevel 1[0m _identify(src/LSLIDAR_X_ROS2-20240228/src) by extensions ['ros']
[0.439s] [34mcolcon.colcon_core.package_identification[0m [1;30mLevel 1[0m _identify(src/LSLIDAR_X_ROS2-20240228/src) by extension 'ros'
[0.439s] [34mcolcon.colcon_core.package_identification[0m [1;30mLevel 1[0m _identify(src/LSLIDAR_X_ROS2-20240228/src) by extensions ['cmake', 'python']
[0.439s] [34mcolcon.colcon_core.package_identification[0m [1;30mLevel 1[0m _identify(src/LSLIDAR_X_ROS2-20240228/src) by extension 'cmake'
[0.439s] [34mcolcon.colcon_core.package_identification[0m [1;30mLevel 1[0m _identify(src/LSLIDAR_X_ROS2-20240228/src) by extension 'python'
[0.439s] [34mcolcon.colcon_core.package_identification[0m [1;30mLevel 1[0m _identify(src/LSLIDAR_X_ROS2-20240228/src) by extensions ['python_setup_py']
[0.439s] [34mcolcon.colcon_core.package_identification[0m [1;30mLevel 1[0m _identify(src/LSLIDAR_X_ROS2-20240228/src) by extension 'python_setup_py'
[0.440s] [34mcolcon.colcon_core.package_identification[0m [1;30mLevel 1[0m _identify(src/LSLIDAR_X_ROS2-20240228/src/lslidar_driver) by extensions ['ignore', 'ignore_ament_install']
[0.440s] [34mcolcon.colcon_core.package_identification[0m [1;30mLevel 1[0m _identify(src/LSLIDAR_X_ROS2-20240228/src/lslidar_driver) by extension 'ignore'
[0.440s] [34mcolcon.colcon_core.package_identification[0m [1;30mLevel 1[0m _identify(src/LSLIDAR_X_ROS2-20240228/src/lslidar_driver) by extension 'ignore_ament_install'
[0.440s] [34mcolcon.colcon_core.package_identification[0m [1;30mLevel 1[0m _identify(src/LSLIDAR_X_ROS2-20240228/src/lslidar_driver) by extensions ['colcon_pkg']
[0.440s] [34mcolcon.colcon_core.package_identification[0m [1;30mLevel 1[0m _identify(src/LSLIDAR_X_ROS2-20240228/src/lslidar_driver) by extension 'colcon_pkg'
[0.440s] [34mcolcon.colcon_core.package_identification[0m [1;30mLevel 1[0m _identify(src/LSLIDAR_X_ROS2-20240228/src/lslidar_driver) by extensions ['colcon_meta']
[0.440s] [34mcolcon.colcon_core.package_identification[0m [1;30mLevel 1[0m _identify(src/LSLIDAR_X_ROS2-20240228/src/lslidar_driver) by extension 'colcon_meta'
[0.440s] [34mcolcon.colcon_core.package_identification[0m [1;30mLevel 1[0m _identify(src/LSLIDAR_X_ROS2-20240228/src/lslidar_driver) by extensions ['ros']
[0.440s] [34mcolcon.colcon_core.package_identification[0m [1;30mLevel 1[0m _identify(src/LSLIDAR_X_ROS2-20240228/src/lslidar_driver) by extension 'ros'
[0.444s] [34mcolcon.colcon_core.package_identification[0m [1;30mDEBUG[0m [32mPackage 'src/LSLIDAR_X_ROS2-20240228/src/lslidar_driver' with type 'ros.ament_cmake' and name 'lslidar_driver'[0m
[0.445s] [34mcolcon.colcon_core.package_identification[0m [1;30mLevel 1[0m _identify(src/LSLIDAR_X_ROS2-20240228/src/lslidar_msgs) by extensions ['ignore', 'ignore_ament_install']
[0.445s] [34mcolcon.colcon_core.package_identification[0m [1;30mLevel 1[0m _identify(src/LSLIDAR_X_ROS2-20240228/src/lslidar_msgs) by extension 'ignore'
[0.445s] [34mcolcon.colcon_core.package_identification[0m [1;30mLevel 1[0m _identify(src/LSLIDAR_X_ROS2-20240228/src/lslidar_msgs) by extension 'ignore_ament_install'
[0.445s] [34mcolcon.colcon_core.package_identification[0m [1;30mLevel 1[0m _identify(src/LSLIDAR_X_ROS2-20240228/src/lslidar_msgs) by extensions ['colcon_pkg']
[0.445s] [34mcolcon.colcon_core.package_identification[0m [1;30mLevel 1[0m _identify(src/LSLIDAR_X_ROS2-20240228/src/lslidar_msgs) by extension 'colcon_pkg'
[0.445s] [34mcolcon.colcon_core.package_identification[0m [1;30mLevel 1[0m _identify(src/LSLIDAR_X_ROS2-20240228/src/lslidar_msgs) by extensions ['colcon_meta']
[0.445s] [34mcolcon.colcon_core.package_identification[0m [1;30mLevel 1[0m _identify(src/LSLIDAR_X_ROS2-20240228/src/lslidar_msgs) by extension 'colcon_meta'
[0.445s] [34mcolcon.colcon_core.package_identification[0m [1;30mLevel 1[0m _identify(src/LSLIDAR_X_ROS2-20240228/src/lslidar_msgs) by extensions ['ros']
[0.445s] [34mcolcon.colcon_core.package_identification[0m [1;30mLevel 1[0m _identify(src/LSLIDAR_X_ROS2-20240228/src/lslidar_msgs) by extension 'ros'
[0.446s] [34mcolcon.colcon_core.package_identification[0m [1;30mDEBUG[0m [32mPackage 'src/LSLIDAR_X_ROS2-20240228/src/lslidar_msgs' with type 'ros.ament_cmake' and name 'lslidar_msgs'[0m
[0.446s] [34mcolcon.colcon_core.package_identification[0m [1;30mLevel 1[0m _identify(src/fishbot_cartographer) by extensions ['ignore', 'ignore_ament_install']
[0.446s] [34mcolcon.colcon_core.package_identification[0m [1;30mLevel 1[0m _identify(src/fishbot_cartographer) by extension 'ignore'
[0.447s] [34mcolcon.colcon_core.package_identification[0m [1;30mLevel 1[0m _identify(src/fishbot_cartographer) by extension 'ignore_ament_install'
[0.447s] [34mcolcon.colcon_core.package_identification[0m [1;30mLevel 1[0m _identify(src/fishbot_cartographer) by extensions ['colcon_pkg']
[0.447s] [34mcolcon.colcon_core.package_identification[0m [1;30mLevel 1[0m _identify(src/fishbot_cartographer) by extension 'colcon_pkg'
[0.447s] [34mcolcon.colcon_core.package_identification[0m [1;30mLevel 1[0m _identify(src/fishbot_cartographer) by extensions ['colcon_meta']
[0.447s] [34mcolcon.colcon_core.package_identification[0m [1;30mLevel 1[0m _identify(src/fishbot_cartographer) by extension 'colcon_meta'
[0.447s] [34mcolcon.colcon_core.package_identification[0m [1;30mLevel 1[0m _identify(src/fishbot_cartographer) by extensions ['ros']
[0.447s] [34mcolcon.colcon_core.package_identification[0m [1;30mLevel 1[0m _identify(src/fishbot_cartographer) by extension 'ros'
[0.450s] [34mcolcon.colcon_core.package_identification[0m [1;30mDEBUG[0m [32mPackage 'src/fishbot_cartographer' with type 'ros.ament_cmake' and name 'fishbot_cartographer'[0m
[0.450s] [34mcolcon.colcon_core.package_identification[0m [1;30mLevel 1[0m _identify(src/fishbot_navigation2) by extensions ['ignore', 'ignore_ament_install']
[0.450s] [34mcolcon.colcon_core.package_identification[0m [1;30mLevel 1[0m _identify(src/fishbot_navigation2) by extension 'ignore'
[0.450s] [34mcolcon.colcon_core.package_identification[0m [1;30mLevel 1[0m _identify(src/fishbot_navigation2) by extension 'ignore_ament_install'
[0.450s] [34mcolcon.colcon_core.package_identification[0m [1;30mLevel 1[0m _identify(src/fishbot_navigation2) by extensions ['colcon_pkg']
[0.450s] [34mcolcon.colcon_core.package_identification[0m [1;30mLevel 1[0m _identify(src/fishbot_navigation2) by extension 'colcon_pkg'
[0.450s] [34mcolcon.colcon_core.package_identification[0m [1;30mLevel 1[0m _identify(src/fishbot_navigation2) by extensions ['colcon_meta']
[0.450s] [34mcolcon.colcon_core.package_identification[0m [1;30mLevel 1[0m _identify(src/fishbot_navigation2) by extension 'colcon_meta'
[0.450s] [34mcolcon.colcon_core.package_identification[0m [1;30mLevel 1[0m _identify(src/fishbot_navigation2) by extensions ['ros']
[0.451s] [34mcolcon.colcon_core.package_identification[0m [1;30mLevel 1[0m _identify(src/fishbot_navigation2) by extension 'ros'
[0.451s] [34mcolcon.colcon_core.package_identification[0m [1;30mDEBUG[0m [32mPackage 'src/fishbot_navigation2' with type 'ros.ament_cmake' and name 'fishbot_navigation2'[0m
[0.451s] [34mcolcon.colcon_core.package_identification[0m [1;30mLevel 1[0m _identify(src/wit_ros2_imu) by extensions ['ignore', 'ignore_ament_install']
[0.451s] [34mcolcon.colcon_core.package_identification[0m [1;30mLevel 1[0m _identify(src/wit_ros2_imu) by extension 'ignore'
[0.451s] [34mcolcon.colcon_core.package_identification[0m [1;30mLevel 1[0m _identify(src/wit_ros2_imu) by extension 'ignore_ament_install'
[0.452s] [34mcolcon.colcon_core.package_identification[0m [1;30mLevel 1[0m _identify(src/wit_ros2_imu) by extensions ['colcon_pkg']
[0.452s] [34mcolcon.colcon_core.package_identification[0m [1;30mLevel 1[0m _identify(src/wit_ros2_imu) by extension 'colcon_pkg'
[0.452s] [34mcolcon.colcon_core.package_identification[0m [1;30mLevel 1[0m _identify(src/wit_ros2_imu) by extensions ['colcon_meta']
[0.452s] [34mcolcon.colcon_core.package_identification[0m [1;30mLevel 1[0m _identify(src/wit_ros2_imu) by extension 'colcon_meta'
[0.452s] [34mcolcon.colcon_core.package_identification[0m [1;30mLevel 1[0m _identify(src/wit_ros2_imu) by extensions ['ros']
[0.452s] [34mcolcon.colcon_core.package_identification[0m [1;30mLevel 1[0m _identify(src/wit_ros2_imu) by extension 'ros'
[0.452s] [34mcolcon.colcon_core.package_identification[0m [1;30mDEBUG[0m [32mPackage 'src/wit_ros2_imu' with type 'ros.ament_python' and name 'wit_ros2_imu'[0m
[0.453s] [34mcolcon.colcon_core.package_discovery[0m [1;30mLevel 1[0m discover_packages(recursive) using defaults
[0.453s] [34mcolcon.colcon_core.package_discovery[0m [1;30mLevel 1[0m discover_packages(ignore) discover
[0.453s] [34mcolcon.colcon_core.package_discovery[0m [1;30mLevel 1[0m discover_packages(ignore) using defaults
[0.453s] [34mcolcon.colcon_core.package_discovery[0m [1;30mLevel 1[0m discover_packages(path) discover
[0.453s] [34mcolcon.colcon_core.package_discovery[0m [1;30mLevel 1[0m discover_packages(path) using defaults
[0.523s] [34mcolcon.colcon_core.verb[0m [1;30mLevel 5[0m set package 'fishbot_cartographer' build argument 'cmake_args' from command line to 'None'
[0.523s] [34mcolcon.colcon_core.verb[0m [1;30mLevel 5[0m set package 'fishbot_cartographer' build argument 'cmake_target' from command line to 'None'
[0.523s] [34mcolcon.colcon_core.verb[0m [1;30mLevel 5[0m set package 'fishbot_cartographer' build argument 'cmake_target_skip_unavailable' from command line to 'False'
[0.524s] [34mcolcon.colcon_core.verb[0m [1;30mLevel 5[0m set package 'fishbot_cartographer' build argument 'cmake_clean_cache' from command line to 'False'
[0.524s] [34mcolcon.colcon_core.verb[0m [1;30mLevel 5[0m set package 'fishbot_cartographer' build argument 'cmake_clean_first' from command line to 'False'
[0.524s] [34mcolcon.colcon_core.verb[0m [1;30mLevel 5[0m set package 'fishbot_cartographer' build argument 'cmake_force_configure' from command line to 'False'
[0.524s] [34mcolcon.colcon_core.verb[0m [1;30mLevel 5[0m set package 'fishbot_cartographer' build argument 'ament_cmake_args' from command line to 'None'
[0.524s] [34mcolcon.colcon_core.verb[0m [1;30mLevel 5[0m set package 'fishbot_cartographer' build argument 'catkin_cmake_args' from command line to 'None'
[0.524s] [34mcolcon.colcon_core.verb[0m [1;30mLevel 5[0m set package 'fishbot_cartographer' build argument 'catkin_skip_building_tests' from command line to 'False'
[0.524s] [34mcolcon.colcon_core.verb[0m [1;30mDEBUG[0m [32mBuilding package 'fishbot_cartographer' with the following arguments: {'ament_cmake_args': None, 'build_base': '/home/orangepi/uvg_car/build/fishbot_cartographer', 'catkin_cmake_args': None, 'catkin_skip_building_tests': False, 'cmake_args': None, 'cmake_clean_cache': False, 'cmake_clean_first': False, 'cmake_force_configure': False, 'cmake_target': None, 'cmake_target_skip_unavailable': False, 'install_base': '/home/orangepi/uvg_car/install/fishbot_cartographer', 'merge_install': False, 'path': '/home/orangepi/uvg_car/src/fishbot_cartographer', 'symlink_install': False, 'test_result_base': None}[0m
[0.524s] [34mcolcon.colcon_core.verb[0m [1;30mLevel 5[0m set package 'fishbot_navigation2' build argument 'cmake_args' from command line to 'None'
[0.524s] [34mcolcon.colcon_core.verb[0m [1;30mLevel 5[0m set package 'fishbot_navigation2' build argument 'cmake_target' from command line to 'None'
[0.525s] [34mcolcon.colcon_core.verb[0m [1;30mLevel 5[0m set package 'fishbot_navigation2' build argument 'cmake_target_skip_unavailable' from command line to 'False'
[0.525s] [34mcolcon.colcon_core.verb[0m [1;30mLevel 5[0m set package 'fishbot_navigation2' build argument 'cmake_clean_cache' from command line to 'False'
[0.525s] [34mcolcon.colcon_core.verb[0m [1;30mLevel 5[0m set package 'fishbot_navigation2' build argument 'cmake_clean_first' from command line to 'False'
[0.525s] [34mcolcon.colcon_core.verb[0m [1;30mLevel 5[0m set package 'fishbot_navigation2' build argument 'cmake_force_configure' from command line to 'False'
[0.525s] [34mcolcon.colcon_core.verb[0m [1;30mLevel 5[0m set package 'fishbot_navigation2' build argument 'ament_cmake_args' from command line to 'None'
[0.525s] [34mcolcon.colcon_core.verb[0m [1;30mLevel 5[0m set package 'fishbot_navigation2' build argument 'catkin_cmake_args' from command line to 'None'
[0.525s] [34mcolcon.colcon_core.verb[0m [1;30mLevel 5[0m set package 'fishbot_navigation2' build argument 'catkin_skip_building_tests' from command line to 'False'
[0.525s] [34mcolcon.colcon_core.verb[0m [1;30mDEBUG[0m [32mBuilding package 'fishbot_navigation2' with the following arguments: {'ament_cmake_args': None, 'build_base': '/home/orangepi/uvg_car/build/fishbot_navigation2', 'catkin_cmake_args': None, 'catkin_skip_building_tests': False, 'cmake_args': None, 'cmake_clean_cache': False, 'cmake_clean_first': False, 'cmake_force_configure': False, 'cmake_target': None, 'cmake_target_skip_unavailable': False, 'install_base': '/home/orangepi/uvg_car/install/fishbot_navigation2', 'merge_install': False, 'path': '/home/orangepi/uvg_car/src/fishbot_navigation2', 'symlink_install': False, 'test_result_base': None}[0m
[0.525s] [34mcolcon.colcon_core.verb[0m [1;30mLevel 5[0m set package 'lslidar_msgs' build argument 'cmake_args' from command line to 'None'
[0.525s] [34mcolcon.colcon_core.verb[0m [1;30mLevel 5[0m set package 'lslidar_msgs' build argument 'cmake_target' from command line to 'None'
[0.525s] [34mcolcon.colcon_core.verb[0m [1;30mLevel 5[0m set package 'lslidar_msgs' build argument 'cmake_target_skip_unavailable' from command line to 'False'
[0.525s] [34mcolcon.colcon_core.verb[0m [1;30mLevel 5[0m set package 'lslidar_msgs' build argument 'cmake_clean_cache' from command line to 'False'
[0.525s] [34mcolcon.colcon_core.verb[0m [1;30mLevel 5[0m set package 'lslidar_msgs' build argument 'cmake_clean_first' from command line to 'False'
[0.525s] [34mcolcon.colcon_core.verb[0m [1;30mLevel 5[0m set package 'lslidar_msgs' build argument 'cmake_force_configure' from command line to 'False'
[0.525s] [34mcolcon.colcon_core.verb[0m [1;30mLevel 5[0m set package 'lslidar_msgs' build argument 'ament_cmake_args' from command line to 'None'
[0.525s] [34mcolcon.colcon_core.verb[0m [1;30mLevel 5[0m set package 'lslidar_msgs' build argument 'catkin_cmake_args' from command line to 'None'
[0.525s] [34mcolcon.colcon_core.verb[0m [1;30mLevel 5[0m set package 'lslidar_msgs' build argument 'catkin_skip_building_tests' from command line to 'False'
[0.526s] [34mcolcon.colcon_core.verb[0m [1;30mDEBUG[0m [32mBuilding package 'lslidar_msgs' with the following arguments: {'ament_cmake_args': None, 'build_base': '/home/orangepi/uvg_car/build/lslidar_msgs', 'catkin_cmake_args': None, 'catkin_skip_building_tests': False, 'cmake_args': None, 'cmake_clean_cache': False, 'cmake_clean_first': False, 'cmake_force_configure': False, 'cmake_target': None, 'cmake_target_skip_unavailable': False, 'install_base': '/home/orangepi/uvg_car/install/lslidar_msgs', 'merge_install': False, 'path': '/home/orangepi/uvg_car/src/LSLIDAR_X_ROS2-20240228/src/lslidar_msgs', 'symlink_install': False, 'test_result_base': None}[0m
[0.526s] [34mcolcon.colcon_core.verb[0m [1;30mLevel 5[0m set package 'wit_ros2_imu' build argument 'cmake_args' from command line to 'None'
[0.526s] [34mcolcon.colcon_core.verb[0m [1;30mLevel 5[0m set package 'wit_ros2_imu' build argument 'cmake_target' from command line to 'None'
[0.526s] [34mcolcon.colcon_core.verb[0m [1;30mLevel 5[0m set package 'wit_ros2_imu' build argument 'cmake_target_skip_unavailable' from command line to 'False'
[0.526s] [34mcolcon.colcon_core.verb[0m [1;30mLevel 5[0m set package 'wit_ros2_imu' build argument 'cmake_clean_cache' from command line to 'False'
[0.526s] [34mcolcon.colcon_core.verb[0m [1;30mLevel 5[0m set package 'wit_ros2_imu' build argument 'cmake_clean_first' from command line to 'False'
[0.526s] [34mcolcon.colcon_core.verb[0m [1;30mLevel 5[0m set package 'wit_ros2_imu' build argument 'cmake_force_configure' from command line to 'False'
[0.526s] [34mcolcon.colcon_core.verb[0m [1;30mLevel 5[0m set package 'wit_ros2_imu' build argument 'ament_cmake_args' from command line to 'None'
[0.526s] [34mcolcon.colcon_core.verb[0m [1;30mLevel 5[0m set package 'wit_ros2_imu' build argument 'catkin_cmake_args' from command line to 'None'
[0.526s] [34mcolcon.colcon_core.verb[0m [1;30mLevel 5[0m set package 'wit_ros2_imu' build argument 'catkin_skip_building_tests' from command line to 'False'
[0.526s] [34mcolcon.colcon_core.verb[0m [1;30mDEBUG[0m [32mBuilding package 'wit_ros2_imu' with the following arguments: {'ament_cmake_args': None, 'build_base': '/home/orangepi/uvg_car/build/wit_ros2_imu', 'catkin_cmake_args': None, 'catkin_skip_building_tests': False, 'cmake_args': None, 'cmake_clean_cache': False, 'cmake_clean_first': False, 'cmake_force_configure': False, 'cmake_target': None, 'cmake_target_skip_unavailable': False, 'install_base': '/home/orangepi/uvg_car/install/wit_ros2_imu', 'merge_install': False, 'path': '/home/orangepi/uvg_car/src/wit_ros2_imu', 'symlink_install': False, 'test_result_base': None}[0m
[0.527s] [34mcolcon.colcon_core.verb[0m [1;30mLevel 5[0m set package 'lslidar_driver' build argument 'cmake_args' from command line to 'None'
[0.527s] [34mcolcon.colcon_core.verb[0m [1;30mLevel 5[0m set package 'lslidar_driver' build argument 'cmake_target' from command line to 'None'
[0.527s] [34mcolcon.colcon_core.verb[0m [1;30mLevel 5[0m set package 'lslidar_driver' build argument 'cmake_target_skip_unavailable' from command line to 'False'
[0.527s] [34mcolcon.colcon_core.verb[0m [1;30mLevel 5[0m set package 'lslidar_driver' build argument 'cmake_clean_cache' from command line to 'False'
[0.527s] [34mcolcon.colcon_core.verb[0m [1;30mLevel 5[0m set package 'lslidar_driver' build argument 'cmake_clean_first' from command line to 'False'
[0.527s] [34mcolcon.colcon_core.verb[0m [1;30mLevel 5[0m set package 'lslidar_driver' build argument 'cmake_force_configure' from command line to 'False'
[0.527s] [34mcolcon.colcon_core.verb[0m [1;30mLevel 5[0m set package 'lslidar_driver' build argument 'ament_cmake_args' from command line to 'None'
[0.527s] [34mcolcon.colcon_core.verb[0m [1;30mLevel 5[0m set package 'lslidar_driver' build argument 'catkin_cmake_args' from command line to 'None'
[0.527s] [34mcolcon.colcon_core.verb[0m [1;30mLevel 5[0m set package 'lslidar_driver' build argument 'catkin_skip_building_tests' from command line to 'False'
[0.527s] [34mcolcon.colcon_core.verb[0m [1;30mDEBUG[0m [32mBuilding package 'lslidar_driver' with the following arguments: {'ament_cmake_args': None, 'build_base': '/home/orangepi/uvg_car/build/lslidar_driver', 'catkin_cmake_args': None, 'catkin_skip_building_tests': False, 'cmake_args': None, 'cmake_clean_cache': False, 'cmake_clean_first': False, 'cmake_force_configure': False, 'cmake_target': None, 'cmake_target_skip_unavailable': False, 'install_base': '/home/orangepi/uvg_car/install/lslidar_driver', 'merge_install': False, 'path': '/home/orangepi/uvg_car/src/LSLIDAR_X_ROS2-20240228/src/lslidar_driver', 'symlink_install': False, 'test_result_base': None}[0m
[0.527s] [34mcolcon.colcon_core.executor[0m [1;30mINFO[0m Executing jobs using 'parallel' executor
[0.530s] [34mcolcon.colcon_parallel_executor.executor.parallel[0m [1;30mDEBUG[0m [32mrun_until_complete[0m
[0.531s] [34mcolcon.colcon_ros.task.ament_cmake.build[0m [1;30mINFO[0m Building ROS package in '/home/orangepi/uvg_car/src/LSLIDAR_X_ROS2-20240228/src/lslidar_msgs' with build type 'ament_cmake'
[0.531s] [34mcolcon.colcon_cmake.task.cmake.build[0m [1;30mINFO[0m Building CMake package in '/home/orangepi/uvg_car/src/LSLIDAR_X_ROS2-20240228/src/lslidar_msgs'
[0.535s] [34mcolcon.colcon_core.plugin_system[0m [1;30mINFO[0m Skipping extension 'colcon_core.shell.bat': Not used on non-Windows systems
[0.535s] [34mcolcon.colcon_core.shell[0m [1;30mINFO[0m Skip shell extension 'powershell' for command environment: Not usable outside of PowerShell
[0.536s] [34mcolcon.colcon_core.shell[0m [1;30mDEBUG[0m [32mSkip shell extension 'dsv' for command environment[0m
[0.547s] [34mcolcon.colcon_ros.task.ament_cmake.build[0m [1;30mINFO[0m Building ROS package in '/home/orangepi/uvg_car/src/fishbot_cartographer' with build type 'ament_cmake'
[0.549s] [34mcolcon.colcon_cmake.task.cmake.build[0m [1;30mINFO[0m Building CMake package in '/home/orangepi/uvg_car/src/fishbot_cartographer'
[0.551s] [34mcolcon.colcon_core.shell[0m [1;30mINFO[0m Skip shell extension 'powershell' for command environment: Not usable outside of PowerShell
[0.551s] [34mcolcon.colcon_core.shell[0m [1;30mDEBUG[0m [32mSkip shell extension 'dsv' for command environment[0m
[0.559s] [34mcolcon.colcon_ros.task.ament_cmake.build[0m [1;30mINFO[0m Building ROS package in '/home/orangepi/uvg_car/src/fishbot_navigation2' with build type 'ament_cmake'
[0.559s] [34mcolcon.colcon_cmake.task.cmake.build[0m [1;30mINFO[0m Building CMake package in '/home/orangepi/uvg_car/src/fishbot_navigation2'
[0.560s] [34mcolcon.colcon_core.shell[0m [1;30mINFO[0m Skip shell extension 'powershell' for command environment: Not usable outside of PowerShell
[0.560s] [34mcolcon.colcon_core.shell[0m [1;30mDEBUG[0m [32mSkip shell extension 'dsv' for command environment[0m
[0.566s] [34mcolcon.colcon_ros.task.ament_python.build[0m [1;30mINFO[0m Building ROS package in '/home/orangepi/uvg_car/src/wit_ros2_imu' with build type 'ament_python'
[0.567s] [34mcolcon.colcon_core.shell[0m [1;30mLevel 1[0m create_environment_hook('wit_ros2_imu', 'ament_prefix_path')
[0.567s] [34mcolcon.colcon_core.shell[0m [1;30mINFO[0m Creating environment hook '/home/orangepi/uvg_car/install/wit_ros2_imu/share/wit_ros2_imu/hook/ament_prefix_path.ps1'
[0.569s] [34mcolcon.colcon_core.shell[0m [1;30mINFO[0m Creating environment descriptor '/home/orangepi/uvg_car/install/wit_ros2_imu/share/wit_ros2_imu/hook/ament_prefix_path.dsv'
[0.570s] [34mcolcon.colcon_core.shell[0m [1;30mINFO[0m Creating environment hook '/home/orangepi/uvg_car/install/wit_ros2_imu/share/wit_ros2_imu/hook/ament_prefix_path.sh'
[0.571s] [34mcolcon.colcon_core.shell[0m [1;30mINFO[0m Skip shell extension 'powershell' for command environment: Not usable outside of PowerShell
[0.571s] [34mcolcon.colcon_core.shell[0m [1;30mDEBUG[0m [32mSkip shell extension 'dsv' for command environment[0m
[0.591s] [34mcolcon.colcon_core.event_handler.log_command[0m [1;30mDEBUG[0m [32mInvoking command in '/home/orangepi/uvg_car/build/lslidar_msgs': CMAKE_PREFIX_PATH=${CMAKE_PREFIX_PATH}:/home/orangepi/uvg_car/install/wit_ros2_imu:/home/orangepi/car_ros2/install/rknn_yolo:/opt/ros/humble /usr/bin/cmake --build /home/orangepi/uvg_car/build/lslidar_msgs -- -j8 -l8[0m
[0.600s] [34mcolcon.colcon_core.event_handler.log_command[0m [1;30mDEBUG[0m [32mInvoking command in '/home/orangepi/uvg_car/build/fishbot_cartographer': CMAKE_PREFIX_PATH=${CMAKE_PREFIX_PATH}:/home/orangepi/uvg_car/install/wit_ros2_imu:/home/orangepi/car_ros2/install/rknn_yolo:/opt/ros/humble /usr/bin/cmake --build /home/orangepi/uvg_car/build/fishbot_cartographer -- -j8 -l8[0m
[0.605s] [34mcolcon.colcon_core.event_handler.log_command[0m [1;30mDEBUG[0m [32mInvoking command in '/home/orangepi/uvg_car/build/fishbot_navigation2': CMAKE_PREFIX_PATH=${CMAKE_PREFIX_PATH}:/home/orangepi/uvg_car/install/wit_ros2_imu:/home/orangepi/car_ros2/install/rknn_yolo:/opt/ros/humble /usr/bin/cmake --build /home/orangepi/uvg_car/build/fishbot_navigation2 -- -j8 -l8[0m
[1.042s] [34mcolcon.colcon_core.task.python.build[0m [1;30mINFO[0m Building Python package in '/home/orangepi/uvg_car/src/wit_ros2_imu'
[1.043s] [34mcolcon.colcon_core.shell[0m [1;30mINFO[0m Skip shell extension 'powershell' for command environment: Not usable outside of PowerShell
[1.043s] [34mcolcon.colcon_core.shell[0m [1;30mDEBUG[0m [32mSkip shell extension 'dsv' for command environment[0m
[1.053s] [34mcolcon.colcon_core.event_handler.log_command[0m [1;30mDEBUG[0m [32mInvoked command in '/home/orangepi/uvg_car/build/fishbot_navigation2' returned '0': CMAKE_PREFIX_PATH=${CMAKE_PREFIX_PATH}:/home/orangepi/uvg_car/install/wit_ros2_imu:/home/orangepi/car_ros2/install/rknn_yolo:/opt/ros/humble /usr/bin/cmake --build /home/orangepi/uvg_car/build/fishbot_navigation2 -- -j8 -l8[0m
[1.070s] [34mcolcon.colcon_core.event_handler.log_command[0m [1;30mDEBUG[0m [32mInvoking command in '/home/orangepi/uvg_car/build/fishbot_navigation2': CMAKE_PREFIX_PATH=${CMAKE_PREFIX_PATH}:/home/orangepi/uvg_car/install/wit_ros2_imu:/home/orangepi/car_ros2/install/rknn_yolo:/opt/ros/humble /usr/bin/cmake --install /home/orangepi/uvg_car/build/fishbot_navigation2[0m
[1.071s] [34mcolcon.colcon_core.event_handler.log_command[0m [1;30mDEBUG[0m [32mInvoked command in '/home/orangepi/uvg_car/build/fishbot_cartographer' returned '0': CMAKE_PREFIX_PATH=${CMAKE_PREFIX_PATH}:/home/orangepi/uvg_car/install/wit_ros2_imu:/home/orangepi/car_ros2/install/rknn_yolo:/opt/ros/humble /usr/bin/cmake --build /home/orangepi/uvg_car/build/fishbot_cartographer -- -j8 -l8[0m
[1.074s] [34mcolcon.colcon_core.event_handler.log_command[0m [1;30mDEBUG[0m [32mInvoking command in '/home/orangepi/uvg_car/build/fishbot_cartographer': CMAKE_PREFIX_PATH=${CMAKE_PREFIX_PATH}:/home/orangepi/uvg_car/install/wit_ros2_imu:/home/orangepi/car_ros2/install/rknn_yolo:/opt/ros/humble /usr/bin/cmake --install /home/orangepi/uvg_car/build/fishbot_cartographer[0m
[1.098s] [34mcolcon.colcon_core.environment[0m [1;30mLevel 1[0m create_environment_scripts_only(fishbot_cartographer)
[1.105s] [34mcolcon.colcon_core.event_handler.log_command[0m [1;30mDEBUG[0m [32mInvoked command in '/home/orangepi/uvg_car/build/fishbot_cartographer' returned '0': CMAKE_PREFIX_PATH=${CMAKE_PREFIX_PATH}:/home/orangepi/uvg_car/install/wit_ros2_imu:/home/orangepi/car_ros2/install/rknn_yolo:/opt/ros/humble /usr/bin/cmake --install /home/orangepi/uvg_car/build/fishbot_cartographer[0m
[1.115s] [34mcolcon.colcon_core.environment[0m [1;30mLevel 1[0m checking '/home/orangepi/uvg_car/install/fishbot_cartographer' for CMake module files
[1.118s] [34mcolcon.colcon_core.environment[0m [1;30mLevel 1[0m checking '/home/orangepi/uvg_car/install/fishbot_cartographer' for CMake config files
[1.119s] [34mcolcon.colcon_core.shell[0m [1;30mLevel 1[0m create_environment_hook('fishbot_cartographer', 'cmake_prefix_path')
[1.120s] [34mcolcon.colcon_core.shell[0m [1;30mINFO[0m Creating environment hook '/home/orangepi/uvg_car/install/fishbot_cartographer/share/fishbot_cartographer/hook/cmake_prefix_path.ps1'
[1.123s] [34mcolcon.colcon_core.shell[0m [1;30mINFO[0m Creating environment descriptor '/home/orangepi/uvg_car/install/fishbot_cartographer/share/fishbot_cartographer/hook/cmake_prefix_path.dsv'
[1.124s] [34mcolcon.colcon_core.shell[0m [1;30mINFO[0m Creating environment hook '/home/orangepi/uvg_car/install/fishbot_cartographer/share/fishbot_cartographer/hook/cmake_prefix_path.sh'
[1.126s] [34mcolcon.colcon_core.environment[0m [1;30mLevel 1[0m checking '/home/orangepi/uvg_car/install/fishbot_cartographer/lib'
[1.126s] [34mcolcon.colcon_core.environment[0m [1;30mLevel 1[0m checking '/home/orangepi/uvg_car/install/fishbot_cartographer/bin'
[1.126s] [34mcolcon.colcon_core.environment[0m [1;30mLevel 1[0m checking '/home/orangepi/uvg_car/install/fishbot_cartographer/lib/pkgconfig/fishbot_cartographer.pc'
[1.127s] [34mcolcon.colcon_core.environment[0m [1;30mLevel 1[0m checking '/home/orangepi/uvg_car/install/fishbot_cartographer/lib/python3.10/site-packages'
[1.127s] [34mcolcon.colcon_core.environment[0m [1;30mLevel 1[0m checking '/home/orangepi/uvg_car/install/fishbot_cartographer/bin'
[1.128s] [34mcolcon.colcon_core.shell[0m [1;30mINFO[0m Creating package script '/home/orangepi/uvg_car/install/fishbot_cartographer/share/fishbot_cartographer/package.ps1'
[1.129s] [34mcolcon.colcon_core.shell[0m [1;30mINFO[0m Creating package descriptor '/home/orangepi/uvg_car/install/fishbot_cartographer/share/fishbot_cartographer/package.dsv'
[1.131s] [34mcolcon.colcon_core.shell[0m [1;30mINFO[0m Creating package script '/home/orangepi/uvg_car/install/fishbot_cartographer/share/fishbot_cartographer/package.sh'
[1.134s] [34mcolcon.colcon_core.shell[0m [1;30mINFO[0m Creating package script '/home/orangepi/uvg_car/install/fishbot_cartographer/share/fishbot_cartographer/package.bash'
[1.135s] [34mcolcon.colcon_core.shell[0m [1;30mINFO[0m Creating package script '/home/orangepi/uvg_car/install/fishbot_cartographer/share/fishbot_cartographer/package.zsh'
[1.136s] [34mcolcon.colcon_core.environment[0m [1;30mLevel 1[0m create_file_with_runtime_dependencies(/home/orangepi/uvg_car/install/fishbot_cartographer/share/colcon-core/packages/fishbot_cartographer)
[1.138s] [34mcolcon.colcon_core.environment[0m [1;30mLevel 1[0m create_environment_scripts_only(fishbot_cartographer)
[1.138s] [34mcolcon.colcon_core.environment[0m [1;30mLevel 1[0m checking '/home/orangepi/uvg_car/install/fishbot_cartographer' for CMake module files
[1.139s] [34mcolcon.colcon_core.environment[0m [1;30mLevel 1[0m checking '/home/orangepi/uvg_car/install/fishbot_cartographer' for CMake config files
[1.139s] [34mcolcon.colcon_core.shell[0m [1;30mLevel 1[0m create_environment_hook('fishbot_cartographer', 'cmake_prefix_path')
[1.140s] [34mcolcon.colcon_core.shell[0m [1;30mINFO[0m Creating environment hook '/home/orangepi/uvg_car/install/fishbot_cartographer/share/fishbot_cartographer/hook/cmake_prefix_path.ps1'
[1.140s] [34mcolcon.colcon_core.shell[0m [1;30mINFO[0m Creating environment descriptor '/home/orangepi/uvg_car/install/fishbot_cartographer/share/fishbot_cartographer/hook/cmake_prefix_path.dsv'
[1.141s] [34mcolcon.colcon_core.shell[0m [1;30mINFO[0m Creating environment hook '/home/orangepi/uvg_car/install/fishbot_cartographer/share/fishbot_cartographer/hook/cmake_prefix_path.sh'
[1.142s] [34mcolcon.colcon_core.environment[0m [1;30mLevel 1[0m checking '/home/orangepi/uvg_car/install/fishbot_cartographer/lib'
[1.142s] [34mcolcon.colcon_core.environment[0m [1;30mLevel 1[0m checking '/home/orangepi/uvg_car/install/fishbot_cartographer/bin'
[1.142s] [34mcolcon.colcon_core.environment[0m [1;30mLevel 1[0m checking '/home/orangepi/uvg_car/install/fishbot_cartographer/lib/pkgconfig/fishbot_cartographer.pc'
[1.142s] [34mcolcon.colcon_core.environment[0m [1;30mLevel 1[0m checking '/home/orangepi/uvg_car/install/fishbot_cartographer/lib/python3.10/site-packages'
[1.143s] [34mcolcon.colcon_core.environment[0m [1;30mLevel 1[0m checking '/home/orangepi/uvg_car/install/fishbot_cartographer/bin'
[1.143s] [34mcolcon.colcon_core.shell[0m [1;30mINFO[0m Creating package script '/home/orangepi/uvg_car/install/fishbot_cartographer/share/fishbot_cartographer/package.ps1'
[1.144s] [34mcolcon.colcon_core.shell[0m [1;30mINFO[0m Creating package descriptor '/home/orangepi/uvg_car/install/fishbot_cartographer/share/fishbot_cartographer/package.dsv'
[1.144s] [34mcolcon.colcon_core.shell[0m [1;30mINFO[0m Creating package script '/home/orangepi/uvg_car/install/fishbot_cartographer/share/fishbot_cartographer/package.sh'
[1.145s] [34mcolcon.colcon_core.shell[0m [1;30mINFO[0m Creating package script '/home/orangepi/uvg_car/install/fishbot_cartographer/share/fishbot_cartographer/package.bash'
[1.146s] [34mcolcon.colcon_core.shell[0m [1;30mINFO[0m Creating package script '/home/orangepi/uvg_car/install/fishbot_cartographer/share/fishbot_cartographer/package.zsh'
[1.146s] [34mcolcon.colcon_core.environment[0m [1;30mLevel 1[0m create_file_with_runtime_dependencies(/home/orangepi/uvg_car/install/fishbot_cartographer/share/colcon-core/packages/fishbot_cartographer)
[1.148s] [34mcolcon.colcon_core.environment[0m [1;30mLevel 1[0m create_environment_scripts_only(fishbot_navigation2)
[1.149s] [34mcolcon.colcon_core.environment[0m [1;30mLevel 1[0m checking '/home/orangepi/uvg_car/install/fishbot_navigation2' for CMake module files
[1.151s] [34mcolcon.colcon_core.environment[0m [1;30mLevel 1[0m checking '/home/orangepi/uvg_car/install/fishbot_navigation2' for CMake config files
[1.151s] [34mcolcon.colcon_core.event_handler.log_command[0m [1;30mDEBUG[0m [32mInvoked command in '/home/orangepi/uvg_car/build/fishbot_navigation2' returned '0': CMAKE_PREFIX_PATH=${CMAKE_PREFIX_PATH}:/home/orangepi/uvg_car/install/wit_ros2_imu:/home/orangepi/car_ros2/install/rknn_yolo:/opt/ros/humble /usr/bin/cmake --install /home/orangepi/uvg_car/build/fishbot_navigation2[0m
[1.152s] [34mcolcon.colcon_core.shell[0m [1;30mLevel 1[0m create_environment_hook('fishbot_navigation2', 'cmake_prefix_path')
[1.152s] [34mcolcon.colcon_core.shell[0m [1;30mINFO[0m Creating environment hook '/home/orangepi/uvg_car/install/fishbot_navigation2/share/fishbot_navigation2/hook/cmake_prefix_path.ps1'
[1.153s] [34mcolcon.colcon_core.shell[0m [1;30mINFO[0m Creating environment descriptor '/home/orangepi/uvg_car/install/fishbot_navigation2/share/fishbot_navigation2/hook/cmake_prefix_path.dsv'
[1.154s] [34mcolcon.colcon_core.shell[0m [1;30mINFO[0m Creating environment hook '/home/orangepi/uvg_car/install/fishbot_navigation2/share/fishbot_navigation2/hook/cmake_prefix_path.sh'
[1.154s] [34mcolcon.colcon_core.environment[0m [1;30mLevel 1[0m checking '/home/orangepi/uvg_car/install/fishbot_navigation2/bin'
[1.154s] [34mcolcon.colcon_core.environment[0m [1;30mLevel 1[0m checking '/home/orangepi/uvg_car/install/fishbot_navigation2/lib/pkgconfig/fishbot_navigation2.pc'
[1.155s] [34mcolcon.colcon_core.environment[0m [1;30mLevel 1[0m checking '/home/orangepi/uvg_car/install/fishbot_navigation2/lib/python3.10/site-packages'
[1.155s] [34mcolcon.colcon_core.environment[0m [1;30mLevel 1[0m checking '/home/orangepi/uvg_car/install/fishbot_navigation2/bin'
[1.155s] [34mcolcon.colcon_core.shell[0m [1;30mINFO[0m Creating package script '/home/orangepi/uvg_car/install/fishbot_navigation2/share/fishbot_navigation2/package.ps1'
[1.156s] [34mcolcon.colcon_core.shell[0m [1;30mINFO[0m Creating package descriptor '/home/orangepi/uvg_car/install/fishbot_navigation2/share/fishbot_navigation2/package.dsv'
[1.157s] [34mcolcon.colcon_core.shell[0m [1;30mINFO[0m Creating package script '/home/orangepi/uvg_car/install/fishbot_navigation2/share/fishbot_navigation2/package.sh'
[1.157s] [34mcolcon.colcon_core.shell[0m [1;30mINFO[0m Creating package script '/home/orangepi/uvg_car/install/fishbot_navigation2/share/fishbot_navigation2/package.bash'
[1.158s] [34mcolcon.colcon_core.shell[0m [1;30mINFO[0m Creating package script '/home/orangepi/uvg_car/install/fishbot_navigation2/share/fishbot_navigation2/package.zsh'
[1.158s] [34mcolcon.colcon_core.environment[0m [1;30mLevel 1[0m create_file_with_runtime_dependencies(/home/orangepi/uvg_car/install/fishbot_navigation2/share/colcon-core/packages/fishbot_navigation2)
[1.159s] [34mcolcon.colcon_core.environment[0m [1;30mLevel 1[0m create_environment_scripts_only(fishbot_navigation2)
[1.159s] [34mcolcon.colcon_core.environment[0m [1;30mLevel 1[0m checking '/home/orangepi/uvg_car/install/fishbot_navigation2' for CMake module files
[1.160s] [34mcolcon.colcon_core.environment[0m [1;30mLevel 1[0m checking '/home/orangepi/uvg_car/install/fishbot_navigation2' for CMake config files
[1.160s] [34mcolcon.colcon_core.shell[0m [1;30mLevel 1[0m create_environment_hook('fishbot_navigation2', 'cmake_prefix_path')
[1.160s] [34mcolcon.colcon_core.shell[0m [1;30mINFO[0m Creating environment hook '/home/orangepi/uvg_car/install/fishbot_navigation2/share/fishbot_navigation2/hook/cmake_prefix_path.ps1'
[1.161s] [34mcolcon.colcon_core.shell[0m [1;30mINFO[0m Creating environment descriptor '/home/orangepi/uvg_car/install/fishbot_navigation2/share/fishbot_navigation2/hook/cmake_prefix_path.dsv'
[1.161s] [34mcolcon.colcon_core.shell[0m [1;30mINFO[0m Creating environment hook '/home/orangepi/uvg_car/install/fishbot_navigation2/share/fishbot_navigation2/hook/cmake_prefix_path.sh'
[1.162s] [34mcolcon.colcon_core.environment[0m [1;30mLevel 1[0m checking '/home/orangepi/uvg_car/install/fishbot_navigation2/bin'
[1.162s] [34mcolcon.colcon_core.environment[0m [1;30mLevel 1[0m checking '/home/orangepi/uvg_car/install/fishbot_navigation2/lib/pkgconfig/fishbot_navigation2.pc'
[1.162s] [34mcolcon.colcon_core.environment[0m [1;30mLevel 1[0m checking '/home/orangepi/uvg_car/install/fishbot_navigation2/lib/python3.10/site-packages'
[1.162s] [34mcolcon.colcon_core.environment[0m [1;30mLevel 1[0m checking '/home/orangepi/uvg_car/install/fishbot_navigation2/bin'
[1.164s] [34mcolcon.colcon_core.shell[0m [1;30mINFO[0m Creating package script '/home/orangepi/uvg_car/install/fishbot_navigation2/share/fishbot_navigation2/package.ps1'
[1.165s] [34mcolcon.colcon_core.shell[0m [1;30mINFO[0m Creating package descriptor '/home/orangepi/uvg_car/install/fishbot_navigation2/share/fishbot_navigation2/package.dsv'
[1.167s] [34mcolcon.colcon_core.shell[0m [1;30mINFO[0m Creating package script '/home/orangepi/uvg_car/install/fishbot_navigation2/share/fishbot_navigation2/package.sh'
[1.168s] [34mcolcon.colcon_core.shell[0m [1;30mINFO[0m Creating package script '/home/orangepi/uvg_car/install/fishbot_navigation2/share/fishbot_navigation2/package.bash'
[1.169s] [34mcolcon.colcon_core.shell[0m [1;30mINFO[0m Creating package script '/home/orangepi/uvg_car/install/fishbot_navigation2/share/fishbot_navigation2/package.zsh'
[1.170s] [34mcolcon.colcon_core.environment[0m [1;30mLevel 1[0m create_file_with_runtime_dependencies(/home/orangepi/uvg_car/install/fishbot_navigation2/share/colcon-core/packages/fishbot_navigation2)
[1.204s] [34mcolcon.colcon_core.event_handler.log_command[0m [1;30mDEBUG[0m [32mInvoked command in '/home/orangepi/uvg_car/build/lslidar_msgs' returned '0': CMAKE_PREFIX_PATH=${CMAKE_PREFIX_PATH}:/home/orangepi/uvg_car/install/wit_ros2_imu:/home/orangepi/car_ros2/install/rknn_yolo:/opt/ros/humble /usr/bin/cmake --build /home/orangepi/uvg_car/build/lslidar_msgs -- -j8 -l8[0m
[1.207s] [34mcolcon.colcon_core.event_handler.log_command[0m [1;30mDEBUG[0m [32mInvoking command in '/home/orangepi/uvg_car/build/lslidar_msgs': CMAKE_PREFIX_PATH=${CMAKE_PREFIX_PATH}:/home/orangepi/uvg_car/install/wit_ros2_imu:/home/orangepi/car_ros2/install/rknn_yolo:/opt/ros/humble /usr/bin/cmake --install /home/orangepi/uvg_car/build/lslidar_msgs[0m
[1.325s] [34mcolcon.colcon_core.environment[0m [1;30mLevel 1[0m create_environment_scripts_only(lslidar_msgs)
[1.326s] [34mcolcon.colcon_core.environment[0m [1;30mLevel 1[0m checking '/home/orangepi/uvg_car/install/lslidar_msgs' for CMake module files
[1.328s] [34mcolcon.colcon_core.event_handler.log_command[0m [1;30mDEBUG[0m [32mInvoked command in '/home/orangepi/uvg_car/build/lslidar_msgs' returned '0': CMAKE_PREFIX_PATH=${CMAKE_PREFIX_PATH}:/home/orangepi/uvg_car/install/wit_ros2_imu:/home/orangepi/car_ros2/install/rknn_yolo:/opt/ros/humble /usr/bin/cmake --install /home/orangepi/uvg_car/build/lslidar_msgs[0m
[1.330s] [34mcolcon.colcon_core.environment[0m [1;30mLevel 1[0m checking '/home/orangepi/uvg_car/install/lslidar_msgs' for CMake config files
[1.330s] [34mcolcon.colcon_core.shell[0m [1;30mLevel 1[0m create_environment_hook('lslidar_msgs', 'cmake_prefix_path')
[1.330s] [34mcolcon.colcon_core.shell[0m [1;30mINFO[0m Creating environment hook '/home/orangepi/uvg_car/install/lslidar_msgs/share/lslidar_msgs/hook/cmake_prefix_path.ps1'
[1.332s] [34mcolcon.colcon_core.shell[0m [1;30mINFO[0m Creating environment descriptor '/home/orangepi/uvg_car/install/lslidar_msgs/share/lslidar_msgs/hook/cmake_prefix_path.dsv'
[1.333s] [34mcolcon.colcon_core.shell[0m [1;30mINFO[0m Creating environment hook '/home/orangepi/uvg_car/install/lslidar_msgs/share/lslidar_msgs/hook/cmake_prefix_path.sh'
[1.334s] [34mcolcon.colcon_core.environment[0m [1;30mLevel 1[0m checking '/home/orangepi/uvg_car/install/lslidar_msgs/lib'
[1.334s] [34mcolcon.colcon_core.shell[0m [1;30mLevel 1[0m create_environment_hook('lslidar_msgs', 'ld_library_path_lib')
[1.335s] [34mcolcon.colcon_core.shell[0m [1;30mINFO[0m Creating environment hook '/home/orangepi/uvg_car/install/lslidar_msgs/share/lslidar_msgs/hook/ld_library_path_lib.ps1'
[1.335s] [34mcolcon.colcon_core.shell[0m [1;30mINFO[0m Creating environment descriptor '/home/orangepi/uvg_car/install/lslidar_msgs/share/lslidar_msgs/hook/ld_library_path_lib.dsv'
[1.336s] [34mcolcon.colcon_core.shell[0m [1;30mINFO[0m Creating environment hook '/home/orangepi/uvg_car/install/lslidar_msgs/share/lslidar_msgs/hook/ld_library_path_lib.sh'
[1.336s] [34mcolcon.colcon_core.environment[0m [1;30mLevel 1[0m checking '/home/orangepi/uvg_car/install/lslidar_msgs/bin'
[1.336s] [34mcolcon.colcon_core.environment[0m [1;30mLevel 1[0m checking '/home/orangepi/uvg_car/install/lslidar_msgs/lib/pkgconfig/lslidar_msgs.pc'
[1.337s] [34mcolcon.colcon_core.environment[0m [1;30mLevel 1[0m checking '/home/orangepi/uvg_car/install/lslidar_msgs/lib/python3.10/site-packages'
[1.337s] [34mcolcon.colcon_core.environment[0m [1;30mLevel 1[0m checking '/home/orangepi/uvg_car/install/lslidar_msgs/bin'
[1.338s] [34mcolcon.colcon_core.shell[0m [1;30mINFO[0m Creating package script '/home/orangepi/uvg_car/install/lslidar_msgs/share/lslidar_msgs/package.ps1'
[1.339s] [34mcolcon.colcon_core.shell[0m [1;30mINFO[0m Creating package descriptor '/home/orangepi/uvg_car/install/lslidar_msgs/share/lslidar_msgs/package.dsv'
[1.339s] [34mcolcon.colcon_core.shell[0m [1;30mINFO[0m Creating package script '/home/orangepi/uvg_car/install/lslidar_msgs/share/lslidar_msgs/package.sh'
[1.340s] [34mcolcon.colcon_core.shell[0m [1;30mINFO[0m Creating package script '/home/orangepi/uvg_car/install/lslidar_msgs/share/lslidar_msgs/package.bash'
[1.340s] [34mcolcon.colcon_core.shell[0m [1;30mINFO[0m Creating package script '/home/orangepi/uvg_car/install/lslidar_msgs/share/lslidar_msgs/package.zsh'
[1.341s] [34mcolcon.colcon_core.environment[0m [1;30mLevel 1[0m create_file_with_runtime_dependencies(/home/orangepi/uvg_car/install/lslidar_msgs/share/colcon-core/packages/lslidar_msgs)
[1.342s] [34mcolcon.colcon_core.environment[0m [1;30mLevel 1[0m create_environment_scripts_only(lslidar_msgs)
[1.343s] [34mcolcon.colcon_core.environment[0m [1;30mLevel 1[0m checking '/home/orangepi/uvg_car/install/lslidar_msgs' for CMake module files
[1.343s] [34mcolcon.colcon_core.environment[0m [1;30mLevel 1[0m checking '/home/orangepi/uvg_car/install/lslidar_msgs' for CMake config files
[1.344s] [34mcolcon.colcon_core.shell[0m [1;30mLevel 1[0m create_environment_hook('lslidar_msgs', 'cmake_prefix_path')
[1.344s] [34mcolcon.colcon_core.shell[0m [1;30mINFO[0m Creating environment hook '/home/orangepi/uvg_car/install/lslidar_msgs/share/lslidar_msgs/hook/cmake_prefix_path.ps1'
[1.345s] [34mcolcon.colcon_core.shell[0m [1;30mINFO[0m Creating environment descriptor '/home/orangepi/uvg_car/install/lslidar_msgs/share/lslidar_msgs/hook/cmake_prefix_path.dsv'
[1.345s] [34mcolcon.colcon_core.shell[0m [1;30mINFO[0m Creating environment hook '/home/orangepi/uvg_car/install/lslidar_msgs/share/lslidar_msgs/hook/cmake_prefix_path.sh'
[1.346s] [34mcolcon.colcon_core.environment[0m [1;30mLevel 1[0m checking '/home/orangepi/uvg_car/install/lslidar_msgs/lib'
[1.346s] [34mcolcon.colcon_core.shell[0m [1;30mLevel 1[0m create_environment_hook('lslidar_msgs', 'ld_library_path_lib')
[1.346s] [34mcolcon.colcon_core.shell[0m [1;30mINFO[0m Creating environment hook '/home/orangepi/uvg_car/install/lslidar_msgs/share/lslidar_msgs/hook/ld_library_path_lib.ps1'
[1.347s] [34mcolcon.colcon_core.shell[0m [1;30mINFO[0m Creating environment descriptor '/home/orangepi/uvg_car/install/lslidar_msgs/share/lslidar_msgs/hook/ld_library_path_lib.dsv'
[1.347s] [34mcolcon.colcon_core.shell[0m [1;30mINFO[0m Creating environment hook '/home/orangepi/uvg_car/install/lslidar_msgs/share/lslidar_msgs/hook/ld_library_path_lib.sh'
[1.348s] [34mcolcon.colcon_core.environment[0m [1;30mLevel 1[0m checking '/home/orangepi/uvg_car/install/lslidar_msgs/bin'
[1.348s] [34mcolcon.colcon_core.environment[0m [1;30mLevel 1[0m checking '/home/orangepi/uvg_car/install/lslidar_msgs/lib/pkgconfig/lslidar_msgs.pc'
[1.348s] [34mcolcon.colcon_core.environment[0m [1;30mLevel 1[0m checking '/home/orangepi/uvg_car/install/lslidar_msgs/lib/python3.10/site-packages'
[1.348s] [34mcolcon.colcon_core.environment[0m [1;30mLevel 1[0m checking '/home/orangepi/uvg_car/install/lslidar_msgs/bin'
[1.349s] [34mcolcon.colcon_core.shell[0m [1;30mINFO[0m Creating package script '/home/orangepi/uvg_car/install/lslidar_msgs/share/lslidar_msgs/package.ps1'
[1.350s] [34mcolcon.colcon_core.shell[0m [1;30mINFO[0m Creating package descriptor '/home/orangepi/uvg_car/install/lslidar_msgs/share/lslidar_msgs/package.dsv'
[1.351s] [34mcolcon.colcon_core.shell[0m [1;30mINFO[0m Creating package script '/home/orangepi/uvg_car/install/lslidar_msgs/share/lslidar_msgs/package.sh'
[1.352s] [34mcolcon.colcon_core.shell[0m [1;30mINFO[0m Creating package script '/home/orangepi/uvg_car/install/lslidar_msgs/share/lslidar_msgs/package.bash'
[1.353s] [34mcolcon.colcon_core.shell[0m [1;30mINFO[0m Creating package script '/home/orangepi/uvg_car/install/lslidar_msgs/share/lslidar_msgs/package.zsh'
[1.353s] [34mcolcon.colcon_core.environment[0m [1;30mLevel 1[0m create_file_with_runtime_dependencies(/home/orangepi/uvg_car/install/lslidar_msgs/share/colcon-core/packages/lslidar_msgs)
[1.354s] [34mcolcon.colcon_ros.task.ament_cmake.build[0m [1;30mINFO[0m Building ROS package in '/home/orangepi/uvg_car/src/LSLIDAR_X_ROS2-20240228/src/lslidar_driver' with build type 'ament_cmake'
[1.354s] [34mcolcon.colcon_cmake.task.cmake.build[0m [1;30mINFO[0m Building CMake package in '/home/orangepi/uvg_car/src/LSLIDAR_X_ROS2-20240228/src/lslidar_driver'
[1.355s] [34mcolcon.colcon_core.shell[0m [1;30mINFO[0m Skip shell extension 'powershell' for command environment: Not usable outside of PowerShell
[1.355s] [34mcolcon.colcon_core.shell[0m [1;30mDEBUG[0m [32mSkip shell extension 'dsv' for command environment[0m
[1.389s] [34mcolcon.colcon_core.event_handler.log_command[0m [1;30mDEBUG[0m [32mInvoking command in '/home/orangepi/uvg_car/build/lslidar_driver': CMAKE_PREFIX_PATH=/home/orangepi/uvg_car/install/lslidar_msgs:/home/orangepi/uvg_car/install/lslidar_driver:/home/orangepi/uvg_car/install/fishbot_navigation2:/home/orangepi/uvg_car/install/fishbot_cartographer:/home/orangepi/uvg_car/install/wit_ros2_imu:/home/orangepi/car_ros2/install/rknn_yolo:/opt/ros/humble /usr/bin/cmake --build /home/orangepi/uvg_car/build/lslidar_driver -- -j8 -l8[0m
[1.649s] [34mcolcon.colcon_core.event_handler.log_command[0m [1;30mDEBUG[0m [32mInvoked command in '/home/orangepi/uvg_car/build/lslidar_driver' returned '0': CMAKE_PREFIX_PATH=/home/orangepi/uvg_car/install/lslidar_msgs:/home/orangepi/uvg_car/install/lslidar_driver:/home/orangepi/uvg_car/install/fishbot_navigation2:/home/orangepi/uvg_car/install/fishbot_cartographer:/home/orangepi/uvg_car/install/wit_ros2_imu:/home/orangepi/car_ros2/install/rknn_yolo:/opt/ros/humble /usr/bin/cmake --build /home/orangepi/uvg_car/build/lslidar_driver -- -j8 -l8[0m
[1.654s] [34mcolcon.colcon_core.event_handler.log_command[0m [1;30mDEBUG[0m [32mInvoking command in '/home/orangepi/uvg_car/build/lslidar_driver': CMAKE_PREFIX_PATH=/home/orangepi/uvg_car/install/lslidar_msgs:/home/orangepi/uvg_car/install/lslidar_driver:/home/orangepi/uvg_car/install/fishbot_navigation2:/home/orangepi/uvg_car/install/fishbot_cartographer:/home/orangepi/uvg_car/install/wit_ros2_imu:/home/orangepi/car_ros2/install/rknn_yolo:/opt/ros/humble /usr/bin/cmake --install /home/orangepi/uvg_car/build/lslidar_driver[0m
[1.664s] [34mcolcon.colcon_core.event_handler.log_command[0m [1;30mDEBUG[0m [32mInvoking command in '/home/orangepi/uvg_car/src/wit_ros2_imu': PYTHONPATH=/home/orangepi/uvg_car/build/wit_ros2_imu/prefix_override:/usr/lib/python3/dist-packages/colcon_core/task/python/colcon_distutils_commands:/home/orangepi/uvg_car/install/wit_ros2_imu/lib/python3.10/site-packages:${PYTHONPATH} /usr/bin/python3 -W ignore:setup.py install is deprecated -W ignore:easy_install command is deprecated setup.py egg_info --egg-base ../../build/wit_ros2_imu build --build-base /home/orangepi/uvg_car/build/wit_ros2_imu/build install --record /home/orangepi/uvg_car/build/wit_ros2_imu/install.log --install-scripts $base/lib/wit_ros2_imu --single-version-externally-managed install_data[0m
[1.672s] [34mcolcon.colcon_core.environment[0m [1;30mLevel 1[0m create_environment_scripts_only(lslidar_driver)
[1.673s] [34mcolcon.colcon_core.environment[0m [1;30mLevel 1[0m checking '/home/orangepi/uvg_car/install/lslidar_driver' for CMake module files
[1.675s] [34mcolcon.colcon_core.environment[0m [1;30mLevel 1[0m checking '/home/orangepi/uvg_car/install/lslidar_driver' for CMake config files
[1.678s] [34mcolcon.colcon_core.shell[0m [1;30mLevel 1[0m create_environment_hook('lslidar_driver', 'cmake_prefix_path')
[1.679s] [34mcolcon.colcon_core.shell[0m [1;30mINFO[0m Creating environment hook '/home/orangepi/uvg_car/install/lslidar_driver/share/lslidar_driver/hook/cmake_prefix_path.ps1'
[1.682s] [34mcolcon.colcon_core.shell[0m [1;30mINFO[0m Creating environment descriptor '/home/orangepi/uvg_car/install/lslidar_driver/share/lslidar_driver/hook/cmake_prefix_path.dsv'
[1.684s] [34mcolcon.colcon_core.shell[0m [1;30mINFO[0m Creating environment hook '/home/orangepi/uvg_car/install/lslidar_driver/share/lslidar_driver/hook/cmake_prefix_path.sh'
[1.686s] [34mcolcon.colcon_core.environment[0m [1;30mLevel 1[0m checking '/home/orangepi/uvg_car/install/lslidar_driver/lib'
[1.687s] [34mcolcon.colcon_core.environment[0m [1;30mLevel 1[0m checking '/home/orangepi/uvg_car/install/lslidar_driver/bin'
[1.687s] [34mcolcon.colcon_core.environment[0m [1;30mLevel 1[0m checking '/home/orangepi/uvg_car/install/lslidar_driver/lib/pkgconfig/lslidar_driver.pc'
[1.687s] [34mcolcon.colcon_core.environment[0m [1;30mLevel 1[0m checking '/home/orangepi/uvg_car/install/lslidar_driver/lib/python3.10/site-packages'
[1.688s] [34mcolcon.colcon_core.environment[0m [1;30mLevel 1[0m checking '/home/orangepi/uvg_car/install/lslidar_driver/bin'
[1.688s] [34mcolcon.colcon_core.shell[0m [1;30mINFO[0m Creating package script '/home/orangepi/uvg_car/install/lslidar_driver/share/lslidar_driver/package.ps1'
[1.690s] [34mcolcon.colcon_core.shell[0m [1;30mINFO[0m Creating package descriptor '/home/orangepi/uvg_car/install/lslidar_driver/share/lslidar_driver/package.dsv'
[1.691s] [34mcolcon.colcon_core.shell[0m [1;30mINFO[0m Creating package script '/home/orangepi/uvg_car/install/lslidar_driver/share/lslidar_driver/package.sh'
[1.693s] [34mcolcon.colcon_core.shell[0m [1;30mINFO[0m Creating package script '/home/orangepi/uvg_car/install/lslidar_driver/share/lslidar_driver/package.bash'
[1.694s] [34mcolcon.colcon_core.shell[0m [1;30mINFO[0m Creating package script '/home/orangepi/uvg_car/install/lslidar_driver/share/lslidar_driver/package.zsh'
[1.696s] [34mcolcon.colcon_core.environment[0m [1;30mLevel 1[0m create_file_with_runtime_dependencies(/home/orangepi/uvg_car/install/lslidar_driver/share/colcon-core/packages/lslidar_driver)
[1.698s] [34mcolcon.colcon_core.event_handler.log_command[0m [1;30mDEBUG[0m [32mInvoked command in '/home/orangepi/uvg_car/build/lslidar_driver' returned '0': CMAKE_PREFIX_PATH=/home/orangepi/uvg_car/install/lslidar_msgs:/home/orangepi/uvg_car/install/lslidar_driver:/home/orangepi/uvg_car/install/fishbot_navigation2:/home/orangepi/uvg_car/install/fishbot_cartographer:/home/orangepi/uvg_car/install/wit_ros2_imu:/home/orangepi/car_ros2/install/rknn_yolo:/opt/ros/humble /usr/bin/cmake --install /home/orangepi/uvg_car/build/lslidar_driver[0m
[1.700s] [34mcolcon.colcon_core.environment[0m [1;30mLevel 1[0m create_environment_scripts_only(lslidar_driver)
[1.702s] [34mcolcon.colcon_core.environment[0m [1;30mLevel 1[0m checking '/home/orangepi/uvg_car/install/lslidar_driver' for CMake module files
[1.704s] [34mcolcon.colcon_core.environment[0m [1;30mLevel 1[0m checking '/home/orangepi/uvg_car/install/lslidar_driver' for CMake config files
[1.705s] [34mcolcon.colcon_core.shell[0m [1;30mLevel 1[0m create_environment_hook('lslidar_driver', 'cmake_prefix_path')
[1.706s] [34mcolcon.colcon_core.shell[0m [1;30mINFO[0m Creating environment hook '/home/orangepi/uvg_car/install/lslidar_driver/share/lslidar_driver/hook/cmake_prefix_path.ps1'
[1.708s] [34mcolcon.colcon_core.shell[0m [1;30mINFO[0m Creating environment descriptor '/home/orangepi/uvg_car/install/lslidar_driver/share/lslidar_driver/hook/cmake_prefix_path.dsv'
[1.710s] [34mcolcon.colcon_core.shell[0m [1;30mINFO[0m Creating environment hook '/home/orangepi/uvg_car/install/lslidar_driver/share/lslidar_driver/hook/cmake_prefix_path.sh'
[1.713s] [34mcolcon.colcon_core.environment[0m [1;30mLevel 1[0m checking '/home/orangepi/uvg_car/install/lslidar_driver/lib'
[1.714s] [34mcolcon.colcon_core.environment[0m [1;30mLevel 1[0m checking '/home/orangepi/uvg_car/install/lslidar_driver/bin'
[1.714s] [34mcolcon.colcon_core.environment[0m [1;30mLevel 1[0m checking '/home/orangepi/uvg_car/install/lslidar_driver/lib/pkgconfig/lslidar_driver.pc'
[1.715s] [34mcolcon.colcon_core.environment[0m [1;30mLevel 1[0m checking '/home/orangepi/uvg_car/install/lslidar_driver/lib/python3.10/site-packages'
[1.716s] [34mcolcon.colcon_core.environment[0m [1;30mLevel 1[0m checking '/home/orangepi/uvg_car/install/lslidar_driver/bin'
[1.718s] [34mcolcon.colcon_core.shell[0m [1;30mINFO[0m Creating package script '/home/orangepi/uvg_car/install/lslidar_driver/share/lslidar_driver/package.ps1'
[1.720s] [34mcolcon.colcon_core.shell[0m [1;30mINFO[0m Creating package descriptor '/home/orangepi/uvg_car/install/lslidar_driver/share/lslidar_driver/package.dsv'
[1.723s] [34mcolcon.colcon_core.shell[0m [1;30mINFO[0m Creating package script '/home/orangepi/uvg_car/install/lslidar_driver/share/lslidar_driver/package.sh'
[1.725s] [34mcolcon.colcon_core.shell[0m [1;30mINFO[0m Creating package script '/home/orangepi/uvg_car/install/lslidar_driver/share/lslidar_driver/package.bash'
[1.727s] [34mcolcon.colcon_core.shell[0m [1;30mINFO[0m Creating package script '/home/orangepi/uvg_car/install/lslidar_driver/share/lslidar_driver/package.zsh'
[1.728s] [34mcolcon.colcon_core.environment[0m [1;30mLevel 1[0m create_file_with_runtime_dependencies(/home/orangepi/uvg_car/install/lslidar_driver/share/colcon-core/packages/lslidar_driver)
[2.129s] [34mcolcon.colcon_core.environment[0m [1;30mLevel 1[0m checking '/home/orangepi/uvg_car/install/wit_ros2_imu' for CMake module files
[2.131s] [34mcolcon.colcon_core.event_handler.log_command[0m [1;30mDEBUG[0m [32mInvoked command in '/home/orangepi/uvg_car/src/wit_ros2_imu' returned '0': PYTHONPATH=/home/orangepi/uvg_car/build/wit_ros2_imu/prefix_override:/usr/lib/python3/dist-packages/colcon_core/task/python/colcon_distutils_commands:/home/orangepi/uvg_car/install/wit_ros2_imu/lib/python3.10/site-packages:${PYTHONPATH} /usr/bin/python3 -W ignore:setup.py install is deprecated -W ignore:easy_install command is deprecated setup.py egg_info --egg-base ../../build/wit_ros2_imu build --build-base /home/orangepi/uvg_car/build/wit_ros2_imu/build install --record /home/orangepi/uvg_car/build/wit_ros2_imu/install.log --install-scripts $base/lib/wit_ros2_imu --single-version-externally-managed install_data[0m
[2.133s] [34mcolcon.colcon_core.environment[0m [1;30mLevel 1[0m checking '/home/orangepi/uvg_car/install/wit_ros2_imu' for CMake config files
[2.137s] [34mcolcon.colcon_core.environment[0m [1;30mLevel 1[0m checking '/home/orangepi/uvg_car/install/wit_ros2_imu/lib'
[2.137s] [34mcolcon.colcon_core.environment[0m [1;30mLevel 1[0m checking '/home/orangepi/uvg_car/install/wit_ros2_imu/bin'
[2.138s] [34mcolcon.colcon_core.environment[0m [1;30mLevel 1[0m checking '/home/orangepi/uvg_car/install/wit_ros2_imu/lib/pkgconfig/wit_ros2_imu.pc'
[2.139s] [34mcolcon.colcon_core.environment[0m [1;30mLevel 1[0m checking '/home/orangepi/uvg_car/install/wit_ros2_imu/lib/python3.10/site-packages'
[2.139s] [34mcolcon.colcon_core.shell[0m [1;30mLevel 1[0m create_environment_hook('wit_ros2_imu', 'pythonpath')
[2.140s] [34mcolcon.colcon_core.shell[0m [1;30mINFO[0m Creating environment hook '/home/orangepi/uvg_car/install/wit_ros2_imu/share/wit_ros2_imu/hook/pythonpath.ps1'
[2.141s] [34mcolcon.colcon_core.shell[0m [1;30mINFO[0m Creating environment descriptor '/home/orangepi/uvg_car/install/wit_ros2_imu/share/wit_ros2_imu/hook/pythonpath.dsv'
[2.142s] [34mcolcon.colcon_core.shell[0m [1;30mINFO[0m Creating environment hook '/home/orangepi/uvg_car/install/wit_ros2_imu/share/wit_ros2_imu/hook/pythonpath.sh'
[2.143s] [34mcolcon.colcon_core.environment[0m [1;30mLevel 1[0m checking '/home/orangepi/uvg_car/install/wit_ros2_imu/bin'
[2.143s] [34mcolcon.colcon_core.environment[0m [1;30mLevel 1[0m create_environment_scripts_only(wit_ros2_imu)
[2.144s] [34mcolcon.colcon_core.shell[0m [1;30mINFO[0m Creating package script '/home/orangepi/uvg_car/install/wit_ros2_imu/share/wit_ros2_imu/package.ps1'
[2.145s] [34mcolcon.colcon_core.shell[0m [1;30mINFO[0m Creating package descriptor '/home/orangepi/uvg_car/install/wit_ros2_imu/share/wit_ros2_imu/package.dsv'
[2.146s] [34mcolcon.colcon_core.shell[0m [1;30mINFO[0m Creating package script '/home/orangepi/uvg_car/install/wit_ros2_imu/share/wit_ros2_imu/package.sh'
[2.146s] [34mcolcon.colcon_core.shell[0m [1;30mINFO[0m Creating package script '/home/orangepi/uvg_car/install/wit_ros2_imu/share/wit_ros2_imu/package.bash'
[2.147s] [34mcolcon.colcon_core.shell[0m [1;30mINFO[0m Creating package script '/home/orangepi/uvg_car/install/wit_ros2_imu/share/wit_ros2_imu/package.zsh'
[2.148s] [34mcolcon.colcon_core.environment[0m [1;30mLevel 1[0m create_file_with_runtime_dependencies(/home/orangepi/uvg_car/install/wit_ros2_imu/share/colcon-core/packages/wit_ros2_imu)
[2.148s] [34mcolcon.colcon_parallel_executor.executor.parallel[0m [1;30mDEBUG[0m [32mclosing loop[0m
[2.149s] [34mcolcon.colcon_parallel_executor.executor.parallel[0m [1;30mDEBUG[0m [32mloop closed[0m
[2.149s] [34mcolcon.colcon_parallel_executor.executor.parallel[0m [1;30mDEBUG[0m [32mrun_until_complete finished with '0'[0m
[2.149s] [34mcolcon.colcon_core.event_reactor[0m [1;30mDEBUG[0m [32mjoining thread[0m
[2.159s] [34mcolcon.colcon_core.plugin_system[0m [1;30mINFO[0m Skipping extension 'colcon_notification.desktop_notification.terminal_notifier': Not used on non-Darwin systems
[2.159s] [34mcolcon.colcon_core.plugin_system[0m [1;30mINFO[0m Skipping extension 'colcon_notification.desktop_notification.win32': Not used on non-Windows systems
[2.159s] [34mcolcon.colcon_notification.desktop_notification[0m [1;30mINFO[0m Sending desktop notification using 'notify2'
[2.174s] [34mcolcon.colcon_core.event_reactor[0m [1;30mDEBUG[0m [32mjoined thread[0m
[2.175s] [34mcolcon.colcon_core.shell[0m [1;30mINFO[0m Creating prefix script '/home/orangepi/uvg_car/install/local_setup.ps1'
[2.180s] [34mcolcon.colcon_core.shell[0m [1;30mINFO[0m Creating prefix util module '/home/orangepi/uvg_car/install/_local_setup_util_ps1.py'
[2.189s] [34mcolcon.colcon_core.shell[0m [1;30mINFO[0m Creating prefix chain script '/home/orangepi/uvg_car/install/setup.ps1'
[2.195s] [34mcolcon.colcon_core.shell[0m [1;30mINFO[0m Creating prefix script '/home/orangepi/uvg_car/install/local_setup.sh'
[2.200s] [34mcolcon.colcon_core.shell[0m [1;30mINFO[0m Creating prefix util module '/home/orangepi/uvg_car/install/_local_setup_util_sh.py'
[2.206s] [34mcolcon.colcon_core.shell[0m [1;30mINFO[0m Creating prefix chain script '/home/orangepi/uvg_car/install/setup.sh'
[2.212s] [34mcolcon.colcon_core.shell[0m [1;30mINFO[0m Creating prefix script '/home/orangepi/uvg_car/install/local_setup.bash'
[2.215s] [34mcolcon.colcon_core.shell[0m [1;30mINFO[0m Creating prefix chain script '/home/orangepi/uvg_car/install/setup.bash'
[2.221s] [34mcolcon.colcon_core.shell[0m [1;30mINFO[0m Creating prefix script '/home/orangepi/uvg_car/install/local_setup.zsh'
[2.222s] [34mcolcon.colcon_core.shell[0m [1;30mINFO[0m Creating prefix chain script '/home/orangepi/uvg_car/install/setup.zsh'
