[0.060s] Invoking command in '/home/orangepi/uvg_car/build/lslidar_msgs': CMAKE_PREFIX_PATH=/opt/ros/humble /usr/bin/cmake --build /home/orangepi/uvg_car/build/lslidar_msgs -- -j8 -l8
[0.216s] [ 11%] Built target lslidar_msgs__rosidl_generator_c
[0.234s] [ 11%] Built target ament_cmake_python_copy_lslidar_msgs
[0.240s] [ 12%] Built target lslidar_msgs__cpp
[0.251s] [ 23%] Built target lslidar_msgs__rosidl_typesupport_fastrtps_c
[0.281s] [ 34%] Built target lslidar_msgs__rosidl_typesupport_c
[0.283s] [ 46%] Built target lslidar_msgs__rosidl_typesupport_introspection_c
[0.290s] [ 57%] Built target lslidar_msgs__rosidl_typesupport_fastrtps_cpp
[0.304s] [ 68%] Built target lslidar_msgs__rosidl_typesupport_cpp
[0.306s] [ 79%] Built target lslidar_msgs__rosidl_typesupport_introspection_cpp
[0.360s] [ 79%] Built target lslidar_msgs
[0.427s] [ 80%] Built target lslidar_msgs__py
[0.510s] [ 90%] Built target lslidar_msgs__rosidl_generator_py
[0.556s] [ 93%] Built target lslidar_msgs__rosidl_typesupport_c__pyext
[0.571s] running egg_info
[0.573s] [ 96%] Built target lslidar_msgs__rosidl_typesupport_introspection_c__pyext
[0.575s] writing lslidar_msgs.egg-info/PKG-INFO
[0.575s] writing dependency_links to lslidar_msgs.egg-info/dependency_links.txt
[0.576s] writing top-level names to lslidar_msgs.egg-info/top_level.txt
[0.577s] [100%] Built target lslidar_msgs__rosidl_typesupport_fastrtps_c__pyext
[0.577s] reading manifest file 'lslidar_msgs.egg-info/SOURCES.txt'
[0.577s] writing manifest file 'lslidar_msgs.egg-info/SOURCES.txt'
[0.648s] [100%] Built target ament_cmake_python_build_lslidar_msgs_egg
[0.680s] Invoked command in '/home/orangepi/uvg_car/build/lslidar_msgs' returned '0': CMAKE_PREFIX_PATH=/opt/ros/humble /usr/bin/cmake --build /home/orangepi/uvg_car/build/lslidar_msgs -- -j8 -l8
[0.684s] Invoking command in '/home/orangepi/uvg_car/build/lslidar_msgs': CMAKE_PREFIX_PATH=/opt/ros/humble /usr/bin/cmake --install /home/orangepi/uvg_car/build/lslidar_msgs
[0.712s] -- Install configuration: ""
[0.713s] -- Up-to-date: /home/orangepi/uvg_car/install/lslidar_msgs/share/ament_index/resource_index/rosidl_interfaces/lslidar_msgs
[0.714s] -- Up-to-date: /home/orangepi/uvg_car/install/lslidar_msgs/include/lslidar_msgs/lslidar_msgs
[0.714s] -- Up-to-date: /home/orangepi/uvg_car/install/lslidar_msgs/include/lslidar_msgs/lslidar_msgs/msg
[0.715s] -- Up-to-date: /home/orangepi/uvg_car/install/lslidar_msgs/include/lslidar_msgs/lslidar_msgs/msg/detail
[0.715s] -- Up-to-date: /home/orangepi/uvg_car/install/lslidar_msgs/include/lslidar_msgs/lslidar_msgs/msg/detail/lslidar_point__functions.h
[0.716s] -- Up-to-date: /home/orangepi/uvg_car/install/lslidar_msgs/include/lslidar_msgs/lslidar_msgs/msg/detail/lslidar_sweep__functions.h
[0.716s] -- Up-to-date: /home/orangepi/uvg_car/install/lslidar_msgs/include/lslidar_msgs/lslidar_msgs/msg/detail/lslidar_difop__type_support.h
[0.716s] -- Up-to-date: /home/orangepi/uvg_car/install/lslidar_msgs/include/lslidar_msgs/lslidar_msgs/msg/detail/lslidar_scan__type_support.h
[0.717s] -- Up-to-date: /home/orangepi/uvg_car/install/lslidar_msgs/include/lslidar_msgs/lslidar_msgs/msg/detail/lslidar_point__struct.h
[0.718s] -- Up-to-date: /home/orangepi/uvg_car/install/lslidar_msgs/include/lslidar_msgs/lslidar_msgs/msg/detail/lslidar_sweep__struct.h
[0.719s] -- Up-to-date: /home/orangepi/uvg_car/install/lslidar_msgs/include/lslidar_msgs/lslidar_msgs/msg/detail/lslidar_packet__struct.h
[0.720s] -- Up-to-date: /home/orangepi/uvg_car/install/lslidar_msgs/include/lslidar_msgs/lslidar_msgs/msg/detail/lslidar_packet__functions.h
[0.720s] -- Up-to-date: /home/orangepi/uvg_car/install/lslidar_msgs/include/lslidar_msgs/lslidar_msgs/msg/detail/lslidar_sweep__functions.c
[0.720s] -- Up-to-date: /home/orangepi/uvg_car/install/lslidar_msgs/include/lslidar_msgs/lslidar_msgs/msg/detail/lslidar_scan__functions.c
[0.721s] -- Up-to-date: /home/orangepi/uvg_car/install/lslidar_msgs/include/lslidar_msgs/lslidar_msgs/msg/detail/lslidar_scan__functions.h
[0.721s] -- Up-to-date: /home/orangepi/uvg_car/install/lslidar_msgs/include/lslidar_msgs/lslidar_msgs/msg/detail/lslidar_difop__functions.h
[0.722s] -- Up-to-date: /home/orangepi/uvg_car/install/lslidar_msgs/include/lslidar_msgs/lslidar_msgs/msg/detail/lslidar_sweep__type_support.h
[0.723s] -- Up-to-date: /home/orangepi/uvg_car/install/lslidar_msgs/include/lslidar_msgs/lslidar_msgs/msg/detail/lslidar_point__functions.c
[0.724s] -- Up-to-date: /home/orangepi/uvg_car/install/lslidar_msgs/include/lslidar_msgs/lslidar_msgs/msg/detail/lslidar_point__type_support.h
[0.724s] -- Up-to-date: /home/orangepi/uvg_car/install/lslidar_msgs/include/lslidar_msgs/lslidar_msgs/msg/detail/lslidar_scan__struct.h
[0.725s] -- Up-to-date: /home/orangepi/uvg_car/install/lslidar_msgs/include/lslidar_msgs/lslidar_msgs/msg/detail/lslidar_difop__struct.h
[0.725s] -- Up-to-date: /home/orangepi/uvg_car/install/lslidar_msgs/include/lslidar_msgs/lslidar_msgs/msg/detail/lslidar_packet__functions.c
[0.725s] -- Up-to-date: /home/orangepi/uvg_car/install/lslidar_msgs/include/lslidar_msgs/lslidar_msgs/msg/detail/lslidar_packet__type_support.h
[0.726s] -- Up-to-date: /home/orangepi/uvg_car/install/lslidar_msgs/include/lslidar_msgs/lslidar_msgs/msg/detail/lslidar_difop__functions.c
[0.726s] -- Up-to-date: /home/orangepi/uvg_car/install/lslidar_msgs/include/lslidar_msgs/lslidar_msgs/msg/lslidar_point.h
[0.726s] -- Up-to-date: /home/orangepi/uvg_car/install/lslidar_msgs/include/lslidar_msgs/lslidar_msgs/msg/lslidar_packet.h
[0.727s] -- Up-to-date: /home/orangepi/uvg_car/install/lslidar_msgs/include/lslidar_msgs/lslidar_msgs/msg/lslidar_difop.h
[0.727s] -- Up-to-date: /home/orangepi/uvg_car/install/lslidar_msgs/include/lslidar_msgs/lslidar_msgs/msg/lslidar_sweep.h
[0.727s] -- Up-to-date: /home/orangepi/uvg_car/install/lslidar_msgs/include/lslidar_msgs/lslidar_msgs/msg/lslidar_scan.h
[0.728s] -- Up-to-date: /home/orangepi/uvg_car/install/lslidar_msgs/include/lslidar_msgs/lslidar_msgs/msg/rosidl_generator_c__visibility_control.h
[0.728s] -- Up-to-date: /home/orangepi/uvg_car/install/lslidar_msgs/share/lslidar_msgs/environment/library_path.sh
[0.729s] -- Up-to-date: /home/orangepi/uvg_car/install/lslidar_msgs/share/lslidar_msgs/environment/library_path.dsv
[0.729s] -- Up-to-date: /home/orangepi/uvg_car/install/lslidar_msgs/lib/liblslidar_msgs__rosidl_generator_c.so
[0.729s] -- Up-to-date: /home/orangepi/uvg_car/install/lslidar_msgs/include/lslidar_msgs/lslidar_msgs
[0.730s] -- Up-to-date: /home/orangepi/uvg_car/install/lslidar_msgs/include/lslidar_msgs/lslidar_msgs/msg
[0.730s] -- Up-to-date: /home/orangepi/uvg_car/install/lslidar_msgs/include/lslidar_msgs/lslidar_msgs/msg/detail
[0.730s] -- Up-to-date: /home/orangepi/uvg_car/install/lslidar_msgs/include/lslidar_msgs/lslidar_msgs/msg/detail/lslidar_sweep__rosidl_typesupport_fastrtps_c.h
[0.731s] -- Up-to-date: /home/orangepi/uvg_car/install/lslidar_msgs/include/lslidar_msgs/lslidar_msgs/msg/detail/lslidar_point__rosidl_typesupport_fastrtps_c.h
[0.731s] -- Up-to-date: /home/orangepi/uvg_car/install/lslidar_msgs/include/lslidar_msgs/lslidar_msgs/msg/detail/lslidar_scan__rosidl_typesupport_fastrtps_c.h
[0.731s] -- Up-to-date: /home/orangepi/uvg_car/install/lslidar_msgs/include/lslidar_msgs/lslidar_msgs/msg/detail/lslidar_difop__rosidl_typesupport_fastrtps_c.h
[0.732s] -- Up-to-date: /home/orangepi/uvg_car/install/lslidar_msgs/include/lslidar_msgs/lslidar_msgs/msg/detail/lslidar_packet__rosidl_typesupport_fastrtps_c.h
[0.732s] -- Up-to-date: /home/orangepi/uvg_car/install/lslidar_msgs/include/lslidar_msgs/lslidar_msgs/msg/rosidl_typesupport_fastrtps_c__visibility_control.h
[0.732s] -- Up-to-date: /home/orangepi/uvg_car/install/lslidar_msgs/lib/liblslidar_msgs__rosidl_typesupport_fastrtps_c.so
[0.733s] -- Up-to-date: /home/orangepi/uvg_car/install/lslidar_msgs/include/lslidar_msgs/lslidar_msgs
[0.733s] -- Up-to-date: /home/orangepi/uvg_car/install/lslidar_msgs/include/lslidar_msgs/lslidar_msgs/msg
[0.733s] -- Up-to-date: /home/orangepi/uvg_car/install/lslidar_msgs/include/lslidar_msgs/lslidar_msgs/msg/lslidar_point.hpp
[0.734s] -- Up-to-date: /home/orangepi/uvg_car/install/lslidar_msgs/include/lslidar_msgs/lslidar_msgs/msg/lslidar_packet.hpp
[0.734s] -- Up-to-date: /home/orangepi/uvg_car/install/lslidar_msgs/include/lslidar_msgs/lslidar_msgs/msg/detail
[0.735s] -- Up-to-date: /home/orangepi/uvg_car/install/lslidar_msgs/include/lslidar_msgs/lslidar_msgs/msg/detail/lslidar_difop__type_support.hpp
[0.735s] -- Up-to-date: /home/orangepi/uvg_car/install/lslidar_msgs/include/lslidar_msgs/lslidar_msgs/msg/detail/lslidar_point__struct.hpp
[0.735s] -- Up-to-date: /home/orangepi/uvg_car/install/lslidar_msgs/include/lslidar_msgs/lslidar_msgs/msg/detail/lslidar_packet__type_support.hpp
[0.736s] -- Up-to-date: /home/orangepi/uvg_car/install/lslidar_msgs/include/lslidar_msgs/lslidar_msgs/msg/detail/lslidar_sweep__builder.hpp
[0.736s] -- Up-to-date: /home/orangepi/uvg_car/install/lslidar_msgs/include/lslidar_msgs/lslidar_msgs/msg/detail/lslidar_scan__builder.hpp
[0.736s] -- Up-to-date: /home/orangepi/uvg_car/install/lslidar_msgs/include/lslidar_msgs/lslidar_msgs/msg/detail/lslidar_point__type_support.hpp
[0.737s] -- Up-to-date: /home/orangepi/uvg_car/install/lslidar_msgs/include/lslidar_msgs/lslidar_msgs/msg/detail/lslidar_point__builder.hpp
[0.737s] -- Up-to-date: /home/orangepi/uvg_car/install/lslidar_msgs/include/lslidar_msgs/lslidar_msgs/msg/detail/lslidar_difop__traits.hpp
[0.737s] -- Up-to-date: /home/orangepi/uvg_car/install/lslidar_msgs/include/lslidar_msgs/lslidar_msgs/msg/detail/lslidar_packet__struct.hpp
[0.738s] -- Up-to-date: /home/orangepi/uvg_car/install/lslidar_msgs/include/lslidar_msgs/lslidar_msgs/msg/detail/lslidar_sweep__traits.hpp
[0.738s] -- Up-to-date: /home/orangepi/uvg_car/install/lslidar_msgs/include/lslidar_msgs/lslidar_msgs/msg/detail/lslidar_scan__traits.hpp
[0.738s] -- Up-to-date: /home/orangepi/uvg_car/install/lslidar_msgs/include/lslidar_msgs/lslidar_msgs/msg/detail/lslidar_packet__builder.hpp
[0.739s] -- Up-to-date: /home/orangepi/uvg_car/install/lslidar_msgs/include/lslidar_msgs/lslidar_msgs/msg/detail/lslidar_scan__type_support.hpp
[0.739s] -- Up-to-date: /home/orangepi/uvg_car/install/lslidar_msgs/include/lslidar_msgs/lslidar_msgs/msg/detail/lslidar_difop__struct.hpp
[0.740s] -- Up-to-date: /home/orangepi/uvg_car/install/lslidar_msgs/include/lslidar_msgs/lslidar_msgs/msg/detail/lslidar_scan__struct.hpp
[0.740s] -- Up-to-date: /home/orangepi/uvg_car/install/lslidar_msgs/include/lslidar_msgs/lslidar_msgs/msg/detail/lslidar_difop__builder.hpp
[0.740s] -- Up-to-date: /home/orangepi/uvg_car/install/lslidar_msgs/include/lslidar_msgs/lslidar_msgs/msg/detail/lslidar_sweep__type_support.hpp
[0.741s] -- Up-to-date: /home/orangepi/uvg_car/install/lslidar_msgs/include/lslidar_msgs/lslidar_msgs/msg/detail/lslidar_sweep__struct.hpp
[0.741s] -- Up-to-date: /home/orangepi/uvg_car/install/lslidar_msgs/include/lslidar_msgs/lslidar_msgs/msg/detail/lslidar_packet__traits.hpp
[0.741s] -- Up-to-date: /home/orangepi/uvg_car/install/lslidar_msgs/include/lslidar_msgs/lslidar_msgs/msg/detail/lslidar_point__traits.hpp
[0.742s] -- Up-to-date: /home/orangepi/uvg_car/install/lslidar_msgs/include/lslidar_msgs/lslidar_msgs/msg/lslidar_sweep.hpp
[0.742s] -- Up-to-date: /home/orangepi/uvg_car/install/lslidar_msgs/include/lslidar_msgs/lslidar_msgs/msg/rosidl_generator_cpp__visibility_control.hpp
[0.742s] -- Up-to-date: /home/orangepi/uvg_car/install/lslidar_msgs/include/lslidar_msgs/lslidar_msgs/msg/lslidar_scan.hpp
[0.743s] -- Up-to-date: /home/orangepi/uvg_car/install/lslidar_msgs/include/lslidar_msgs/lslidar_msgs/msg/lslidar_difop.hpp
[0.743s] -- Up-to-date: /home/orangepi/uvg_car/install/lslidar_msgs/include/lslidar_msgs/lslidar_msgs
[0.743s] -- Up-to-date: /home/orangepi/uvg_car/install/lslidar_msgs/include/lslidar_msgs/lslidar_msgs/msg
[0.744s] -- Up-to-date: /home/orangepi/uvg_car/install/lslidar_msgs/include/lslidar_msgs/lslidar_msgs/msg/detail
[0.744s] -- Up-to-date: /home/orangepi/uvg_car/install/lslidar_msgs/include/lslidar_msgs/lslidar_msgs/msg/detail/lslidar_point__rosidl_typesupport_fastrtps_cpp.hpp
[0.744s] -- Up-to-date: /home/orangepi/uvg_car/install/lslidar_msgs/include/lslidar_msgs/lslidar_msgs/msg/detail/lslidar_packet__rosidl_typesupport_fastrtps_cpp.hpp
[0.745s] -- Up-to-date: /home/orangepi/uvg_car/install/lslidar_msgs/include/lslidar_msgs/lslidar_msgs/msg/detail/lslidar_sweep__rosidl_typesupport_fastrtps_cpp.hpp
[0.745s] -- Up-to-date: /home/orangepi/uvg_car/install/lslidar_msgs/include/lslidar_msgs/lslidar_msgs/msg/detail/lslidar_scan__rosidl_typesupport_fastrtps_cpp.hpp
[0.746s] -- Up-to-date: /home/orangepi/uvg_car/install/lslidar_msgs/include/lslidar_msgs/lslidar_msgs/msg/detail/lslidar_difop__rosidl_typesupport_fastrtps_cpp.hpp
[0.746s] -- Up-to-date: /home/orangepi/uvg_car/install/lslidar_msgs/include/lslidar_msgs/lslidar_msgs/msg/detail/dds_fastrtps
[0.746s] -- Up-to-date: /home/orangepi/uvg_car/install/lslidar_msgs/include/lslidar_msgs/lslidar_msgs/msg/rosidl_typesupport_fastrtps_cpp__visibility_control.h
[0.747s] -- Up-to-date: /home/orangepi/uvg_car/install/lslidar_msgs/lib/liblslidar_msgs__rosidl_typesupport_fastrtps_cpp.so
[0.747s] -- Up-to-date: /home/orangepi/uvg_car/install/lslidar_msgs/include/lslidar_msgs/lslidar_msgs
[0.747s] -- Up-to-date: /home/orangepi/uvg_car/install/lslidar_msgs/include/lslidar_msgs/lslidar_msgs/msg
[0.748s] -- Up-to-date: /home/orangepi/uvg_car/install/lslidar_msgs/include/lslidar_msgs/lslidar_msgs/msg/detail
[0.748s] -- Up-to-date: /home/orangepi/uvg_car/install/lslidar_msgs/include/lslidar_msgs/lslidar_msgs/msg/detail/lslidar_packet__type_support.c
[0.748s] -- Up-to-date: /home/orangepi/uvg_car/install/lslidar_msgs/include/lslidar_msgs/lslidar_msgs/msg/detail/lslidar_sweep__rosidl_typesupport_introspection_c.h
[0.749s] -- Up-to-date: /home/orangepi/uvg_car/install/lslidar_msgs/include/lslidar_msgs/lslidar_msgs/msg/detail/lslidar_difop__type_support.c
[0.749s] -- Up-to-date: /home/orangepi/uvg_car/install/lslidar_msgs/include/lslidar_msgs/lslidar_msgs/msg/detail/lslidar_sweep__type_support.c
[0.750s] -- Up-to-date: /home/orangepi/uvg_car/install/lslidar_msgs/include/lslidar_msgs/lslidar_msgs/msg/detail/lslidar_point__type_support.c
[0.750s] -- Up-to-date: /home/orangepi/uvg_car/install/lslidar_msgs/include/lslidar_msgs/lslidar_msgs/msg/detail/lslidar_scan__rosidl_typesupport_introspection_c.h
[0.750s] -- Up-to-date: /home/orangepi/uvg_car/install/lslidar_msgs/include/lslidar_msgs/lslidar_msgs/msg/detail/lslidar_scan__type_support.c
[0.751s] -- Up-to-date: /home/orangepi/uvg_car/install/lslidar_msgs/include/lslidar_msgs/lslidar_msgs/msg/detail/lslidar_point__rosidl_typesupport_introspection_c.h
[0.751s] -- Up-to-date: /home/orangepi/uvg_car/install/lslidar_msgs/include/lslidar_msgs/lslidar_msgs/msg/detail/lslidar_difop__rosidl_typesupport_introspection_c.h
[0.751s] -- Up-to-date: /home/orangepi/uvg_car/install/lslidar_msgs/include/lslidar_msgs/lslidar_msgs/msg/detail/lslidar_packet__rosidl_typesupport_introspection_c.h
[0.752s] -- Up-to-date: /home/orangepi/uvg_car/install/lslidar_msgs/include/lslidar_msgs/lslidar_msgs/msg/rosidl_typesupport_introspection_c__visibility_control.h
[0.752s] -- Up-to-date: /home/orangepi/uvg_car/install/lslidar_msgs/lib/liblslidar_msgs__rosidl_typesupport_introspection_c.so
[0.752s] -- Up-to-date: /home/orangepi/uvg_car/install/lslidar_msgs/lib/liblslidar_msgs__rosidl_typesupport_c.so
[0.753s] -- Up-to-date: /home/orangepi/uvg_car/install/lslidar_msgs/include/lslidar_msgs/lslidar_msgs
[0.753s] -- Up-to-date: /home/orangepi/uvg_car/install/lslidar_msgs/include/lslidar_msgs/lslidar_msgs/msg
[0.753s] -- Up-to-date: /home/orangepi/uvg_car/install/lslidar_msgs/include/lslidar_msgs/lslidar_msgs/msg/detail
[0.754s] -- Up-to-date: /home/orangepi/uvg_car/install/lslidar_msgs/include/lslidar_msgs/lslidar_msgs/msg/detail/lslidar_difop__type_support.cpp
[0.754s] -- Up-to-date: /home/orangepi/uvg_car/install/lslidar_msgs/include/lslidar_msgs/lslidar_msgs/msg/detail/lslidar_scan__type_support.cpp
[0.754s] -- Up-to-date: /home/orangepi/uvg_car/install/lslidar_msgs/include/lslidar_msgs/lslidar_msgs/msg/detail/lslidar_packet__type_support.cpp
[0.755s] -- Up-to-date: /home/orangepi/uvg_car/install/lslidar_msgs/include/lslidar_msgs/lslidar_msgs/msg/detail/lslidar_point__type_support.cpp
[0.755s] -- Up-to-date: /home/orangepi/uvg_car/install/lslidar_msgs/include/lslidar_msgs/lslidar_msgs/msg/detail/lslidar_sweep__type_support.cpp
[0.756s] -- Up-to-date: /home/orangepi/uvg_car/install/lslidar_msgs/include/lslidar_msgs/lslidar_msgs/msg/detail/lslidar_sweep__rosidl_typesupport_introspection_cpp.hpp
[0.756s] -- Up-to-date: /home/orangepi/uvg_car/install/lslidar_msgs/include/lslidar_msgs/lslidar_msgs/msg/detail/lslidar_difop__rosidl_typesupport_introspection_cpp.hpp
[0.756s] -- Up-to-date: /home/orangepi/uvg_car/install/lslidar_msgs/include/lslidar_msgs/lslidar_msgs/msg/detail/lslidar_scan__rosidl_typesupport_introspection_cpp.hpp
[0.757s] -- Up-to-date: /home/orangepi/uvg_car/install/lslidar_msgs/include/lslidar_msgs/lslidar_msgs/msg/detail/lslidar_point__rosidl_typesupport_introspection_cpp.hpp
[0.757s] -- Up-to-date: /home/orangepi/uvg_car/install/lslidar_msgs/include/lslidar_msgs/lslidar_msgs/msg/detail/lslidar_packet__rosidl_typesupport_introspection_cpp.hpp
[0.757s] -- Up-to-date: /home/orangepi/uvg_car/install/lslidar_msgs/lib/liblslidar_msgs__rosidl_typesupport_introspection_cpp.so
[0.758s] -- Up-to-date: /home/orangepi/uvg_car/install/lslidar_msgs/lib/liblslidar_msgs__rosidl_typesupport_cpp.so
[0.758s] -- Up-to-date: /home/orangepi/uvg_car/install/lslidar_msgs/share/lslidar_msgs/environment/pythonpath.sh
[0.758s] -- Up-to-date: /home/orangepi/uvg_car/install/lslidar_msgs/share/lslidar_msgs/environment/pythonpath.dsv
[0.759s] -- Up-to-date: /home/orangepi/uvg_car/install/lslidar_msgs/local/lib/python3.10/dist-packages/lslidar_msgs-1.2.0-py3.10.egg-info
[0.759s] -- Installing: /home/orangepi/uvg_car/install/lslidar_msgs/local/lib/python3.10/dist-packages/lslidar_msgs-1.2.0-py3.10.egg-info/top_level.txt
[0.759s] -- Installing: /home/orangepi/uvg_car/install/lslidar_msgs/local/lib/python3.10/dist-packages/lslidar_msgs-1.2.0-py3.10.egg-info/SOURCES.txt
[0.760s] -- Installing: /home/orangepi/uvg_car/install/lslidar_msgs/local/lib/python3.10/dist-packages/lslidar_msgs-1.2.0-py3.10.egg-info/PKG-INFO
[0.760s] -- Installing: /home/orangepi/uvg_car/install/lslidar_msgs/local/lib/python3.10/dist-packages/lslidar_msgs-1.2.0-py3.10.egg-info/dependency_links.txt
[0.761s] -- Up-to-date: /home/orangepi/uvg_car/install/lslidar_msgs/local/lib/python3.10/dist-packages/lslidar_msgs
[0.761s] -- Up-to-date: /home/orangepi/uvg_car/install/lslidar_msgs/local/lib/python3.10/dist-packages/lslidar_msgs/liblslidar_msgs__rosidl_generator_py.so
[0.761s] -- Up-to-date: /home/orangepi/uvg_car/install/lslidar_msgs/local/lib/python3.10/dist-packages/lslidar_msgs/_lslidar_msgs_s.ep.rosidl_typesupport_fastrtps_c.c
[0.762s] -- Up-to-date: /home/orangepi/uvg_car/install/lslidar_msgs/local/lib/python3.10/dist-packages/lslidar_msgs/_lslidar_msgs_s.ep.rosidl_typesupport_introspection_c.c
[0.762s] -- Up-to-date: /home/orangepi/uvg_car/install/lslidar_msgs/local/lib/python3.10/dist-packages/lslidar_msgs/__init__.py
[0.762s] -- Up-to-date: /home/orangepi/uvg_car/install/lslidar_msgs/local/lib/python3.10/dist-packages/lslidar_msgs/lslidar_msgs_s__rosidl_typesupport_introspection_c.cpython-310-aarch64-linux-gnu.so
[0.763s] -- Up-to-date: /home/orangepi/uvg_car/install/lslidar_msgs/local/lib/python3.10/dist-packages/lslidar_msgs/lslidar_msgs_s__rosidl_typesupport_c.cpython-310-aarch64-linux-gnu.so
[0.763s] -- Up-to-date: /home/orangepi/uvg_car/install/lslidar_msgs/local/lib/python3.10/dist-packages/lslidar_msgs/msg
[0.763s] -- Up-to-date: /home/orangepi/uvg_car/install/lslidar_msgs/local/lib/python3.10/dist-packages/lslidar_msgs/msg/_lslidar_difop_s.c
[0.764s] -- Up-to-date: /home/orangepi/uvg_car/install/lslidar_msgs/local/lib/python3.10/dist-packages/lslidar_msgs/msg/_lslidar_scan.py
[0.764s] -- Up-to-date: /home/orangepi/uvg_car/install/lslidar_msgs/local/lib/python3.10/dist-packages/lslidar_msgs/msg/_lslidar_difop.py
[0.764s] -- Up-to-date: /home/orangepi/uvg_car/install/lslidar_msgs/local/lib/python3.10/dist-packages/lslidar_msgs/msg/_lslidar_packet_s.c
[0.765s] -- Up-to-date: /home/orangepi/uvg_car/install/lslidar_msgs/local/lib/python3.10/dist-packages/lslidar_msgs/msg/__init__.py
[0.765s] -- Up-to-date: /home/orangepi/uvg_car/install/lslidar_msgs/local/lib/python3.10/dist-packages/lslidar_msgs/msg/_lslidar_scan_s.c
[0.766s] -- Up-to-date: /home/orangepi/uvg_car/install/lslidar_msgs/local/lib/python3.10/dist-packages/lslidar_msgs/msg/_lslidar_packet.py
[0.766s] -- Up-to-date: /home/orangepi/uvg_car/install/lslidar_msgs/local/lib/python3.10/dist-packages/lslidar_msgs/msg/_lslidar_sweep_s.c
[0.766s] -- Up-to-date: /home/orangepi/uvg_car/install/lslidar_msgs/local/lib/python3.10/dist-packages/lslidar_msgs/msg/_lslidar_point.py
[0.767s] -- Up-to-date: /home/orangepi/uvg_car/install/lslidar_msgs/local/lib/python3.10/dist-packages/lslidar_msgs/msg/_lslidar_sweep.py
[0.767s] -- Up-to-date: /home/orangepi/uvg_car/install/lslidar_msgs/local/lib/python3.10/dist-packages/lslidar_msgs/msg/_lslidar_point_s.c
[0.767s] -- Up-to-date: /home/orangepi/uvg_car/install/lslidar_msgs/local/lib/python3.10/dist-packages/lslidar_msgs/_lslidar_msgs_s.ep.rosidl_typesupport_c.c
[0.767s] -- Up-to-date: /home/orangepi/uvg_car/install/lslidar_msgs/local/lib/python3.10/dist-packages/lslidar_msgs/lslidar_msgs_s__rosidl_typesupport_fastrtps_c.cpython-310-aarch64-linux-gnu.so
[0.789s] Listing '/home/orangepi/uvg_car/install/lslidar_msgs/local/lib/python3.10/dist-packages/lslidar_msgs'...
[0.790s] Listing '/home/orangepi/uvg_car/install/lslidar_msgs/local/lib/python3.10/dist-packages/lslidar_msgs/msg'...
[0.802s] -- Up-to-date: /home/orangepi/uvg_car/install/lslidar_msgs/local/lib/python3.10/dist-packages/lslidar_msgs/lslidar_msgs_s__rosidl_typesupport_fastrtps_c.cpython-310-aarch64-linux-gnu.so
[0.803s] -- Up-to-date: /home/orangepi/uvg_car/install/lslidar_msgs/local/lib/python3.10/dist-packages/lslidar_msgs/lslidar_msgs_s__rosidl_typesupport_introspection_c.cpython-310-aarch64-linux-gnu.so
[0.803s] -- Up-to-date: /home/orangepi/uvg_car/install/lslidar_msgs/local/lib/python3.10/dist-packages/lslidar_msgs/lslidar_msgs_s__rosidl_typesupport_c.cpython-310-aarch64-linux-gnu.so
[0.803s] -- Up-to-date: /home/orangepi/uvg_car/install/lslidar_msgs/lib/liblslidar_msgs__rosidl_generator_py.so
[0.803s] -- Up-to-date: /home/orangepi/uvg_car/install/lslidar_msgs/share/lslidar_msgs/msg/LslidarDifop.idl
[0.803s] -- Up-to-date: /home/orangepi/uvg_car/install/lslidar_msgs/share/lslidar_msgs/msg/LslidarPacket.idl
[0.804s] -- Up-to-date: /home/orangepi/uvg_car/install/lslidar_msgs/share/lslidar_msgs/msg/LslidarPoint.idl
[0.804s] -- Up-to-date: /home/orangepi/uvg_car/install/lslidar_msgs/share/lslidar_msgs/msg/LslidarScan.idl
[0.804s] -- Up-to-date: /home/orangepi/uvg_car/install/lslidar_msgs/share/lslidar_msgs/msg/LslidarSweep.idl
[0.804s] -- Up-to-date: /home/orangepi/uvg_car/install/lslidar_msgs/share/lslidar_msgs/msg/LslidarDifop.msg
[0.804s] -- Up-to-date: /home/orangepi/uvg_car/install/lslidar_msgs/share/lslidar_msgs/msg/LslidarPacket.msg
[0.804s] -- Up-to-date: /home/orangepi/uvg_car/install/lslidar_msgs/share/lslidar_msgs/msg/LslidarPoint.msg
[0.804s] -- Up-to-date: /home/orangepi/uvg_car/install/lslidar_msgs/share/lslidar_msgs/msg/LslidarScan.msg
[0.804s] -- Up-to-date: /home/orangepi/uvg_car/install/lslidar_msgs/share/lslidar_msgs/msg/LslidarSweep.msg
[0.804s] -- Up-to-date: /home/orangepi/uvg_car/install/lslidar_msgs/share/ament_index/resource_index/package_run_dependencies/lslidar_msgs
[0.805s] -- Up-to-date: /home/orangepi/uvg_car/install/lslidar_msgs/share/ament_index/resource_index/parent_prefix_path/lslidar_msgs
[0.805s] -- Up-to-date: /home/orangepi/uvg_car/install/lslidar_msgs/share/lslidar_msgs/environment/ament_prefix_path.sh
[0.805s] -- Up-to-date: /home/orangepi/uvg_car/install/lslidar_msgs/share/lslidar_msgs/environment/ament_prefix_path.dsv
[0.805s] -- Up-to-date: /home/orangepi/uvg_car/install/lslidar_msgs/share/lslidar_msgs/environment/path.sh
[0.805s] -- Up-to-date: /home/orangepi/uvg_car/install/lslidar_msgs/share/lslidar_msgs/environment/path.dsv
[0.805s] -- Up-to-date: /home/orangepi/uvg_car/install/lslidar_msgs/share/lslidar_msgs/local_setup.bash
[0.805s] -- Up-to-date: /home/orangepi/uvg_car/install/lslidar_msgs/share/lslidar_msgs/local_setup.sh
[0.805s] -- Up-to-date: /home/orangepi/uvg_car/install/lslidar_msgs/share/lslidar_msgs/local_setup.zsh
[0.806s] -- Up-to-date: /home/orangepi/uvg_car/install/lslidar_msgs/share/lslidar_msgs/local_setup.dsv
[0.806s] -- Installing: /home/orangepi/uvg_car/install/lslidar_msgs/share/lslidar_msgs/package.dsv
[0.806s] -- Up-to-date: /home/orangepi/uvg_car/install/lslidar_msgs/share/ament_index/resource_index/packages/lslidar_msgs
[0.806s] -- Up-to-date: /home/orangepi/uvg_car/install/lslidar_msgs/share/lslidar_msgs/cmake/export_lslidar_msgs__rosidl_generator_cExport.cmake
[0.806s] -- Up-to-date: /home/orangepi/uvg_car/install/lslidar_msgs/share/lslidar_msgs/cmake/export_lslidar_msgs__rosidl_generator_cExport-noconfig.cmake
[0.806s] -- Up-to-date: /home/orangepi/uvg_car/install/lslidar_msgs/share/lslidar_msgs/cmake/export_lslidar_msgs__rosidl_typesupport_fastrtps_cExport.cmake
[0.806s] -- Up-to-date: /home/orangepi/uvg_car/install/lslidar_msgs/share/lslidar_msgs/cmake/export_lslidar_msgs__rosidl_typesupport_fastrtps_cExport-noconfig.cmake
[0.806s] -- Up-to-date: /home/orangepi/uvg_car/install/lslidar_msgs/share/lslidar_msgs/cmake/export_lslidar_msgs__rosidl_generator_cppExport.cmake
[0.806s] -- Up-to-date: /home/orangepi/uvg_car/install/lslidar_msgs/share/lslidar_msgs/cmake/export_lslidar_msgs__rosidl_typesupport_fastrtps_cppExport.cmake
[0.807s] -- Up-to-date: /home/orangepi/uvg_car/install/lslidar_msgs/share/lslidar_msgs/cmake/export_lslidar_msgs__rosidl_typesupport_fastrtps_cppExport-noconfig.cmake
[0.807s] -- Up-to-date: /home/orangepi/uvg_car/install/lslidar_msgs/share/lslidar_msgs/cmake/lslidar_msgs__rosidl_typesupport_introspection_cExport.cmake
[0.807s] -- Up-to-date: /home/orangepi/uvg_car/install/lslidar_msgs/share/lslidar_msgs/cmake/lslidar_msgs__rosidl_typesupport_introspection_cExport-noconfig.cmake
[0.807s] -- Up-to-date: /home/orangepi/uvg_car/install/lslidar_msgs/share/lslidar_msgs/cmake/lslidar_msgs__rosidl_typesupport_cExport.cmake
[0.807s] -- Up-to-date: /home/orangepi/uvg_car/install/lslidar_msgs/share/lslidar_msgs/cmake/lslidar_msgs__rosidl_typesupport_cExport-noconfig.cmake
[0.807s] -- Up-to-date: /home/orangepi/uvg_car/install/lslidar_msgs/share/lslidar_msgs/cmake/lslidar_msgs__rosidl_typesupport_introspection_cppExport.cmake
[0.807s] -- Up-to-date: /home/orangepi/uvg_car/install/lslidar_msgs/share/lslidar_msgs/cmake/lslidar_msgs__rosidl_typesupport_introspection_cppExport-noconfig.cmake
[0.808s] -- Up-to-date: /home/orangepi/uvg_car/install/lslidar_msgs/share/lslidar_msgs/cmake/lslidar_msgs__rosidl_typesupport_cppExport.cmake
[0.808s] -- Up-to-date: /home/orangepi/uvg_car/install/lslidar_msgs/share/lslidar_msgs/cmake/lslidar_msgs__rosidl_typesupport_cppExport-noconfig.cmake
[0.808s] -- Up-to-date: /home/orangepi/uvg_car/install/lslidar_msgs/share/lslidar_msgs/cmake/export_lslidar_msgs__rosidl_generator_pyExport.cmake
[0.808s] -- Up-to-date: /home/orangepi/uvg_car/install/lslidar_msgs/share/lslidar_msgs/cmake/export_lslidar_msgs__rosidl_generator_pyExport-noconfig.cmake
[0.809s] -- Up-to-date: /home/orangepi/uvg_car/install/lslidar_msgs/share/lslidar_msgs/cmake/rosidl_cmake-extras.cmake
[0.809s] -- Up-to-date: /home/orangepi/uvg_car/install/lslidar_msgs/share/lslidar_msgs/cmake/ament_cmake_export_dependencies-extras.cmake
[0.809s] -- Up-to-date: /home/orangepi/uvg_car/install/lslidar_msgs/share/lslidar_msgs/cmake/ament_cmake_export_include_directories-extras.cmake
[0.809s] -- Up-to-date: /home/orangepi/uvg_car/install/lslidar_msgs/share/lslidar_msgs/cmake/ament_cmake_export_libraries-extras.cmake
[0.809s] -- Up-to-date: /home/orangepi/uvg_car/install/lslidar_msgs/share/lslidar_msgs/cmake/ament_cmake_export_targets-extras.cmake
[0.809s] -- Up-to-date: /home/orangepi/uvg_car/install/lslidar_msgs/share/lslidar_msgs/cmake/rosidl_cmake_export_typesupport_targets-extras.cmake
[0.810s] -- Up-to-date: /home/orangepi/uvg_car/install/lslidar_msgs/share/lslidar_msgs/cmake/rosidl_cmake_export_typesupport_libraries-extras.cmake
[0.810s] -- Up-to-date: /home/orangepi/uvg_car/install/lslidar_msgs/share/lslidar_msgs/cmake/lslidar_msgsConfig.cmake
[0.810s] -- Up-to-date: /home/orangepi/uvg_car/install/lslidar_msgs/share/lslidar_msgs/cmake/lslidar_msgsConfig-version.cmake
[0.810s] -- Up-to-date: /home/orangepi/uvg_car/install/lslidar_msgs/share/lslidar_msgs/package.xml
[0.817s] Invoked command in '/home/orangepi/uvg_car/build/lslidar_msgs' returned '0': CMAKE_PREFIX_PATH=/opt/ros/humble /usr/bin/cmake --install /home/orangepi/uvg_car/build/lslidar_msgs
