[0.021s] Invoking command in '/home/orangepi/uvg_car/build/lslidar_driver': CMAKE_PREFIX_PATH=/home/orangepi/uvg_car/install/lslidar_msgs:/home/orangepi/uvg_car/install/oakchina_vio_package:/home/orangepi/uvg_car/install/lslidar_driver:/home/orangepi/uvg_car/install/fishbot_navigation2:/home/orangepi/uvg_car/install/fishbot_cartographer:/home/orangepi/uvg_car/install/wit_ros2_imu:/opt/ros/humble LD_LIBRARY_PATH=/home/orangepi/uvg_car/install/lslidar_msgs/lib:/home/orangepi/uvg_car/install/oakchina_vio_package/lib:/opt/ros/humble/opt/rviz_ogre_vendor/lib:/opt/ros/humble/lib/aarch64-linux-gnu:/opt/ros/humble/lib /usr/bin/cmake --build /home/orangepi/uvg_car/build/lslidar_driver -- -j8 -l8
[0.255s] [ 20%] [32mBuilding CXX object CMakeFiles/lslidar_driver_node.dir/src/lslidar_driver.cc.o[0m
[27.778s] [ 40%] [32m[1mLinking CXX executable lslidar_driver_node[0m
[31.210s] [100%] Built target lslidar_driver_node
[31.245s] Invoked command in '/home/orangepi/uvg_car/build/lslidar_driver' returned '0': CMAKE_PREFIX_PATH=/home/orangepi/uvg_car/install/lslidar_msgs:/home/orangepi/uvg_car/install/oakchina_vio_package:/home/orangepi/uvg_car/install/lslidar_driver:/home/orangepi/uvg_car/install/fishbot_navigation2:/home/orangepi/uvg_car/install/fishbot_cartographer:/home/orangepi/uvg_car/install/wit_ros2_imu:/opt/ros/humble LD_LIBRARY_PATH=/home/orangepi/uvg_car/install/lslidar_msgs/lib:/home/orangepi/uvg_car/install/oakchina_vio_package/lib:/opt/ros/humble/opt/rviz_ogre_vendor/lib:/opt/ros/humble/lib/aarch64-linux-gnu:/opt/ros/humble/lib /usr/bin/cmake --build /home/orangepi/uvg_car/build/lslidar_driver -- -j8 -l8
[31.251s] Invoking command in '/home/orangepi/uvg_car/build/lslidar_driver': CMAKE_PREFIX_PATH=/home/orangepi/uvg_car/install/lslidar_msgs:/home/orangepi/uvg_car/install/oakchina_vio_package:/home/orangepi/uvg_car/install/lslidar_driver:/home/orangepi/uvg_car/install/fishbot_navigation2:/home/orangepi/uvg_car/install/fishbot_cartographer:/home/orangepi/uvg_car/install/wit_ros2_imu:/opt/ros/humble LD_LIBRARY_PATH=/home/orangepi/uvg_car/install/lslidar_msgs/lib:/home/orangepi/uvg_car/install/oakchina_vio_package/lib:/opt/ros/humble/opt/rviz_ogre_vendor/lib:/opt/ros/humble/lib/aarch64-linux-gnu:/opt/ros/humble/lib /usr/bin/cmake --install /home/orangepi/uvg_car/build/lslidar_driver
[31.269s] -- Install configuration: ""
[31.269s] -- Up-to-date: /home/orangepi/uvg_car/install/lslidar_driver/share/lslidar_driver/launch
[31.269s] -- Up-to-date: /home/orangepi/uvg_car/install/lslidar_driver/share/lslidar_driver/launch/lsm10p_net_launch.py
[31.269s] -- Up-to-date: /home/orangepi/uvg_car/install/lslidar_driver/share/lslidar_driver/launch/demo.launch.py
[31.269s] -- Up-to-date: /home/orangepi/uvg_car/install/lslidar_driver/share/lslidar_driver/launch/lslidar_double_launch.py
[31.269s] -- Up-to-date: /home/orangepi/uvg_car/install/lslidar_driver/share/lslidar_driver/launch/lsm10_net_launch.py
[31.270s] -- Up-to-date: /home/orangepi/uvg_car/install/lslidar_driver/share/lslidar_driver/launch/lsm10p_uart_launch.py
[31.270s] -- Up-to-date: /home/orangepi/uvg_car/install/lslidar_driver/share/lslidar_driver/launch/lsm10_uart_launch.py
[31.270s] -- Up-to-date: /home/orangepi/uvg_car/install/lslidar_driver/share/lslidar_driver/launch/lsn10_net_launch.py
[31.270s] -- Up-to-date: /home/orangepi/uvg_car/install/lslidar_driver/share/lslidar_driver/launch/lsn10p_launch.py
[31.270s] -- Up-to-date: /home/orangepi/uvg_car/install/lslidar_driver/share/lslidar_driver/launch/viewer_scan_launch.py
[31.270s] -- Up-to-date: /home/orangepi/uvg_car/install/lslidar_driver/share/lslidar_driver/launch/lsn10_launch.py
[31.270s] -- Up-to-date: /home/orangepi/uvg_car/install/lslidar_driver/share/lslidar_driver/launch/lsn10p_net_launch.py
[31.270s] -- Up-to-date: /home/orangepi/uvg_car/install/lslidar_driver/share/lslidar_driver/params
[31.270s] -- Up-to-date: /home/orangepi/uvg_car/install/lslidar_driver/share/lslidar_driver/params/lidar_net_ros2
[31.270s] -- Up-to-date: /home/orangepi/uvg_car/install/lslidar_driver/share/lslidar_driver/params/lidar_net_ros2/lsm10p_net.yaml
[31.270s] -- Up-to-date: /home/orangepi/uvg_car/install/lslidar_driver/share/lslidar_driver/params/lidar_net_ros2/lsn10p_net.yaml
[31.270s] -- Up-to-date: /home/orangepi/uvg_car/install/lslidar_driver/share/lslidar_driver/params/lidar_net_ros2/lsn10_net.yaml
[31.270s] -- Up-to-date: /home/orangepi/uvg_car/install/lslidar_driver/share/lslidar_driver/params/lidar_net_ros2/lsm10_net.yaml
[31.271s] -- Up-to-date: /home/orangepi/uvg_car/install/lslidar_driver/share/lslidar_driver/params/lidar_uart_ros2
[31.271s] -- Up-to-date: /home/orangepi/uvg_car/install/lslidar_driver/share/lslidar_driver/params/lidar_uart_ros2/lsn10p.yaml
[31.271s] -- Up-to-date: /home/orangepi/uvg_car/install/lslidar_driver/share/lslidar_driver/params/lidar_uart_ros2/lsm10_p.yaml
[31.271s] -- Up-to-date: /home/orangepi/uvg_car/install/lslidar_driver/share/lslidar_driver/params/lidar_uart_ros2/lsm10.yaml
[31.271s] -- Up-to-date: /home/orangepi/uvg_car/install/lslidar_driver/share/lslidar_driver/params/lidar_uart_ros2/lsn10.yaml
[31.271s] -- Up-to-date: /home/orangepi/uvg_car/install/lslidar_driver/share/lslidar_driver/rviz
[31.271s] -- Up-to-date: /home/orangepi/uvg_car/install/lslidar_driver/share/lslidar_driver/rviz/lslidar.rviz
[31.271s] -- Installing: /home/orangepi/uvg_car/install/lslidar_driver/lib/lslidar_driver/lslidar_driver_node
[31.280s] -- Set runtime path of "/home/orangepi/uvg_car/install/lslidar_driver/lib/lslidar_driver/lslidar_driver_node" to ""
[31.281s] -- Up-to-date: /home/orangepi/uvg_car/install/lslidar_driver/share/ament_index/resource_index/package_run_dependencies/lslidar_driver
[31.281s] -- Up-to-date: /home/orangepi/uvg_car/install/lslidar_driver/share/ament_index/resource_index/parent_prefix_path/lslidar_driver
[31.281s] -- Up-to-date: /home/orangepi/uvg_car/install/lslidar_driver/share/lslidar_driver/environment/ament_prefix_path.sh
[31.282s] -- Up-to-date: /home/orangepi/uvg_car/install/lslidar_driver/share/lslidar_driver/environment/ament_prefix_path.dsv
[31.282s] -- Up-to-date: /home/orangepi/uvg_car/install/lslidar_driver/share/lslidar_driver/environment/path.sh
[31.282s] -- Up-to-date: /home/orangepi/uvg_car/install/lslidar_driver/share/lslidar_driver/environment/path.dsv
[31.282s] -- Up-to-date: /home/orangepi/uvg_car/install/lslidar_driver/share/lslidar_driver/local_setup.bash
[31.284s] -- Up-to-date: /home/orangepi/uvg_car/install/lslidar_driver/share/lslidar_driver/local_setup.sh
[31.285s] -- Up-to-date: /home/orangepi/uvg_car/install/lslidar_driver/share/lslidar_driver/local_setup.zsh
[31.285s] -- Up-to-date: /home/orangepi/uvg_car/install/lslidar_driver/share/lslidar_driver/local_setup.dsv
[31.285s] -- Installing: /home/orangepi/uvg_car/install/lslidar_driver/share/lslidar_driver/package.dsv
[31.285s] -- Up-to-date: /home/orangepi/uvg_car/install/lslidar_driver/share/ament_index/resource_index/packages/lslidar_driver
[31.285s] -- Up-to-date: /home/orangepi/uvg_car/install/lslidar_driver/share/lslidar_driver/cmake/ament_cmake_export_dependencies-extras.cmake
[31.285s] -- Up-to-date: /home/orangepi/uvg_car/install/lslidar_driver/share/lslidar_driver/cmake/ament_cmake_export_include_directories-extras.cmake
[31.285s] -- Up-to-date: /home/orangepi/uvg_car/install/lslidar_driver/share/lslidar_driver/cmake/lslidar_driverConfig.cmake
[31.285s] -- Up-to-date: /home/orangepi/uvg_car/install/lslidar_driver/share/lslidar_driver/cmake/lslidar_driverConfig-version.cmake
[31.286s] -- Up-to-date: /home/orangepi/uvg_car/install/lslidar_driver/share/lslidar_driver/package.xml
[31.289s] Invoked command in '/home/orangepi/uvg_car/build/lslidar_driver' returned '0': CMAKE_PREFIX_PATH=/home/orangepi/uvg_car/install/lslidar_msgs:/home/orangepi/uvg_car/install/oakchina_vio_package:/home/orangepi/uvg_car/install/lslidar_driver:/home/orangepi/uvg_car/install/fishbot_navigation2:/home/orangepi/uvg_car/install/fishbot_cartographer:/home/orangepi/uvg_car/install/wit_ros2_imu:/opt/ros/humble LD_LIBRARY_PATH=/home/orangepi/uvg_car/install/lslidar_msgs/lib:/home/orangepi/uvg_car/install/oakchina_vio_package/lib:/opt/ros/humble/opt/rviz_ogre_vendor/lib:/opt/ros/humble/lib/aarch64-linux-gnu:/opt/ros/humble/lib /usr/bin/cmake --install /home/orangepi/uvg_car/build/lslidar_driver
