[0.050s] Invoking command in '/home/orangepi/uvg_car/build/fishbot_cartographer': CMAKE_PREFIX_PATH=${CMAKE_PREFIX_PATH}:/home/orangepi/car_ros2/install/rknn_yolo:/opt/ros/humble /usr/bin/cmake --build /home/orangepi/uvg_car/build/fishbot_cartographer -- -j8 -l8
[0.198s] [ 50%] Built target CartoTransferPose_main
[0.220s] [100%] Built target time_sync_node
[0.281s] Invoked command in '/home/orangepi/uvg_car/build/fishbot_cartographer' returned '0': CMAKE_PREFIX_PATH=${CMAKE_PREFIX_PATH}:/home/orangepi/car_ros2/install/rknn_yolo:/opt/ros/humble /usr/bin/cmake --build /home/orangepi/uvg_car/build/fishbot_cartographer -- -j8 -l8
[0.282s] Invoking command in '/home/orangepi/uvg_car/build/fishbot_cartographer': CMAKE_PREFIX_PATH=${CMAKE_PREFIX_PATH}:/home/orangepi/car_ros2/install/rknn_yolo:/opt/ros/humble /usr/bin/cmake --install /home/orangepi/uvg_car/build/fishbot_cartographer
[0.296s] -- Install configuration: ""
[0.296s] -- Up-to-date: /home/orangepi/uvg_car/install/fishbot_cartographer/share/fishbot_cartographer/config
[0.297s] -- Up-to-date: /home/orangepi/uvg_car/install/fishbot_cartographer/share/fishbot_cartographer/config/fishbot_2d.lua
[0.298s] -- Up-to-date: /home/orangepi/uvg_car/install/fishbot_cartographer/share/fishbot_cartographer/launch
[0.302s] -- Up-to-date: /home/orangepi/uvg_car/install/fishbot_cartographer/share/fishbot_cartographer/launch/ugv.launch.py
[0.302s] -- Up-to-date: /home/orangepi/uvg_car/install/fishbot_cartographer/share/fishbot_cartographer/launch/cartographer.launch.py
[0.302s] -- Up-to-date: /home/orangepi/uvg_car/install/fishbot_cartographer/share/fishbot_cartographer/rviz
[0.303s] -- Up-to-date: /home/orangepi/uvg_car/install/fishbot_cartographer/share/fishbot_cartographer/rviz/fishbot_cartographer.rviz
[0.303s] -- Up-to-date: /home/orangepi/uvg_car/install/fishbot_cartographer/share/fishbot_cartographer/urdf
[0.303s] -- Installing: /home/orangepi/uvg_car/install/fishbot_cartographer/share/fishbot_cartographer/urdf/fishot_2d.urdf
[0.304s] -- Up-to-date: /home/orangepi/uvg_car/install/fishbot_cartographer/share/fishbot_cartographer/map
[0.304s] -- Up-to-date: /home/orangepi/uvg_car/install/fishbot_cartographer/share/fishbot_cartographer/map/fishbot_map.pgm
[0.304s] -- Up-to-date: /home/orangepi/uvg_car/install/fishbot_cartographer/share/fishbot_cartographer/map/fishbot_map.yaml
[0.305s] -- Up-to-date: /home/orangepi/uvg_car/install/fishbot_cartographer/share/fishbot_cartographer/param
[0.305s] -- Up-to-date: /home/orangepi/uvg_car/install/fishbot_cartographer/share/fishbot_cartographer/param/fishbot_nav2.yaml
[0.305s] -- Up-to-date: /home/orangepi/uvg_car/install/fishbot_cartographer/share/fishbot_cartographer/param/ekf.yaml
[0.306s] -- Up-to-date: /home/orangepi/uvg_car/install/fishbot_cartographer/lib/fishbot_cartographer/CartoTransferPose_main
[0.306s] -- Up-to-date: /home/orangepi/uvg_car/install/fishbot_cartographer/lib/fishbot_cartographer/time_sync_node
[0.307s] -- Up-to-date: /home/orangepi/uvg_car/install/fishbot_cartographer/share/ament_index/resource_index/package_run_dependencies/fishbot_cartographer
[0.307s] -- Up-to-date: /home/orangepi/uvg_car/install/fishbot_cartographer/share/ament_index/resource_index/parent_prefix_path/fishbot_cartographer
[0.307s] -- Up-to-date: /home/orangepi/uvg_car/install/fishbot_cartographer/share/fishbot_cartographer/environment/ament_prefix_path.sh
[0.308s] -- Up-to-date: /home/orangepi/uvg_car/install/fishbot_cartographer/share/fishbot_cartographer/environment/ament_prefix_path.dsv
[0.308s] -- Up-to-date: /home/orangepi/uvg_car/install/fishbot_cartographer/share/fishbot_cartographer/environment/path.sh
[0.309s] -- Up-to-date: /home/orangepi/uvg_car/install/fishbot_cartographer/share/fishbot_cartographer/environment/path.dsv
[0.309s] -- Up-to-date: /home/orangepi/uvg_car/install/fishbot_cartographer/share/fishbot_cartographer/local_setup.bash
[0.309s] -- Up-to-date: /home/orangepi/uvg_car/install/fishbot_cartographer/share/fishbot_cartographer/local_setup.sh
[0.309s] -- Up-to-date: /home/orangepi/uvg_car/install/fishbot_cartographer/share/fishbot_cartographer/local_setup.zsh
[0.309s] -- Up-to-date: /home/orangepi/uvg_car/install/fishbot_cartographer/share/fishbot_cartographer/local_setup.dsv
[0.309s] -- Installing: /home/orangepi/uvg_car/install/fishbot_cartographer/share/fishbot_cartographer/package.dsv
[0.309s] -- Up-to-date: /home/orangepi/uvg_car/install/fishbot_cartographer/share/ament_index/resource_index/packages/fishbot_cartographer
[0.310s] -- Up-to-date: /home/orangepi/uvg_car/install/fishbot_cartographer/share/fishbot_cartographer/cmake/fishbot_cartographerConfig.cmake
[0.310s] -- Up-to-date: /home/orangepi/uvg_car/install/fishbot_cartographer/share/fishbot_cartographer/cmake/fishbot_cartographerConfig-version.cmake
[0.310s] -- Up-to-date: /home/orangepi/uvg_car/install/fishbot_cartographer/share/fishbot_cartographer/package.xml
[0.361s] Invoked command in '/home/orangepi/uvg_car/build/fishbot_cartographer' returned '0': CMAKE_PREFIX_PATH=${CMAKE_PREFIX_PATH}:/home/orangepi/car_ros2/install/rknn_yolo:/opt/ros/humble /usr/bin/cmake --install /home/orangepi/uvg_car/build/fishbot_cartographer
