[0.030s] Invoking command in '/home/orangepi/uvg_car/build/oakchina_vio_package': CMAKE_PREFIX_PATH=${CMAKE_PREFIX_PATH}:/home/orangepi/car_ros2/install/rknn_yolo:/opt/ros/humble /usr/bin/cmake /home/orangepi/uvg_car/src/oakchina_vio_package_ros2 -DCMAKE_INSTALL_PREFIX=/home/orangepi/uvg_car/install/oakchina_vio_package
[0.223s] -- The C compiler identification is GNU 11.4.0
[0.419s] -- The CXX compiler identification is GNU 11.4.0
[0.432s] -- Detecting C compiler ABI info
[0.615s] -- Detecting C compiler ABI info - done
[0.627s] -- Check for working C compiler: /usr/bin/cc - skipped
[0.627s] -- Detecting C compile features
[0.628s] -- Detecting C compile features - done
[0.632s] -- Detecting CXX compiler ABI info
[0.819s] -- Detecting CXX compiler ABI info - done
[0.831s] -- Check for working CXX compiler: /usr/bin/c++ - skipped
[0.833s] -- Detecting CXX compile features
[0.834s] -- Detecting CXX compile features - done
[0.835s] -- System processor: aarch64
[0.835s] -- Found ament_cmake: 1.3.11 (/opt/ros/humble/share/ament_cmake/cmake)
[1.180s] -- Found Python3: /usr/bin/python3 (found version "3.10.12") found components: Interpreter 
[1.394s] -- Found rclcpp: 16.0.12 (/opt/ros/humble/share/rclcpp/cmake)
[1.455s] -- Found rosidl_generator_c: 3.1.6 (/opt/ros/humble/share/rosidl_generator_c/cmake)
[1.464s] -- Found rosidl_adapter: 3.1.6 (/opt/ros/humble/share/rosidl_adapter/cmake)
[1.474s] -- Found rosidl_generator_cpp: 3.1.6 (/opt/ros/humble/share/rosidl_generator_cpp/cmake)
[1.491s] -- Using all available rosidl_typesupport_c: rosidl_typesupport_fastrtps_c;rosidl_typesupport_introspection_c
[1.517s] -- Using all available rosidl_typesupport_cpp: rosidl_typesupport_fastrtps_cpp;rosidl_typesupport_introspection_cpp
[1.602s] -- Found rmw_implementation_cmake: 6.1.2 (/opt/ros/humble/share/rmw_implementation_cmake/cmake)
[1.609s] -- Found rmw_fastrtps_cpp: 6.2.7 (/opt/ros/humble/share/rmw_fastrtps_cpp/cmake)
[1.797s] -- Found OpenSSL: /usr/lib/aarch64-linux-gnu/libcrypto.so (found version "3.0.2")  
[1.845s] -- Found FastRTPS: /opt/ros/humble/include  
[1.912s] -- Using RMW implementation 'rmw_fastrtps_cpp' as default
[1.933s] -- Looking for pthread.h
[2.106s] -- Looking for pthread.h - found
[2.106s] -- Performing Test CMAKE_HAVE_LIBC_PTHREAD
[2.344s] -- Performing Test CMAKE_HAVE_LIBC_PTHREAD - Success
[2.345s] -- Found Threads: TRUE  
[2.455s] -- Found sensor_msgs: 4.8.0 (/opt/ros/humble/share/sensor_msgs/cmake)
[2.503s] -- Found cv_bridge: 3.2.1 (/opt/ros/humble/share/cv_bridge/cmake)
[2.530s] -- Found OpenCV: /usr (found version "4.5.4") 
[2.532s] -- Found nav_msgs: 4.8.0 (/opt/ros/humble/share/nav_msgs/cmake)
[2.574s] -- Found tf2_ros: 0.25.12 (/opt/ros/humble/share/tf2_ros/cmake)
[2.744s] -- Found tf2_geometry_msgs: 0.25.12 (/opt/ros/humble/share/tf2_geometry_msgs/cmake)
[2.764s] -- Found eigen3_cmake_module: 0.1.1 (/opt/ros/humble/share/eigen3_cmake_module/cmake)
[2.767s] -- Found Eigen3: TRUE (found version "3.4.0") 
[2.768s] -- Ensuring Eigen3 include directory is part of orocos-kdl CMake target
[2.913s] -- Configuring done
[2.935s] -- Generating done
[2.943s] -- Build files have been written to: /home/orangepi/uvg_car/build/oakchina_vio_package
[2.973s] Invoked command in '/home/orangepi/uvg_car/build/oakchina_vio_package' returned '0': CMAKE_PREFIX_PATH=${CMAKE_PREFIX_PATH}:/home/orangepi/car_ros2/install/rknn_yolo:/opt/ros/humble /usr/bin/cmake /home/orangepi/uvg_car/src/oakchina_vio_package_ros2 -DCMAKE_INSTALL_PREFIX=/home/orangepi/uvg_car/install/oakchina_vio_package
[2.974s] Invoking command in '/home/orangepi/uvg_car/build/oakchina_vio_package': CMAKE_PREFIX_PATH=${CMAKE_PREFIX_PATH}:/home/orangepi/car_ros2/install/rknn_yolo:/opt/ros/humble /usr/bin/cmake --build /home/orangepi/uvg_car/build/oakchina_vio_package -- -j8 -l8
[3.080s] [ 50%] [32mBuilding CXX object CMakeFiles/oakchina_vio_package_node.dir/src/main.cpp.o[0m
[21.426s] [100%] [32m[1mLinking CXX executable oakchina_vio_package_node[0m
[23.060s] [100%] Built target oakchina_vio_package_node
[23.089s] Invoked command in '/home/orangepi/uvg_car/build/oakchina_vio_package' returned '0': CMAKE_PREFIX_PATH=${CMAKE_PREFIX_PATH}:/home/orangepi/car_ros2/install/rknn_yolo:/opt/ros/humble /usr/bin/cmake --build /home/orangepi/uvg_car/build/oakchina_vio_package -- -j8 -l8
[23.091s] Invoking command in '/home/orangepi/uvg_car/build/oakchina_vio_package': CMAKE_PREFIX_PATH=${CMAKE_PREFIX_PATH}:/home/orangepi/car_ros2/install/rknn_yolo:/opt/ros/humble /usr/bin/cmake --install /home/orangepi/uvg_car/build/oakchina_vio_package
[23.118s] -- Install configuration: ""
[23.120s] -- Installing: /home/orangepi/uvg_car/install/oakchina_vio_package/lib/oakchina_vio_package/oakchina_vio_package_node
[23.124s] -- Set runtime path of "/home/orangepi/uvg_car/install/oakchina_vio_package/lib/oakchina_vio_package/oakchina_vio_package_node" to ""
[23.125s] -- Installing: /home/orangepi/uvg_car/install/oakchina_vio_package/lib/libGLEW.so
[23.126s] -- Installing: /home/orangepi/uvg_car/install/oakchina_vio_package/lib/libGLEW.so.2.1
[23.126s] -- Installing: /home/orangepi/uvg_car/install/oakchina_vio_package/lib/libcarina_client.so
[23.127s] -- Installing: /home/orangepi/uvg_car/install/oakchina_vio_package/lib/libcarina_vio.so
[23.170s] -- Installing: /home/orangepi/uvg_car/install/oakchina_vio_package/lib/libcarina_vio_client.so
[23.181s] -- Installing: /home/orangepi/uvg_car/install/oakchina_vio_package/lib/libopencv_calib3d.so
[23.183s] -- Installing: /home/orangepi/uvg_car/install/oakchina_vio_package/lib/libopencv_calib3d.so.4.2
[23.185s] -- Installing: /home/orangepi/uvg_car/install/oakchina_vio_package/lib/libopencv_core.so
[23.196s] -- Installing: /home/orangepi/uvg_car/install/oakchina_vio_package/lib/libopencv_core.so.4.2
[23.199s] -- Installing: /home/orangepi/uvg_car/install/oakchina_vio_package/lib/libopencv_features2d.so
[23.200s] -- Installing: /home/orangepi/uvg_car/install/oakchina_vio_package/lib/libopencv_features2d.so.4.2
[23.201s] -- Installing: /home/orangepi/uvg_car/install/oakchina_vio_package/lib/libopencv_flann.so
[23.201s] -- Installing: /home/orangepi/uvg_car/install/oakchina_vio_package/lib/libopencv_flann.so.4.2
[23.202s] -- Installing: /home/orangepi/uvg_car/install/oakchina_vio_package/lib/libopencv_highgui.so
[23.203s] -- Installing: /home/orangepi/uvg_car/install/oakchina_vio_package/lib/libopencv_highgui.so.4.2
[23.204s] -- Installing: /home/orangepi/uvg_car/install/oakchina_vio_package/lib/libopencv_imgcodecs.so
[23.204s] -- Installing: /home/orangepi/uvg_car/install/oakchina_vio_package/lib/libopencv_imgcodecs.so.4.2
[23.207s] -- Installing: /home/orangepi/uvg_car/install/oakchina_vio_package/lib/libopencv_imgproc.so
[23.214s] -- Installing: /home/orangepi/uvg_car/install/oakchina_vio_package/lib/libopencv_imgproc.so.4.2
[23.220s] -- Installing: /home/orangepi/uvg_car/install/oakchina_vio_package/lib/libopencv_video.so
[23.222s] -- Installing: /home/orangepi/uvg_car/install/oakchina_vio_package/lib/libopencv_video.so.4.2
[23.223s] -- Installing: /home/orangepi/uvg_car/install/oakchina_vio_package/share/oakchina_vio_package/launch
[23.224s] -- Installing: /home/orangepi/uvg_car/install/oakchina_vio_package/share/oakchina_vio_package/launch/oakchina_vio.launch.py
[23.225s] -- Installing: /home/orangepi/uvg_car/install/oakchina_vio_package/share/oakchina_vio_package/config
[23.228s] -- Installing: /home/orangepi/uvg_car/install/oakchina_vio_package/share/oakchina_vio_package/config/database.bin
[23.284s] -- Installing: /home/orangepi/uvg_car/install/oakchina_vio_package/share/oakchina_vio_package/config/custom_config.yaml
[23.288s] -- Installing: /home/orangepi/uvg_car/install/oakchina_vio_package/share/oakchina_vio_package/rviz
[23.288s] -- Installing: /home/orangepi/uvg_car/install/oakchina_vio_package/share/oakchina_vio_package/rviz/oakchina_vio.rviz
[23.288s] -- Installing: /home/orangepi/uvg_car/install/oakchina_vio_package/share/oakchina_vio_package/environment/library_path.sh
[23.289s] -- Installing: /home/orangepi/uvg_car/install/oakchina_vio_package/share/oakchina_vio_package/environment/library_path.dsv
[23.289s] -- Installing: /home/orangepi/uvg_car/install/oakchina_vio_package/share/ament_index/resource_index/package_run_dependencies/oakchina_vio_package
[23.289s] -- Installing: /home/orangepi/uvg_car/install/oakchina_vio_package/share/ament_index/resource_index/parent_prefix_path/oakchina_vio_package
[23.289s] -- Installing: /home/orangepi/uvg_car/install/oakchina_vio_package/share/oakchina_vio_package/environment/ament_prefix_path.sh
[23.289s] -- Installing: /home/orangepi/uvg_car/install/oakchina_vio_package/share/oakchina_vio_package/environment/ament_prefix_path.dsv
[23.289s] -- Installing: /home/orangepi/uvg_car/install/oakchina_vio_package/share/oakchina_vio_package/environment/path.sh
[23.289s] -- Installing: /home/orangepi/uvg_car/install/oakchina_vio_package/share/oakchina_vio_package/environment/path.dsv
[23.289s] -- Installing: /home/orangepi/uvg_car/install/oakchina_vio_package/share/oakchina_vio_package/local_setup.bash
[23.289s] -- Installing: /home/orangepi/uvg_car/install/oakchina_vio_package/share/oakchina_vio_package/local_setup.sh
[23.289s] -- Installing: /home/orangepi/uvg_car/install/oakchina_vio_package/share/oakchina_vio_package/local_setup.zsh
[23.290s] -- Installing: /home/orangepi/uvg_car/install/oakchina_vio_package/share/oakchina_vio_package/local_setup.dsv
[23.290s] -- Installing: /home/orangepi/uvg_car/install/oakchina_vio_package/share/oakchina_vio_package/package.dsv
[23.290s] -- Installing: /home/orangepi/uvg_car/install/oakchina_vio_package/share/ament_index/resource_index/packages/oakchina_vio_package
[23.290s] -- Installing: /home/orangepi/uvg_car/install/oakchina_vio_package/share/oakchina_vio_package/cmake/ament_cmake_export_dependencies-extras.cmake
[23.290s] -- Installing: /home/orangepi/uvg_car/install/oakchina_vio_package/share/oakchina_vio_package/cmake/ament_cmake_export_include_directories-extras.cmake
[23.290s] -- Installing: /home/orangepi/uvg_car/install/oakchina_vio_package/share/oakchina_vio_package/cmake/ament_cmake_export_libraries-extras.cmake
[23.290s] -- Installing: /home/orangepi/uvg_car/install/oakchina_vio_package/share/oakchina_vio_package/cmake/oakchina_vio_packageConfig.cmake
[23.290s] -- Installing: /home/orangepi/uvg_car/install/oakchina_vio_package/share/oakchina_vio_package/cmake/oakchina_vio_packageConfig-version.cmake
[23.290s] -- Installing: /home/orangepi/uvg_car/install/oakchina_vio_package/share/oakchina_vio_package/package.xml
[23.312s] Invoked command in '/home/orangepi/uvg_car/build/oakchina_vio_package' returned '0': CMAKE_PREFIX_PATH=${CMAKE_PREFIX_PATH}:/home/orangepi/car_ros2/install/rknn_yolo:/opt/ros/humble /usr/bin/cmake --install /home/orangepi/uvg_car/build/oakchina_vio_package
