[0.068s] Invoking command in '/home/orangepi/uvg_car/build/lslidar_msgs': CMAKE_PREFIX_PATH=${CMAKE_PREFIX_PATH}:/home/orangepi/uvg_car/install/wit_ros2_imu:/opt/ros/humble /usr/bin/cmake --build /home/orangepi/uvg_car/build/lslidar_msgs -- -j8 -l8
[0.208s] [  1%] Built target lslidar_msgs__cpp
[0.263s] [  1%] Built target ament_cmake_python_copy_lslidar_msgs
[0.329s] [ 12%] Built target lslidar_msgs__rosidl_typesupport_introspection_cpp
[0.729s] running egg_info
[0.731s] writing lslidar_msgs.egg-info/PKG-INFO
[0.732s] writing dependency_links to lslidar_msgs.egg-info/dependency_links.txt
[0.733s] writing top-level names to lslidar_msgs.egg-info/top_level.txt
[0.739s] reading manifest file 'lslidar_msgs.egg-info/SOURCES.txt'
[0.739s] writing manifest file 'lslidar_msgs.egg-info/SOURCES.txt'
[0.867s] [ 12%] Built target ament_cmake_python_build_lslidar_msgs_egg
[0.918s] [ 23%] Built target lslidar_msgs__rosidl_typesupport_fastrtps_cpp
[0.979s] [ 34%] Built target lslidar_msgs__rosidl_typesupport_cpp
[1.012s] [ 46%] Built target lslidar_msgs__rosidl_generator_c
[1.070s] [ 57%] Built target lslidar_msgs__rosidl_typesupport_fastrtps_c
[1.139s] [ 68%] Built target lslidar_msgs__rosidl_typesupport_c
[1.198s] [ 79%] Built target lslidar_msgs__rosidl_typesupport_introspection_c
[1.266s] [ 79%] Built target lslidar_msgs
[1.329s] [ 80%] Built target lslidar_msgs__py
[1.414s] [ 90%] Built target lslidar_msgs__rosidl_generator_py
[1.486s] [ 93%] Built target lslidar_msgs__rosidl_typesupport_fastrtps_c__pyext
[1.559s] [ 96%] Built target lslidar_msgs__rosidl_typesupport_c__pyext
[1.639s] [100%] Built target lslidar_msgs__rosidl_typesupport_introspection_c__pyext
[1.682s] Invoked command in '/home/orangepi/uvg_car/build/lslidar_msgs' returned '0': CMAKE_PREFIX_PATH=${CMAKE_PREFIX_PATH}:/home/orangepi/uvg_car/install/wit_ros2_imu:/opt/ros/humble /usr/bin/cmake --build /home/orangepi/uvg_car/build/lslidar_msgs -- -j8 -l8
[1.690s] Invoking command in '/home/orangepi/uvg_car/build/lslidar_msgs': CMAKE_PREFIX_PATH=${CMAKE_PREFIX_PATH}:/home/orangepi/uvg_car/install/wit_ros2_imu:/opt/ros/humble /usr/bin/cmake --install /home/orangepi/uvg_car/build/lslidar_msgs
[1.722s] -- Install configuration: ""
[1.722s] -- Up-to-date: /home/orangepi/uvg_car/install/lslidar_msgs/share/ament_index/resource_index/rosidl_interfaces/lslidar_msgs
[1.723s] -- Up-to-date: /home/orangepi/uvg_car/install/lslidar_msgs/include/lslidar_msgs/lslidar_msgs
[1.723s] -- Up-to-date: /home/orangepi/uvg_car/install/lslidar_msgs/include/lslidar_msgs/lslidar_msgs/msg
[1.724s] -- Up-to-date: /home/orangepi/uvg_car/install/lslidar_msgs/include/lslidar_msgs/lslidar_msgs/msg/detail
[1.724s] -- Up-to-date: /home/orangepi/uvg_car/install/lslidar_msgs/include/lslidar_msgs/lslidar_msgs/msg/detail/lslidar_point__functions.h
[1.725s] -- Up-to-date: /home/orangepi/uvg_car/install/lslidar_msgs/include/lslidar_msgs/lslidar_msgs/msg/detail/lslidar_sweep__functions.h
[1.725s] -- Up-to-date: /home/orangepi/uvg_car/install/lslidar_msgs/include/lslidar_msgs/lslidar_msgs/msg/detail/lslidar_difop__type_support.h
[1.725s] -- Up-to-date: /home/orangepi/uvg_car/install/lslidar_msgs/include/lslidar_msgs/lslidar_msgs/msg/detail/lslidar_scan__type_support.h
[1.726s] -- Up-to-date: /home/orangepi/uvg_car/install/lslidar_msgs/include/lslidar_msgs/lslidar_msgs/msg/detail/lslidar_point__struct.h
[1.726s] -- Up-to-date: /home/orangepi/uvg_car/install/lslidar_msgs/include/lslidar_msgs/lslidar_msgs/msg/detail/lslidar_sweep__struct.h
[1.726s] -- Up-to-date: /home/orangepi/uvg_car/install/lslidar_msgs/include/lslidar_msgs/lslidar_msgs/msg/detail/lslidar_packet__struct.h
[1.727s] -- Up-to-date: /home/orangepi/uvg_car/install/lslidar_msgs/include/lslidar_msgs/lslidar_msgs/msg/detail/lslidar_packet__functions.h
[1.727s] -- Up-to-date: /home/orangepi/uvg_car/install/lslidar_msgs/include/lslidar_msgs/lslidar_msgs/msg/detail/lslidar_sweep__functions.c
[1.728s] -- Up-to-date: /home/orangepi/uvg_car/install/lslidar_msgs/include/lslidar_msgs/lslidar_msgs/msg/detail/lslidar_scan__functions.c
[1.728s] -- Up-to-date: /home/orangepi/uvg_car/install/lslidar_msgs/include/lslidar_msgs/lslidar_msgs/msg/detail/lslidar_scan__functions.h
[1.728s] -- Up-to-date: /home/orangepi/uvg_car/install/lslidar_msgs/include/lslidar_msgs/lslidar_msgs/msg/detail/lslidar_difop__functions.h
[1.729s] -- Up-to-date: /home/orangepi/uvg_car/install/lslidar_msgs/include/lslidar_msgs/lslidar_msgs/msg/detail/lslidar_sweep__type_support.h
[1.729s] -- Up-to-date: /home/orangepi/uvg_car/install/lslidar_msgs/include/lslidar_msgs/lslidar_msgs/msg/detail/lslidar_point__functions.c
[1.730s] -- Up-to-date: /home/orangepi/uvg_car/install/lslidar_msgs/include/lslidar_msgs/lslidar_msgs/msg/detail/lslidar_point__type_support.h
[1.730s] -- Up-to-date: /home/orangepi/uvg_car/install/lslidar_msgs/include/lslidar_msgs/lslidar_msgs/msg/detail/lslidar_scan__struct.h
[1.730s] -- Up-to-date: /home/orangepi/uvg_car/install/lslidar_msgs/include/lslidar_msgs/lslidar_msgs/msg/detail/lslidar_difop__struct.h
[1.731s] -- Up-to-date: /home/orangepi/uvg_car/install/lslidar_msgs/include/lslidar_msgs/lslidar_msgs/msg/detail/lslidar_packet__functions.c
[1.731s] -- Up-to-date: /home/orangepi/uvg_car/install/lslidar_msgs/include/lslidar_msgs/lslidar_msgs/msg/detail/lslidar_packet__type_support.h
[1.731s] -- Up-to-date: /home/orangepi/uvg_car/install/lslidar_msgs/include/lslidar_msgs/lslidar_msgs/msg/detail/lslidar_difop__functions.c
[1.732s] -- Up-to-date: /home/orangepi/uvg_car/install/lslidar_msgs/include/lslidar_msgs/lslidar_msgs/msg/lslidar_point.h
[1.732s] -- Up-to-date: /home/orangepi/uvg_car/install/lslidar_msgs/include/lslidar_msgs/lslidar_msgs/msg/lslidar_packet.h
[1.732s] -- Up-to-date: /home/orangepi/uvg_car/install/lslidar_msgs/include/lslidar_msgs/lslidar_msgs/msg/lslidar_difop.h
[1.733s] -- Up-to-date: /home/orangepi/uvg_car/install/lslidar_msgs/include/lslidar_msgs/lslidar_msgs/msg/lslidar_sweep.h
[1.733s] -- Up-to-date: /home/orangepi/uvg_car/install/lslidar_msgs/include/lslidar_msgs/lslidar_msgs/msg/lslidar_scan.h
[1.733s] -- Up-to-date: /home/orangepi/uvg_car/install/lslidar_msgs/include/lslidar_msgs/lslidar_msgs/msg/rosidl_generator_c__visibility_control.h
[1.734s] -- Up-to-date: /home/orangepi/uvg_car/install/lslidar_msgs/share/lslidar_msgs/environment/library_path.sh
[1.734s] -- Up-to-date: /home/orangepi/uvg_car/install/lslidar_msgs/share/lslidar_msgs/environment/library_path.dsv
[1.734s] -- Up-to-date: /home/orangepi/uvg_car/install/lslidar_msgs/lib/liblslidar_msgs__rosidl_generator_c.so
[1.735s] -- Up-to-date: /home/orangepi/uvg_car/install/lslidar_msgs/include/lslidar_msgs/lslidar_msgs
[1.735s] -- Up-to-date: /home/orangepi/uvg_car/install/lslidar_msgs/include/lslidar_msgs/lslidar_msgs/msg
[1.736s] -- Up-to-date: /home/orangepi/uvg_car/install/lslidar_msgs/include/lslidar_msgs/lslidar_msgs/msg/detail
[1.736s] -- Up-to-date: /home/orangepi/uvg_car/install/lslidar_msgs/include/lslidar_msgs/lslidar_msgs/msg/detail/lslidar_sweep__rosidl_typesupport_fastrtps_c.h
[1.736s] -- Up-to-date: /home/orangepi/uvg_car/install/lslidar_msgs/include/lslidar_msgs/lslidar_msgs/msg/detail/lslidar_point__rosidl_typesupport_fastrtps_c.h
[1.737s] -- Up-to-date: /home/orangepi/uvg_car/install/lslidar_msgs/include/lslidar_msgs/lslidar_msgs/msg/detail/lslidar_scan__rosidl_typesupport_fastrtps_c.h
[1.737s] -- Up-to-date: /home/orangepi/uvg_car/install/lslidar_msgs/include/lslidar_msgs/lslidar_msgs/msg/detail/lslidar_difop__rosidl_typesupport_fastrtps_c.h
[1.737s] -- Up-to-date: /home/orangepi/uvg_car/install/lslidar_msgs/include/lslidar_msgs/lslidar_msgs/msg/detail/lslidar_packet__rosidl_typesupport_fastrtps_c.h
[1.738s] -- Up-to-date: /home/orangepi/uvg_car/install/lslidar_msgs/include/lslidar_msgs/lslidar_msgs/msg/rosidl_typesupport_fastrtps_c__visibility_control.h
[1.738s] -- Up-to-date: /home/orangepi/uvg_car/install/lslidar_msgs/lib/liblslidar_msgs__rosidl_typesupport_fastrtps_c.so
[1.738s] -- Up-to-date: /home/orangepi/uvg_car/install/lslidar_msgs/include/lslidar_msgs/lslidar_msgs
[1.739s] -- Up-to-date: /home/orangepi/uvg_car/install/lslidar_msgs/include/lslidar_msgs/lslidar_msgs/msg
[1.739s] -- Up-to-date: /home/orangepi/uvg_car/install/lslidar_msgs/include/lslidar_msgs/lslidar_msgs/msg/lslidar_point.hpp
[1.739s] -- Up-to-date: /home/orangepi/uvg_car/install/lslidar_msgs/include/lslidar_msgs/lslidar_msgs/msg/lslidar_packet.hpp
[1.740s] -- Up-to-date: /home/orangepi/uvg_car/install/lslidar_msgs/include/lslidar_msgs/lslidar_msgs/msg/detail
[1.740s] -- Up-to-date: /home/orangepi/uvg_car/install/lslidar_msgs/include/lslidar_msgs/lslidar_msgs/msg/detail/lslidar_difop__type_support.hpp
[1.741s] -- Up-to-date: /home/orangepi/uvg_car/install/lslidar_msgs/include/lslidar_msgs/lslidar_msgs/msg/detail/lslidar_point__struct.hpp
[1.741s] -- Up-to-date: /home/orangepi/uvg_car/install/lslidar_msgs/include/lslidar_msgs/lslidar_msgs/msg/detail/lslidar_packet__type_support.hpp
[1.741s] -- Up-to-date: /home/orangepi/uvg_car/install/lslidar_msgs/include/lslidar_msgs/lslidar_msgs/msg/detail/lslidar_sweep__builder.hpp
[1.742s] -- Up-to-date: /home/orangepi/uvg_car/install/lslidar_msgs/include/lslidar_msgs/lslidar_msgs/msg/detail/lslidar_scan__builder.hpp
[1.742s] -- Up-to-date: /home/orangepi/uvg_car/install/lslidar_msgs/include/lslidar_msgs/lslidar_msgs/msg/detail/lslidar_point__type_support.hpp
[1.742s] -- Up-to-date: /home/orangepi/uvg_car/install/lslidar_msgs/include/lslidar_msgs/lslidar_msgs/msg/detail/lslidar_point__builder.hpp
[1.743s] -- Up-to-date: /home/orangepi/uvg_car/install/lslidar_msgs/include/lslidar_msgs/lslidar_msgs/msg/detail/lslidar_difop__traits.hpp
[1.743s] -- Up-to-date: /home/orangepi/uvg_car/install/lslidar_msgs/include/lslidar_msgs/lslidar_msgs/msg/detail/lslidar_packet__struct.hpp
[1.743s] -- Up-to-date: /home/orangepi/uvg_car/install/lslidar_msgs/include/lslidar_msgs/lslidar_msgs/msg/detail/lslidar_sweep__traits.hpp
[1.744s] -- Up-to-date: /home/orangepi/uvg_car/install/lslidar_msgs/include/lslidar_msgs/lslidar_msgs/msg/detail/lslidar_scan__traits.hpp
[1.744s] -- Up-to-date: /home/orangepi/uvg_car/install/lslidar_msgs/include/lslidar_msgs/lslidar_msgs/msg/detail/lslidar_packet__builder.hpp
[1.744s] -- Up-to-date: /home/orangepi/uvg_car/install/lslidar_msgs/include/lslidar_msgs/lslidar_msgs/msg/detail/lslidar_scan__type_support.hpp
[1.745s] -- Up-to-date: /home/orangepi/uvg_car/install/lslidar_msgs/include/lslidar_msgs/lslidar_msgs/msg/detail/lslidar_difop__struct.hpp
[1.745s] -- Up-to-date: /home/orangepi/uvg_car/install/lslidar_msgs/include/lslidar_msgs/lslidar_msgs/msg/detail/lslidar_scan__struct.hpp
[1.745s] -- Up-to-date: /home/orangepi/uvg_car/install/lslidar_msgs/include/lslidar_msgs/lslidar_msgs/msg/detail/lslidar_difop__builder.hpp
[1.746s] -- Up-to-date: /home/orangepi/uvg_car/install/lslidar_msgs/include/lslidar_msgs/lslidar_msgs/msg/detail/lslidar_sweep__type_support.hpp
[1.746s] -- Up-to-date: /home/orangepi/uvg_car/install/lslidar_msgs/include/lslidar_msgs/lslidar_msgs/msg/detail/lslidar_sweep__struct.hpp
[1.747s] -- Up-to-date: /home/orangepi/uvg_car/install/lslidar_msgs/include/lslidar_msgs/lslidar_msgs/msg/detail/lslidar_packet__traits.hpp
[1.747s] -- Up-to-date: /home/orangepi/uvg_car/install/lslidar_msgs/include/lslidar_msgs/lslidar_msgs/msg/detail/lslidar_point__traits.hpp
[1.747s] -- Up-to-date: /home/orangepi/uvg_car/install/lslidar_msgs/include/lslidar_msgs/lslidar_msgs/msg/lslidar_sweep.hpp
[1.748s] -- Up-to-date: /home/orangepi/uvg_car/install/lslidar_msgs/include/lslidar_msgs/lslidar_msgs/msg/rosidl_generator_cpp__visibility_control.hpp
[1.748s] -- Up-to-date: /home/orangepi/uvg_car/install/lslidar_msgs/include/lslidar_msgs/lslidar_msgs/msg/lslidar_scan.hpp
[1.748s] -- Up-to-date: /home/orangepi/uvg_car/install/lslidar_msgs/include/lslidar_msgs/lslidar_msgs/msg/lslidar_difop.hpp
[1.749s] -- Up-to-date: /home/orangepi/uvg_car/install/lslidar_msgs/include/lslidar_msgs/lslidar_msgs
[1.749s] -- Up-to-date: /home/orangepi/uvg_car/install/lslidar_msgs/include/lslidar_msgs/lslidar_msgs/msg
[1.749s] -- Up-to-date: /home/orangepi/uvg_car/install/lslidar_msgs/include/lslidar_msgs/lslidar_msgs/msg/detail
[1.750s] -- Up-to-date: /home/orangepi/uvg_car/install/lslidar_msgs/include/lslidar_msgs/lslidar_msgs/msg/detail/lslidar_point__rosidl_typesupport_fastrtps_cpp.hpp
[1.750s] -- Up-to-date: /home/orangepi/uvg_car/install/lslidar_msgs/include/lslidar_msgs/lslidar_msgs/msg/detail/lslidar_packet__rosidl_typesupport_fastrtps_cpp.hpp
[1.750s] -- Up-to-date: /home/orangepi/uvg_car/install/lslidar_msgs/include/lslidar_msgs/lslidar_msgs/msg/detail/lslidar_sweep__rosidl_typesupport_fastrtps_cpp.hpp
[1.751s] -- Up-to-date: /home/orangepi/uvg_car/install/lslidar_msgs/include/lslidar_msgs/lslidar_msgs/msg/detail/lslidar_scan__rosidl_typesupport_fastrtps_cpp.hpp
[1.751s] -- Up-to-date: /home/orangepi/uvg_car/install/lslidar_msgs/include/lslidar_msgs/lslidar_msgs/msg/detail/lslidar_difop__rosidl_typesupport_fastrtps_cpp.hpp
[1.752s] -- Up-to-date: /home/orangepi/uvg_car/install/lslidar_msgs/include/lslidar_msgs/lslidar_msgs/msg/detail/dds_fastrtps
[1.752s] -- Up-to-date: /home/orangepi/uvg_car/install/lslidar_msgs/include/lslidar_msgs/lslidar_msgs/msg/rosidl_typesupport_fastrtps_cpp__visibility_control.h
[1.752s] -- Up-to-date: /home/orangepi/uvg_car/install/lslidar_msgs/lib/liblslidar_msgs__rosidl_typesupport_fastrtps_cpp.so
[1.753s] -- Up-to-date: /home/orangepi/uvg_car/install/lslidar_msgs/include/lslidar_msgs/lslidar_msgs
[1.753s] -- Up-to-date: /home/orangepi/uvg_car/install/lslidar_msgs/include/lslidar_msgs/lslidar_msgs/msg
[1.753s] -- Up-to-date: /home/orangepi/uvg_car/install/lslidar_msgs/include/lslidar_msgs/lslidar_msgs/msg/detail
[1.754s] -- Up-to-date: /home/orangepi/uvg_car/install/lslidar_msgs/include/lslidar_msgs/lslidar_msgs/msg/detail/lslidar_packet__type_support.c
[1.754s] -- Up-to-date: /home/orangepi/uvg_car/install/lslidar_msgs/include/lslidar_msgs/lslidar_msgs/msg/detail/lslidar_sweep__rosidl_typesupport_introspection_c.h
[1.754s] -- Up-to-date: /home/orangepi/uvg_car/install/lslidar_msgs/include/lslidar_msgs/lslidar_msgs/msg/detail/lslidar_difop__type_support.c
[1.755s] -- Up-to-date: /home/orangepi/uvg_car/install/lslidar_msgs/include/lslidar_msgs/lslidar_msgs/msg/detail/lslidar_sweep__type_support.c
[1.755s] -- Up-to-date: /home/orangepi/uvg_car/install/lslidar_msgs/include/lslidar_msgs/lslidar_msgs/msg/detail/lslidar_point__type_support.c
[1.755s] -- Up-to-date: /home/orangepi/uvg_car/install/lslidar_msgs/include/lslidar_msgs/lslidar_msgs/msg/detail/lslidar_scan__rosidl_typesupport_introspection_c.h
[1.756s] -- Up-to-date: /home/orangepi/uvg_car/install/lslidar_msgs/include/lslidar_msgs/lslidar_msgs/msg/detail/lslidar_scan__type_support.c
[1.756s] -- Up-to-date: /home/orangepi/uvg_car/install/lslidar_msgs/include/lslidar_msgs/lslidar_msgs/msg/detail/lslidar_point__rosidl_typesupport_introspection_c.h
[1.757s] -- Up-to-date: /home/orangepi/uvg_car/install/lslidar_msgs/include/lslidar_msgs/lslidar_msgs/msg/detail/lslidar_difop__rosidl_typesupport_introspection_c.h
[1.757s] -- Up-to-date: /home/orangepi/uvg_car/install/lslidar_msgs/include/lslidar_msgs/lslidar_msgs/msg/detail/lslidar_packet__rosidl_typesupport_introspection_c.h
[1.757s] -- Up-to-date: /home/orangepi/uvg_car/install/lslidar_msgs/include/lslidar_msgs/lslidar_msgs/msg/rosidl_typesupport_introspection_c__visibility_control.h
[1.758s] -- Up-to-date: /home/orangepi/uvg_car/install/lslidar_msgs/lib/liblslidar_msgs__rosidl_typesupport_introspection_c.so
[1.758s] -- Up-to-date: /home/orangepi/uvg_car/install/lslidar_msgs/lib/liblslidar_msgs__rosidl_typesupport_c.so
[1.758s] -- Up-to-date: /home/orangepi/uvg_car/install/lslidar_msgs/include/lslidar_msgs/lslidar_msgs
[1.759s] -- Up-to-date: /home/orangepi/uvg_car/install/lslidar_msgs/include/lslidar_msgs/lslidar_msgs/msg
[1.759s] -- Up-to-date: /home/orangepi/uvg_car/install/lslidar_msgs/include/lslidar_msgs/lslidar_msgs/msg/detail
[1.759s] -- Up-to-date: /home/orangepi/uvg_car/install/lslidar_msgs/include/lslidar_msgs/lslidar_msgs/msg/detail/lslidar_difop__type_support.cpp
[1.760s] -- Up-to-date: /home/orangepi/uvg_car/install/lslidar_msgs/include/lslidar_msgs/lslidar_msgs/msg/detail/lslidar_scan__type_support.cpp
[1.760s] -- Up-to-date: /home/orangepi/uvg_car/install/lslidar_msgs/include/lslidar_msgs/lslidar_msgs/msg/detail/lslidar_packet__type_support.cpp
[1.760s] -- Up-to-date: /home/orangepi/uvg_car/install/lslidar_msgs/include/lslidar_msgs/lslidar_msgs/msg/detail/lslidar_point__type_support.cpp
[1.761s] -- Up-to-date: /home/orangepi/uvg_car/install/lslidar_msgs/include/lslidar_msgs/lslidar_msgs/msg/detail/lslidar_sweep__type_support.cpp
[1.761s] -- Up-to-date: /home/orangepi/uvg_car/install/lslidar_msgs/include/lslidar_msgs/lslidar_msgs/msg/detail/lslidar_sweep__rosidl_typesupport_introspection_cpp.hpp
[1.762s] -- Up-to-date: /home/orangepi/uvg_car/install/lslidar_msgs/include/lslidar_msgs/lslidar_msgs/msg/detail/lslidar_difop__rosidl_typesupport_introspection_cpp.hpp
[1.762s] -- Up-to-date: /home/orangepi/uvg_car/install/lslidar_msgs/include/lslidar_msgs/lslidar_msgs/msg/detail/lslidar_scan__rosidl_typesupport_introspection_cpp.hpp
[1.762s] -- Up-to-date: /home/orangepi/uvg_car/install/lslidar_msgs/include/lslidar_msgs/lslidar_msgs/msg/detail/lslidar_point__rosidl_typesupport_introspection_cpp.hpp
[1.763s] -- Up-to-date: /home/orangepi/uvg_car/install/lslidar_msgs/include/lslidar_msgs/lslidar_msgs/msg/detail/lslidar_packet__rosidl_typesupport_introspection_cpp.hpp
[1.763s] -- Up-to-date: /home/orangepi/uvg_car/install/lslidar_msgs/lib/liblslidar_msgs__rosidl_typesupport_introspection_cpp.so
[1.763s] -- Up-to-date: /home/orangepi/uvg_car/install/lslidar_msgs/lib/liblslidar_msgs__rosidl_typesupport_cpp.so
[1.764s] -- Up-to-date: /home/orangepi/uvg_car/install/lslidar_msgs/share/lslidar_msgs/environment/pythonpath.sh
[1.764s] -- Up-to-date: /home/orangepi/uvg_car/install/lslidar_msgs/share/lslidar_msgs/environment/pythonpath.dsv
[1.764s] -- Up-to-date: /home/orangepi/uvg_car/install/lslidar_msgs/local/lib/python3.10/dist-packages/lslidar_msgs-1.2.0-py3.10.egg-info
[1.764s] -- Installing: /home/orangepi/uvg_car/install/lslidar_msgs/local/lib/python3.10/dist-packages/lslidar_msgs-1.2.0-py3.10.egg-info/top_level.txt
[1.764s] -- Installing: /home/orangepi/uvg_car/install/lslidar_msgs/local/lib/python3.10/dist-packages/lslidar_msgs-1.2.0-py3.10.egg-info/SOURCES.txt
[1.764s] -- Installing: /home/orangepi/uvg_car/install/lslidar_msgs/local/lib/python3.10/dist-packages/lslidar_msgs-1.2.0-py3.10.egg-info/PKG-INFO
[1.764s] -- Installing: /home/orangepi/uvg_car/install/lslidar_msgs/local/lib/python3.10/dist-packages/lslidar_msgs-1.2.0-py3.10.egg-info/dependency_links.txt
[1.764s] -- Up-to-date: /home/orangepi/uvg_car/install/lslidar_msgs/local/lib/python3.10/dist-packages/lslidar_msgs
[1.764s] -- Up-to-date: /home/orangepi/uvg_car/install/lslidar_msgs/local/lib/python3.10/dist-packages/lslidar_msgs/liblslidar_msgs__rosidl_generator_py.so
[1.764s] -- Up-to-date: /home/orangepi/uvg_car/install/lslidar_msgs/local/lib/python3.10/dist-packages/lslidar_msgs/_lslidar_msgs_s.ep.rosidl_typesupport_fastrtps_c.c
[1.764s] -- Up-to-date: /home/orangepi/uvg_car/install/lslidar_msgs/local/lib/python3.10/dist-packages/lslidar_msgs/_lslidar_msgs_s.ep.rosidl_typesupport_introspection_c.c
[1.764s] -- Up-to-date: /home/orangepi/uvg_car/install/lslidar_msgs/local/lib/python3.10/dist-packages/lslidar_msgs/__init__.py
[1.765s] -- Up-to-date: /home/orangepi/uvg_car/install/lslidar_msgs/local/lib/python3.10/dist-packages/lslidar_msgs/lslidar_msgs_s__rosidl_typesupport_introspection_c.cpython-310-aarch64-linux-gnu.so
[1.765s] -- Up-to-date: /home/orangepi/uvg_car/install/lslidar_msgs/local/lib/python3.10/dist-packages/lslidar_msgs/lslidar_msgs_s__rosidl_typesupport_c.cpython-310-aarch64-linux-gnu.so
[1.765s] -- Up-to-date: /home/orangepi/uvg_car/install/lslidar_msgs/local/lib/python3.10/dist-packages/lslidar_msgs/msg
[1.765s] -- Up-to-date: /home/orangepi/uvg_car/install/lslidar_msgs/local/lib/python3.10/dist-packages/lslidar_msgs/msg/_lslidar_difop_s.c
[1.765s] -- Up-to-date: /home/orangepi/uvg_car/install/lslidar_msgs/local/lib/python3.10/dist-packages/lslidar_msgs/msg/_lslidar_scan.py
[1.765s] -- Up-to-date: /home/orangepi/uvg_car/install/lslidar_msgs/local/lib/python3.10/dist-packages/lslidar_msgs/msg/_lslidar_difop.py
[1.765s] -- Up-to-date: /home/orangepi/uvg_car/install/lslidar_msgs/local/lib/python3.10/dist-packages/lslidar_msgs/msg/_lslidar_packet_s.c
[1.765s] -- Up-to-date: /home/orangepi/uvg_car/install/lslidar_msgs/local/lib/python3.10/dist-packages/lslidar_msgs/msg/__init__.py
[1.765s] -- Up-to-date: /home/orangepi/uvg_car/install/lslidar_msgs/local/lib/python3.10/dist-packages/lslidar_msgs/msg/_lslidar_scan_s.c
[1.765s] -- Up-to-date: /home/orangepi/uvg_car/install/lslidar_msgs/local/lib/python3.10/dist-packages/lslidar_msgs/msg/_lslidar_packet.py
[1.765s] -- Up-to-date: /home/orangepi/uvg_car/install/lslidar_msgs/local/lib/python3.10/dist-packages/lslidar_msgs/msg/_lslidar_sweep_s.c
[1.765s] -- Up-to-date: /home/orangepi/uvg_car/install/lslidar_msgs/local/lib/python3.10/dist-packages/lslidar_msgs/msg/_lslidar_point.py
[1.765s] -- Up-to-date: /home/orangepi/uvg_car/install/lslidar_msgs/local/lib/python3.10/dist-packages/lslidar_msgs/msg/_lslidar_sweep.py
[1.765s] -- Up-to-date: /home/orangepi/uvg_car/install/lslidar_msgs/local/lib/python3.10/dist-packages/lslidar_msgs/msg/_lslidar_point_s.c
[1.765s] -- Up-to-date: /home/orangepi/uvg_car/install/lslidar_msgs/local/lib/python3.10/dist-packages/lslidar_msgs/_lslidar_msgs_s.ep.rosidl_typesupport_c.c
[1.766s] -- Up-to-date: /home/orangepi/uvg_car/install/lslidar_msgs/local/lib/python3.10/dist-packages/lslidar_msgs/lslidar_msgs_s__rosidl_typesupport_fastrtps_c.cpython-310-aarch64-linux-gnu.so
[1.778s] Listing '/home/orangepi/uvg_car/install/lslidar_msgs/local/lib/python3.10/dist-packages/lslidar_msgs'...
[1.778s] Listing '/home/orangepi/uvg_car/install/lslidar_msgs/local/lib/python3.10/dist-packages/lslidar_msgs/msg'...
[1.791s] -- Up-to-date: /home/orangepi/uvg_car/install/lslidar_msgs/local/lib/python3.10/dist-packages/lslidar_msgs/lslidar_msgs_s__rosidl_typesupport_fastrtps_c.cpython-310-aarch64-linux-gnu.so
[1.791s] -- Up-to-date: /home/orangepi/uvg_car/install/lslidar_msgs/local/lib/python3.10/dist-packages/lslidar_msgs/lslidar_msgs_s__rosidl_typesupport_introspection_c.cpython-310-aarch64-linux-gnu.so
[1.791s] -- Up-to-date: /home/orangepi/uvg_car/install/lslidar_msgs/local/lib/python3.10/dist-packages/lslidar_msgs/lslidar_msgs_s__rosidl_typesupport_c.cpython-310-aarch64-linux-gnu.so
[1.791s] -- Up-to-date: /home/orangepi/uvg_car/install/lslidar_msgs/lib/liblslidar_msgs__rosidl_generator_py.so
[1.792s] -- Up-to-date: /home/orangepi/uvg_car/install/lslidar_msgs/share/lslidar_msgs/msg/LslidarDifop.idl
[1.792s] -- Up-to-date: /home/orangepi/uvg_car/install/lslidar_msgs/share/lslidar_msgs/msg/LslidarPacket.idl
[1.792s] -- Up-to-date: /home/orangepi/uvg_car/install/lslidar_msgs/share/lslidar_msgs/msg/LslidarPoint.idl
[1.792s] -- Up-to-date: /home/orangepi/uvg_car/install/lslidar_msgs/share/lslidar_msgs/msg/LslidarScan.idl
[1.792s] -- Up-to-date: /home/orangepi/uvg_car/install/lslidar_msgs/share/lslidar_msgs/msg/LslidarSweep.idl
[1.793s] -- Up-to-date: /home/orangepi/uvg_car/install/lslidar_msgs/share/lslidar_msgs/msg/LslidarDifop.msg
[1.793s] -- Up-to-date: /home/orangepi/uvg_car/install/lslidar_msgs/share/lslidar_msgs/msg/LslidarPacket.msg
[1.793s] -- Up-to-date: /home/orangepi/uvg_car/install/lslidar_msgs/share/lslidar_msgs/msg/LslidarPoint.msg
[1.793s] -- Up-to-date: /home/orangepi/uvg_car/install/lslidar_msgs/share/lslidar_msgs/msg/LslidarScan.msg
[1.793s] -- Up-to-date: /home/orangepi/uvg_car/install/lslidar_msgs/share/lslidar_msgs/msg/LslidarSweep.msg
[1.793s] -- Up-to-date: /home/orangepi/uvg_car/install/lslidar_msgs/share/ament_index/resource_index/package_run_dependencies/lslidar_msgs
[1.793s] -- Up-to-date: /home/orangepi/uvg_car/install/lslidar_msgs/share/ament_index/resource_index/parent_prefix_path/lslidar_msgs
[1.793s] -- Up-to-date: /home/orangepi/uvg_car/install/lslidar_msgs/share/lslidar_msgs/environment/ament_prefix_path.sh
[1.794s] -- Up-to-date: /home/orangepi/uvg_car/install/lslidar_msgs/share/lslidar_msgs/environment/ament_prefix_path.dsv
[1.794s] -- Up-to-date: /home/orangepi/uvg_car/install/lslidar_msgs/share/lslidar_msgs/environment/path.sh
[1.794s] -- Up-to-date: /home/orangepi/uvg_car/install/lslidar_msgs/share/lslidar_msgs/environment/path.dsv
[1.794s] -- Up-to-date: /home/orangepi/uvg_car/install/lslidar_msgs/share/lslidar_msgs/local_setup.bash
[1.794s] -- Up-to-date: /home/orangepi/uvg_car/install/lslidar_msgs/share/lslidar_msgs/local_setup.sh
[1.794s] -- Up-to-date: /home/orangepi/uvg_car/install/lslidar_msgs/share/lslidar_msgs/local_setup.zsh
[1.794s] -- Up-to-date: /home/orangepi/uvg_car/install/lslidar_msgs/share/lslidar_msgs/local_setup.dsv
[1.794s] -- Installing: /home/orangepi/uvg_car/install/lslidar_msgs/share/lslidar_msgs/package.dsv
[1.794s] -- Up-to-date: /home/orangepi/uvg_car/install/lslidar_msgs/share/ament_index/resource_index/packages/lslidar_msgs
[1.794s] -- Up-to-date: /home/orangepi/uvg_car/install/lslidar_msgs/share/lslidar_msgs/cmake/export_lslidar_msgs__rosidl_generator_cExport.cmake
[1.794s] -- Up-to-date: /home/orangepi/uvg_car/install/lslidar_msgs/share/lslidar_msgs/cmake/export_lslidar_msgs__rosidl_generator_cExport-noconfig.cmake
[1.795s] -- Up-to-date: /home/orangepi/uvg_car/install/lslidar_msgs/share/lslidar_msgs/cmake/export_lslidar_msgs__rosidl_typesupport_fastrtps_cExport.cmake
[1.795s] -- Up-to-date: /home/orangepi/uvg_car/install/lslidar_msgs/share/lslidar_msgs/cmake/export_lslidar_msgs__rosidl_typesupport_fastrtps_cExport-noconfig.cmake
[1.795s] -- Up-to-date: /home/orangepi/uvg_car/install/lslidar_msgs/share/lslidar_msgs/cmake/export_lslidar_msgs__rosidl_generator_cppExport.cmake
[1.795s] -- Up-to-date: /home/orangepi/uvg_car/install/lslidar_msgs/share/lslidar_msgs/cmake/export_lslidar_msgs__rosidl_typesupport_fastrtps_cppExport.cmake
[1.795s] -- Up-to-date: /home/orangepi/uvg_car/install/lslidar_msgs/share/lslidar_msgs/cmake/export_lslidar_msgs__rosidl_typesupport_fastrtps_cppExport-noconfig.cmake
[1.795s] -- Up-to-date: /home/orangepi/uvg_car/install/lslidar_msgs/share/lslidar_msgs/cmake/lslidar_msgs__rosidl_typesupport_introspection_cExport.cmake
[1.795s] -- Up-to-date: /home/orangepi/uvg_car/install/lslidar_msgs/share/lslidar_msgs/cmake/lslidar_msgs__rosidl_typesupport_introspection_cExport-noconfig.cmake
[1.795s] -- Up-to-date: /home/orangepi/uvg_car/install/lslidar_msgs/share/lslidar_msgs/cmake/lslidar_msgs__rosidl_typesupport_cExport.cmake
[1.795s] -- Up-to-date: /home/orangepi/uvg_car/install/lslidar_msgs/share/lslidar_msgs/cmake/lslidar_msgs__rosidl_typesupport_cExport-noconfig.cmake
[1.796s] -- Up-to-date: /home/orangepi/uvg_car/install/lslidar_msgs/share/lslidar_msgs/cmake/lslidar_msgs__rosidl_typesupport_introspection_cppExport.cmake
[1.796s] -- Up-to-date: /home/orangepi/uvg_car/install/lslidar_msgs/share/lslidar_msgs/cmake/lslidar_msgs__rosidl_typesupport_introspection_cppExport-noconfig.cmake
[1.796s] -- Up-to-date: /home/orangepi/uvg_car/install/lslidar_msgs/share/lslidar_msgs/cmake/lslidar_msgs__rosidl_typesupport_cppExport.cmake
[1.796s] -- Up-to-date: /home/orangepi/uvg_car/install/lslidar_msgs/share/lslidar_msgs/cmake/lslidar_msgs__rosidl_typesupport_cppExport-noconfig.cmake
[1.796s] -- Up-to-date: /home/orangepi/uvg_car/install/lslidar_msgs/share/lslidar_msgs/cmake/export_lslidar_msgs__rosidl_generator_pyExport.cmake
[1.796s] -- Up-to-date: /home/orangepi/uvg_car/install/lslidar_msgs/share/lslidar_msgs/cmake/export_lslidar_msgs__rosidl_generator_pyExport-noconfig.cmake
[1.796s] -- Up-to-date: /home/orangepi/uvg_car/install/lslidar_msgs/share/lslidar_msgs/cmake/rosidl_cmake-extras.cmake
[1.796s] -- Up-to-date: /home/orangepi/uvg_car/install/lslidar_msgs/share/lslidar_msgs/cmake/ament_cmake_export_dependencies-extras.cmake
[1.796s] -- Up-to-date: /home/orangepi/uvg_car/install/lslidar_msgs/share/lslidar_msgs/cmake/ament_cmake_export_include_directories-extras.cmake
[1.796s] -- Up-to-date: /home/orangepi/uvg_car/install/lslidar_msgs/share/lslidar_msgs/cmake/ament_cmake_export_libraries-extras.cmake
[1.796s] -- Up-to-date: /home/orangepi/uvg_car/install/lslidar_msgs/share/lslidar_msgs/cmake/ament_cmake_export_targets-extras.cmake
[1.796s] -- Up-to-date: /home/orangepi/uvg_car/install/lslidar_msgs/share/lslidar_msgs/cmake/rosidl_cmake_export_typesupport_targets-extras.cmake
[1.796s] -- Up-to-date: /home/orangepi/uvg_car/install/lslidar_msgs/share/lslidar_msgs/cmake/rosidl_cmake_export_typesupport_libraries-extras.cmake
[1.796s] -- Up-to-date: /home/orangepi/uvg_car/install/lslidar_msgs/share/lslidar_msgs/cmake/lslidar_msgsConfig.cmake
[1.797s] -- Up-to-date: /home/orangepi/uvg_car/install/lslidar_msgs/share/lslidar_msgs/cmake/lslidar_msgsConfig-version.cmake
[1.797s] -- Up-to-date: /home/orangepi/uvg_car/install/lslidar_msgs/share/lslidar_msgs/package.xml
[1.801s] Invoked command in '/home/orangepi/uvg_car/build/lslidar_msgs' returned '0': CMAKE_PREFIX_PATH=${CMAKE_PREFIX_PATH}:/home/orangepi/uvg_car/install/wit_ros2_imu:/opt/ros/humble /usr/bin/cmake --install /home/orangepi/uvg_car/build/lslidar_msgs
