[0.040s] Invoking command in '/home/orangepi/uvg_car/build/lslidar_msgs': CMAKE_PREFIX_PATH=${CMAKE_PREFIX_PATH}:/home/orangepi/uvg_car/install/wit_ros2_imu:/home/orangepi/car_ros2/install/rknn_yolo:/opt/ros/humble /usr/bin/cmake --build /home/orangepi/uvg_car/build/lslidar_msgs -- -j8 -l8
[0.199s] [  1%] Built target lslidar_msgs__cpp
[0.209s] [  3%] Built target ament_cmake_python_copy_lslidar_msgs
[0.214s] [ 12%] Built target lslidar_msgs__rosidl_generator_c
[0.238s] [ 23%] Built target lslidar_msgs__rosidl_typesupport_fastrtps_cpp
[0.276s] [ 34%] Built target lslidar_msgs__rosidl_typesupport_cpp
[0.296s] [ 46%] Built target lslidar_msgs__rosidl_typesupport_introspection_cpp
[0.299s] [ 68%] Built target lslidar_msgs__rosidl_typesupport_c
[0.301s] [ 68%] Built target lslidar_msgs__rosidl_typesupport_fastrtps_c
[0.313s] [ 79%] Built target lslidar_msgs__rosidl_typesupport_introspection_c
[0.386s] [ 79%] Built target lslidar_msgs
[0.468s] [ 80%] Built target lslidar_msgs__py
[0.514s] [ 90%] Built target lslidar_msgs__rosidl_generator_py
[0.552s] [ 93%] Built target lslidar_msgs__rosidl_typesupport_introspection_c__pyext
[0.566s] [ 96%] Built target lslidar_msgs__rosidl_typesupport_fastrtps_c__pyext
[0.587s] running egg_info
[0.589s] writing lslidar_msgs.egg-info/PKG-INFO
[0.589s] writing dependency_links to lslidar_msgs.egg-info/dependency_links.txt
[0.589s] writing top-level names to lslidar_msgs.egg-info/top_level.txt
[0.592s] reading manifest file 'lslidar_msgs.egg-info/SOURCES.txt'
[0.593s] writing manifest file 'lslidar_msgs.egg-info/SOURCES.txt'
[0.594s] [100%] Built target lslidar_msgs__rosidl_typesupport_c__pyext
[0.666s] [100%] Built target ament_cmake_python_build_lslidar_msgs_egg
