[0.041s] Invoking command in '/home/orangepi/uvg_car/build/lslidar_msgs': CMAKE_PREFIX_PATH=/opt/ros/humble /usr/bin/cmake --build /home/orangepi/uvg_car/build/lslidar_msgs -- -j8 -l8
[0.178s] [  0%] Built target ament_cmake_python_copy_lslidar_msgs
[0.183s] [  1%] Built target lslidar_msgs__cpp
[0.203s] [ 12%] Built target lslidar_msgs__rosidl_generator_c
[0.238s] [ 23%] Built target lslidar_msgs__rosidl_typesupport_cpp
[0.253s] [ 34%] Built target lslidar_msgs__rosidl_typesupport_fastrtps_cpp
[0.272s] [ 46%] Built target lslidar_msgs__rosidl_typesupport_introspection_c
[0.273s] [ 57%] Built target lslidar_msgs__rosidl_typesupport_introspection_cpp
[0.298s] [ 79%] Built target lslidar_msgs__rosidl_typesupport_c
[0.299s] [ 79%] Built target lslidar_msgs__rosidl_typesupport_fastrtps_c
[0.361s] [ 79%] Built target lslidar_msgs
[0.394s] [ 80%] Built target lslidar_msgs__py
[0.471s] [ 90%] Built target lslidar_msgs__rosidl_generator_py
[0.527s] running egg_info
[0.527s] writing lslidar_msgs.egg-info/PKG-INFO
[0.543s] writing dependency_links to lslidar_msgs.egg-info/dependency_links.txt
[0.543s] [ 93%] Built target lslidar_msgs__rosidl_typesupport_introspection_c__pyext
[0.543s] writing top-level names to lslidar_msgs.egg-info/top_level.txt
[0.543s] reading manifest file 'lslidar_msgs.egg-info/SOURCES.txt'
[0.544s] writing manifest file 'lslidar_msgs.egg-info/SOURCES.txt'
[0.544s] [ 96%] Built target lslidar_msgs__rosidl_typesupport_c__pyext
[0.544s] [100%] Built target lslidar_msgs__rosidl_typesupport_fastrtps_c__pyext
[0.606s] [100%] Built target ament_cmake_python_build_lslidar_msgs_egg
