[0.048s] Invoking command in '/home/orangepi/uvg_car/build/oakchina_vio_package': CMAKE_PREFIX_PATH=/opt/ros/humble /usr/bin/cmake /home/orangepi/uvg_car/src/oakchina_vio_package_ros2 -DCMAKE_INSTALL_PREFIX=/home/orangepi/uvg_car/install/oakchina_vio_package
[0.178s] -- The C compiler identification is GNU 11.4.0
[0.309s] -- The CXX compiler identification is GNU 11.4.0
[0.337s] -- Detecting C compiler ABI info
[0.541s] -- Detecting C compiler ABI info - done
[0.551s] -- Check for working C compiler: /usr/bin/cc - skipped
[0.551s] -- Detecting C compile features
[0.553s] -- Detecting C compile features - done
[0.559s] -- Detecting CXX compiler ABI info
[0.794s] -- Detecting CXX compiler ABI info - done
[0.871s] -- Check for working CXX compiler: /usr/bin/c++ - skipped
[0.872s] -- Detecting CXX compile features
[0.874s] -- Detecting CXX compile features - done
[0.875s] -- Found ament_cmake: 1.3.11 (/opt/ros/humble/share/ament_cmake/cmake)
[1.212s] -- Found Python3: /usr/bin/python3 (found version "3.10.12") found components: Interpreter 
[1.416s] -- Found rclcpp: 16.0.12 (/opt/ros/humble/share/rclcpp/cmake)
[1.472s] -- Found rosidl_generator_c: 3.1.6 (/opt/ros/humble/share/rosidl_generator_c/cmake)
[1.478s] -- Found rosidl_adapter: 3.1.6 (/opt/ros/humble/share/rosidl_adapter/cmake)
[1.490s] -- Found rosidl_generator_cpp: 3.1.6 (/opt/ros/humble/share/rosidl_generator_cpp/cmake)
[1.507s] -- Using all available rosidl_typesupport_c: rosidl_typesupport_fastrtps_c;rosidl_typesupport_introspection_c
[1.531s] -- Using all available rosidl_typesupport_cpp: rosidl_typesupport_fastrtps_cpp;rosidl_typesupport_introspection_cpp
[1.589s] -- Found rmw_implementation_cmake: 6.1.2 (/opt/ros/humble/share/rmw_implementation_cmake/cmake)
[1.592s] -- Found rmw_fastrtps_cpp: 6.2.7 (/opt/ros/humble/share/rmw_fastrtps_cpp/cmake)
[1.753s] -- Found OpenSSL: /usr/lib/aarch64-linux-gnu/libcrypto.so (found version "3.0.2")  
[1.801s] -- Found FastRTPS: /opt/ros/humble/include  
[1.861s] -- Using RMW implementation 'rmw_fastrtps_cpp' as default
[1.871s] -- Looking for pthread.h
[2.080s] -- Looking for pthread.h - found
[2.081s] -- Performing Test CMAKE_HAVE_LIBC_PTHREAD
[2.265s] -- Performing Test CMAKE_HAVE_LIBC_PTHREAD - Success
[2.268s] -- Found Threads: TRUE  
[2.349s] -- Found sensor_msgs: 4.8.0 (/opt/ros/humble/share/sensor_msgs/cmake)
[2.394s] -- Found cv_bridge: 3.2.1 (/opt/ros/humble/share/cv_bridge/cmake)
[2.404s] -- Found OpenCV: /home/orangepi/opencv-4.2.0/build (found version "4.2.0") 
[2.405s] -- Found nav_msgs: 4.8.0 (/opt/ros/humble/share/nav_msgs/cmake)
[2.433s] -- Found tf2_ros: 0.25.12 (/opt/ros/humble/share/tf2_ros/cmake)
[2.568s] -- Found tf2_geometry_msgs: 0.25.12 (/opt/ros/humble/share/tf2_geometry_msgs/cmake)
[2.585s] -- Found eigen3_cmake_module: 0.1.1 (/opt/ros/humble/share/eigen3_cmake_module/cmake)
[2.587s] -- Found Eigen3: TRUE (found version "3.4.0") 
[2.587s] -- Ensuring Eigen3 include directory is part of orocos-kdl CMake target
[2.736s] -- Configuring done
[2.760s] -- Generating done
[2.768s] -- Build files have been written to: /home/orangepi/uvg_car/build/oakchina_vio_package
[2.800s] Invoked command in '/home/orangepi/uvg_car/build/oakchina_vio_package' returned '0': CMAKE_PREFIX_PATH=/opt/ros/humble /usr/bin/cmake /home/orangepi/uvg_car/src/oakchina_vio_package_ros2 -DCMAKE_INSTALL_PREFIX=/home/orangepi/uvg_car/install/oakchina_vio_package
[2.808s] Invoking command in '/home/orangepi/uvg_car/build/oakchina_vio_package': CMAKE_PREFIX_PATH=/opt/ros/humble /usr/bin/cmake --build /home/orangepi/uvg_car/build/oakchina_vio_package -- -j8 -l8
[2.958s] [ 50%] [32mBuilding CXX object CMakeFiles/oakchina_vio_package_node.dir/src/main.cpp.o[0m
[14.646s] [100%] [32m[1mLinking CXX executable oakchina_vio_package_node[0m
[15.648s] /usr/bin/ld: warning: libopencv_imgcodecs.so.4.5d, needed by /opt/ros/humble/lib/libcv_bridge.so, may conflict with libopencv_imgcodecs.so.4.2
[15.649s] /usr/bin/ld: warning: libopencv_core.so.4.5d, needed by /opt/ros/humble/lib/libcv_bridge.so, may conflict with libopencv_core.so.4.2
[16.357s] [100%] Built target oakchina_vio_package_node
[16.400s] Invoked command in '/home/orangepi/uvg_car/build/oakchina_vio_package' returned '0': CMAKE_PREFIX_PATH=/opt/ros/humble /usr/bin/cmake --build /home/orangepi/uvg_car/build/oakchina_vio_package -- -j8 -l8
[16.407s] Invoking command in '/home/orangepi/uvg_car/build/oakchina_vio_package': CMAKE_PREFIX_PATH=/opt/ros/humble /usr/bin/cmake --install /home/orangepi/uvg_car/build/oakchina_vio_package
[16.433s] -- Install configuration: ""
[16.433s] -- Installing: /home/orangepi/uvg_car/install/oakchina_vio_package/lib/oakchina_vio_package/oakchina_vio_package_node
[16.437s] -- Set runtime path of "/home/orangepi/uvg_car/install/oakchina_vio_package/lib/oakchina_vio_package/oakchina_vio_package_node" to ""
[16.437s] -- Installing: /home/orangepi/uvg_car/install/oakchina_vio_package/lib/libcarina_client.so
[16.438s] -- Installing: /home/orangepi/uvg_car/install/oakchina_vio_package/lib/libcarina_vio.so
[16.499s] -- Installing: /home/orangepi/uvg_car/install/oakchina_vio_package/lib/libcarina_vio_client.so
[16.512s] -- Installing: /home/orangepi/uvg_car/install/oakchina_vio_package/lib/libopencv_calib3d.so.4.2
[16.515s] -- Installing: /home/orangepi/uvg_car/install/oakchina_vio_package/share/oakchina_vio_package/launch
[16.515s] -- Installing: /home/orangepi/uvg_car/install/oakchina_vio_package/share/oakchina_vio_package/launch/oakchina_vio.launch.py
[16.516s] -- Installing: /home/orangepi/uvg_car/install/oakchina_vio_package/share/oakchina_vio_package/launch/oakchina_vio.launch
[16.516s] -- Installing: /home/orangepi/uvg_car/install/oakchina_vio_package/share/oakchina_vio_package/config
[16.517s] -- Installing: /home/orangepi/uvg_car/install/oakchina_vio_package/share/oakchina_vio_package/config/database.bin
[16.586s] -- Installing: /home/orangepi/uvg_car/install/oakchina_vio_package/share/oakchina_vio_package/config/custom_config.yaml
[16.587s] -- Installing: /home/orangepi/uvg_car/install/oakchina_vio_package/share/oakchina_vio_package/rviz
[16.588s] -- Installing: /home/orangepi/uvg_car/install/oakchina_vio_package/share/oakchina_vio_package/rviz/oakchina_vio.rviz
[16.588s] -- Installing: /home/orangepi/uvg_car/install/oakchina_vio_package/share/oakchina_vio_package/environment/library_path.sh
[16.589s] -- Installing: /home/orangepi/uvg_car/install/oakchina_vio_package/share/oakchina_vio_package/environment/library_path.dsv
[16.589s] -- Installing: /home/orangepi/uvg_car/install/oakchina_vio_package/share/ament_index/resource_index/package_run_dependencies/oakchina_vio_package
[16.590s] -- Installing: /home/orangepi/uvg_car/install/oakchina_vio_package/share/ament_index/resource_index/parent_prefix_path/oakchina_vio_package
[16.590s] -- Installing: /home/orangepi/uvg_car/install/oakchina_vio_package/share/oakchina_vio_package/environment/ament_prefix_path.sh
[16.591s] -- Installing: /home/orangepi/uvg_car/install/oakchina_vio_package/share/oakchina_vio_package/environment/ament_prefix_path.dsv
[16.592s] -- Installing: /home/orangepi/uvg_car/install/oakchina_vio_package/share/oakchina_vio_package/environment/path.sh
[16.593s] -- Installing: /home/orangepi/uvg_car/install/oakchina_vio_package/share/oakchina_vio_package/environment/path.dsv
[16.597s] -- Installing: /home/orangepi/uvg_car/install/oakchina_vio_package/share/oakchina_vio_package/local_setup.bash
[16.597s] -- Installing: /home/orangepi/uvg_car/install/oakchina_vio_package/share/oakchina_vio_package/local_setup.sh
[16.598s] -- Installing: /home/orangepi/uvg_car/install/oakchina_vio_package/share/oakchina_vio_package/local_setup.zsh
[16.598s] -- Installing: /home/orangepi/uvg_car/install/oakchina_vio_package/share/oakchina_vio_package/local_setup.dsv
[16.599s] -- Installing: /home/orangepi/uvg_car/install/oakchina_vio_package/share/oakchina_vio_package/package.dsv
[16.599s] -- Installing: /home/orangepi/uvg_car/install/oakchina_vio_package/share/ament_index/resource_index/packages/oakchina_vio_package
[16.600s] -- Installing: /home/orangepi/uvg_car/install/oakchina_vio_package/share/oakchina_vio_package/cmake/ament_cmake_export_dependencies-extras.cmake
[16.600s] -- Installing: /home/orangepi/uvg_car/install/oakchina_vio_package/share/oakchina_vio_package/cmake/ament_cmake_export_include_directories-extras.cmake
[16.601s] -- Installing: /home/orangepi/uvg_car/install/oakchina_vio_package/share/oakchina_vio_package/cmake/ament_cmake_export_libraries-extras.cmake
[16.602s] -- Installing: /home/orangepi/uvg_car/install/oakchina_vio_package/share/oakchina_vio_package/cmake/oakchina_vio_packageConfig.cmake
[16.602s] -- Installing: /home/orangepi/uvg_car/install/oakchina_vio_package/share/oakchina_vio_package/cmake/oakchina_vio_packageConfig-version.cmake
[16.603s] -- Installing: /home/orangepi/uvg_car/install/oakchina_vio_package/share/oakchina_vio_package/package.xml
[16.603s] Invoked command in '/home/orangepi/uvg_car/build/oakchina_vio_package' returned '0': CMAKE_PREFIX_PATH=/opt/ros/humble /usr/bin/cmake --install /home/orangepi/uvg_car/build/oakchina_vio_package
