[0.024s] Invoking command in '/home/orangepi/uvg_car/build/lslidar_driver': CMAKE_PREFIX_PATH=/home/orangepi/uvg_car/install/lslidar_msgs:/home/orangepi/uvg_car/install/oakchina_vio_package:/home/orangepi/uvg_car/install/lslidar_driver:/home/orangepi/uvg_car/install/fishbot_navigation2:/home/orangepi/uvg_car/install/fishbot_cartographer:/home/orangepi/uvg_car/install/wit_ros2_imu:/opt/ros/humble LD_LIBRARY_PATH=/home/orangepi/uvg_car/install/lslidar_msgs/lib:/home/orangepi/uvg_car/install/oakchina_vio_package/lib:/opt/ros/humble/opt/rviz_ogre_vendor/lib:/opt/ros/humble/lib/aarch64-linux-gnu:/opt/ros/humble/lib /usr/bin/cmake --build /home/orangepi/uvg_car/build/lslidar_driver -- -j8 -l8
[0.277s] [ 20%] [32mBuilding CXX object CMakeFiles/lslidar_driver_node.dir/src/lslidar_driver.cc.o[0m
[28.521s] [ 40%] [32m[1mLinking CXX executable lslidar_driver_node[0m
[32.438s] [100%] Built target lslidar_driver_node
[32.462s] Invoked command in '/home/orangepi/uvg_car/build/lslidar_driver' returned '0': CMAKE_PREFIX_PATH=/home/orangepi/uvg_car/install/lslidar_msgs:/home/orangepi/uvg_car/install/oakchina_vio_package:/home/orangepi/uvg_car/install/lslidar_driver:/home/orangepi/uvg_car/install/fishbot_navigation2:/home/orangepi/uvg_car/install/fishbot_cartographer:/home/orangepi/uvg_car/install/wit_ros2_imu:/opt/ros/humble LD_LIBRARY_PATH=/home/orangepi/uvg_car/install/lslidar_msgs/lib:/home/orangepi/uvg_car/install/oakchina_vio_package/lib:/opt/ros/humble/opt/rviz_ogre_vendor/lib:/opt/ros/humble/lib/aarch64-linux-gnu:/opt/ros/humble/lib /usr/bin/cmake --build /home/orangepi/uvg_car/build/lslidar_driver -- -j8 -l8
[32.466s] Invoking command in '/home/orangepi/uvg_car/build/lslidar_driver': CMAKE_PREFIX_PATH=/home/orangepi/uvg_car/install/lslidar_msgs:/home/orangepi/uvg_car/install/oakchina_vio_package:/home/orangepi/uvg_car/install/lslidar_driver:/home/orangepi/uvg_car/install/fishbot_navigation2:/home/orangepi/uvg_car/install/fishbot_cartographer:/home/orangepi/uvg_car/install/wit_ros2_imu:/opt/ros/humble LD_LIBRARY_PATH=/home/orangepi/uvg_car/install/lslidar_msgs/lib:/home/orangepi/uvg_car/install/oakchina_vio_package/lib:/opt/ros/humble/opt/rviz_ogre_vendor/lib:/opt/ros/humble/lib/aarch64-linux-gnu:/opt/ros/humble/lib /usr/bin/cmake --install /home/orangepi/uvg_car/build/lslidar_driver
[32.483s] -- Install configuration: ""
[32.483s] -- Up-to-date: /home/orangepi/uvg_car/install/lslidar_driver/share/lslidar_driver/launch
[32.484s] -- Up-to-date: /home/orangepi/uvg_car/install/lslidar_driver/share/lslidar_driver/launch/lsm10p_net_launch.py
[32.484s] -- Up-to-date: /home/orangepi/uvg_car/install/lslidar_driver/share/lslidar_driver/launch/demo.launch.py
[32.484s] -- Up-to-date: /home/orangepi/uvg_car/install/lslidar_driver/share/lslidar_driver/launch/lslidar_double_launch.py
[32.485s] -- Up-to-date: /home/orangepi/uvg_car/install/lslidar_driver/share/lslidar_driver/launch/lsm10_net_launch.py
[32.485s] -- Up-to-date: /home/orangepi/uvg_car/install/lslidar_driver/share/lslidar_driver/launch/lsm10p_uart_launch.py
[32.485s] -- Up-to-date: /home/orangepi/uvg_car/install/lslidar_driver/share/lslidar_driver/launch/lsm10_uart_launch.py
[32.486s] -- Up-to-date: /home/orangepi/uvg_car/install/lslidar_driver/share/lslidar_driver/launch/lsn10_net_launch.py
[32.486s] -- Up-to-date: /home/orangepi/uvg_car/install/lslidar_driver/share/lslidar_driver/launch/lsn10p_launch.py
[32.487s] -- Up-to-date: /home/orangepi/uvg_car/install/lslidar_driver/share/lslidar_driver/launch/viewer_scan_launch.py
[32.487s] -- Up-to-date: /home/orangepi/uvg_car/install/lslidar_driver/share/lslidar_driver/launch/lsn10_launch.py
[32.487s] -- Up-to-date: /home/orangepi/uvg_car/install/lslidar_driver/share/lslidar_driver/launch/lsn10p_net_launch.py
[32.488s] -- Up-to-date: /home/orangepi/uvg_car/install/lslidar_driver/share/lslidar_driver/params
[32.488s] -- Up-to-date: /home/orangepi/uvg_car/install/lslidar_driver/share/lslidar_driver/params/lidar_net_ros2
[32.488s] -- Up-to-date: /home/orangepi/uvg_car/install/lslidar_driver/share/lslidar_driver/params/lidar_net_ros2/lsm10p_net.yaml
[32.489s] -- Up-to-date: /home/orangepi/uvg_car/install/lslidar_driver/share/lslidar_driver/params/lidar_net_ros2/lsn10p_net.yaml
[32.489s] -- Up-to-date: /home/orangepi/uvg_car/install/lslidar_driver/share/lslidar_driver/params/lidar_net_ros2/lsn10_net.yaml
[32.490s] -- Up-to-date: /home/orangepi/uvg_car/install/lslidar_driver/share/lslidar_driver/params/lidar_net_ros2/lsm10_net.yaml
[32.490s] -- Up-to-date: /home/orangepi/uvg_car/install/lslidar_driver/share/lslidar_driver/params/lidar_uart_ros2
[32.490s] -- Up-to-date: /home/orangepi/uvg_car/install/lslidar_driver/share/lslidar_driver/params/lidar_uart_ros2/lsn10p.yaml
[32.491s] -- Up-to-date: /home/orangepi/uvg_car/install/lslidar_driver/share/lslidar_driver/params/lidar_uart_ros2/lsm10_p.yaml
[32.491s] -- Up-to-date: /home/orangepi/uvg_car/install/lslidar_driver/share/lslidar_driver/params/lidar_uart_ros2/lsm10.yaml
[32.491s] -- Up-to-date: /home/orangepi/uvg_car/install/lslidar_driver/share/lslidar_driver/params/lidar_uart_ros2/lsn10.yaml
[32.492s] -- Up-to-date: /home/orangepi/uvg_car/install/lslidar_driver/share/lslidar_driver/rviz
[32.492s] -- Up-to-date: /home/orangepi/uvg_car/install/lslidar_driver/share/lslidar_driver/rviz/lslidar.rviz
[32.493s] -- Installing: /home/orangepi/uvg_car/install/lslidar_driver/lib/lslidar_driver/lslidar_driver_node
[32.494s] -- Set runtime path of "/home/orangepi/uvg_car/install/lslidar_driver/lib/lslidar_driver/lslidar_driver_node" to ""
[32.494s] -- Up-to-date: /home/orangepi/uvg_car/install/lslidar_driver/share/ament_index/resource_index/package_run_dependencies/lslidar_driver
[32.494s] -- Up-to-date: /home/orangepi/uvg_car/install/lslidar_driver/share/ament_index/resource_index/parent_prefix_path/lslidar_driver
[32.495s] -- Up-to-date: /home/orangepi/uvg_car/install/lslidar_driver/share/lslidar_driver/environment/ament_prefix_path.sh
[32.495s] -- Up-to-date: /home/orangepi/uvg_car/install/lslidar_driver/share/lslidar_driver/environment/ament_prefix_path.dsv
[32.496s] -- Up-to-date: /home/orangepi/uvg_car/install/lslidar_driver/share/lslidar_driver/environment/path.sh
[32.498s] -- Up-to-date: /home/orangepi/uvg_car/install/lslidar_driver/share/lslidar_driver/environment/path.dsv
[32.500s] -- Up-to-date: /home/orangepi/uvg_car/install/lslidar_driver/share/lslidar_driver/local_setup.bash
[32.500s] -- Up-to-date: /home/orangepi/uvg_car/install/lslidar_driver/share/lslidar_driver/local_setup.sh
[32.501s] -- Up-to-date: /home/orangepi/uvg_car/install/lslidar_driver/share/lslidar_driver/local_setup.zsh
[32.501s] -- Up-to-date: /home/orangepi/uvg_car/install/lslidar_driver/share/lslidar_driver/local_setup.dsv
[32.501s] -- Installing: /home/orangepi/uvg_car/install/lslidar_driver/share/lslidar_driver/package.dsv
[32.502s] -- Up-to-date: /home/orangepi/uvg_car/install/lslidar_driver/share/ament_index/resource_index/packages/lslidar_driver
[32.502s] -- Up-to-date: /home/orangepi/uvg_car/install/lslidar_driver/share/lslidar_driver/cmake/ament_cmake_export_dependencies-extras.cmake
[32.503s] -- Up-to-date: /home/orangepi/uvg_car/install/lslidar_driver/share/lslidar_driver/cmake/ament_cmake_export_include_directories-extras.cmake
[32.503s] -- Up-to-date: /home/orangepi/uvg_car/install/lslidar_driver/share/lslidar_driver/cmake/lslidar_driverConfig.cmake
[32.504s] -- Up-to-date: /home/orangepi/uvg_car/install/lslidar_driver/share/lslidar_driver/cmake/lslidar_driverConfig-version.cmake
[32.505s] -- Up-to-date: /home/orangepi/uvg_car/install/lslidar_driver/share/lslidar_driver/package.xml
[32.506s] Invoked command in '/home/orangepi/uvg_car/build/lslidar_driver' returned '0': CMAKE_PREFIX_PATH=/home/orangepi/uvg_car/install/lslidar_msgs:/home/orangepi/uvg_car/install/oakchina_vio_package:/home/orangepi/uvg_car/install/lslidar_driver:/home/orangepi/uvg_car/install/fishbot_navigation2:/home/orangepi/uvg_car/install/fishbot_cartographer:/home/orangepi/uvg_car/install/wit_ros2_imu:/opt/ros/humble LD_LIBRARY_PATH=/home/orangepi/uvg_car/install/lslidar_msgs/lib:/home/orangepi/uvg_car/install/oakchina_vio_package/lib:/opt/ros/humble/opt/rviz_ogre_vendor/lib:/opt/ros/humble/lib/aarch64-linux-gnu:/opt/ros/humble/lib /usr/bin/cmake --install /home/orangepi/uvg_car/build/lslidar_driver
