[0.073s] Invoking command in '/home/orangepi/uvg_car/build/oakchina_vio_package': CMAKE_PREFIX_PATH=${CMAKE_PREFIX_PATH}:/home/orangepi/uvg_car/install/wit_ros2_imu:/opt/ros/humble /usr/bin/cmake --build /home/orangepi/uvg_car/build/oakchina_vio_package -- -j8 -l8
[0.500s] [ 50%] [32mBuilding CXX object CMakeFiles/oakchina_vio_package_node.dir/src/main.cpp.o[0m
[13.765s] [100%] [32m[1mLinking CXX executable oakchina_vio_package_node[0m
[14.857s] /usr/bin/ld: warning: libopencv_imgcodecs.so.4.5d, needed by /opt/ros/humble/lib/libcv_bridge.so, may conflict with libopencv_imgcodecs.so.4.2
[14.858s] /usr/bin/ld: warning: libopencv_core.so.4.5d, needed by /opt/ros/humble/lib/libcv_bridge.so, may conflict with libopencv_core.so.4.2
[15.582s] [100%] Built target oakchina_vio_package_node
[15.603s] Invoked command in '/home/orangepi/uvg_car/build/oakchina_vio_package' returned '0': CMAKE_PREFIX_PATH=${CMAKE_PREFIX_PATH}:/home/orangepi/uvg_car/install/wit_ros2_imu:/opt/ros/humble /usr/bin/cmake --build /home/orangepi/uvg_car/build/oakchina_vio_package -- -j8 -l8
[15.606s] Invoking command in '/home/orangepi/uvg_car/build/oakchina_vio_package': CMAKE_PREFIX_PATH=${CMAKE_PREFIX_PATH}:/home/orangepi/uvg_car/install/wit_ros2_imu:/opt/ros/humble /usr/bin/cmake --install /home/orangepi/uvg_car/build/oakchina_vio_package
[15.622s] -- Install configuration: ""
[15.623s] -- Installing: /home/orangepi/uvg_car/install/oakchina_vio_package/lib/oakchina_vio_package/oakchina_vio_package_node
[15.627s] -- Set runtime path of "/home/orangepi/uvg_car/install/oakchina_vio_package/lib/oakchina_vio_package/oakchina_vio_package_node" to ""
[15.628s] -- Up-to-date: /home/orangepi/uvg_car/install/oakchina_vio_package/lib/libcarina_client.so
[15.628s] -- Up-to-date: /home/orangepi/uvg_car/install/oakchina_vio_package/lib/libcarina_vio.so
[15.628s] -- Up-to-date: /home/orangepi/uvg_car/install/oakchina_vio_package/lib/libcarina_vio_client.so
[15.628s] -- Up-to-date: /home/orangepi/uvg_car/install/oakchina_vio_package/lib/libopencv_calib3d.so.4.2
[15.629s] -- Up-to-date: /home/orangepi/uvg_car/install/oakchina_vio_package/lib/libopencv_core.so.4.2
[15.629s] -- Up-to-date: /home/orangepi/uvg_car/install/oakchina_vio_package/lib/libopencv_imgcodecs.so.4.2
[15.629s] -- Up-to-date: /home/orangepi/uvg_car/install/oakchina_vio_package/share/oakchina_vio_package/launch
[15.629s] -- Up-to-date: /home/orangepi/uvg_car/install/oakchina_vio_package/share/oakchina_vio_package/launch/oakchina_vio.launch.py
[15.630s] -- Up-to-date: /home/orangepi/uvg_car/install/oakchina_vio_package/share/oakchina_vio_package/launch/oakchina_vio.launch
[15.631s] -- Up-to-date: /home/orangepi/uvg_car/install/oakchina_vio_package/share/oakchina_vio_package/config
[15.631s] -- Up-to-date: /home/orangepi/uvg_car/install/oakchina_vio_package/share/oakchina_vio_package/config/database.bin
[15.633s] -- Up-to-date: /home/orangepi/uvg_car/install/oakchina_vio_package/share/oakchina_vio_package/config/custom_config.yaml
[15.635s] -- Up-to-date: /home/orangepi/uvg_car/install/oakchina_vio_package/share/oakchina_vio_package/rviz
[15.636s] -- Up-to-date: /home/orangepi/uvg_car/install/oakchina_vio_package/share/oakchina_vio_package/rviz/oakchina_vio.rviz
[15.636s] -- Up-to-date: /home/orangepi/uvg_car/install/oakchina_vio_package/share/oakchina_vio_package/environment/library_path.sh
[15.637s] -- Up-to-date: /home/orangepi/uvg_car/install/oakchina_vio_package/share/oakchina_vio_package/environment/library_path.dsv
[15.638s] -- Up-to-date: /home/orangepi/uvg_car/install/oakchina_vio_package/share/ament_index/resource_index/package_run_dependencies/oakchina_vio_package
[15.639s] -- Up-to-date: /home/orangepi/uvg_car/install/oakchina_vio_package/share/ament_index/resource_index/parent_prefix_path/oakchina_vio_package
[15.639s] -- Up-to-date: /home/orangepi/uvg_car/install/oakchina_vio_package/share/oakchina_vio_package/environment/ament_prefix_path.sh
[15.639s] -- Up-to-date: /home/orangepi/uvg_car/install/oakchina_vio_package/share/oakchina_vio_package/environment/ament_prefix_path.dsv
[15.640s] -- Up-to-date: /home/orangepi/uvg_car/install/oakchina_vio_package/share/oakchina_vio_package/environment/path.sh
[15.640s] -- Up-to-date: /home/orangepi/uvg_car/install/oakchina_vio_package/share/oakchina_vio_package/environment/path.dsv
[15.641s] -- Up-to-date: /home/orangepi/uvg_car/install/oakchina_vio_package/share/oakchina_vio_package/local_setup.bash
[15.641s] -- Up-to-date: /home/orangepi/uvg_car/install/oakchina_vio_package/share/oakchina_vio_package/local_setup.sh
[15.643s] -- Up-to-date: /home/orangepi/uvg_car/install/oakchina_vio_package/share/oakchina_vio_package/local_setup.zsh
[15.644s] -- Up-to-date: /home/orangepi/uvg_car/install/oakchina_vio_package/share/oakchina_vio_package/local_setup.dsv
[15.644s] -- Installing: /home/orangepi/uvg_car/install/oakchina_vio_package/share/oakchina_vio_package/package.dsv
[15.644s] -- Up-to-date: /home/orangepi/uvg_car/install/oakchina_vio_package/share/ament_index/resource_index/packages/oakchina_vio_package
[15.645s] -- Up-to-date: /home/orangepi/uvg_car/install/oakchina_vio_package/share/oakchina_vio_package/cmake/ament_cmake_export_dependencies-extras.cmake
[15.645s] -- Up-to-date: /home/orangepi/uvg_car/install/oakchina_vio_package/share/oakchina_vio_package/cmake/ament_cmake_export_include_directories-extras.cmake
[15.646s] -- Up-to-date: /home/orangepi/uvg_car/install/oakchina_vio_package/share/oakchina_vio_package/cmake/ament_cmake_export_libraries-extras.cmake
[15.646s] -- Up-to-date: /home/orangepi/uvg_car/install/oakchina_vio_package/share/oakchina_vio_package/cmake/oakchina_vio_packageConfig.cmake
[15.647s] -- Up-to-date: /home/orangepi/uvg_car/install/oakchina_vio_package/share/oakchina_vio_package/cmake/oakchina_vio_packageConfig-version.cmake
[15.647s] -- Up-to-date: /home/orangepi/uvg_car/install/oakchina_vio_package/share/oakchina_vio_package/package.xml
[15.647s] Invoked command in '/home/orangepi/uvg_car/build/oakchina_vio_package' returned '0': CMAKE_PREFIX_PATH=${CMAKE_PREFIX_PATH}:/home/orangepi/uvg_car/install/wit_ros2_imu:/opt/ros/humble /usr/bin/cmake --install /home/orangepi/uvg_car/build/oakchina_vio_package
