[0.041s] Invoking command in '/home/orangepi/uvg_car/build/oakchina_vio_package': CMAKE_PREFIX_PATH=/opt/ros/humble /usr/bin/cmake /home/orangepi/uvg_car/src/oakchina_vio_package_ros2 -DCMAKE_INSTALL_PREFIX=/home/orangepi/uvg_car/install/oakchina_vio_package
[0.203s] -- The C compiler identification is GNU 11.4.0
[0.356s] -- The CXX compiler identification is GNU 11.4.0
[0.378s] -- Detecting C compiler ABI info
[0.604s] -- Detecting C compiler ABI info - done
[0.646s] -- Check for working C compiler: /usr/bin/cc - skipped
[0.646s] -- Detecting C compile features
[0.647s] -- Detecting C compile features - done
[0.651s] -- Detecting CXX compiler ABI info
[0.825s] -- Detecting CXX compiler ABI info - done
[0.867s] -- Check for working CXX compiler: /usr/bin/c++ - skipped
[0.869s] -- Detecting CXX compile features
[0.871s] -- Detecting CXX compile features - done
[0.873s] -- Found ament_cmake: 1.3.11 (/opt/ros/humble/share/ament_cmake/cmake)
[1.215s] -- Found Python3: /usr/bin/python3 (found version "3.10.12") found components: Interpreter 
[1.362s] -- Found rclcpp: 16.0.12 (/opt/ros/humble/share/rclcpp/cmake)
[1.416s] -- Found rosidl_generator_c: 3.1.6 (/opt/ros/humble/share/rosidl_generator_c/cmake)
[1.422s] -- Found rosidl_adapter: 3.1.6 (/opt/ros/humble/share/rosidl_adapter/cmake)
[1.433s] -- Found rosidl_generator_cpp: 3.1.6 (/opt/ros/humble/share/rosidl_generator_cpp/cmake)
[1.452s] -- Using all available rosidl_typesupport_c: rosidl_typesupport_fastrtps_c;rosidl_typesupport_introspection_c
[1.479s] -- Using all available rosidl_typesupport_cpp: rosidl_typesupport_fastrtps_cpp;rosidl_typesupport_introspection_cpp
[1.546s] -- Found rmw_implementation_cmake: 6.1.2 (/opt/ros/humble/share/rmw_implementation_cmake/cmake)
[1.550s] -- Found rmw_fastrtps_cpp: 6.2.7 (/opt/ros/humble/share/rmw_fastrtps_cpp/cmake)
[1.742s] -- Found OpenSSL: /usr/lib/aarch64-linux-gnu/libcrypto.so (found version "3.0.2")  
[1.791s] -- Found FastRTPS: /opt/ros/humble/include  
[1.857s] -- Using RMW implementation 'rmw_fastrtps_cpp' as default
[1.868s] -- Looking for pthread.h
[2.073s] -- Looking for pthread.h - found
[2.073s] -- Performing Test CMAKE_HAVE_LIBC_PTHREAD
[2.308s] -- Performing Test CMAKE_HAVE_LIBC_PTHREAD - Success
[2.310s] -- Found Threads: TRUE  
[2.390s] -- Found sensor_msgs: 4.8.0 (/opt/ros/humble/share/sensor_msgs/cmake)
[2.438s] -- Found cv_bridge: 3.2.1 (/opt/ros/humble/share/cv_bridge/cmake)
[2.460s] -- Found OpenCV: /usr (found version "4.5.4") 
[2.462s] -- Found nav_msgs: 4.8.0 (/opt/ros/humble/share/nav_msgs/cmake)
[2.490s] -- Found tf2_ros: 0.25.12 (/opt/ros/humble/share/tf2_ros/cmake)
[2.638s] -- Found tf2_geometry_msgs: 0.25.12 (/opt/ros/humble/share/tf2_geometry_msgs/cmake)
[2.657s] -- Found eigen3_cmake_module: 0.1.1 (/opt/ros/humble/share/eigen3_cmake_module/cmake)
[2.658s] -- Found Eigen3: TRUE (found version "3.4.0") 
[2.658s] -- Ensuring Eigen3 include directory is part of orocos-kdl CMake target
[2.800s] -- Configuring done
[2.830s] -- Generating done
[2.840s] -- Build files have been written to: /home/orangepi/uvg_car/build/oakchina_vio_package
[2.874s] Invoked command in '/home/orangepi/uvg_car/build/oakchina_vio_package' returned '0': CMAKE_PREFIX_PATH=/opt/ros/humble /usr/bin/cmake /home/orangepi/uvg_car/src/oakchina_vio_package_ros2 -DCMAKE_INSTALL_PREFIX=/home/orangepi/uvg_car/install/oakchina_vio_package
[2.880s] Invoking command in '/home/orangepi/uvg_car/build/oakchina_vio_package': CMAKE_PREFIX_PATH=/opt/ros/humble /usr/bin/cmake --build /home/orangepi/uvg_car/build/oakchina_vio_package -- -j8 -l8
[3.022s] [ 50%] [32mBuilding CXX object CMakeFiles/oakchina_vio_package_node.dir/src/main.cpp.o[0m
[15.267s] [100%] [32m[1mLinking CXX executable oakchina_vio_package_node[0m
[16.912s] /usr/bin/ld: /home/orangepi/uvg_car/src/oakchina_vio_package_ros2/lib/libtracker.a(Tracker.cpp.o): in function `fpga::create_image_pyramid(cv::Mat const&, std::vector<cv::Mat, std::allocator<cv::Mat> >&, fpga::TrackerConfigFPGA const&)':
[16.913s] Tracker.cpp:(.text+0xabdc): undefined reference to `utility::Printer::debugPrint(utility::Printer::PrintLevel, char const*, char const*, char const*, ...)'
[16.913s] /usr/bin/ld: Tracker.cpp:(.text+0xaca4): undefined reference to `utility::Printer::debugPrint(utility::Printer::PrintLevel, char const*, char const*, char const*, ...)'
[16.914s] /usr/bin/ld: /home/orangepi/uvg_car/src/oakchina_vio_package_ros2/lib/libtracker.a(Tracker.cpp.o): in function `fpga::stereo_match_C(std::vector<cv::Mat, std::allocator<cv::Mat> > const&, std::vector<cv::Mat, std::allocator<cv::Mat> > const&, std::vector<cv::Point_<float>, std::allocator<cv::Point_<float> > > const&, std::vector<cv::Point_<float>, std::allocator<cv::Point_<float> > >&, int, int, fpga::TrackerConfigFPGA const&, std::vector<unsigned char, std::allocator<unsigned char> >&)':
[16.914s] Tracker.cpp:(.text+0xd74c): undefined reference to `VISLAM::DspHelper::getPyramid_OpticalFlow(unsigned char const*, unsigned char const*, unsigned int, unsigned int, float const*, float const*, int, float*, int*)'
[16.914s] /usr/bin/ld: /home/orangepi/uvg_car/src/oakchina_vio_package_ros2/lib/libtracker.a(Tracker.cpp.o): in function `fpga::two_point_ransac_C(std::vector<cv::Point_<float>, std::allocator<cv::Point_<float> > > const&, std::vector<cv::Point_<float>, std::allocator<cv::Point_<float> > > const&, Eigen::Matrix<double, 3, 3, 0, 3, 3> const&, int const&, Eigen::Matrix<double, 5, 1, 0, 5, 1> const&, double const&, double const&, int, std::vector<unsigned char, std::allocator<unsigned char> >&, fpga::TrackerConfigFPGA const&, std::vector<int, std::allocator<int> > const&, std::vector<int, std::allocator<int> > const&)':
[16.915s] Tracker.cpp:(.text+0xda18): undefined reference to `utility::Printer::debugPrint(utility::Printer::PrintLevel, char const*, char const*, char const*, ...)'
[16.915s] /usr/bin/ld: /home/orangepi/uvg_car/src/oakchina_vio_package_ros2/lib/libtracker.a(Tracker.cpp.o): in function `fpga::track_features_no_ransac_Monocular(fpga::FeatureManager const&, fpga::FeatureManager&, Eigen::Matrix<double, 3, 3, 0, 3, 3> const&, int, fpga::TrackerConfigFPGA const&)':
[16.915s] Tracker.cpp:(.text+0xf474): undefined reference to `VISLAM::DspHelper::getPyramid_OpticalFlow(unsigned char const*, unsigned char const*, unsigned int, unsigned int, float const*, float const*, int, float*, int*)'
[16.916s] /usr/bin/ld: /home/orangepi/uvg_car/src/oakchina_vio_package_ros2/lib/libtracker.a(Tracker.cpp.o): in function `fpga::track_features_C(std::vector<fpga::FeatureManager, std::allocator<fpga::FeatureManager> > const&, std::vector<fpga::FeatureManager, std::allocator<fpga::FeatureManager> >&, std::vector<Eigen::Matrix<double, 3, 3, 0, 3, 3>, Eigen::aligned_allocator<Eigen::Matrix<double, 3, 3, 0, 3, 3> > > const&, int, int, fpga::TrackerConfigFPGA const&)':
[16.916s] Tracker.cpp:(.text+0x10494): undefined reference to `VISLAM::DspHelper::getPyramid_OpticalFlow(unsigned char const*, unsigned char const*, unsigned int, unsigned int, float const*, float const*, int, float*, int*)'
[16.917s] /usr/bin/ld: /home/orangepi/uvg_car/src/oakchina_vio_package_ros2/lib/libtracker.a(Tracker.cpp.o): in function `fpga::track_features_no_ransac_C(std::vector<fpga::FeatureManager, std::allocator<fpga::FeatureManager> > const&, std::vector<fpga::FeatureManager, std::allocator<fpga::FeatureManager> >&, std::vector<Eigen::Matrix<double, 3, 3, 0, 3, 3>, Eigen::aligned_allocator<Eigen::Matrix<double, 3, 3, 0, 3, 3> > > const&, int, int, fpga::TrackerConfigFPGA const&)':
[16.917s] Tracker.cpp:(.text+0x1145c): undefined reference to `VISLAM::DspHelper::getPyramid_OpticalFlow(unsigned char const*, unsigned char const*, unsigned int, unsigned int, float const*, float const*, int, float*, int*)'
[16.917s] /usr/bin/ld: /home/orangepi/uvg_car/src/oakchina_vio_package_ros2/lib/libtracker.a(Tracker.cpp.o): in function `fpga::add_new_features_no_mask_Monocular(fpga::FeatureManager&, int, fpga::TrackerConfigFPGA const&, std::vector<cv::KeyPoint, std::allocator<cv::KeyPoint> > const&, std::vector<bool, std::allocator<bool> > const&, std::map<unsigned int, unsigned int, std::less<unsigned int>, std::allocator<std::pair<unsigned int const, unsigned int> > >&)':
[16.918s] Tracker.cpp:(.text+0x14180): undefined reference to `utility::Printer::debugPrint(utility::Printer::PrintLevel, char const*, char const*, char const*, ...)'
[16.918s] /usr/bin/ld: /home/orangepi/uvg_car/src/oakchina_vio_package_ros2/lib/libtracker.a(Tracker.cpp.o): in function `fpga::ransac_curr_points_Monocular(fpga::FeatureManager const&, fpga::FeatureManager&, Eigen::Matrix<double, 3, 3, 0, 3, 3> const&, int, fpga::TrackerConfigFPGA const&, std::map<unsigned int, unsigned int, std::less<unsigned int>, std::allocator<std::pair<unsigned int const, unsigned int> > >&)':
[16.918s] Tracker.cpp:(.text+0x1502c): undefined reference to `utility::Printer::debugPrint(utility::Printer::PrintLevel, char const*, char const*, char const*, ...)'
[17.028s] collect2: error: ld returned 1 exit status
[17.031s] gmake[2]: *** [CMakeFiles/oakchina_vio_package_node.dir/build.make:269: oakchina_vio_package_node] Error 1
[17.032s] gmake[1]: *** [CMakeFiles/Makefile2:137: CMakeFiles/oakchina_vio_package_node.dir/all] Error 2
[17.033s] gmake: *** [Makefile:146: all] Error 2
[17.040s] Invoked command in '/home/orangepi/uvg_car/build/oakchina_vio_package' returned '2': CMAKE_PREFIX_PATH=/opt/ros/humble /usr/bin/cmake --build /home/orangepi/uvg_car/build/oakchina_vio_package -- -j8 -l8
