[35m[1mConsolidate compiler generated dependencies of target oakchina_vio_package_node[0m
[ 50%] [32m[1mLinking CXX executable oakchina_vio_package_node[0m
/usr/bin/ld: /home/orangepi/uvg_car/src/oakchina_vio_package_ros2/lib/libtracker.a(Tracker.cpp.o): in function `fpga::create_image_pyramid(cv::Mat const&, std::vector<cv::Mat, std::allocator<cv::Mat> >&, fpga::TrackerConfigFPGA const&)':
Tracker.cpp:(.text+0xabdc): undefined reference to `utility::Printer::debugPrint(utility::Printer::PrintLevel, char const*, char const*, char const*, ...)'
/usr/bin/ld: Tracker.cpp:(.text+0xaca4): undefined reference to `utility::Printer::debugPrint(utility::Printer::PrintLevel, char const*, char const*, char const*, ...)'
/usr/bin/ld: /home/orangepi/uvg_car/src/oakchina_vio_package_ros2/lib/libtracker.a(Tracker.cpp.o): in function `fpga::stereo_match_C(std::vector<cv::Mat, std::allocator<cv::Mat> > const&, std::vector<cv::Mat, std::allocator<cv::Mat> > const&, std::vector<cv::Point_<float>, std::allocator<cv::Point_<float> > > const&, std::vector<cv::Point_<float>, std::allocator<cv::Point_<float> > >&, int, int, fpga::TrackerConfigFPGA const&, std::vector<unsigned char, std::allocator<unsigned char> >&)':
Tracker.cpp:(.text+0xd74c): undefined reference to `VISLAM::DspHelper::getPyramid_OpticalFlow(unsigned char const*, unsigned char const*, unsigned int, unsigned int, float const*, float const*, int, float*, int*)'
/usr/bin/ld: /home/orangepi/uvg_car/src/oakchina_vio_package_ros2/lib/libtracker.a(Tracker.cpp.o): in function `fpga::two_point_ransac_C(std::vector<cv::Point_<float>, std::allocator<cv::Point_<float> > > const&, std::vector<cv::Point_<float>, std::allocator<cv::Point_<float> > > const&, Eigen::Matrix<double, 3, 3, 0, 3, 3> const&, int const&, Eigen::Matrix<double, 5, 1, 0, 5, 1> const&, double const&, double const&, int, std::vector<unsigned char, std::allocator<unsigned char> >&, fpga::TrackerConfigFPGA const&, std::vector<int, std::allocator<int> > const&, std::vector<int, std::allocator<int> > const&)':
Tracker.cpp:(.text+0xda18): undefined reference to `utility::Printer::debugPrint(utility::Printer::PrintLevel, char const*, char const*, char const*, ...)'
/usr/bin/ld: /home/orangepi/uvg_car/src/oakchina_vio_package_ros2/lib/libtracker.a(Tracker.cpp.o): in function `fpga::track_features_no_ransac_Monocular(fpga::FeatureManager const&, fpga::FeatureManager&, Eigen::Matrix<double, 3, 3, 0, 3, 3> const&, int, fpga::TrackerConfigFPGA const&)':
Tracker.cpp:(.text+0xf474): undefined reference to `VISLAM::DspHelper::getPyramid_OpticalFlow(unsigned char const*, unsigned char const*, unsigned int, unsigned int, float const*, float const*, int, float*, int*)'
/usr/bin/ld: /home/orangepi/uvg_car/src/oakchina_vio_package_ros2/lib/libtracker.a(Tracker.cpp.o): in function `fpga::track_features_C(std::vector<fpga::FeatureManager, std::allocator<fpga::FeatureManager> > const&, std::vector<fpga::FeatureManager, std::allocator<fpga::FeatureManager> >&, std::vector<Eigen::Matrix<double, 3, 3, 0, 3, 3>, Eigen::aligned_allocator<Eigen::Matrix<double, 3, 3, 0, 3, 3> > > const&, int, int, fpga::TrackerConfigFPGA const&)':
Tracker.cpp:(.text+0x10494): undefined reference to `VISLAM::DspHelper::getPyramid_OpticalFlow(unsigned char const*, unsigned char const*, unsigned int, unsigned int, float const*, float const*, int, float*, int*)'
/usr/bin/ld: /home/orangepi/uvg_car/src/oakchina_vio_package_ros2/lib/libtracker.a(Tracker.cpp.o): in function `fpga::track_features_no_ransac_C(std::vector<fpga::FeatureManager, std::allocator<fpga::FeatureManager> > const&, std::vector<fpga::FeatureManager, std::allocator<fpga::FeatureManager> >&, std::vector<Eigen::Matrix<double, 3, 3, 0, 3, 3>, Eigen::aligned_allocator<Eigen::Matrix<double, 3, 3, 0, 3, 3> > > const&, int, int, fpga::TrackerConfigFPGA const&)':
Tracker.cpp:(.text+0x1145c): undefined reference to `VISLAM::DspHelper::getPyramid_OpticalFlow(unsigned char const*, unsigned char const*, unsigned int, unsigned int, float const*, float const*, int, float*, int*)'
/usr/bin/ld: /home/orangepi/uvg_car/src/oakchina_vio_package_ros2/lib/libtracker.a(Tracker.cpp.o): in function `fpga::add_new_features_no_mask_Monocular(fpga::FeatureManager&, int, fpga::TrackerConfigFPGA const&, std::vector<cv::KeyPoint, std::allocator<cv::KeyPoint> > const&, std::vector<bool, std::allocator<bool> > const&, std::map<unsigned int, unsigned int, std::less<unsigned int>, std::allocator<std::pair<unsigned int const, unsigned int> > >&)':
Tracker.cpp:(.text+0x14180): undefined reference to `utility::Printer::debugPrint(utility::Printer::PrintLevel, char const*, char const*, char const*, ...)'
/usr/bin/ld: /home/orangepi/uvg_car/src/oakchina_vio_package_ros2/lib/libtracker.a(Tracker.cpp.o): in function `fpga::ransac_curr_points_Monocular(fpga::FeatureManager const&, fpga::FeatureManager&, Eigen::Matrix<double, 3, 3, 0, 3, 3> const&, int, fpga::TrackerConfigFPGA const&, std::map<unsigned int, unsigned int, std::less<unsigned int>, std::allocator<std::pair<unsigned int const, unsigned int> > >&)':
Tracker.cpp:(.text+0x1502c): undefined reference to `utility::Printer::debugPrint(utility::Printer::PrintLevel, char const*, char const*, char const*, ...)'
collect2: error: ld returned 1 exit status
gmake[2]: *** [CMakeFiles/oakchina_vio_package_node.dir/build.make:269: oakchina_vio_package_node] Error 1
gmake[1]: *** [CMakeFiles/Makefile2:137: CMakeFiles/oakchina_vio_package_node.dir/all] Error 2
gmake: *** [Makefile:146: all] Error 2
