[100%] Built target uart_controller
-- Install configuration: ""
-- Up-to-date: /home/orangepi/uvg_car/install/fishbot_navigation2/share/fishbot_navigation2/launch
-- Up-to-date: /home/orangepi/uvg_car/install/fishbot_navigation2/share/fishbot_navigation2/launch/nav2_location.launch.py
-- Up-to-date: /home/orangepi/uvg_car/install/fishbot_navigation2/share/fishbot_navigation2/launch/fishbot_navigation2.launch.py
-- Up-to-date: /home/orangepi/uvg_car/install/fishbot_navigation2/share/fishbot_navigation2/launch/nav2_cartographer.launch.py
-- Up-to-date: /home/orangepi/uvg_car/install/fishbot_navigation2/share/fishbot_navigation2/param
-- Up-to-date: /home/orangepi/uvg_car/install/fishbot_navigation2/share/fishbot_navigation2/param/fishbot_nav2.yaml
-- Up-to-date: /home/orangepi/uvg_car/install/fishbot_navigation2/share/fishbot_navigation2/param/lifecycle_manager_params.yaml
-- Up-to-date: /home/orangepi/uvg_car/install/fishbot_navigation2/share/fishbot_navigation2/maps
-- Up-to-date: /home/orangepi/uvg_car/install/fishbot_navigation2/share/fishbot_navigation2/maps/map.pgm
-- Up-to-date: /home/orangepi/uvg_car/install/fishbot_navigation2/share/fishbot_navigation2/maps/map.yaml
-- Up-to-date: /home/orangepi/uvg_car/install/fishbot_navigation2/share/fishbot_navigation2/urdf
-- Up-to-date: /home/orangepi/uvg_car/install/fishbot_navigation2/share/fishbot_navigation2/urdf/fishot_2d.urdf
-- Up-to-date: /home/orangepi/uvg_car/install/fishbot_navigation2/share/fishbot_navigation2/config
-- Installing: /home/orangepi/uvg_car/install/fishbot_navigation2/share/fishbot_navigation2/config/fishbot_2d.lua
-- Up-to-date: /home/orangepi/uvg_car/install/fishbot_navigation2/lib/fishbot_navigation2/uart_controller
-- Up-to-date: /home/orangepi/uvg_car/install/fishbot_navigation2/share/ament_index/resource_index/package_run_dependencies/fishbot_navigation2
-- Up-to-date: /home/orangepi/uvg_car/install/fishbot_navigation2/share/ament_index/resource_index/parent_prefix_path/fishbot_navigation2
-- Up-to-date: /home/orangepi/uvg_car/install/fishbot_navigation2/share/fishbot_navigation2/environment/ament_prefix_path.sh
-- Up-to-date: /home/orangepi/uvg_car/install/fishbot_navigation2/share/fishbot_navigation2/environment/ament_prefix_path.dsv
-- Up-to-date: /home/orangepi/uvg_car/install/fishbot_navigation2/share/fishbot_navigation2/environment/path.sh
-- Up-to-date: /home/orangepi/uvg_car/install/fishbot_navigation2/share/fishbot_navigation2/environment/path.dsv
-- Up-to-date: /home/orangepi/uvg_car/install/fishbot_navigation2/share/fishbot_navigation2/local_setup.bash
-- Up-to-date: /home/orangepi/uvg_car/install/fishbot_navigation2/share/fishbot_navigation2/local_setup.sh
-- Up-to-date: /home/orangepi/uvg_car/install/fishbot_navigation2/share/fishbot_navigation2/local_setup.zsh
-- Up-to-date: /home/orangepi/uvg_car/install/fishbot_navigation2/share/fishbot_navigation2/local_setup.dsv
-- Installing: /home/orangepi/uvg_car/install/fishbot_navigation2/share/fishbot_navigation2/package.dsv
-- Up-to-date: /home/orangepi/uvg_car/install/fishbot_navigation2/share/ament_index/resource_index/packages/fishbot_navigation2
-- Up-to-date: /home/orangepi/uvg_car/install/fishbot_navigation2/share/fishbot_navigation2/cmake/fishbot_navigation2Config.cmake
-- Up-to-date: /home/orangepi/uvg_car/install/fishbot_navigation2/share/fishbot_navigation2/cmake/fishbot_navigation2Config-version.cmake
-- Up-to-date: /home/orangepi/uvg_car/install/fishbot_navigation2/share/fishbot_navigation2/package.xml
