[0.050s] Invoking command in '/home/orangepi/uvg_car/build/lslidar_msgs': CMAKE_PREFIX_PATH=${CMAKE_PREFIX_PATH}:/home/orangepi/uvg_car/install/wit_ros2_imu:/opt/ros/humble /usr/bin/cmake --build /home/orangepi/uvg_car/build/lslidar_msgs -- -j8 -l8
[0.216s] [  1%] Built target lslidar_msgs__cpp
[0.237s] [ 12%] Built target lslidar_msgs__rosidl_generator_c
[0.277s] [ 23%] Built target lslidar_msgs__rosidl_typesupport_fastrtps_cpp
[0.290s] [ 34%] Built target lslidar_msgs__rosidl_typesupport_cpp
[0.301s] [ 46%] Built target lslidar_msgs__rosidl_typesupport_introspection_cpp
[0.313s] [ 46%] Built target ament_cmake_python_copy_lslidar_msgs
[0.318s] [ 61%] Built target lslidar_msgs__rosidl_typesupport_introspection_c
[0.318s] [ 68%] Built target lslidar_msgs__rosidl_typesupport_fastrtps_c
[0.328s] [ 79%] Built target lslidar_msgs__rosidl_typesupport_c
[0.393s] [ 79%] Built target lslidar_msgs
[0.472s] [ 80%] Built target lslidar_msgs__py
[0.565s] [ 90%] Built target lslidar_msgs__rosidl_generator_py
[0.634s] [ 93%] Built target lslidar_msgs__rosidl_typesupport_fastrtps_c__pyext
[0.640s] [ 96%] Built target lslidar_msgs__rosidl_typesupport_introspection_c__pyext
[0.652s] [100%] Built target lslidar_msgs__rosidl_typesupport_c__pyext
[0.697s] running egg_info
[0.699s] writing lslidar_msgs.egg-info/PKG-INFO
[0.700s] writing dependency_links to lslidar_msgs.egg-info/dependency_links.txt
[0.701s] writing top-level names to lslidar_msgs.egg-info/top_level.txt
[0.704s] reading manifest file 'lslidar_msgs.egg-info/SOURCES.txt'
[0.704s] writing manifest file 'lslidar_msgs.egg-info/SOURCES.txt'
[0.797s] [100%] Built target ament_cmake_python_build_lslidar_msgs_egg
[0.832s] Invoked command in '/home/orangepi/uvg_car/build/lslidar_msgs' returned '0': CMAKE_PREFIX_PATH=${CMAKE_PREFIX_PATH}:/home/orangepi/uvg_car/install/wit_ros2_imu:/opt/ros/humble /usr/bin/cmake --build /home/orangepi/uvg_car/build/lslidar_msgs -- -j8 -l8
[0.835s] Invoking command in '/home/orangepi/uvg_car/build/lslidar_msgs': CMAKE_PREFIX_PATH=${CMAKE_PREFIX_PATH}:/home/orangepi/uvg_car/install/wit_ros2_imu:/opt/ros/humble /usr/bin/cmake --install /home/orangepi/uvg_car/build/lslidar_msgs
[0.862s] -- Install configuration: ""
[0.862s] -- Up-to-date: /home/orangepi/uvg_car/install/lslidar_msgs/share/ament_index/resource_index/rosidl_interfaces/lslidar_msgs
[0.862s] -- Up-to-date: /home/orangepi/uvg_car/install/lslidar_msgs/include/lslidar_msgs/lslidar_msgs
[0.862s] -- Up-to-date: /home/orangepi/uvg_car/install/lslidar_msgs/include/lslidar_msgs/lslidar_msgs/msg
[0.862s] -- Up-to-date: /home/orangepi/uvg_car/install/lslidar_msgs/include/lslidar_msgs/lslidar_msgs/msg/detail
[0.862s] -- Up-to-date: /home/orangepi/uvg_car/install/lslidar_msgs/include/lslidar_msgs/lslidar_msgs/msg/detail/lslidar_point__functions.h
[0.862s] -- Up-to-date: /home/orangepi/uvg_car/install/lslidar_msgs/include/lslidar_msgs/lslidar_msgs/msg/detail/lslidar_sweep__functions.h
[0.863s] -- Up-to-date: /home/orangepi/uvg_car/install/lslidar_msgs/include/lslidar_msgs/lslidar_msgs/msg/detail/lslidar_difop__type_support.h
[0.863s] -- Up-to-date: /home/orangepi/uvg_car/install/lslidar_msgs/include/lslidar_msgs/lslidar_msgs/msg/detail/lslidar_scan__type_support.h
[0.863s] -- Up-to-date: /home/orangepi/uvg_car/install/lslidar_msgs/include/lslidar_msgs/lslidar_msgs/msg/detail/lslidar_point__struct.h
[0.863s] -- Up-to-date: /home/orangepi/uvg_car/install/lslidar_msgs/include/lslidar_msgs/lslidar_msgs/msg/detail/lslidar_sweep__struct.h
[0.863s] -- Up-to-date: /home/orangepi/uvg_car/install/lslidar_msgs/include/lslidar_msgs/lslidar_msgs/msg/detail/lslidar_packet__struct.h
[0.863s] -- Up-to-date: /home/orangepi/uvg_car/install/lslidar_msgs/include/lslidar_msgs/lslidar_msgs/msg/detail/lslidar_packet__functions.h
[0.863s] -- Up-to-date: /home/orangepi/uvg_car/install/lslidar_msgs/include/lslidar_msgs/lslidar_msgs/msg/detail/lslidar_sweep__functions.c
[0.863s] -- Up-to-date: /home/orangepi/uvg_car/install/lslidar_msgs/include/lslidar_msgs/lslidar_msgs/msg/detail/lslidar_scan__functions.c
[0.864s] -- Up-to-date: /home/orangepi/uvg_car/install/lslidar_msgs/include/lslidar_msgs/lslidar_msgs/msg/detail/lslidar_scan__functions.h
[0.864s] -- Up-to-date: /home/orangepi/uvg_car/install/lslidar_msgs/include/lslidar_msgs/lslidar_msgs/msg/detail/lslidar_difop__functions.h
[0.864s] -- Up-to-date: /home/orangepi/uvg_car/install/lslidar_msgs/include/lslidar_msgs/lslidar_msgs/msg/detail/lslidar_sweep__type_support.h
[0.867s] -- Up-to-date: /home/orangepi/uvg_car/install/lslidar_msgs/include/lslidar_msgs/lslidar_msgs/msg/detail/lslidar_point__functions.c
[0.869s] -- Up-to-date: /home/orangepi/uvg_car/install/lslidar_msgs/include/lslidar_msgs/lslidar_msgs/msg/detail/lslidar_point__type_support.h
[0.869s] -- Up-to-date: /home/orangepi/uvg_car/install/lslidar_msgs/include/lslidar_msgs/lslidar_msgs/msg/detail/lslidar_scan__struct.h
[0.870s] -- Up-to-date: /home/orangepi/uvg_car/install/lslidar_msgs/include/lslidar_msgs/lslidar_msgs/msg/detail/lslidar_difop__struct.h
[0.871s] -- Up-to-date: /home/orangepi/uvg_car/install/lslidar_msgs/include/lslidar_msgs/lslidar_msgs/msg/detail/lslidar_packet__functions.c
[0.872s] -- Up-to-date: /home/orangepi/uvg_car/install/lslidar_msgs/include/lslidar_msgs/lslidar_msgs/msg/detail/lslidar_packet__type_support.h
[0.872s] -- Up-to-date: /home/orangepi/uvg_car/install/lslidar_msgs/include/lslidar_msgs/lslidar_msgs/msg/detail/lslidar_difop__functions.c
[0.873s] -- Up-to-date: /home/orangepi/uvg_car/install/lslidar_msgs/include/lslidar_msgs/lslidar_msgs/msg/lslidar_point.h
[0.873s] -- Up-to-date: /home/orangepi/uvg_car/install/lslidar_msgs/include/lslidar_msgs/lslidar_msgs/msg/lslidar_packet.h
[0.874s] -- Up-to-date: /home/orangepi/uvg_car/install/lslidar_msgs/include/lslidar_msgs/lslidar_msgs/msg/lslidar_difop.h
[0.874s] -- Up-to-date: /home/orangepi/uvg_car/install/lslidar_msgs/include/lslidar_msgs/lslidar_msgs/msg/lslidar_sweep.h
[0.875s] -- Up-to-date: /home/orangepi/uvg_car/install/lslidar_msgs/include/lslidar_msgs/lslidar_msgs/msg/lslidar_scan.h
[0.875s] -- Up-to-date: /home/orangepi/uvg_car/install/lslidar_msgs/include/lslidar_msgs/lslidar_msgs/msg/rosidl_generator_c__visibility_control.h
[0.875s] -- Up-to-date: /home/orangepi/uvg_car/install/lslidar_msgs/share/lslidar_msgs/environment/library_path.sh
[0.876s] -- Up-to-date: /home/orangepi/uvg_car/install/lslidar_msgs/share/lslidar_msgs/environment/library_path.dsv
[0.876s] -- Up-to-date: /home/orangepi/uvg_car/install/lslidar_msgs/lib/liblslidar_msgs__rosidl_generator_c.so
[0.876s] -- Up-to-date: /home/orangepi/uvg_car/install/lslidar_msgs/include/lslidar_msgs/lslidar_msgs
[0.877s] -- Up-to-date: /home/orangepi/uvg_car/install/lslidar_msgs/include/lslidar_msgs/lslidar_msgs/msg
[0.877s] -- Up-to-date: /home/orangepi/uvg_car/install/lslidar_msgs/include/lslidar_msgs/lslidar_msgs/msg/detail
[0.878s] -- Up-to-date: /home/orangepi/uvg_car/install/lslidar_msgs/include/lslidar_msgs/lslidar_msgs/msg/detail/lslidar_sweep__rosidl_typesupport_fastrtps_c.h
[0.878s] -- Up-to-date: /home/orangepi/uvg_car/install/lslidar_msgs/include/lslidar_msgs/lslidar_msgs/msg/detail/lslidar_point__rosidl_typesupport_fastrtps_c.h
[0.878s] -- Up-to-date: /home/orangepi/uvg_car/install/lslidar_msgs/include/lslidar_msgs/lslidar_msgs/msg/detail/lslidar_scan__rosidl_typesupport_fastrtps_c.h
[0.879s] -- Up-to-date: /home/orangepi/uvg_car/install/lslidar_msgs/include/lslidar_msgs/lslidar_msgs/msg/detail/lslidar_difop__rosidl_typesupport_fastrtps_c.h
[0.879s] -- Up-to-date: /home/orangepi/uvg_car/install/lslidar_msgs/include/lslidar_msgs/lslidar_msgs/msg/detail/lslidar_packet__rosidl_typesupport_fastrtps_c.h
[0.879s] -- Up-to-date: /home/orangepi/uvg_car/install/lslidar_msgs/include/lslidar_msgs/lslidar_msgs/msg/rosidl_typesupport_fastrtps_c__visibility_control.h
[0.880s] -- Up-to-date: /home/orangepi/uvg_car/install/lslidar_msgs/lib/liblslidar_msgs__rosidl_typesupport_fastrtps_c.so
[0.880s] -- Up-to-date: /home/orangepi/uvg_car/install/lslidar_msgs/include/lslidar_msgs/lslidar_msgs
[0.880s] -- Up-to-date: /home/orangepi/uvg_car/install/lslidar_msgs/include/lslidar_msgs/lslidar_msgs/msg
[0.881s] -- Up-to-date: /home/orangepi/uvg_car/install/lslidar_msgs/include/lslidar_msgs/lslidar_msgs/msg/lslidar_point.hpp
[0.881s] -- Up-to-date: /home/orangepi/uvg_car/install/lslidar_msgs/include/lslidar_msgs/lslidar_msgs/msg/lslidar_packet.hpp
[0.881s] -- Up-to-date: /home/orangepi/uvg_car/install/lslidar_msgs/include/lslidar_msgs/lslidar_msgs/msg/detail
[0.882s] -- Up-to-date: /home/orangepi/uvg_car/install/lslidar_msgs/include/lslidar_msgs/lslidar_msgs/msg/detail/lslidar_difop__type_support.hpp
[0.882s] -- Up-to-date: /home/orangepi/uvg_car/install/lslidar_msgs/include/lslidar_msgs/lslidar_msgs/msg/detail/lslidar_point__struct.hpp
[0.883s] -- Up-to-date: /home/orangepi/uvg_car/install/lslidar_msgs/include/lslidar_msgs/lslidar_msgs/msg/detail/lslidar_packet__type_support.hpp
[0.883s] -- Up-to-date: /home/orangepi/uvg_car/install/lslidar_msgs/include/lslidar_msgs/lslidar_msgs/msg/detail/lslidar_sweep__builder.hpp
[0.883s] -- Up-to-date: /home/orangepi/uvg_car/install/lslidar_msgs/include/lslidar_msgs/lslidar_msgs/msg/detail/lslidar_scan__builder.hpp
[0.884s] -- Up-to-date: /home/orangepi/uvg_car/install/lslidar_msgs/include/lslidar_msgs/lslidar_msgs/msg/detail/lslidar_point__type_support.hpp
[0.884s] -- Up-to-date: /home/orangepi/uvg_car/install/lslidar_msgs/include/lslidar_msgs/lslidar_msgs/msg/detail/lslidar_point__builder.hpp
[0.884s] -- Up-to-date: /home/orangepi/uvg_car/install/lslidar_msgs/include/lslidar_msgs/lslidar_msgs/msg/detail/lslidar_difop__traits.hpp
[0.885s] -- Up-to-date: /home/orangepi/uvg_car/install/lslidar_msgs/include/lslidar_msgs/lslidar_msgs/msg/detail/lslidar_packet__struct.hpp
[0.885s] -- Up-to-date: /home/orangepi/uvg_car/install/lslidar_msgs/include/lslidar_msgs/lslidar_msgs/msg/detail/lslidar_sweep__traits.hpp
[0.885s] -- Up-to-date: /home/orangepi/uvg_car/install/lslidar_msgs/include/lslidar_msgs/lslidar_msgs/msg/detail/lslidar_scan__traits.hpp
[0.886s] -- Up-to-date: /home/orangepi/uvg_car/install/lslidar_msgs/include/lslidar_msgs/lslidar_msgs/msg/detail/lslidar_packet__builder.hpp
[0.886s] -- Up-to-date: /home/orangepi/uvg_car/install/lslidar_msgs/include/lslidar_msgs/lslidar_msgs/msg/detail/lslidar_scan__type_support.hpp
[0.887s] -- Up-to-date: /home/orangepi/uvg_car/install/lslidar_msgs/include/lslidar_msgs/lslidar_msgs/msg/detail/lslidar_difop__struct.hpp
[0.887s] -- Up-to-date: /home/orangepi/uvg_car/install/lslidar_msgs/include/lslidar_msgs/lslidar_msgs/msg/detail/lslidar_scan__struct.hpp
[0.887s] -- Up-to-date: /home/orangepi/uvg_car/install/lslidar_msgs/include/lslidar_msgs/lslidar_msgs/msg/detail/lslidar_difop__builder.hpp
[0.888s] -- Up-to-date: /home/orangepi/uvg_car/install/lslidar_msgs/include/lslidar_msgs/lslidar_msgs/msg/detail/lslidar_sweep__type_support.hpp
[0.888s] -- Up-to-date: /home/orangepi/uvg_car/install/lslidar_msgs/include/lslidar_msgs/lslidar_msgs/msg/detail/lslidar_sweep__struct.hpp
[0.888s] -- Up-to-date: /home/orangepi/uvg_car/install/lslidar_msgs/include/lslidar_msgs/lslidar_msgs/msg/detail/lslidar_packet__traits.hpp
[0.889s] -- Up-to-date: /home/orangepi/uvg_car/install/lslidar_msgs/include/lslidar_msgs/lslidar_msgs/msg/detail/lslidar_point__traits.hpp
[0.889s] -- Up-to-date: /home/orangepi/uvg_car/install/lslidar_msgs/include/lslidar_msgs/lslidar_msgs/msg/lslidar_sweep.hpp
[0.890s] -- Up-to-date: /home/orangepi/uvg_car/install/lslidar_msgs/include/lslidar_msgs/lslidar_msgs/msg/rosidl_generator_cpp__visibility_control.hpp
[0.890s] -- Up-to-date: /home/orangepi/uvg_car/install/lslidar_msgs/include/lslidar_msgs/lslidar_msgs/msg/lslidar_scan.hpp
[0.891s] -- Up-to-date: /home/orangepi/uvg_car/install/lslidar_msgs/include/lslidar_msgs/lslidar_msgs/msg/lslidar_difop.hpp
[0.891s] -- Up-to-date: /home/orangepi/uvg_car/install/lslidar_msgs/include/lslidar_msgs/lslidar_msgs
[0.891s] -- Up-to-date: /home/orangepi/uvg_car/install/lslidar_msgs/include/lslidar_msgs/lslidar_msgs/msg
[0.892s] -- Up-to-date: /home/orangepi/uvg_car/install/lslidar_msgs/include/lslidar_msgs/lslidar_msgs/msg/detail
[0.892s] -- Up-to-date: /home/orangepi/uvg_car/install/lslidar_msgs/include/lslidar_msgs/lslidar_msgs/msg/detail/lslidar_point__rosidl_typesupport_fastrtps_cpp.hpp
[0.892s] -- Up-to-date: /home/orangepi/uvg_car/install/lslidar_msgs/include/lslidar_msgs/lslidar_msgs/msg/detail/lslidar_packet__rosidl_typesupport_fastrtps_cpp.hpp
[0.893s] -- Up-to-date: /home/orangepi/uvg_car/install/lslidar_msgs/include/lslidar_msgs/lslidar_msgs/msg/detail/lslidar_sweep__rosidl_typesupport_fastrtps_cpp.hpp
[0.893s] -- Up-to-date: /home/orangepi/uvg_car/install/lslidar_msgs/include/lslidar_msgs/lslidar_msgs/msg/detail/lslidar_scan__rosidl_typesupport_fastrtps_cpp.hpp
[0.893s] -- Up-to-date: /home/orangepi/uvg_car/install/lslidar_msgs/include/lslidar_msgs/lslidar_msgs/msg/detail/lslidar_difop__rosidl_typesupport_fastrtps_cpp.hpp
[0.894s] -- Up-to-date: /home/orangepi/uvg_car/install/lslidar_msgs/include/lslidar_msgs/lslidar_msgs/msg/detail/dds_fastrtps
[0.894s] -- Up-to-date: /home/orangepi/uvg_car/install/lslidar_msgs/include/lslidar_msgs/lslidar_msgs/msg/rosidl_typesupport_fastrtps_cpp__visibility_control.h
[0.895s] -- Up-to-date: /home/orangepi/uvg_car/install/lslidar_msgs/lib/liblslidar_msgs__rosidl_typesupport_fastrtps_cpp.so
[0.895s] -- Up-to-date: /home/orangepi/uvg_car/install/lslidar_msgs/include/lslidar_msgs/lslidar_msgs
[0.895s] -- Up-to-date: /home/orangepi/uvg_car/install/lslidar_msgs/include/lslidar_msgs/lslidar_msgs/msg
[0.896s] -- Up-to-date: /home/orangepi/uvg_car/install/lslidar_msgs/include/lslidar_msgs/lslidar_msgs/msg/detail
[0.896s] -- Up-to-date: /home/orangepi/uvg_car/install/lslidar_msgs/include/lslidar_msgs/lslidar_msgs/msg/detail/lslidar_packet__type_support.c
[0.896s] -- Up-to-date: /home/orangepi/uvg_car/install/lslidar_msgs/include/lslidar_msgs/lslidar_msgs/msg/detail/lslidar_sweep__rosidl_typesupport_introspection_c.h
[0.897s] -- Up-to-date: /home/orangepi/uvg_car/install/lslidar_msgs/include/lslidar_msgs/lslidar_msgs/msg/detail/lslidar_difop__type_support.c
[0.897s] -- Up-to-date: /home/orangepi/uvg_car/install/lslidar_msgs/include/lslidar_msgs/lslidar_msgs/msg/detail/lslidar_sweep__type_support.c
[0.897s] -- Up-to-date: /home/orangepi/uvg_car/install/lslidar_msgs/include/lslidar_msgs/lslidar_msgs/msg/detail/lslidar_point__type_support.c
[0.898s] -- Up-to-date: /home/orangepi/uvg_car/install/lslidar_msgs/include/lslidar_msgs/lslidar_msgs/msg/detail/lslidar_scan__rosidl_typesupport_introspection_c.h
[0.898s] -- Up-to-date: /home/orangepi/uvg_car/install/lslidar_msgs/include/lslidar_msgs/lslidar_msgs/msg/detail/lslidar_scan__type_support.c
[0.899s] -- Up-to-date: /home/orangepi/uvg_car/install/lslidar_msgs/include/lslidar_msgs/lslidar_msgs/msg/detail/lslidar_point__rosidl_typesupport_introspection_c.h
[0.900s] -- Up-to-date: /home/orangepi/uvg_car/install/lslidar_msgs/include/lslidar_msgs/lslidar_msgs/msg/detail/lslidar_difop__rosidl_typesupport_introspection_c.h
[0.900s] -- Up-to-date: /home/orangepi/uvg_car/install/lslidar_msgs/include/lslidar_msgs/lslidar_msgs/msg/detail/lslidar_packet__rosidl_typesupport_introspection_c.h
[0.900s] -- Up-to-date: /home/orangepi/uvg_car/install/lslidar_msgs/include/lslidar_msgs/lslidar_msgs/msg/rosidl_typesupport_introspection_c__visibility_control.h
[0.901s] -- Up-to-date: /home/orangepi/uvg_car/install/lslidar_msgs/lib/liblslidar_msgs__rosidl_typesupport_introspection_c.so
[0.901s] -- Up-to-date: /home/orangepi/uvg_car/install/lslidar_msgs/lib/liblslidar_msgs__rosidl_typesupport_c.so
[0.902s] -- Up-to-date: /home/orangepi/uvg_car/install/lslidar_msgs/include/lslidar_msgs/lslidar_msgs
[0.902s] -- Up-to-date: /home/orangepi/uvg_car/install/lslidar_msgs/include/lslidar_msgs/lslidar_msgs/msg
[0.902s] -- Up-to-date: /home/orangepi/uvg_car/install/lslidar_msgs/include/lslidar_msgs/lslidar_msgs/msg/detail
[0.903s] -- Up-to-date: /home/orangepi/uvg_car/install/lslidar_msgs/include/lslidar_msgs/lslidar_msgs/msg/detail/lslidar_difop__type_support.cpp
[0.903s] -- Up-to-date: /home/orangepi/uvg_car/install/lslidar_msgs/include/lslidar_msgs/lslidar_msgs/msg/detail/lslidar_scan__type_support.cpp
[0.903s] -- Up-to-date: /home/orangepi/uvg_car/install/lslidar_msgs/include/lslidar_msgs/lslidar_msgs/msg/detail/lslidar_packet__type_support.cpp
[0.904s] -- Up-to-date: /home/orangepi/uvg_car/install/lslidar_msgs/include/lslidar_msgs/lslidar_msgs/msg/detail/lslidar_point__type_support.cpp
[0.904s] -- Up-to-date: /home/orangepi/uvg_car/install/lslidar_msgs/include/lslidar_msgs/lslidar_msgs/msg/detail/lslidar_sweep__type_support.cpp
[0.904s] -- Up-to-date: /home/orangepi/uvg_car/install/lslidar_msgs/include/lslidar_msgs/lslidar_msgs/msg/detail/lslidar_sweep__rosidl_typesupport_introspection_cpp.hpp
[0.905s] -- Up-to-date: /home/orangepi/uvg_car/install/lslidar_msgs/include/lslidar_msgs/lslidar_msgs/msg/detail/lslidar_difop__rosidl_typesupport_introspection_cpp.hpp
[0.905s] -- Up-to-date: /home/orangepi/uvg_car/install/lslidar_msgs/include/lslidar_msgs/lslidar_msgs/msg/detail/lslidar_scan__rosidl_typesupport_introspection_cpp.hpp
[0.906s] -- Up-to-date: /home/orangepi/uvg_car/install/lslidar_msgs/include/lslidar_msgs/lslidar_msgs/msg/detail/lslidar_point__rosidl_typesupport_introspection_cpp.hpp
[0.906s] -- Up-to-date: /home/orangepi/uvg_car/install/lslidar_msgs/include/lslidar_msgs/lslidar_msgs/msg/detail/lslidar_packet__rosidl_typesupport_introspection_cpp.hpp
[0.906s] -- Up-to-date: /home/orangepi/uvg_car/install/lslidar_msgs/lib/liblslidar_msgs__rosidl_typesupport_introspection_cpp.so
[0.907s] -- Up-to-date: /home/orangepi/uvg_car/install/lslidar_msgs/lib/liblslidar_msgs__rosidl_typesupport_cpp.so
[0.907s] -- Up-to-date: /home/orangepi/uvg_car/install/lslidar_msgs/share/lslidar_msgs/environment/pythonpath.sh
[0.907s] -- Up-to-date: /home/orangepi/uvg_car/install/lslidar_msgs/share/lslidar_msgs/environment/pythonpath.dsv
[0.908s] -- Up-to-date: /home/orangepi/uvg_car/install/lslidar_msgs/local/lib/python3.10/dist-packages/lslidar_msgs-1.2.0-py3.10.egg-info
[0.908s] -- Installing: /home/orangepi/uvg_car/install/lslidar_msgs/local/lib/python3.10/dist-packages/lslidar_msgs-1.2.0-py3.10.egg-info/top_level.txt
[0.909s] -- Installing: /home/orangepi/uvg_car/install/lslidar_msgs/local/lib/python3.10/dist-packages/lslidar_msgs-1.2.0-py3.10.egg-info/SOURCES.txt
[0.909s] -- Installing: /home/orangepi/uvg_car/install/lslidar_msgs/local/lib/python3.10/dist-packages/lslidar_msgs-1.2.0-py3.10.egg-info/PKG-INFO
[0.909s] -- Installing: /home/orangepi/uvg_car/install/lslidar_msgs/local/lib/python3.10/dist-packages/lslidar_msgs-1.2.0-py3.10.egg-info/dependency_links.txt
[0.910s] -- Up-to-date: /home/orangepi/uvg_car/install/lslidar_msgs/local/lib/python3.10/dist-packages/lslidar_msgs
[0.910s] -- Up-to-date: /home/orangepi/uvg_car/install/lslidar_msgs/local/lib/python3.10/dist-packages/lslidar_msgs/liblslidar_msgs__rosidl_generator_py.so
[0.910s] -- Up-to-date: /home/orangepi/uvg_car/install/lslidar_msgs/local/lib/python3.10/dist-packages/lslidar_msgs/_lslidar_msgs_s.ep.rosidl_typesupport_fastrtps_c.c
[0.911s] -- Up-to-date: /home/orangepi/uvg_car/install/lslidar_msgs/local/lib/python3.10/dist-packages/lslidar_msgs/_lslidar_msgs_s.ep.rosidl_typesupport_introspection_c.c
[0.911s] -- Up-to-date: /home/orangepi/uvg_car/install/lslidar_msgs/local/lib/python3.10/dist-packages/lslidar_msgs/__init__.py
[0.911s] -- Up-to-date: /home/orangepi/uvg_car/install/lslidar_msgs/local/lib/python3.10/dist-packages/lslidar_msgs/lslidar_msgs_s__rosidl_typesupport_introspection_c.cpython-310-aarch64-linux-gnu.so
[0.912s] -- Up-to-date: /home/orangepi/uvg_car/install/lslidar_msgs/local/lib/python3.10/dist-packages/lslidar_msgs/lslidar_msgs_s__rosidl_typesupport_c.cpython-310-aarch64-linux-gnu.so
[0.912s] -- Up-to-date: /home/orangepi/uvg_car/install/lslidar_msgs/local/lib/python3.10/dist-packages/lslidar_msgs/msg
[0.913s] -- Up-to-date: /home/orangepi/uvg_car/install/lslidar_msgs/local/lib/python3.10/dist-packages/lslidar_msgs/msg/_lslidar_difop_s.c
[0.913s] -- Up-to-date: /home/orangepi/uvg_car/install/lslidar_msgs/local/lib/python3.10/dist-packages/lslidar_msgs/msg/_lslidar_scan.py
[0.913s] -- Up-to-date: /home/orangepi/uvg_car/install/lslidar_msgs/local/lib/python3.10/dist-packages/lslidar_msgs/msg/_lslidar_difop.py
[0.914s] -- Up-to-date: /home/orangepi/uvg_car/install/lslidar_msgs/local/lib/python3.10/dist-packages/lslidar_msgs/msg/_lslidar_packet_s.c
[0.914s] -- Up-to-date: /home/orangepi/uvg_car/install/lslidar_msgs/local/lib/python3.10/dist-packages/lslidar_msgs/msg/__init__.py
[0.914s] -- Up-to-date: /home/orangepi/uvg_car/install/lslidar_msgs/local/lib/python3.10/dist-packages/lslidar_msgs/msg/_lslidar_scan_s.c
[0.915s] -- Up-to-date: /home/orangepi/uvg_car/install/lslidar_msgs/local/lib/python3.10/dist-packages/lslidar_msgs/msg/_lslidar_packet.py
[0.915s] -- Up-to-date: /home/orangepi/uvg_car/install/lslidar_msgs/local/lib/python3.10/dist-packages/lslidar_msgs/msg/_lslidar_sweep_s.c
[0.915s] -- Up-to-date: /home/orangepi/uvg_car/install/lslidar_msgs/local/lib/python3.10/dist-packages/lslidar_msgs/msg/_lslidar_point.py
[0.916s] -- Up-to-date: /home/orangepi/uvg_car/install/lslidar_msgs/local/lib/python3.10/dist-packages/lslidar_msgs/msg/_lslidar_sweep.py
[0.916s] -- Up-to-date: /home/orangepi/uvg_car/install/lslidar_msgs/local/lib/python3.10/dist-packages/lslidar_msgs/msg/_lslidar_point_s.c
[0.917s] -- Up-to-date: /home/orangepi/uvg_car/install/lslidar_msgs/local/lib/python3.10/dist-packages/lslidar_msgs/_lslidar_msgs_s.ep.rosidl_typesupport_c.c
[0.917s] -- Up-to-date: /home/orangepi/uvg_car/install/lslidar_msgs/local/lib/python3.10/dist-packages/lslidar_msgs/lslidar_msgs_s__rosidl_typesupport_fastrtps_c.cpython-310-aarch64-linux-gnu.so
[0.955s] Listing '/home/orangepi/uvg_car/install/lslidar_msgs/local/lib/python3.10/dist-packages/lslidar_msgs'...
[0.955s] Listing '/home/orangepi/uvg_car/install/lslidar_msgs/local/lib/python3.10/dist-packages/lslidar_msgs/msg'...
[0.969s] -- Up-to-date: /home/orangepi/uvg_car/install/lslidar_msgs/local/lib/python3.10/dist-packages/lslidar_msgs/lslidar_msgs_s__rosidl_typesupport_fastrtps_c.cpython-310-aarch64-linux-gnu.so
[0.969s] -- Up-to-date: /home/orangepi/uvg_car/install/lslidar_msgs/local/lib/python3.10/dist-packages/lslidar_msgs/lslidar_msgs_s__rosidl_typesupport_introspection_c.cpython-310-aarch64-linux-gnu.so
[0.970s] -- Up-to-date: /home/orangepi/uvg_car/install/lslidar_msgs/local/lib/python3.10/dist-packages/lslidar_msgs/lslidar_msgs_s__rosidl_typesupport_c.cpython-310-aarch64-linux-gnu.so
[0.971s] -- Up-to-date: /home/orangepi/uvg_car/install/lslidar_msgs/lib/liblslidar_msgs__rosidl_generator_py.so
[0.972s] -- Up-to-date: /home/orangepi/uvg_car/install/lslidar_msgs/share/lslidar_msgs/msg/LslidarDifop.idl
[0.972s] -- Up-to-date: /home/orangepi/uvg_car/install/lslidar_msgs/share/lslidar_msgs/msg/LslidarPacket.idl
[0.973s] -- Up-to-date: /home/orangepi/uvg_car/install/lslidar_msgs/share/lslidar_msgs/msg/LslidarPoint.idl
[0.973s] -- Up-to-date: /home/orangepi/uvg_car/install/lslidar_msgs/share/lslidar_msgs/msg/LslidarScan.idl
[0.974s] -- Up-to-date: /home/orangepi/uvg_car/install/lslidar_msgs/share/lslidar_msgs/msg/LslidarSweep.idl
[0.974s] -- Up-to-date: /home/orangepi/uvg_car/install/lslidar_msgs/share/lslidar_msgs/msg/LslidarDifop.msg
[0.974s] -- Up-to-date: /home/orangepi/uvg_car/install/lslidar_msgs/share/lslidar_msgs/msg/LslidarPacket.msg
[0.975s] -- Up-to-date: /home/orangepi/uvg_car/install/lslidar_msgs/share/lslidar_msgs/msg/LslidarPoint.msg
[0.976s] -- Up-to-date: /home/orangepi/uvg_car/install/lslidar_msgs/share/lslidar_msgs/msg/LslidarScan.msg
[0.977s] -- Up-to-date: /home/orangepi/uvg_car/install/lslidar_msgs/share/lslidar_msgs/msg/LslidarSweep.msg
[0.981s] -- Up-to-date: /home/orangepi/uvg_car/install/lslidar_msgs/share/ament_index/resource_index/package_run_dependencies/lslidar_msgs
[0.982s] -- Up-to-date: /home/orangepi/uvg_car/install/lslidar_msgs/share/ament_index/resource_index/parent_prefix_path/lslidar_msgs
[0.982s] -- Up-to-date: /home/orangepi/uvg_car/install/lslidar_msgs/share/lslidar_msgs/environment/ament_prefix_path.sh
[0.983s] -- Up-to-date: /home/orangepi/uvg_car/install/lslidar_msgs/share/lslidar_msgs/environment/ament_prefix_path.dsv
[0.983s] -- Up-to-date: /home/orangepi/uvg_car/install/lslidar_msgs/share/lslidar_msgs/environment/path.sh
[0.984s] -- Up-to-date: /home/orangepi/uvg_car/install/lslidar_msgs/share/lslidar_msgs/environment/path.dsv
[0.985s] -- Up-to-date: /home/orangepi/uvg_car/install/lslidar_msgs/share/lslidar_msgs/local_setup.bash
[0.985s] -- Up-to-date: /home/orangepi/uvg_car/install/lslidar_msgs/share/lslidar_msgs/local_setup.sh
[0.986s] -- Up-to-date: /home/orangepi/uvg_car/install/lslidar_msgs/share/lslidar_msgs/local_setup.zsh
[0.986s] -- Up-to-date: /home/orangepi/uvg_car/install/lslidar_msgs/share/lslidar_msgs/local_setup.dsv
[0.987s] -- Installing: /home/orangepi/uvg_car/install/lslidar_msgs/share/lslidar_msgs/package.dsv
[0.988s] -- Up-to-date: /home/orangepi/uvg_car/install/lslidar_msgs/share/ament_index/resource_index/packages/lslidar_msgs
[0.989s] -- Up-to-date: /home/orangepi/uvg_car/install/lslidar_msgs/share/lslidar_msgs/cmake/export_lslidar_msgs__rosidl_generator_cExport.cmake
[0.989s] -- Up-to-date: /home/orangepi/uvg_car/install/lslidar_msgs/share/lslidar_msgs/cmake/export_lslidar_msgs__rosidl_generator_cExport-noconfig.cmake
[0.990s] -- Up-to-date: /home/orangepi/uvg_car/install/lslidar_msgs/share/lslidar_msgs/cmake/export_lslidar_msgs__rosidl_typesupport_fastrtps_cExport.cmake
[0.990s] -- Up-to-date: /home/orangepi/uvg_car/install/lslidar_msgs/share/lslidar_msgs/cmake/export_lslidar_msgs__rosidl_typesupport_fastrtps_cExport-noconfig.cmake
[0.990s] -- Up-to-date: /home/orangepi/uvg_car/install/lslidar_msgs/share/lslidar_msgs/cmake/export_lslidar_msgs__rosidl_generator_cppExport.cmake
[0.991s] -- Up-to-date: /home/orangepi/uvg_car/install/lslidar_msgs/share/lslidar_msgs/cmake/export_lslidar_msgs__rosidl_typesupport_fastrtps_cppExport.cmake
[0.992s] -- Up-to-date: /home/orangepi/uvg_car/install/lslidar_msgs/share/lslidar_msgs/cmake/export_lslidar_msgs__rosidl_typesupport_fastrtps_cppExport-noconfig.cmake
[0.993s] -- Up-to-date: /home/orangepi/uvg_car/install/lslidar_msgs/share/lslidar_msgs/cmake/lslidar_msgs__rosidl_typesupport_introspection_cExport.cmake
[0.994s] -- Up-to-date: /home/orangepi/uvg_car/install/lslidar_msgs/share/lslidar_msgs/cmake/lslidar_msgs__rosidl_typesupport_introspection_cExport-noconfig.cmake
[0.996s] -- Up-to-date: /home/orangepi/uvg_car/install/lslidar_msgs/share/lslidar_msgs/cmake/lslidar_msgs__rosidl_typesupport_cExport.cmake
[0.997s] -- Up-to-date: /home/orangepi/uvg_car/install/lslidar_msgs/share/lslidar_msgs/cmake/lslidar_msgs__rosidl_typesupport_cExport-noconfig.cmake
[0.998s] -- Up-to-date: /home/orangepi/uvg_car/install/lslidar_msgs/share/lslidar_msgs/cmake/lslidar_msgs__rosidl_typesupport_introspection_cppExport.cmake
[1.000s] -- Up-to-date: /home/orangepi/uvg_car/install/lslidar_msgs/share/lslidar_msgs/cmake/lslidar_msgs__rosidl_typesupport_introspection_cppExport-noconfig.cmake
[1.001s] -- Up-to-date: /home/orangepi/uvg_car/install/lslidar_msgs/share/lslidar_msgs/cmake/lslidar_msgs__rosidl_typesupport_cppExport.cmake
[1.003s] -- Up-to-date: /home/orangepi/uvg_car/install/lslidar_msgs/share/lslidar_msgs/cmake/lslidar_msgs__rosidl_typesupport_cppExport-noconfig.cmake
[1.004s] -- Up-to-date: /home/orangepi/uvg_car/install/lslidar_msgs/share/lslidar_msgs/cmake/export_lslidar_msgs__rosidl_generator_pyExport.cmake
[1.006s] -- Up-to-date: /home/orangepi/uvg_car/install/lslidar_msgs/share/lslidar_msgs/cmake/export_lslidar_msgs__rosidl_generator_pyExport-noconfig.cmake
[1.007s] -- Up-to-date: /home/orangepi/uvg_car/install/lslidar_msgs/share/lslidar_msgs/cmake/rosidl_cmake-extras.cmake
[1.009s] -- Up-to-date: /home/orangepi/uvg_car/install/lslidar_msgs/share/lslidar_msgs/cmake/ament_cmake_export_dependencies-extras.cmake
[1.009s] -- Up-to-date: /home/orangepi/uvg_car/install/lslidar_msgs/share/lslidar_msgs/cmake/ament_cmake_export_include_directories-extras.cmake
[1.009s] -- Up-to-date: /home/orangepi/uvg_car/install/lslidar_msgs/share/lslidar_msgs/cmake/ament_cmake_export_libraries-extras.cmake
[1.009s] -- Up-to-date: /home/orangepi/uvg_car/install/lslidar_msgs/share/lslidar_msgs/cmake/ament_cmake_export_targets-extras.cmake
[1.009s] -- Up-to-date: /home/orangepi/uvg_car/install/lslidar_msgs/share/lslidar_msgs/cmake/rosidl_cmake_export_typesupport_targets-extras.cmake
[1.010s] -- Up-to-date: /home/orangepi/uvg_car/install/lslidar_msgs/share/lslidar_msgs/cmake/rosidl_cmake_export_typesupport_libraries-extras.cmake
[1.011s] -- Up-to-date: /home/orangepi/uvg_car/install/lslidar_msgs/share/lslidar_msgs/cmake/lslidar_msgsConfig.cmake
[1.012s] -- Up-to-date: /home/orangepi/uvg_car/install/lslidar_msgs/share/lslidar_msgs/cmake/lslidar_msgsConfig-version.cmake
[1.013s] -- Up-to-date: /home/orangepi/uvg_car/install/lslidar_msgs/share/lslidar_msgs/package.xml
[1.014s] Invoked command in '/home/orangepi/uvg_car/build/lslidar_msgs' returned '0': CMAKE_PREFIX_PATH=${CMAKE_PREFIX_PATH}:/home/orangepi/uvg_car/install/wit_ros2_imu:/opt/ros/humble /usr/bin/cmake --install /home/orangepi/uvg_car/build/lslidar_msgs
