[0.056s] Invoking command in '/home/orangepi/uvg_car/build/fishbot_cartographer': CMAKE_PREFIX_PATH=${CMAKE_PREFIX_PATH}:/home/orangepi/uvg_car/install/wit_ros2_imu:/opt/ros/humble /usr/bin/cmake --build /home/orangepi/uvg_car/build/fishbot_cartographer -- -j8 -l8
[0.208s] [100%] Built target CartoTransferPose_main
[0.583s] Invoked command in '/home/orangepi/uvg_car/build/fishbot_cartographer' returned '0': CMAKE_PREFIX_PATH=${CMAKE_PREFIX_PATH}:/home/orangepi/uvg_car/install/wit_ros2_imu:/opt/ros/humble /usr/bin/cmake --build /home/orangepi/uvg_car/build/fishbot_cartographer -- -j8 -l8
[0.587s] Invoking command in '/home/orangepi/uvg_car/build/fishbot_cartographer': CMAKE_PREFIX_PATH=${CMAKE_PREFIX_PATH}:/home/orangepi/uvg_car/install/wit_ros2_imu:/opt/ros/humble /usr/bin/cmake --install /home/orangepi/uvg_car/build/fishbot_cartographer
[0.612s] -- Install configuration: ""
[0.613s] -- Up-to-date: /home/orangepi/uvg_car/install/fishbot_cartographer/share/fishbot_cartographer/config
[0.613s] -- Installing: /home/orangepi/uvg_car/install/fishbot_cartographer/share/fishbot_cartographer/config/fishbot_2d.lua
[0.614s] -- Up-to-date: /home/orangepi/uvg_car/install/fishbot_cartographer/share/fishbot_cartographer/launch
[0.614s] -- Up-to-date: /home/orangepi/uvg_car/install/fishbot_cartographer/share/fishbot_cartographer/launch/ugv.launch.py
[0.615s] -- Installing: /home/orangepi/uvg_car/install/fishbot_cartographer/share/fishbot_cartographer/launch/cartographer.launch.py
[0.615s] -- Up-to-date: /home/orangepi/uvg_car/install/fishbot_cartographer/share/fishbot_cartographer/rviz
[0.616s] -- Up-to-date: /home/orangepi/uvg_car/install/fishbot_cartographer/share/fishbot_cartographer/rviz/fishbot_cartographer.rviz
[0.618s] -- Up-to-date: /home/orangepi/uvg_car/install/fishbot_cartographer/share/fishbot_cartographer/urdf
[0.619s] -- Up-to-date: /home/orangepi/uvg_car/install/fishbot_cartographer/share/fishbot_cartographer/urdf/fishot_2d.urdf
[0.619s] -- Up-to-date: /home/orangepi/uvg_car/install/fishbot_cartographer/share/fishbot_cartographer/map
[0.620s] -- Up-to-date: /home/orangepi/uvg_car/install/fishbot_cartographer/share/fishbot_cartographer/map/fishbot_map.pgm
[0.621s] -- Up-to-date: /home/orangepi/uvg_car/install/fishbot_cartographer/share/fishbot_cartographer/map/fishbot_map.yaml
[0.622s] -- Up-to-date: /home/orangepi/uvg_car/install/fishbot_cartographer/share/fishbot_cartographer/param
[0.623s] -- Up-to-date: /home/orangepi/uvg_car/install/fishbot_cartographer/share/fishbot_cartographer/param/fishbot_nav2.yaml
[0.624s] -- Up-to-date: /home/orangepi/uvg_car/install/fishbot_cartographer/share/fishbot_cartographer/param/ekf.yaml
[0.625s] -- Up-to-date: /home/orangepi/uvg_car/install/fishbot_cartographer/lib/fishbot_cartographer/CartoTransferPose_main
[0.625s] -- Up-to-date: /home/orangepi/uvg_car/install/fishbot_cartographer/share/ament_index/resource_index/package_run_dependencies/fishbot_cartographer
[0.627s] -- Up-to-date: /home/orangepi/uvg_car/install/fishbot_cartographer/share/ament_index/resource_index/parent_prefix_path/fishbot_cartographer
[0.628s] -- Up-to-date: /home/orangepi/uvg_car/install/fishbot_cartographer/share/fishbot_cartographer/environment/ament_prefix_path.sh
[0.629s] -- Up-to-date: /home/orangepi/uvg_car/install/fishbot_cartographer/share/fishbot_cartographer/environment/ament_prefix_path.dsv
[0.631s] -- Up-to-date: /home/orangepi/uvg_car/install/fishbot_cartographer/share/fishbot_cartographer/environment/path.sh
[0.632s] -- Up-to-date: /home/orangepi/uvg_car/install/fishbot_cartographer/share/fishbot_cartographer/environment/path.dsv
[0.633s] -- Up-to-date: /home/orangepi/uvg_car/install/fishbot_cartographer/share/fishbot_cartographer/local_setup.bash
[0.634s] -- Up-to-date: /home/orangepi/uvg_car/install/fishbot_cartographer/share/fishbot_cartographer/local_setup.sh
[0.635s] -- Up-to-date: /home/orangepi/uvg_car/install/fishbot_cartographer/share/fishbot_cartographer/local_setup.zsh
[0.638s] -- Up-to-date: /home/orangepi/uvg_car/install/fishbot_cartographer/share/fishbot_cartographer/local_setup.dsv
[0.639s] -- Installing: /home/orangepi/uvg_car/install/fishbot_cartographer/share/fishbot_cartographer/package.dsv
[0.641s] -- Up-to-date: /home/orangepi/uvg_car/install/fishbot_cartographer/share/ament_index/resource_index/packages/fishbot_cartographer
[0.642s] -- Up-to-date: /home/orangepi/uvg_car/install/fishbot_cartographer/share/fishbot_cartographer/cmake/fishbot_cartographerConfig.cmake
[0.643s] -- Up-to-date: /home/orangepi/uvg_car/install/fishbot_cartographer/share/fishbot_cartographer/cmake/fishbot_cartographerConfig-version.cmake
[0.645s] -- Up-to-date: /home/orangepi/uvg_car/install/fishbot_cartographer/share/fishbot_cartographer/package.xml
[0.662s] Invoked command in '/home/orangepi/uvg_car/build/fishbot_cartographer' returned '0': CMAKE_PREFIX_PATH=${CMAKE_PREFIX_PATH}:/home/orangepi/uvg_car/install/wit_ros2_imu:/opt/ros/humble /usr/bin/cmake --install /home/orangepi/uvg_car/build/fishbot_cartographer
