[0.052s] Invoking command in '/home/orangepi/uvg_car/build/fishbot_cartographer': CMAKE_PREFIX_PATH=${CMAKE_PREFIX_PATH}:/home/orangepi/uvg_car/install/wit_ros2_imu:/opt/ros/humble /usr/bin/cmake --build /home/orangepi/uvg_car/build/fishbot_cartographer -- -j8 -l8
[0.076s] gmake: Warning: File 'Makefile' has modification time 179 s in the future
[0.155s] gmake[1]: Warning: File 'CMakeFiles/Makefile2' has modification time 179 s in the future
[0.174s] gmake[2]: Warning: File 'CMakeFiles/CartoTransferPose_main.dir/flags.make' has modification time 179 s in the future
[0.177s] gmake[2]: Warning: File 'CMakeFiles/time_sync_node.dir/flags.make' has modification time 179 s in the future
[0.186s] gmake[2]: warning:  Clock skew detected.  Your build may be incomplete.
[0.191s] gmake[2]: Warning: File 'CMakeFiles/CartoTransferPose_main.dir/flags.make' has modification time 179 s in the future
[0.203s] gmake[2]: warning:  Clock skew detected.  Your build may be incomplete.
[0.208s] gmake[2]: Warning: File 'CMakeFiles/time_sync_node.dir/flags.make' has modification time 179 s in the future
[0.212s] gmake[2]: warning:  Clock skew detected.  Your build may be incomplete.
[0.214s] gmake[2]: warning:  Clock skew detected.  Your build may be incomplete.
[0.234s] [ 50%] Built target CartoTransferPose_main
[0.238s] [100%] Built target time_sync_node
[0.242s] gmake[1]: warning:  Clock skew detected.  Your build may be incomplete.
[0.257s] gmake: warning:  Clock skew detected.  Your build may be incomplete.
[0.583s] Invoked command in '/home/orangepi/uvg_car/build/fishbot_cartographer' returned '0': CMAKE_PREFIX_PATH=${CMAKE_PREFIX_PATH}:/home/orangepi/uvg_car/install/wit_ros2_imu:/opt/ros/humble /usr/bin/cmake --build /home/orangepi/uvg_car/build/fishbot_cartographer -- -j8 -l8
[0.586s] Invoking command in '/home/orangepi/uvg_car/build/fishbot_cartographer': CMAKE_PREFIX_PATH=${CMAKE_PREFIX_PATH}:/home/orangepi/uvg_car/install/wit_ros2_imu:/opt/ros/humble /usr/bin/cmake --install /home/orangepi/uvg_car/build/fishbot_cartographer
[0.602s] -- Install configuration: ""
[0.602s] -- Up-to-date: /home/orangepi/uvg_car/install/fishbot_cartographer/share/fishbot_cartographer/config
[0.603s] -- Installing: /home/orangepi/uvg_car/install/fishbot_cartographer/share/fishbot_cartographer/config/fishbot_2d.lua
[0.603s] -- Up-to-date: /home/orangepi/uvg_car/install/fishbot_cartographer/share/fishbot_cartographer/launch
[0.605s] -- Up-to-date: /home/orangepi/uvg_car/install/fishbot_cartographer/share/fishbot_cartographer/launch/ugv.launch.py
[0.605s] -- Up-to-date: /home/orangepi/uvg_car/install/fishbot_cartographer/share/fishbot_cartographer/launch/cartographer.launch.py
[0.605s] -- Up-to-date: /home/orangepi/uvg_car/install/fishbot_cartographer/share/fishbot_cartographer/rviz
[0.605s] -- Up-to-date: /home/orangepi/uvg_car/install/fishbot_cartographer/share/fishbot_cartographer/rviz/fishbot_cartographer.rviz
[0.605s] -- Up-to-date: /home/orangepi/uvg_car/install/fishbot_cartographer/share/fishbot_cartographer/urdf
[0.605s] -- Up-to-date: /home/orangepi/uvg_car/install/fishbot_cartographer/share/fishbot_cartographer/urdf/fishot_2d.urdf
[0.605s] -- Up-to-date: /home/orangepi/uvg_car/install/fishbot_cartographer/share/fishbot_cartographer/map
[0.605s] -- Up-to-date: /home/orangepi/uvg_car/install/fishbot_cartographer/share/fishbot_cartographer/map/fishbot_map.pgm
[0.605s] -- Up-to-date: /home/orangepi/uvg_car/install/fishbot_cartographer/share/fishbot_cartographer/map/fishbot_map.yaml
[0.605s] -- Up-to-date: /home/orangepi/uvg_car/install/fishbot_cartographer/share/fishbot_cartographer/param
[0.605s] -- Up-to-date: /home/orangepi/uvg_car/install/fishbot_cartographer/share/fishbot_cartographer/param/fishbot_nav2.yaml
[0.606s] -- Up-to-date: /home/orangepi/uvg_car/install/fishbot_cartographer/share/fishbot_cartographer/param/ekf.yaml
[0.606s] -- Up-to-date: /home/orangepi/uvg_car/install/fishbot_cartographer/lib/fishbot_cartographer/CartoTransferPose_main
[0.606s] -- Up-to-date: /home/orangepi/uvg_car/install/fishbot_cartographer/lib/fishbot_cartographer/time_sync_node
[0.606s] -- Up-to-date: /home/orangepi/uvg_car/install/fishbot_cartographer/share/ament_index/resource_index/package_run_dependencies/fishbot_cartographer
[0.606s] -- Up-to-date: /home/orangepi/uvg_car/install/fishbot_cartographer/share/ament_index/resource_index/parent_prefix_path/fishbot_cartographer
[0.607s] -- Up-to-date: /home/orangepi/uvg_car/install/fishbot_cartographer/share/fishbot_cartographer/environment/ament_prefix_path.sh
[0.607s] -- Up-to-date: /home/orangepi/uvg_car/install/fishbot_cartographer/share/fishbot_cartographer/environment/ament_prefix_path.dsv
[0.607s] -- Up-to-date: /home/orangepi/uvg_car/install/fishbot_cartographer/share/fishbot_cartographer/environment/path.sh
[0.607s] -- Up-to-date: /home/orangepi/uvg_car/install/fishbot_cartographer/share/fishbot_cartographer/environment/path.dsv
[0.607s] -- Up-to-date: /home/orangepi/uvg_car/install/fishbot_cartographer/share/fishbot_cartographer/local_setup.bash
[0.607s] -- Up-to-date: /home/orangepi/uvg_car/install/fishbot_cartographer/share/fishbot_cartographer/local_setup.sh
[0.609s] -- Up-to-date: /home/orangepi/uvg_car/install/fishbot_cartographer/share/fishbot_cartographer/local_setup.zsh
[0.609s] -- Up-to-date: /home/orangepi/uvg_car/install/fishbot_cartographer/share/fishbot_cartographer/local_setup.dsv
[0.609s] -- Installing: /home/orangepi/uvg_car/install/fishbot_cartographer/share/fishbot_cartographer/package.dsv
[0.609s] -- Up-to-date: /home/orangepi/uvg_car/install/fishbot_cartographer/share/ament_index/resource_index/packages/fishbot_cartographer
[0.609s] -- Up-to-date: /home/orangepi/uvg_car/install/fishbot_cartographer/share/fishbot_cartographer/cmake/fishbot_cartographerConfig.cmake
[0.610s] -- Up-to-date: /home/orangepi/uvg_car/install/fishbot_cartographer/share/fishbot_cartographer/cmake/fishbot_cartographerConfig-version.cmake
[0.610s] -- Up-to-date: /home/orangepi/uvg_car/install/fishbot_cartographer/share/fishbot_cartographer/package.xml
[0.620s] Invoked command in '/home/orangepi/uvg_car/build/fishbot_cartographer' returned '0': CMAKE_PREFIX_PATH=${CMAKE_PREFIX_PATH}:/home/orangepi/uvg_car/install/wit_ros2_imu:/opt/ros/humble /usr/bin/cmake --install /home/orangepi/uvg_car/build/fishbot_cartographer
