-- Found ament_cmake: 1.3.11 (/opt/ros/humble/share/ament_cmake/cmake)
-- Found rclcpp: 16.0.12 (/opt/ros/humble/share/rclcpp/cmake)
-- Found rosidl_generator_c: 3.1.6 (/opt/ros/humble/share/rosidl_generator_c/cmake)
-- Found rosidl_adapter: 3.1.6 (/opt/ros/humble/share/rosidl_adapter/cmake)
-- Found rosidl_generator_cpp: 3.1.6 (/opt/ros/humble/share/rosidl_generator_cpp/cmake)
-- Using all available rosidl_typesupport_c: rosidl_typesupport_fastrtps_c;rosidl_typesupport_introspection_c
-- Using all available rosidl_typesupport_cpp: rosidl_typesupport_fastrtps_cpp;rosidl_typesupport_introspection_cpp
-- Found rmw_implementation_cmake: 6.1.2 (/opt/ros/humble/share/rmw_implementation_cmake/cmake)
-- Found rmw_fastrtps_cpp: 6.2.7 (/opt/ros/humble/share/rmw_fastrtps_cpp/cmake)
-- Using RMW implementation 'rmw_fastrtps_cpp' as default
-- Found sensor_msgs: 4.8.0 (/opt/ros/humble/share/sensor_msgs/cmake)
-- Found cv_bridge: 3.2.1 (/opt/ros/humble/share/cv_bridge/cmake)
-- Found nav_msgs: 4.8.0 (/opt/ros/humble/share/nav_msgs/cmake)
-- Found tf2_ros: 0.25.12 (/opt/ros/humble/share/tf2_ros/cmake)
-- Found tf2_geometry_msgs: 0.25.12 (/opt/ros/humble/share/tf2_geometry_msgs/cmake)
-- Found eigen3_cmake_module: 0.1.1 (/opt/ros/humble/share/eigen3_cmake_module/cmake)
-- Ensuring Eigen3 include directory is part of orocos-kdl CMake target
-- Configuring done
-- Generating done
-- Build files have been written to: /home/orangepi/uvg_car/build/oakchina_vio_package
[35m[1mConsolidate compiler generated dependencies of target oakchina_vio_package_node[0m
[ 50%] [32m[1mLinking CXX executable oakchina_vio_package_node[0m
/usr/bin/ld: skipping incompatible /home/orangepi/uvg_car/src/oakchina_vio_package_ros2/lib/libyaml-cpp.a when searching for -lyaml-cpp
/usr/bin/ld: skipping incompatible /home/orangepi/uvg_car/src/oakchina_vio_package_ros2/lib/libcarina_vio.so when searching for -lcarina_vio
/usr/bin/ld: cannot find -lcarina_vio: No such file or directory
/usr/bin/ld: skipping incompatible /home/orangepi/uvg_car/src/oakchina_vio_package_ros2/lib/libcarina_vio.so when searching for -lcarina_vio
/usr/bin/ld: skipping incompatible /home/orangepi/uvg_car/src/oakchina_vio_package_ros2/lib/libcarina_vio_client.so when searching for -lcarina_vio_client
/usr/bin/ld: cannot find -lcarina_vio_client: No such file or directory
/usr/bin/ld: skipping incompatible /home/orangepi/uvg_car/src/oakchina_vio_package_ros2/lib/libcarina_vio_client.so when searching for -lcarina_vio_client
/usr/bin/ld: skipping incompatible /home/orangepi/uvg_car/src/oakchina_vio_package_ros2/lib/libcarina_client.so when searching for -lcarina_client
/usr/bin/ld: cannot find -lcarina_client: No such file or directory
/usr/bin/ld: skipping incompatible /home/orangepi/uvg_car/src/oakchina_vio_package_ros2/lib/libcarina_client.so when searching for -lcarina_client
/usr/bin/ld: skipping incompatible /home/orangepi/uvg_car/src/oakchina_vio_package_ros2/lib/libclahe.a when searching for -lclahe
/usr/bin/ld: cannot find -lclahe: No such file or directory
/usr/bin/ld: skipping incompatible /home/orangepi/uvg_car/src/oakchina_vio_package_ros2/lib/libDBoW2.a when searching for -lDBoW2
/usr/bin/ld: cannot find -lDBoW2: No such file or directory
/usr/bin/ld: skipping incompatible /home/orangepi/uvg_car/src/oakchina_vio_package_ros2/lib/libg2o.a when searching for -lg2o
/usr/bin/ld: cannot find -lg2o: No such file or directory
/usr/bin/ld: skipping incompatible /home/orangepi/uvg_car/src/oakchina_vio_package_ros2/lib/liblk.a when searching for -llk
/usr/bin/ld: cannot find -llk: No such file or directory
/usr/bin/ld: skipping incompatible /home/orangepi/uvg_car/src/oakchina_vio_package_ros2/lib/libtracker.a when searching for -ltracker
/usr/bin/ld: cannot find -ltracker: No such file or directory
collect2: error: ld returned 1 exit status
gmake[2]: *** [CMakeFiles/oakchina_vio_package_node.dir/build.make:269: oakchina_vio_package_node] Error 1
gmake[1]: *** [CMakeFiles/Makefile2:137: CMakeFiles/oakchina_vio_package_node.dir/all] Error 2
gmake: *** [Makefile:146: all] Error 2
