[0.045s] Invoking command in '/home/orangepi/uvg_car/build/oakchina_vio_package': CMAKE_PREFIX_PATH=${CMAKE_PREFIX_PATH}:/home/orangepi/uvg_car/install/wit_ros2_imu:/opt/ros/humble /usr/bin/cmake --build /home/orangepi/uvg_car/build/oakchina_vio_package -- -j8 -l8
[0.198s] [35m[1mConsolidate compiler generated dependencies of target oakchina_vio_package_node[0m
[0.263s] [ 50%] [32mBuilding CXX object CMakeFiles/oakchina_vio_package_node.dir/src/main.cpp.o[0m
[12.654s] [100%] [32m[1mLinking CXX executable oakchina_vio_package_node[0m
[13.897s] [100%] Built target oakchina_vio_package_node
[13.929s] Invoked command in '/home/orangepi/uvg_car/build/oakchina_vio_package' returned '0': CMAKE_PREFIX_PATH=${CMAKE_PREFIX_PATH}:/home/orangepi/uvg_car/install/wit_ros2_imu:/opt/ros/humble /usr/bin/cmake --build /home/orangepi/uvg_car/build/oakchina_vio_package -- -j8 -l8
[13.936s] Invoking command in '/home/orangepi/uvg_car/build/oakchina_vio_package': CMAKE_PREFIX_PATH=${CMAKE_PREFIX_PATH}:/home/orangepi/uvg_car/install/wit_ros2_imu:/opt/ros/humble /usr/bin/cmake --install /home/orangepi/uvg_car/build/oakchina_vio_package
[13.951s] -- Install configuration: ""
[13.952s] -- Installing: /home/orangepi/uvg_car/install/oakchina_vio_package/lib/oakchina_vio_package/oakchina_vio_package_node
[13.955s] -- Set runtime path of "/home/orangepi/uvg_car/install/oakchina_vio_package/lib/oakchina_vio_package/oakchina_vio_package_node" to ""
[13.955s] -- Up-to-date: /home/orangepi/uvg_car/install/oakchina_vio_package/lib/libcarina_client.so
[13.955s] -- Up-to-date: /home/orangepi/uvg_car/install/oakchina_vio_package/lib/libcarina_vio.so
[13.956s] -- Up-to-date: /home/orangepi/uvg_car/install/oakchina_vio_package/lib/libcarina_vio_client.so
[13.956s] -- Up-to-date: /home/orangepi/uvg_car/install/oakchina_vio_package/lib/libopencv_calib3d.so.4.2
[13.956s] -- Up-to-date: /home/orangepi/uvg_car/install/oakchina_vio_package/lib/libopencv_core.so.4.2
[13.957s] -- Up-to-date: /home/orangepi/uvg_car/install/oakchina_vio_package/lib/libopencv_imgcodecs.so.4.2
[13.957s] -- Up-to-date: /home/orangepi/uvg_car/install/oakchina_vio_package/share/oakchina_vio_package/launch
[13.957s] -- Up-to-date: /home/orangepi/uvg_car/install/oakchina_vio_package/share/oakchina_vio_package/launch/oakchina_vio.launch.py
[13.957s] -- Up-to-date: /home/orangepi/uvg_car/install/oakchina_vio_package/share/oakchina_vio_package/launch/oakchina_vio.launch
[13.958s] -- Up-to-date: /home/orangepi/uvg_car/install/oakchina_vio_package/share/oakchina_vio_package/config
[13.958s] -- Up-to-date: /home/orangepi/uvg_car/install/oakchina_vio_package/share/oakchina_vio_package/config/database.bin
[13.959s] -- Up-to-date: /home/orangepi/uvg_car/install/oakchina_vio_package/share/oakchina_vio_package/config/custom_config.yaml
[13.959s] -- Up-to-date: /home/orangepi/uvg_car/install/oakchina_vio_package/share/oakchina_vio_package/rviz
[13.961s] -- Up-to-date: /home/orangepi/uvg_car/install/oakchina_vio_package/share/oakchina_vio_package/rviz/oakchina_vio.rviz
[13.962s] -- Up-to-date: /home/orangepi/uvg_car/install/oakchina_vio_package/share/oakchina_vio_package/environment/library_path.sh
[13.963s] -- Up-to-date: /home/orangepi/uvg_car/install/oakchina_vio_package/share/oakchina_vio_package/environment/library_path.dsv
[13.963s] -- Up-to-date: /home/orangepi/uvg_car/install/oakchina_vio_package/share/ament_index/resource_index/package_run_dependencies/oakchina_vio_package
[13.963s] -- Up-to-date: /home/orangepi/uvg_car/install/oakchina_vio_package/share/ament_index/resource_index/parent_prefix_path/oakchina_vio_package
[13.964s] -- Up-to-date: /home/orangepi/uvg_car/install/oakchina_vio_package/share/oakchina_vio_package/environment/ament_prefix_path.sh
[13.964s] -- Up-to-date: /home/orangepi/uvg_car/install/oakchina_vio_package/share/oakchina_vio_package/environment/ament_prefix_path.dsv
[13.965s] -- Up-to-date: /home/orangepi/uvg_car/install/oakchina_vio_package/share/oakchina_vio_package/environment/path.sh
[13.965s] -- Up-to-date: /home/orangepi/uvg_car/install/oakchina_vio_package/share/oakchina_vio_package/environment/path.dsv
[13.966s] -- Up-to-date: /home/orangepi/uvg_car/install/oakchina_vio_package/share/oakchina_vio_package/local_setup.bash
[13.967s] -- Up-to-date: /home/orangepi/uvg_car/install/oakchina_vio_package/share/oakchina_vio_package/local_setup.sh
[13.968s] -- Up-to-date: /home/orangepi/uvg_car/install/oakchina_vio_package/share/oakchina_vio_package/local_setup.zsh
[13.969s] -- Up-to-date: /home/orangepi/uvg_car/install/oakchina_vio_package/share/oakchina_vio_package/local_setup.dsv
[13.970s] -- Installing: /home/orangepi/uvg_car/install/oakchina_vio_package/share/oakchina_vio_package/package.dsv
[13.970s] -- Up-to-date: /home/orangepi/uvg_car/install/oakchina_vio_package/share/ament_index/resource_index/packages/oakchina_vio_package
[13.971s] -- Up-to-date: /home/orangepi/uvg_car/install/oakchina_vio_package/share/oakchina_vio_package/cmake/ament_cmake_export_dependencies-extras.cmake
[13.972s] -- Up-to-date: /home/orangepi/uvg_car/install/oakchina_vio_package/share/oakchina_vio_package/cmake/ament_cmake_export_include_directories-extras.cmake
[13.973s] -- Up-to-date: /home/orangepi/uvg_car/install/oakchina_vio_package/share/oakchina_vio_package/cmake/ament_cmake_export_libraries-extras.cmake
[13.973s] -- Up-to-date: /home/orangepi/uvg_car/install/oakchina_vio_package/share/oakchina_vio_package/cmake/oakchina_vio_packageConfig.cmake
[13.974s] -- Up-to-date: /home/orangepi/uvg_car/install/oakchina_vio_package/share/oakchina_vio_package/cmake/oakchina_vio_packageConfig-version.cmake
[13.975s] -- Up-to-date: /home/orangepi/uvg_car/install/oakchina_vio_package/share/oakchina_vio_package/package.xml
[13.977s] Invoked command in '/home/orangepi/uvg_car/build/oakchina_vio_package' returned '0': CMAKE_PREFIX_PATH=${CMAKE_PREFIX_PATH}:/home/orangepi/uvg_car/install/wit_ros2_imu:/opt/ros/humble /usr/bin/cmake --install /home/orangepi/uvg_car/build/oakchina_vio_package
