[0.066s] Invoking command in '/home/orangepi/uvg_car/build/oakchina_vio_package': CMAKE_PREFIX_PATH=${CMAKE_PREFIX_PATH}:/home/orangepi/uvg_car/install/wit_ros2_imu:/opt/ros/humble /usr/bin/cmake --build /home/orangepi/uvg_car/build/oakchina_vio_package -- -j8 -l8
[0.226s] [ 50%] [32mBuilding CXX object CMakeFiles/oakchina_vio_package_node.dir/src/main.cpp.o[0m
[15.451s] [100%] [32m[1mLinking CXX executable oakchina_vio_package_node[0m
[16.498s] /usr/bin/ld: warning: libopencv_imgcodecs.so.4.5d, needed by /opt/ros/humble/lib/libcv_bridge.so, may conflict with libopencv_imgcodecs.so.4.2
[16.499s] /usr/bin/ld: warning: libopencv_core.so.4.5d, needed by /opt/ros/humble/lib/libcv_bridge.so, may conflict with libopencv_core.so.4.2
[17.327s] [100%] Built target oakchina_vio_package_node
[17.362s] Invoked command in '/home/orangepi/uvg_car/build/oakchina_vio_package' returned '0': CMAKE_PREFIX_PATH=${CMAKE_PREFIX_PATH}:/home/orangepi/uvg_car/install/wit_ros2_imu:/opt/ros/humble /usr/bin/cmake --build /home/orangepi/uvg_car/build/oakchina_vio_package -- -j8 -l8
[17.368s] Invoking command in '/home/orangepi/uvg_car/build/oakchina_vio_package': CMAKE_PREFIX_PATH=${CMAKE_PREFIX_PATH}:/home/orangepi/uvg_car/install/wit_ros2_imu:/opt/ros/humble /usr/bin/cmake --install /home/orangepi/uvg_car/build/oakchina_vio_package
[17.398s] -- Install configuration: ""
[17.399s] -- Installing: /home/orangepi/uvg_car/install/oakchina_vio_package/lib/oakchina_vio_package/oakchina_vio_package_node
[17.407s] -- Set runtime path of "/home/orangepi/uvg_car/install/oakchina_vio_package/lib/oakchina_vio_package/oakchina_vio_package_node" to ""
[17.408s] -- Up-to-date: /home/orangepi/uvg_car/install/oakchina_vio_package/lib/libcarina_client.so
[17.408s] -- Up-to-date: /home/orangepi/uvg_car/install/oakchina_vio_package/lib/libcarina_vio.so
[17.408s] -- Up-to-date: /home/orangepi/uvg_car/install/oakchina_vio_package/lib/libcarina_vio_client.so
[17.408s] -- Up-to-date: /home/orangepi/uvg_car/install/oakchina_vio_package/lib/libopencv_calib3d.so.4.2
[17.408s] -- Up-to-date: /home/orangepi/uvg_car/install/oakchina_vio_package/lib/libopencv_core.so.4.2
[17.408s] -- Up-to-date: /home/orangepi/uvg_car/install/oakchina_vio_package/lib/libopencv_imgcodecs.so.4.2
[17.408s] -- Up-to-date: /home/orangepi/uvg_car/install/oakchina_vio_package/share/oakchina_vio_package/launch
[17.408s] -- Up-to-date: /home/orangepi/uvg_car/install/oakchina_vio_package/share/oakchina_vio_package/launch/oakchina_vio.launch.py
[17.409s] -- Up-to-date: /home/orangepi/uvg_car/install/oakchina_vio_package/share/oakchina_vio_package/launch/oakchina_vio.launch
[17.409s] -- Up-to-date: /home/orangepi/uvg_car/install/oakchina_vio_package/share/oakchina_vio_package/config
[17.409s] -- Up-to-date: /home/orangepi/uvg_car/install/oakchina_vio_package/share/oakchina_vio_package/config/database.bin
[17.409s] -- Up-to-date: /home/orangepi/uvg_car/install/oakchina_vio_package/share/oakchina_vio_package/config/custom_config.yaml
[17.409s] -- Up-to-date: /home/orangepi/uvg_car/install/oakchina_vio_package/share/oakchina_vio_package/rviz
[17.409s] -- Up-to-date: /home/orangepi/uvg_car/install/oakchina_vio_package/share/oakchina_vio_package/rviz/oakchina_vio.rviz
[17.409s] -- Up-to-date: /home/orangepi/uvg_car/install/oakchina_vio_package/share/oakchina_vio_package/environment/library_path.sh
[17.409s] -- Up-to-date: /home/orangepi/uvg_car/install/oakchina_vio_package/share/oakchina_vio_package/environment/library_path.dsv
[17.409s] -- Up-to-date: /home/orangepi/uvg_car/install/oakchina_vio_package/share/ament_index/resource_index/package_run_dependencies/oakchina_vio_package
[17.409s] -- Up-to-date: /home/orangepi/uvg_car/install/oakchina_vio_package/share/ament_index/resource_index/parent_prefix_path/oakchina_vio_package
[17.409s] -- Up-to-date: /home/orangepi/uvg_car/install/oakchina_vio_package/share/oakchina_vio_package/environment/ament_prefix_path.sh
[17.409s] -- Up-to-date: /home/orangepi/uvg_car/install/oakchina_vio_package/share/oakchina_vio_package/environment/ament_prefix_path.dsv
[17.410s] -- Up-to-date: /home/orangepi/uvg_car/install/oakchina_vio_package/share/oakchina_vio_package/environment/path.sh
[17.410s] -- Up-to-date: /home/orangepi/uvg_car/install/oakchina_vio_package/share/oakchina_vio_package/environment/path.dsv
[17.410s] -- Up-to-date: /home/orangepi/uvg_car/install/oakchina_vio_package/share/oakchina_vio_package/local_setup.bash
[17.410s] -- Up-to-date: /home/orangepi/uvg_car/install/oakchina_vio_package/share/oakchina_vio_package/local_setup.sh
[17.410s] -- Up-to-date: /home/orangepi/uvg_car/install/oakchina_vio_package/share/oakchina_vio_package/local_setup.zsh
[17.410s] -- Up-to-date: /home/orangepi/uvg_car/install/oakchina_vio_package/share/oakchina_vio_package/local_setup.dsv
[17.410s] -- Installing: /home/orangepi/uvg_car/install/oakchina_vio_package/share/oakchina_vio_package/package.dsv
[17.410s] -- Up-to-date: /home/orangepi/uvg_car/install/oakchina_vio_package/share/ament_index/resource_index/packages/oakchina_vio_package
[17.410s] -- Up-to-date: /home/orangepi/uvg_car/install/oakchina_vio_package/share/oakchina_vio_package/cmake/ament_cmake_export_dependencies-extras.cmake
[17.410s] -- Up-to-date: /home/orangepi/uvg_car/install/oakchina_vio_package/share/oakchina_vio_package/cmake/ament_cmake_export_include_directories-extras.cmake
[17.410s] -- Up-to-date: /home/orangepi/uvg_car/install/oakchina_vio_package/share/oakchina_vio_package/cmake/ament_cmake_export_libraries-extras.cmake
[17.410s] -- Up-to-date: /home/orangepi/uvg_car/install/oakchina_vio_package/share/oakchina_vio_package/cmake/oakchina_vio_packageConfig.cmake
[17.410s] -- Up-to-date: /home/orangepi/uvg_car/install/oakchina_vio_package/share/oakchina_vio_package/cmake/oakchina_vio_packageConfig-version.cmake
[17.410s] -- Up-to-date: /home/orangepi/uvg_car/install/oakchina_vio_package/share/oakchina_vio_package/package.xml
[17.413s] Invoked command in '/home/orangepi/uvg_car/build/oakchina_vio_package' returned '0': CMAKE_PREFIX_PATH=${CMAKE_PREFIX_PATH}:/home/orangepi/uvg_car/install/wit_ros2_imu:/opt/ros/humble /usr/bin/cmake --install /home/orangepi/uvg_car/build/oakchina_vio_package
