[0.045s] Invoking command in '/home/orangepi/uvg_car/build/fishbot_navigation2': CMAKE_PREFIX_PATH=/opt/ros/humble /usr/bin/cmake --build /home/orangepi/uvg_car/build/fishbot_navigation2 -- -j8 -l8
[0.512s] Invoked command in '/home/orangepi/uvg_car/build/fishbot_navigation2' returned '0': CMAKE_PREFIX_PATH=/opt/ros/humble /usr/bin/cmake --build /home/orangepi/uvg_car/build/fishbot_navigation2 -- -j8 -l8
[0.528s] Invoking command in '/home/orangepi/uvg_car/build/fishbot_navigation2': CMAKE_PREFIX_PATH=/opt/ros/humble /usr/bin/cmake --install /home/orangepi/uvg_car/build/fishbot_navigation2
[0.542s] -- Install configuration: ""
[0.543s] -- Up-to-date: /home/orangepi/uvg_car/install/fishbot_navigation2/share/fishbot_navigation2/launch
[0.544s] -- Up-to-date: /home/orangepi/uvg_car/install/fishbot_navigation2/share/fishbot_navigation2/launch/fishbot_navigation2.launch.py
[0.544s] -- Up-to-date: /home/orangepi/uvg_car/install/fishbot_navigation2/share/fishbot_navigation2/param
[0.545s] -- Up-to-date: /home/orangepi/uvg_car/install/fishbot_navigation2/share/fishbot_navigation2/param/fishbot_nav2.yaml
[0.547s] -- Up-to-date: /home/orangepi/uvg_car/install/fishbot_navigation2/share/fishbot_navigation2/param/ekf.yaml
[0.548s] -- Up-to-date: /home/orangepi/uvg_car/install/fishbot_navigation2/share/fishbot_navigation2/maps
[0.548s] -- Up-to-date: /home/orangepi/uvg_car/install/fishbot_navigation2/share/fishbot_navigation2/maps/fishbot_map.pgm
[0.548s] -- Up-to-date: /home/orangepi/uvg_car/install/fishbot_navigation2/share/fishbot_navigation2/maps/fishbot_map.yaml
[0.549s] -- Up-to-date: /home/orangepi/uvg_car/install/fishbot_navigation2/share/fishbot_navigation2/urdf
[0.549s] -- Up-to-date: /home/orangepi/uvg_car/install/fishbot_navigation2/share/fishbot_navigation2/urdf/fishot_2d.urdf
[0.550s] -- Up-to-date: /home/orangepi/uvg_car/install/fishbot_navigation2/share/ament_index/resource_index/package_run_dependencies/fishbot_navigation2
[0.550s] -- Up-to-date: /home/orangepi/uvg_car/install/fishbot_navigation2/share/ament_index/resource_index/parent_prefix_path/fishbot_navigation2
[0.550s] -- Up-to-date: /home/orangepi/uvg_car/install/fishbot_navigation2/share/fishbot_navigation2/environment/ament_prefix_path.sh
[0.551s] -- Up-to-date: /home/orangepi/uvg_car/install/fishbot_navigation2/share/fishbot_navigation2/environment/ament_prefix_path.dsv
[0.551s] -- Up-to-date: /home/orangepi/uvg_car/install/fishbot_navigation2/share/fishbot_navigation2/environment/path.sh
[0.552s] -- Up-to-date: /home/orangepi/uvg_car/install/fishbot_navigation2/share/fishbot_navigation2/environment/path.dsv
[0.552s] -- Up-to-date: /home/orangepi/uvg_car/install/fishbot_navigation2/share/fishbot_navigation2/local_setup.bash
[0.552s] -- Up-to-date: /home/orangepi/uvg_car/install/fishbot_navigation2/share/fishbot_navigation2/local_setup.sh
[0.553s] -- Up-to-date: /home/orangepi/uvg_car/install/fishbot_navigation2/share/fishbot_navigation2/local_setup.zsh
[0.553s] -- Up-to-date: /home/orangepi/uvg_car/install/fishbot_navigation2/share/fishbot_navigation2/local_setup.dsv
[0.553s] -- Installing: /home/orangepi/uvg_car/install/fishbot_navigation2/share/fishbot_navigation2/package.dsv
[0.554s] -- Up-to-date: /home/orangepi/uvg_car/install/fishbot_navigation2/share/ament_index/resource_index/packages/fishbot_navigation2
[0.571s] -- Up-to-date: /home/orangepi/uvg_car/install/fishbot_navigation2/share/fishbot_navigation2/cmake/fishbot_navigation2Config.cmake
[0.572s] -- Up-to-date: /home/orangepi/uvg_car/install/fishbot_navigation2/share/fishbot_navigation2/cmake/fishbot_navigation2Config-version.cmake
[0.573s] -- Up-to-date: /home/orangepi/uvg_car/install/fishbot_navigation2/share/fishbot_navigation2/package.xml
[0.574s] Invoked command in '/home/orangepi/uvg_car/build/fishbot_navigation2' returned '0': CMAKE_PREFIX_PATH=/opt/ros/humble /usr/bin/cmake --install /home/orangepi/uvg_car/build/fishbot_navigation2
