[0.048s] Invoking command in '/home/orangepi/uvg_car/build/oakchina_vio_package': CMAKE_PREFIX_PATH=/opt/ros/humble /usr/bin/cmake --build /home/orangepi/uvg_car/build/oakchina_vio_package -- -j8 -l8
[0.131s] -- Found ament_cmake: 1.3.11 (/opt/ros/humble/share/ament_cmake/cmake)
[0.362s] -- Found rclcpp: 16.0.12 (/opt/ros/humble/share/rclcpp/cmake)
[0.413s] -- Found rosidl_generator_c: 3.1.6 (/opt/ros/humble/share/rosidl_generator_c/cmake)
[0.417s] -- Found rosidl_adapter: 3.1.6 (/opt/ros/humble/share/rosidl_adapter/cmake)
[0.427s] -- Found rosidl_generator_cpp: 3.1.6 (/opt/ros/humble/share/rosidl_generator_cpp/cmake)
[0.442s] -- Using all available rosidl_typesupport_c: rosidl_typesupport_fastrtps_c;rosidl_typesupport_introspection_c
[0.463s] -- Using all available rosidl_typesupport_cpp: rosidl_typesupport_fastrtps_cpp;rosidl_typesupport_introspection_cpp
[0.512s] -- Found rmw_implementation_cmake: 6.1.2 (/opt/ros/humble/share/rmw_implementation_cmake/cmake)
[0.513s] -- Found rmw_fastrtps_cpp: 6.2.7 (/opt/ros/humble/share/rmw_fastrtps_cpp/cmake)
[0.671s] -- Using RMW implementation 'rmw_fastrtps_cpp' as default
[0.743s] -- Found sensor_msgs: 4.8.0 (/opt/ros/humble/share/sensor_msgs/cmake)
[0.791s] -- Found cv_bridge: 3.2.1 (/opt/ros/humble/share/cv_bridge/cmake)
[0.834s] -- Found nav_msgs: 4.8.0 (/opt/ros/humble/share/nav_msgs/cmake)
[0.842s] -- Found tf2_ros: 0.25.12 (/opt/ros/humble/share/tf2_ros/cmake)
[0.962s] -- Found tf2_geometry_msgs: 0.25.12 (/opt/ros/humble/share/tf2_geometry_msgs/cmake)
[0.966s] -- Found eigen3_cmake_module: 0.1.1 (/opt/ros/humble/share/eigen3_cmake_module/cmake)
[0.968s] -- Ensuring Eigen3 include directory is part of orocos-kdl CMake target
[1.101s] -- Configuring done
[1.130s] -- Generating done
[1.139s] -- Build files have been written to: /home/orangepi/uvg_car/build/oakchina_vio_package
[1.213s] [35m[1mConsolidate compiler generated dependencies of target oakchina_vio_package_node[0m
[1.261s] [ 50%] [32m[1mLinking CXX executable oakchina_vio_package_node[0m
[1.387s] /usr/bin/ld: skipping incompatible /home/orangepi/uvg_car/src/oakchina_vio_package_ros2/lib/libcarina_vio.so when searching for -lcarina_vio
[1.388s] /usr/bin/ld: cannot find -lcarina_vio: No such file or directory
[1.388s] /usr/bin/ld: skipping incompatible /home/orangepi/uvg_car/src/oakchina_vio_package_ros2/lib/libcarina_vio.so when searching for -lcarina_vio
[1.389s] /usr/bin/ld: skipping incompatible /home/orangepi/uvg_car/src/oakchina_vio_package_ros2/lib/libcarina_vio_client.so when searching for -lcarina_vio_client
[1.389s] /usr/bin/ld: cannot find -lcarina_vio_client: No such file or directory
[1.390s] /usr/bin/ld: skipping incompatible /home/orangepi/uvg_car/src/oakchina_vio_package_ros2/lib/libcarina_vio_client.so when searching for -lcarina_vio_client
[1.390s] /usr/bin/ld: skipping incompatible /home/orangepi/uvg_car/src/oakchina_vio_package_ros2/lib/libcarina_client.so when searching for -lcarina_client
[1.390s] /usr/bin/ld: cannot find -lcarina_client: No such file or directory
[1.391s] /usr/bin/ld: skipping incompatible /home/orangepi/uvg_car/src/oakchina_vio_package_ros2/lib/libcarina_client.so when searching for -lcarina_client
[1.391s] /usr/bin/ld: skipping incompatible /home/orangepi/uvg_car/src/oakchina_vio_package_ros2/lib/libclahe.a when searching for -lclahe
[1.392s] /usr/bin/ld: cannot find -lclahe: No such file or directory
[1.392s] /usr/bin/ld: skipping incompatible /home/orangepi/uvg_car/src/oakchina_vio_package_ros2/lib/libDBoW2.a when searching for -lDBoW2
[1.392s] /usr/bin/ld: cannot find -lDBoW2: No such file or directory
[1.393s] /usr/bin/ld: skipping incompatible /home/orangepi/uvg_car/src/oakchina_vio_package_ros2/lib/libg2o.a when searching for -lg2o
[1.393s] /usr/bin/ld: cannot find -lg2o: No such file or directory
[1.393s] /usr/bin/ld: skipping incompatible /home/orangepi/uvg_car/src/oakchina_vio_package_ros2/lib/liblk.a when searching for -llk
[1.394s] /usr/bin/ld: cannot find -llk: No such file or directory
[1.394s] /usr/bin/ld: skipping incompatible /home/orangepi/uvg_car/src/oakchina_vio_package_ros2/lib/libtracker.a when searching for -ltracker
[1.395s] /usr/bin/ld: cannot find -ltracker: No such file or directory
[1.395s] /usr/bin/ld: skipping incompatible /home/orangepi/uvg_car/src/oakchina_vio_package_ros2/lib/libyaml-cpp.a when searching for -lyaml-cpp
[1.650s] collect2: error: ld returned 1 exit status
[1.656s] gmake[2]: *** [CMakeFiles/oakchina_vio_package_node.dir/build.make:269: oakchina_vio_package_node] Error 1
[1.657s] gmake[1]: *** [CMakeFiles/Makefile2:137: CMakeFiles/oakchina_vio_package_node.dir/all] Error 2
[1.657s] gmake: *** [Makefile:146: all] Error 2
[1.661s] Invoked command in '/home/orangepi/uvg_car/build/oakchina_vio_package' returned '2': CMAKE_PREFIX_PATH=/opt/ros/humble /usr/bin/cmake --build /home/orangepi/uvg_car/build/oakchina_vio_package -- -j8 -l8
