[0.170s] [34mcolcon[0m [1;30mDEBUG[0m [32mCommand line arguments: ['/usr/bin/colcon', 'build'][0m
[0.170s] [34mcolcon[0m [1;30mDEBUG[0m [32mParsed command line arguments: Namespace(log_base=None, log_level=None, verb_name='build', build_base='build', install_base='install', merge_install=False, symlink_install=False, test_result_base=None, continue_on_error=False, executor='parallel', parallel_workers=8, event_handlers=None, ignore_user_meta=False, metas=['./colcon.meta'], base_paths=['.'], packages_ignore=None, packages_ignore_regex=None, paths=None, packages_up_to=None, packages_up_to_regex=None, packages_above=None, packages_above_and_dependencies=None, packages_above_depth=None, packages_select_by_dep=None, packages_skip_by_dep=None, packages_skip_up_to=None, packages_select_build_failed=False, packages_skip_build_finished=False, packages_select_test_failures=False, packages_skip_test_passed=False, packages_select=None, packages_skip=None, packages_select_regex=None, packages_skip_regex=None, packages_start=None, packages_end=None, cmake_args=None, cmake_target=None, cmake_target_skip_unavailable=False, cmake_clean_cache=False, cmake_clean_first=False, cmake_force_configure=False, ament_cmake_args=None, catkin_cmake_args=None, catkin_skip_building_tests=False, verb_parser=<colcon_defaults.argument_parser.defaults.DefaultArgumentsDecorator object at 0x7f81ffe1d0>, verb_extension=<colcon_core.verb.build.BuildVerb object at 0x7f81ffdcc0>, main=<bound method BuildVerb.main of <colcon_core.verb.build.BuildVerb object at 0x7f81ffdcc0>>)[0m
[0.386s] [34mcolcon.colcon_core.package_discovery[0m [1;30mLevel 1[0m discover_packages(colcon_meta) check parameters
[0.386s] [34mcolcon.colcon_core.package_discovery[0m [1;30mLevel 1[0m discover_packages(recursive) check parameters
[0.386s] [34mcolcon.colcon_core.package_discovery[0m [1;30mLevel 1[0m discover_packages(ignore) check parameters
[0.386s] [34mcolcon.colcon_core.package_discovery[0m [1;30mLevel 1[0m discover_packages(path) check parameters
[0.386s] [34mcolcon.colcon_core.package_discovery[0m [1;30mLevel 1[0m discover_packages(colcon_meta) discover
[0.387s] [34mcolcon.colcon_core.package_discovery[0m [1;30mLevel 1[0m discover_packages(recursive) discover
[0.387s] [34mcolcon.colcon_core.package_discovery[0m [1;30mINFO[0m Crawling recursively for packages in '/home/orangepi/uvg_car'
[0.387s] [34mcolcon.colcon_core.package_identification[0m [1;30mLevel 1[0m _identify(.) by extensions ['ignore', 'ignore_ament_install']
[0.387s] [34mcolcon.colcon_core.package_identification[0m [1;30mLevel 1[0m _identify(.) by extension 'ignore'
[0.387s] [34mcolcon.colcon_core.package_identification[0m [1;30mLevel 1[0m _identify(.) by extension 'ignore_ament_install'
[0.387s] [34mcolcon.colcon_core.package_identification[0m [1;30mLevel 1[0m _identify(.) by extensions ['colcon_pkg']
[0.387s] [34mcolcon.colcon_core.package_identification[0m [1;30mLevel 1[0m _identify(.) by extension 'colcon_pkg'
[0.387s] [34mcolcon.colcon_core.package_identification[0m [1;30mLevel 1[0m _identify(.) by extensions ['colcon_meta']
[0.387s] [34mcolcon.colcon_core.package_identification[0m [1;30mLevel 1[0m _identify(.) by extension 'colcon_meta'
[0.387s] [34mcolcon.colcon_core.package_identification[0m [1;30mLevel 1[0m _identify(.) by extensions ['ros']
[0.387s] [34mcolcon.colcon_core.package_identification[0m [1;30mLevel 1[0m _identify(.) by extension 'ros'
[0.405s] [34mcolcon.colcon_core.package_identification[0m [1;30mLevel 1[0m _identify(.) by extensions ['cmake', 'python']
[0.405s] [34mcolcon.colcon_core.package_identification[0m [1;30mLevel 1[0m _identify(.) by extension 'cmake'
[0.405s] [34mcolcon.colcon_core.package_identification[0m [1;30mLevel 1[0m _identify(.) by extension 'python'
[0.405s] [34mcolcon.colcon_core.package_identification[0m [1;30mLevel 1[0m _identify(.) by extensions ['python_setup_py']
[0.405s] [34mcolcon.colcon_core.package_identification[0m [1;30mLevel 1[0m _identify(.) by extension 'python_setup_py'
[0.405s] [34mcolcon.colcon_core.package_identification[0m [1;30mLevel 1[0m _identify(build) by extensions ['ignore', 'ignore_ament_install']
[0.406s] [34mcolcon.colcon_core.package_identification[0m [1;30mLevel 1[0m _identify(build) by extension 'ignore'
[0.406s] [34mcolcon.colcon_core.package_identification[0m [1;30mLevel 1[0m _identify(build) ignored
[0.406s] [34mcolcon.colcon_core.package_identification[0m [1;30mLevel 1[0m _identify(install) by extensions ['ignore', 'ignore_ament_install']
[0.406s] [34mcolcon.colcon_core.package_identification[0m [1;30mLevel 1[0m _identify(install) by extension 'ignore'
[0.406s] [34mcolcon.colcon_core.package_identification[0m [1;30mLevel 1[0m _identify(install) ignored
[0.406s] [34mcolcon.colcon_core.package_identification[0m [1;30mLevel 1[0m _identify(log) by extensions ['ignore', 'ignore_ament_install']
[0.406s] [34mcolcon.colcon_core.package_identification[0m [1;30mLevel 1[0m _identify(log) by extension 'ignore'
[0.406s] [34mcolcon.colcon_core.package_identification[0m [1;30mLevel 1[0m _identify(log) ignored
[0.406s] [34mcolcon.colcon_core.package_identification[0m [1;30mLevel 1[0m _identify(src) by extensions ['ignore', 'ignore_ament_install']
[0.407s] [34mcolcon.colcon_core.package_identification[0m [1;30mLevel 1[0m _identify(src) by extension 'ignore'
[0.407s] [34mcolcon.colcon_core.package_identification[0m [1;30mLevel 1[0m _identify(src) by extension 'ignore_ament_install'
[0.407s] [34mcolcon.colcon_core.package_identification[0m [1;30mLevel 1[0m _identify(src) by extensions ['colcon_pkg']
[0.407s] [34mcolcon.colcon_core.package_identification[0m [1;30mLevel 1[0m _identify(src) by extension 'colcon_pkg'
[0.407s] [34mcolcon.colcon_core.package_identification[0m [1;30mLevel 1[0m _identify(src) by extensions ['colcon_meta']
[0.407s] [34mcolcon.colcon_core.package_identification[0m [1;30mLevel 1[0m _identify(src) by extension 'colcon_meta'
[0.407s] [34mcolcon.colcon_core.package_identification[0m [1;30mLevel 1[0m _identify(src) by extensions ['ros']
[0.407s] [34mcolcon.colcon_core.package_identification[0m [1;30mLevel 1[0m _identify(src) by extension 'ros'
[0.407s] [34mcolcon.colcon_core.package_identification[0m [1;30mLevel 1[0m _identify(src) by extensions ['cmake', 'python']
[0.407s] [34mcolcon.colcon_core.package_identification[0m [1;30mLevel 1[0m _identify(src) by extension 'cmake'
[0.407s] [34mcolcon.colcon_core.package_identification[0m [1;30mLevel 1[0m _identify(src) by extension 'python'
[0.407s] [34mcolcon.colcon_core.package_identification[0m [1;30mLevel 1[0m _identify(src) by extensions ['python_setup_py']
[0.407s] [34mcolcon.colcon_core.package_identification[0m [1;30mLevel 1[0m _identify(src) by extension 'python_setup_py'
[0.407s] [34mcolcon.colcon_core.package_identification[0m [1;30mLevel 1[0m _identify(src/LSLIDAR_X_ROS2-20240228) by extensions ['ignore', 'ignore_ament_install']
[0.407s] [34mcolcon.colcon_core.package_identification[0m [1;30mLevel 1[0m _identify(src/LSLIDAR_X_ROS2-20240228) by extension 'ignore'
[0.407s] [34mcolcon.colcon_core.package_identification[0m [1;30mLevel 1[0m _identify(src/LSLIDAR_X_ROS2-20240228) by extension 'ignore_ament_install'
[0.407s] [34mcolcon.colcon_core.package_identification[0m [1;30mLevel 1[0m _identify(src/LSLIDAR_X_ROS2-20240228) by extensions ['colcon_pkg']
[0.408s] [34mcolcon.colcon_core.package_identification[0m [1;30mLevel 1[0m _identify(src/LSLIDAR_X_ROS2-20240228) by extension 'colcon_pkg'
[0.408s] [34mcolcon.colcon_core.package_identification[0m [1;30mLevel 1[0m _identify(src/LSLIDAR_X_ROS2-20240228) by extensions ['colcon_meta']
[0.408s] [34mcolcon.colcon_core.package_identification[0m [1;30mLevel 1[0m _identify(src/LSLIDAR_X_ROS2-20240228) by extension 'colcon_meta'
[0.408s] [34mcolcon.colcon_core.package_identification[0m [1;30mLevel 1[0m _identify(src/LSLIDAR_X_ROS2-20240228) by extensions ['ros']
[0.408s] [34mcolcon.colcon_core.package_identification[0m [1;30mLevel 1[0m _identify(src/LSLIDAR_X_ROS2-20240228) by extension 'ros'
[0.408s] [34mcolcon.colcon_core.package_identification[0m [1;30mLevel 1[0m _identify(src/LSLIDAR_X_ROS2-20240228) by extensions ['cmake', 'python']
[0.408s] [34mcolcon.colcon_core.package_identification[0m [1;30mLevel 1[0m _identify(src/LSLIDAR_X_ROS2-20240228) by extension 'cmake'
[0.408s] [34mcolcon.colcon_core.package_identification[0m [1;30mLevel 1[0m _identify(src/LSLIDAR_X_ROS2-20240228) by extension 'python'
[0.408s] [34mcolcon.colcon_core.package_identification[0m [1;30mLevel 1[0m _identify(src/LSLIDAR_X_ROS2-20240228) by extensions ['python_setup_py']
[0.408s] [34mcolcon.colcon_core.package_identification[0m [1;30mLevel 1[0m _identify(src/LSLIDAR_X_ROS2-20240228) by extension 'python_setup_py'
[0.408s] [34mcolcon.colcon_core.package_identification[0m [1;30mLevel 1[0m _identify(src/LSLIDAR_X_ROS2-20240228/src) by extensions ['ignore', 'ignore_ament_install']
[0.408s] [34mcolcon.colcon_core.package_identification[0m [1;30mLevel 1[0m _identify(src/LSLIDAR_X_ROS2-20240228/src) by extension 'ignore'
[0.408s] [34mcolcon.colcon_core.package_identification[0m [1;30mLevel 1[0m _identify(src/LSLIDAR_X_ROS2-20240228/src) by extension 'ignore_ament_install'
[0.408s] [34mcolcon.colcon_core.package_identification[0m [1;30mLevel 1[0m _identify(src/LSLIDAR_X_ROS2-20240228/src) by extensions ['colcon_pkg']
[0.408s] [34mcolcon.colcon_core.package_identification[0m [1;30mLevel 1[0m _identify(src/LSLIDAR_X_ROS2-20240228/src) by extension 'colcon_pkg'
[0.408s] [34mcolcon.colcon_core.package_identification[0m [1;30mLevel 1[0m _identify(src/LSLIDAR_X_ROS2-20240228/src) by extensions ['colcon_meta']
[0.408s] [34mcolcon.colcon_core.package_identification[0m [1;30mLevel 1[0m _identify(src/LSLIDAR_X_ROS2-20240228/src) by extension 'colcon_meta'
[0.408s] [34mcolcon.colcon_core.package_identification[0m [1;30mLevel 1[0m _identify(src/LSLIDAR_X_ROS2-20240228/src) by extensions ['ros']
[0.408s] [34mcolcon.colcon_core.package_identification[0m [1;30mLevel 1[0m _identify(src/LSLIDAR_X_ROS2-20240228/src) by extension 'ros'
[0.409s] [34mcolcon.colcon_core.package_identification[0m [1;30mLevel 1[0m _identify(src/LSLIDAR_X_ROS2-20240228/src) by extensions ['cmake', 'python']
[0.409s] [34mcolcon.colcon_core.package_identification[0m [1;30mLevel 1[0m _identify(src/LSLIDAR_X_ROS2-20240228/src) by extension 'cmake'
[0.409s] [34mcolcon.colcon_core.package_identification[0m [1;30mLevel 1[0m _identify(src/LSLIDAR_X_ROS2-20240228/src) by extension 'python'
[0.409s] [34mcolcon.colcon_core.package_identification[0m [1;30mLevel 1[0m _identify(src/LSLIDAR_X_ROS2-20240228/src) by extensions ['python_setup_py']
[0.409s] [34mcolcon.colcon_core.package_identification[0m [1;30mLevel 1[0m _identify(src/LSLIDAR_X_ROS2-20240228/src) by extension 'python_setup_py'
[0.409s] [34mcolcon.colcon_core.package_identification[0m [1;30mLevel 1[0m _identify(src/LSLIDAR_X_ROS2-20240228/src/lslidar_driver) by extensions ['ignore', 'ignore_ament_install']
[0.409s] [34mcolcon.colcon_core.package_identification[0m [1;30mLevel 1[0m _identify(src/LSLIDAR_X_ROS2-20240228/src/lslidar_driver) by extension 'ignore'
[0.409s] [34mcolcon.colcon_core.package_identification[0m [1;30mLevel 1[0m _identify(src/LSLIDAR_X_ROS2-20240228/src/lslidar_driver) by extension 'ignore_ament_install'
[0.409s] [34mcolcon.colcon_core.package_identification[0m [1;30mLevel 1[0m _identify(src/LSLIDAR_X_ROS2-20240228/src/lslidar_driver) by extensions ['colcon_pkg']
[0.409s] [34mcolcon.colcon_core.package_identification[0m [1;30mLevel 1[0m _identify(src/LSLIDAR_X_ROS2-20240228/src/lslidar_driver) by extension 'colcon_pkg'
[0.409s] [34mcolcon.colcon_core.package_identification[0m [1;30mLevel 1[0m _identify(src/LSLIDAR_X_ROS2-20240228/src/lslidar_driver) by extensions ['colcon_meta']
[0.409s] [34mcolcon.colcon_core.package_identification[0m [1;30mLevel 1[0m _identify(src/LSLIDAR_X_ROS2-20240228/src/lslidar_driver) by extension 'colcon_meta'
[0.409s] [34mcolcon.colcon_core.package_identification[0m [1;30mLevel 1[0m _identify(src/LSLIDAR_X_ROS2-20240228/src/lslidar_driver) by extensions ['ros']
[0.409s] [34mcolcon.colcon_core.package_identification[0m [1;30mLevel 1[0m _identify(src/LSLIDAR_X_ROS2-20240228/src/lslidar_driver) by extension 'ros'
[0.414s] [34mcolcon.colcon_core.package_identification[0m [1;30mDEBUG[0m [32mPackage 'src/LSLIDAR_X_ROS2-20240228/src/lslidar_driver' with type 'ros.ament_cmake' and name 'lslidar_driver'[0m
[0.414s] [34mcolcon.colcon_core.package_identification[0m [1;30mLevel 1[0m _identify(src/LSLIDAR_X_ROS2-20240228/src/lslidar_msgs) by extensions ['ignore', 'ignore_ament_install']
[0.414s] [34mcolcon.colcon_core.package_identification[0m [1;30mLevel 1[0m _identify(src/LSLIDAR_X_ROS2-20240228/src/lslidar_msgs) by extension 'ignore'
[0.414s] [34mcolcon.colcon_core.package_identification[0m [1;30mLevel 1[0m _identify(src/LSLIDAR_X_ROS2-20240228/src/lslidar_msgs) by extension 'ignore_ament_install'
[0.414s] [34mcolcon.colcon_core.package_identification[0m [1;30mLevel 1[0m _identify(src/LSLIDAR_X_ROS2-20240228/src/lslidar_msgs) by extensions ['colcon_pkg']
[0.415s] [34mcolcon.colcon_core.package_identification[0m [1;30mLevel 1[0m _identify(src/LSLIDAR_X_ROS2-20240228/src/lslidar_msgs) by extension 'colcon_pkg'
[0.415s] [34mcolcon.colcon_core.package_identification[0m [1;30mLevel 1[0m _identify(src/LSLIDAR_X_ROS2-20240228/src/lslidar_msgs) by extensions ['colcon_meta']
[0.415s] [34mcolcon.colcon_core.package_identification[0m [1;30mLevel 1[0m _identify(src/LSLIDAR_X_ROS2-20240228/src/lslidar_msgs) by extension 'colcon_meta'
[0.415s] [34mcolcon.colcon_core.package_identification[0m [1;30mLevel 1[0m _identify(src/LSLIDAR_X_ROS2-20240228/src/lslidar_msgs) by extensions ['ros']
[0.415s] [34mcolcon.colcon_core.package_identification[0m [1;30mLevel 1[0m _identify(src/LSLIDAR_X_ROS2-20240228/src/lslidar_msgs) by extension 'ros'
[0.416s] [34mcolcon.colcon_core.package_identification[0m [1;30mDEBUG[0m [32mPackage 'src/LSLIDAR_X_ROS2-20240228/src/lslidar_msgs' with type 'ros.ament_cmake' and name 'lslidar_msgs'[0m
[0.416s] [34mcolcon.colcon_core.package_identification[0m [1;30mLevel 1[0m _identify(src/fishbot_cartographer) by extensions ['ignore', 'ignore_ament_install']
[0.416s] [34mcolcon.colcon_core.package_identification[0m [1;30mLevel 1[0m _identify(src/fishbot_cartographer) by extension 'ignore'
[0.416s] [34mcolcon.colcon_core.package_identification[0m [1;30mLevel 1[0m _identify(src/fishbot_cartographer) by extension 'ignore_ament_install'
[0.416s] [34mcolcon.colcon_core.package_identification[0m [1;30mLevel 1[0m _identify(src/fishbot_cartographer) by extensions ['colcon_pkg']
[0.416s] [34mcolcon.colcon_core.package_identification[0m [1;30mLevel 1[0m _identify(src/fishbot_cartographer) by extension 'colcon_pkg'
[0.416s] [34mcolcon.colcon_core.package_identification[0m [1;30mLevel 1[0m _identify(src/fishbot_cartographer) by extensions ['colcon_meta']
[0.416s] [34mcolcon.colcon_core.package_identification[0m [1;30mLevel 1[0m _identify(src/fishbot_cartographer) by extension 'colcon_meta'
[0.416s] [34mcolcon.colcon_core.package_identification[0m [1;30mLevel 1[0m _identify(src/fishbot_cartographer) by extensions ['ros']
[0.416s] [34mcolcon.colcon_core.package_identification[0m [1;30mLevel 1[0m _identify(src/fishbot_cartographer) by extension 'ros'
[0.419s] [34mcolcon.colcon_core.package_identification[0m [1;30mDEBUG[0m [32mPackage 'src/fishbot_cartographer' with type 'ros.ament_cmake' and name 'fishbot_cartographer'[0m
[0.420s] [34mcolcon.colcon_core.package_identification[0m [1;30mLevel 1[0m _identify(src/fishbot_navigation2) by extensions ['ignore', 'ignore_ament_install']
[0.420s] [34mcolcon.colcon_core.package_identification[0m [1;30mLevel 1[0m _identify(src/fishbot_navigation2) by extension 'ignore'
[0.420s] [34mcolcon.colcon_core.package_identification[0m [1;30mLevel 1[0m _identify(src/fishbot_navigation2) by extension 'ignore_ament_install'
[0.420s] [34mcolcon.colcon_core.package_identification[0m [1;30mLevel 1[0m _identify(src/fishbot_navigation2) by extensions ['colcon_pkg']
[0.420s] [34mcolcon.colcon_core.package_identification[0m [1;30mLevel 1[0m _identify(src/fishbot_navigation2) by extension 'colcon_pkg'
[0.420s] [34mcolcon.colcon_core.package_identification[0m [1;30mLevel 1[0m _identify(src/fishbot_navigation2) by extensions ['colcon_meta']
[0.420s] [34mcolcon.colcon_core.package_identification[0m [1;30mLevel 1[0m _identify(src/fishbot_navigation2) by extension 'colcon_meta'
[0.420s] [34mcolcon.colcon_core.package_identification[0m [1;30mLevel 1[0m _identify(src/fishbot_navigation2) by extensions ['ros']
[0.420s] [34mcolcon.colcon_core.package_identification[0m [1;30mLevel 1[0m _identify(src/fishbot_navigation2) by extension 'ros'
[0.421s] [34mcolcon.colcon_core.package_identification[0m [1;30mDEBUG[0m [32mPackage 'src/fishbot_navigation2' with type 'ros.ament_cmake' and name 'fishbot_navigation2'[0m
[0.421s] [34mcolcon.colcon_core.package_identification[0m [1;30mLevel 1[0m _identify(src/wit_ros2_imu) by extensions ['ignore', 'ignore_ament_install']
[0.421s] [34mcolcon.colcon_core.package_identification[0m [1;30mLevel 1[0m _identify(src/wit_ros2_imu) by extension 'ignore'
[0.421s] [34mcolcon.colcon_core.package_identification[0m [1;30mLevel 1[0m _identify(src/wit_ros2_imu) by extension 'ignore_ament_install'
[0.421s] [34mcolcon.colcon_core.package_identification[0m [1;30mLevel 1[0m _identify(src/wit_ros2_imu) by extensions ['colcon_pkg']
[0.421s] [34mcolcon.colcon_core.package_identification[0m [1;30mLevel 1[0m _identify(src/wit_ros2_imu) by extension 'colcon_pkg'
[0.421s] [34mcolcon.colcon_core.package_identification[0m [1;30mLevel 1[0m _identify(src/wit_ros2_imu) by extensions ['colcon_meta']
[0.421s] [34mcolcon.colcon_core.package_identification[0m [1;30mLevel 1[0m _identify(src/wit_ros2_imu) by extension 'colcon_meta'
[0.421s] [34mcolcon.colcon_core.package_identification[0m [1;30mLevel 1[0m _identify(src/wit_ros2_imu) by extensions ['ros']
[0.421s] [34mcolcon.colcon_core.package_identification[0m [1;30mLevel 1[0m _identify(src/wit_ros2_imu) by extension 'ros'
[0.422s] [34mcolcon.colcon_core.package_identification[0m [1;30mDEBUG[0m [32mPackage 'src/wit_ros2_imu' with type 'ros.ament_python' and name 'wit_ros2_imu'[0m
[0.422s] [34mcolcon.colcon_core.package_discovery[0m [1;30mLevel 1[0m discover_packages(recursive) using defaults
[0.422s] [34mcolcon.colcon_core.package_discovery[0m [1;30mLevel 1[0m discover_packages(ignore) discover
[0.422s] [34mcolcon.colcon_core.package_discovery[0m [1;30mLevel 1[0m discover_packages(ignore) using defaults
[0.422s] [34mcolcon.colcon_core.package_discovery[0m [1;30mLevel 1[0m discover_packages(path) discover
[0.422s] [34mcolcon.colcon_core.package_discovery[0m [1;30mLevel 1[0m discover_packages(path) using defaults
[0.498s] [34mcolcon.colcon_core.verb[0m [1;30mLevel 5[0m set package 'fishbot_cartographer' build argument 'cmake_args' from command line to 'None'
[0.498s] [34mcolcon.colcon_core.verb[0m [1;30mLevel 5[0m set package 'fishbot_cartographer' build argument 'cmake_target' from command line to 'None'
[0.498s] [34mcolcon.colcon_core.verb[0m [1;30mLevel 5[0m set package 'fishbot_cartographer' build argument 'cmake_target_skip_unavailable' from command line to 'False'
[0.498s] [34mcolcon.colcon_core.verb[0m [1;30mLevel 5[0m set package 'fishbot_cartographer' build argument 'cmake_clean_cache' from command line to 'False'
[0.498s] [34mcolcon.colcon_core.verb[0m [1;30mLevel 5[0m set package 'fishbot_cartographer' build argument 'cmake_clean_first' from command line to 'False'
[0.498s] [34mcolcon.colcon_core.verb[0m [1;30mLevel 5[0m set package 'fishbot_cartographer' build argument 'cmake_force_configure' from command line to 'False'
[0.498s] [34mcolcon.colcon_core.verb[0m [1;30mLevel 5[0m set package 'fishbot_cartographer' build argument 'ament_cmake_args' from command line to 'None'
[0.498s] [34mcolcon.colcon_core.verb[0m [1;30mLevel 5[0m set package 'fishbot_cartographer' build argument 'catkin_cmake_args' from command line to 'None'
[0.498s] [34mcolcon.colcon_core.verb[0m [1;30mLevel 5[0m set package 'fishbot_cartographer' build argument 'catkin_skip_building_tests' from command line to 'False'
[0.498s] [34mcolcon.colcon_core.verb[0m [1;30mDEBUG[0m [32mBuilding package 'fishbot_cartographer' with the following arguments: {'ament_cmake_args': None, 'build_base': '/home/orangepi/uvg_car/build/fishbot_cartographer', 'catkin_cmake_args': None, 'catkin_skip_building_tests': False, 'cmake_args': None, 'cmake_clean_cache': False, 'cmake_clean_first': False, 'cmake_force_configure': False, 'cmake_target': None, 'cmake_target_skip_unavailable': False, 'install_base': '/home/orangepi/uvg_car/install/fishbot_cartographer', 'merge_install': False, 'path': '/home/orangepi/uvg_car/src/fishbot_cartographer', 'symlink_install': False, 'test_result_base': None}[0m
[0.499s] [34mcolcon.colcon_core.verb[0m [1;30mLevel 5[0m set package 'fishbot_navigation2' build argument 'cmake_args' from command line to 'None'
[0.499s] [34mcolcon.colcon_core.verb[0m [1;30mLevel 5[0m set package 'fishbot_navigation2' build argument 'cmake_target' from command line to 'None'
[0.499s] [34mcolcon.colcon_core.verb[0m [1;30mLevel 5[0m set package 'fishbot_navigation2' build argument 'cmake_target_skip_unavailable' from command line to 'False'
[0.499s] [34mcolcon.colcon_core.verb[0m [1;30mLevel 5[0m set package 'fishbot_navigation2' build argument 'cmake_clean_cache' from command line to 'False'
[0.499s] [34mcolcon.colcon_core.verb[0m [1;30mLevel 5[0m set package 'fishbot_navigation2' build argument 'cmake_clean_first' from command line to 'False'
[0.499s] [34mcolcon.colcon_core.verb[0m [1;30mLevel 5[0m set package 'fishbot_navigation2' build argument 'cmake_force_configure' from command line to 'False'
[0.499s] [34mcolcon.colcon_core.verb[0m [1;30mLevel 5[0m set package 'fishbot_navigation2' build argument 'ament_cmake_args' from command line to 'None'
[0.499s] [34mcolcon.colcon_core.verb[0m [1;30mLevel 5[0m set package 'fishbot_navigation2' build argument 'catkin_cmake_args' from command line to 'None'
[0.499s] [34mcolcon.colcon_core.verb[0m [1;30mLevel 5[0m set package 'fishbot_navigation2' build argument 'catkin_skip_building_tests' from command line to 'False'
[0.499s] [34mcolcon.colcon_core.verb[0m [1;30mDEBUG[0m [32mBuilding package 'fishbot_navigation2' with the following arguments: {'ament_cmake_args': None, 'build_base': '/home/orangepi/uvg_car/build/fishbot_navigation2', 'catkin_cmake_args': None, 'catkin_skip_building_tests': False, 'cmake_args': None, 'cmake_clean_cache': False, 'cmake_clean_first': False, 'cmake_force_configure': False, 'cmake_target': None, 'cmake_target_skip_unavailable': False, 'install_base': '/home/orangepi/uvg_car/install/fishbot_navigation2', 'merge_install': False, 'path': '/home/orangepi/uvg_car/src/fishbot_navigation2', 'symlink_install': False, 'test_result_base': None}[0m
[0.500s] [34mcolcon.colcon_core.verb[0m [1;30mLevel 5[0m set package 'lslidar_msgs' build argument 'cmake_args' from command line to 'None'
[0.500s] [34mcolcon.colcon_core.verb[0m [1;30mLevel 5[0m set package 'lslidar_msgs' build argument 'cmake_target' from command line to 'None'
[0.500s] [34mcolcon.colcon_core.verb[0m [1;30mLevel 5[0m set package 'lslidar_msgs' build argument 'cmake_target_skip_unavailable' from command line to 'False'
[0.500s] [34mcolcon.colcon_core.verb[0m [1;30mLevel 5[0m set package 'lslidar_msgs' build argument 'cmake_clean_cache' from command line to 'False'
[0.500s] [34mcolcon.colcon_core.verb[0m [1;30mLevel 5[0m set package 'lslidar_msgs' build argument 'cmake_clean_first' from command line to 'False'
[0.500s] [34mcolcon.colcon_core.verb[0m [1;30mLevel 5[0m set package 'lslidar_msgs' build argument 'cmake_force_configure' from command line to 'False'
[0.500s] [34mcolcon.colcon_core.verb[0m [1;30mLevel 5[0m set package 'lslidar_msgs' build argument 'ament_cmake_args' from command line to 'None'
[0.500s] [34mcolcon.colcon_core.verb[0m [1;30mLevel 5[0m set package 'lslidar_msgs' build argument 'catkin_cmake_args' from command line to 'None'
[0.500s] [34mcolcon.colcon_core.verb[0m [1;30mLevel 5[0m set package 'lslidar_msgs' build argument 'catkin_skip_building_tests' from command line to 'False'
[0.500s] [34mcolcon.colcon_core.verb[0m [1;30mDEBUG[0m [32mBuilding package 'lslidar_msgs' with the following arguments: {'ament_cmake_args': None, 'build_base': '/home/orangepi/uvg_car/build/lslidar_msgs', 'catkin_cmake_args': None, 'catkin_skip_building_tests': False, 'cmake_args': None, 'cmake_clean_cache': False, 'cmake_clean_first': False, 'cmake_force_configure': False, 'cmake_target': None, 'cmake_target_skip_unavailable': False, 'install_base': '/home/orangepi/uvg_car/install/lslidar_msgs', 'merge_install': False, 'path': '/home/orangepi/uvg_car/src/LSLIDAR_X_ROS2-20240228/src/lslidar_msgs', 'symlink_install': False, 'test_result_base': None}[0m
[0.501s] [34mcolcon.colcon_core.verb[0m [1;30mLevel 5[0m set package 'wit_ros2_imu' build argument 'cmake_args' from command line to 'None'
[0.501s] [34mcolcon.colcon_core.verb[0m [1;30mLevel 5[0m set package 'wit_ros2_imu' build argument 'cmake_target' from command line to 'None'
[0.501s] [34mcolcon.colcon_core.verb[0m [1;30mLevel 5[0m set package 'wit_ros2_imu' build argument 'cmake_target_skip_unavailable' from command line to 'False'
[0.501s] [34mcolcon.colcon_core.verb[0m [1;30mLevel 5[0m set package 'wit_ros2_imu' build argument 'cmake_clean_cache' from command line to 'False'
[0.501s] [34mcolcon.colcon_core.verb[0m [1;30mLevel 5[0m set package 'wit_ros2_imu' build argument 'cmake_clean_first' from command line to 'False'
[0.501s] [34mcolcon.colcon_core.verb[0m [1;30mLevel 5[0m set package 'wit_ros2_imu' build argument 'cmake_force_configure' from command line to 'False'
[0.501s] [34mcolcon.colcon_core.verb[0m [1;30mLevel 5[0m set package 'wit_ros2_imu' build argument 'ament_cmake_args' from command line to 'None'
[0.501s] [34mcolcon.colcon_core.verb[0m [1;30mLevel 5[0m set package 'wit_ros2_imu' build argument 'catkin_cmake_args' from command line to 'None'
[0.501s] [34mcolcon.colcon_core.verb[0m [1;30mLevel 5[0m set package 'wit_ros2_imu' build argument 'catkin_skip_building_tests' from command line to 'False'
[0.501s] [34mcolcon.colcon_core.verb[0m [1;30mDEBUG[0m [32mBuilding package 'wit_ros2_imu' with the following arguments: {'ament_cmake_args': None, 'build_base': '/home/orangepi/uvg_car/build/wit_ros2_imu', 'catkin_cmake_args': None, 'catkin_skip_building_tests': False, 'cmake_args': None, 'cmake_clean_cache': False, 'cmake_clean_first': False, 'cmake_force_configure': False, 'cmake_target': None, 'cmake_target_skip_unavailable': False, 'install_base': '/home/orangepi/uvg_car/install/wit_ros2_imu', 'merge_install': False, 'path': '/home/orangepi/uvg_car/src/wit_ros2_imu', 'symlink_install': False, 'test_result_base': None}[0m
[0.501s] [34mcolcon.colcon_core.verb[0m [1;30mLevel 5[0m set package 'lslidar_driver' build argument 'cmake_args' from command line to 'None'
[0.501s] [34mcolcon.colcon_core.verb[0m [1;30mLevel 5[0m set package 'lslidar_driver' build argument 'cmake_target' from command line to 'None'
[0.501s] [34mcolcon.colcon_core.verb[0m [1;30mLevel 5[0m set package 'lslidar_driver' build argument 'cmake_target_skip_unavailable' from command line to 'False'
[0.501s] [34mcolcon.colcon_core.verb[0m [1;30mLevel 5[0m set package 'lslidar_driver' build argument 'cmake_clean_cache' from command line to 'False'
[0.501s] [34mcolcon.colcon_core.verb[0m [1;30mLevel 5[0m set package 'lslidar_driver' build argument 'cmake_clean_first' from command line to 'False'
[0.501s] [34mcolcon.colcon_core.verb[0m [1;30mLevel 5[0m set package 'lslidar_driver' build argument 'cmake_force_configure' from command line to 'False'
[0.501s] [34mcolcon.colcon_core.verb[0m [1;30mLevel 5[0m set package 'lslidar_driver' build argument 'ament_cmake_args' from command line to 'None'
[0.502s] [34mcolcon.colcon_core.verb[0m [1;30mLevel 5[0m set package 'lslidar_driver' build argument 'catkin_cmake_args' from command line to 'None'
[0.502s] [34mcolcon.colcon_core.verb[0m [1;30mLevel 5[0m set package 'lslidar_driver' build argument 'catkin_skip_building_tests' from command line to 'False'
[0.502s] [34mcolcon.colcon_core.verb[0m [1;30mDEBUG[0m [32mBuilding package 'lslidar_driver' with the following arguments: {'ament_cmake_args': None, 'build_base': '/home/orangepi/uvg_car/build/lslidar_driver', 'catkin_cmake_args': None, 'catkin_skip_building_tests': False, 'cmake_args': None, 'cmake_clean_cache': False, 'cmake_clean_first': False, 'cmake_force_configure': False, 'cmake_target': None, 'cmake_target_skip_unavailable': False, 'install_base': '/home/orangepi/uvg_car/install/lslidar_driver', 'merge_install': False, 'path': '/home/orangepi/uvg_car/src/LSLIDAR_X_ROS2-20240228/src/lslidar_driver', 'symlink_install': False, 'test_result_base': None}[0m
[0.502s] [34mcolcon.colcon_core.executor[0m [1;30mINFO[0m Executing jobs using 'parallel' executor
[0.504s] [34mcolcon.colcon_parallel_executor.executor.parallel[0m [1;30mDEBUG[0m [32mrun_until_complete[0m
[0.504s] [34mcolcon.colcon_ros.task.ament_cmake.build[0m [1;30mINFO[0m Building ROS package in '/home/orangepi/uvg_car/src/LSLIDAR_X_ROS2-20240228/src/lslidar_msgs' with build type 'ament_cmake'
[0.505s] [34mcolcon.colcon_cmake.task.cmake.build[0m [1;30mINFO[0m Building CMake package in '/home/orangepi/uvg_car/src/LSLIDAR_X_ROS2-20240228/src/lslidar_msgs'
[0.508s] [34mcolcon.colcon_core.plugin_system[0m [1;30mINFO[0m Skipping extension 'colcon_core.shell.bat': Not used on non-Windows systems
[0.509s] [34mcolcon.colcon_core.shell[0m [1;30mINFO[0m Skip shell extension 'powershell' for command environment: Not usable outside of PowerShell
[0.509s] [34mcolcon.colcon_core.shell[0m [1;30mDEBUG[0m [32mSkip shell extension 'dsv' for command environment[0m
[0.517s] [34mcolcon.colcon_ros.task.ament_cmake.build[0m [1;30mINFO[0m Building ROS package in '/home/orangepi/uvg_car/src/fishbot_cartographer' with build type 'ament_cmake'
[0.517s] [34mcolcon.colcon_cmake.task.cmake.build[0m [1;30mINFO[0m Building CMake package in '/home/orangepi/uvg_car/src/fishbot_cartographer'
[0.518s] [34mcolcon.colcon_core.shell[0m [1;30mINFO[0m Skip shell extension 'powershell' for command environment: Not usable outside of PowerShell
[0.518s] [34mcolcon.colcon_core.shell[0m [1;30mDEBUG[0m [32mSkip shell extension 'dsv' for command environment[0m
[0.524s] [34mcolcon.colcon_ros.task.ament_cmake.build[0m [1;30mINFO[0m Building ROS package in '/home/orangepi/uvg_car/src/fishbot_navigation2' with build type 'ament_cmake'
[0.524s] [34mcolcon.colcon_cmake.task.cmake.build[0m [1;30mINFO[0m Building CMake package in '/home/orangepi/uvg_car/src/fishbot_navigation2'
[0.524s] [34mcolcon.colcon_core.shell[0m [1;30mINFO[0m Skip shell extension 'powershell' for command environment: Not usable outside of PowerShell
[0.525s] [34mcolcon.colcon_core.shell[0m [1;30mDEBUG[0m [32mSkip shell extension 'dsv' for command environment[0m
[0.536s] [34mcolcon.colcon_ros.task.ament_python.build[0m [1;30mINFO[0m Building ROS package in '/home/orangepi/uvg_car/src/wit_ros2_imu' with build type 'ament_python'
[0.537s] [34mcolcon.colcon_core.shell[0m [1;30mLevel 1[0m create_environment_hook('wit_ros2_imu', 'ament_prefix_path')
[0.537s] [34mcolcon.colcon_core.shell[0m [1;30mINFO[0m Creating environment hook '/home/orangepi/uvg_car/install/wit_ros2_imu/share/wit_ros2_imu/hook/ament_prefix_path.ps1'
[0.539s] [34mcolcon.colcon_core.shell[0m [1;30mINFO[0m Creating environment descriptor '/home/orangepi/uvg_car/install/wit_ros2_imu/share/wit_ros2_imu/hook/ament_prefix_path.dsv'
[0.541s] [34mcolcon.colcon_core.shell[0m [1;30mINFO[0m Creating environment hook '/home/orangepi/uvg_car/install/wit_ros2_imu/share/wit_ros2_imu/hook/ament_prefix_path.sh'
[0.543s] [34mcolcon.colcon_core.shell[0m [1;30mINFO[0m Skip shell extension 'powershell' for command environment: Not usable outside of PowerShell
[0.543s] [34mcolcon.colcon_core.shell[0m [1;30mDEBUG[0m [32mSkip shell extension 'dsv' for command environment[0m
[0.559s] [34mcolcon.colcon_core.event_handler.log_command[0m [1;30mDEBUG[0m [32mInvoking command in '/home/orangepi/uvg_car/build/lslidar_msgs': CMAKE_PREFIX_PATH=${CMAKE_PREFIX_PATH}:/home/orangepi/uvg_car/install/wit_ros2_imu:/home/orangepi/car_ros2/install/rknn_yolo:/opt/ros/humble /usr/bin/cmake --build /home/orangepi/uvg_car/build/lslidar_msgs -- -j8 -l8[0m
[0.568s] [34mcolcon.colcon_core.event_handler.log_command[0m [1;30mDEBUG[0m [32mInvoking command in '/home/orangepi/uvg_car/build/fishbot_cartographer': CMAKE_PREFIX_PATH=${CMAKE_PREFIX_PATH}:/home/orangepi/uvg_car/install/wit_ros2_imu:/home/orangepi/car_ros2/install/rknn_yolo:/opt/ros/humble /usr/bin/cmake --build /home/orangepi/uvg_car/build/fishbot_cartographer -- -j8 -l8[0m
[0.576s] [34mcolcon.colcon_core.event_handler.log_command[0m [1;30mDEBUG[0m [32mInvoking command in '/home/orangepi/uvg_car/build/fishbot_navigation2': CMAKE_PREFIX_PATH=${CMAKE_PREFIX_PATH}:/home/orangepi/uvg_car/install/wit_ros2_imu:/home/orangepi/car_ros2/install/rknn_yolo:/opt/ros/humble /usr/bin/cmake --build /home/orangepi/uvg_car/build/fishbot_navigation2 -- -j8 -l8[0m
[1.038s] [34mcolcon.colcon_core.task.python.build[0m [1;30mINFO[0m Building Python package in '/home/orangepi/uvg_car/src/wit_ros2_imu'
[1.040s] [34mcolcon.colcon_core.shell[0m [1;30mINFO[0m Skip shell extension 'powershell' for command environment: Not usable outside of PowerShell
[1.040s] [34mcolcon.colcon_core.shell[0m [1;30mDEBUG[0m [32mSkip shell extension 'dsv' for command environment[0m
[1.049s] [34mcolcon.colcon_core.event_handler.log_command[0m [1;30mDEBUG[0m [32mInvoked command in '/home/orangepi/uvg_car/build/fishbot_navigation2' returned '0': CMAKE_PREFIX_PATH=${CMAKE_PREFIX_PATH}:/home/orangepi/uvg_car/install/wit_ros2_imu:/home/orangepi/car_ros2/install/rknn_yolo:/opt/ros/humble /usr/bin/cmake --build /home/orangepi/uvg_car/build/fishbot_navigation2 -- -j8 -l8[0m
[1.061s] [34mcolcon.colcon_core.event_handler.log_command[0m [1;30mDEBUG[0m [32mInvoking command in '/home/orangepi/uvg_car/build/fishbot_navigation2': CMAKE_PREFIX_PATH=${CMAKE_PREFIX_PATH}:/home/orangepi/uvg_car/install/wit_ros2_imu:/home/orangepi/car_ros2/install/rknn_yolo:/opt/ros/humble /usr/bin/cmake --install /home/orangepi/uvg_car/build/fishbot_navigation2[0m
[1.062s] [34mcolcon.colcon_core.event_handler.log_command[0m [1;30mDEBUG[0m [32mInvoked command in '/home/orangepi/uvg_car/build/fishbot_cartographer' returned '0': CMAKE_PREFIX_PATH=${CMAKE_PREFIX_PATH}:/home/orangepi/uvg_car/install/wit_ros2_imu:/home/orangepi/car_ros2/install/rknn_yolo:/opt/ros/humble /usr/bin/cmake --build /home/orangepi/uvg_car/build/fishbot_cartographer -- -j8 -l8[0m
[1.068s] [34mcolcon.colcon_core.event_handler.log_command[0m [1;30mDEBUG[0m [32mInvoking command in '/home/orangepi/uvg_car/build/fishbot_cartographer': CMAKE_PREFIX_PATH=${CMAKE_PREFIX_PATH}:/home/orangepi/uvg_car/install/wit_ros2_imu:/home/orangepi/car_ros2/install/rknn_yolo:/opt/ros/humble /usr/bin/cmake --install /home/orangepi/uvg_car/build/fishbot_cartographer[0m
[1.088s] [34mcolcon.colcon_core.environment[0m [1;30mLevel 1[0m create_environment_scripts_only(fishbot_navigation2)
[1.095s] [34mcolcon.colcon_core.environment[0m [1;30mLevel 1[0m checking '/home/orangepi/uvg_car/install/fishbot_navigation2' for CMake module files
[1.098s] [34mcolcon.colcon_core.environment[0m [1;30mLevel 1[0m checking '/home/orangepi/uvg_car/install/fishbot_navigation2' for CMake config files
[1.102s] [34mcolcon.colcon_core.shell[0m [1;30mLevel 1[0m create_environment_hook('fishbot_navigation2', 'cmake_prefix_path')
[1.102s] [34mcolcon.colcon_core.shell[0m [1;30mINFO[0m Creating environment hook '/home/orangepi/uvg_car/install/fishbot_navigation2/share/fishbot_navigation2/hook/cmake_prefix_path.ps1'
[1.103s] [34mcolcon.colcon_core.event_handler.log_command[0m [1;30mDEBUG[0m [32mInvoked command in '/home/orangepi/uvg_car/build/fishbot_navigation2' returned '0': CMAKE_PREFIX_PATH=${CMAKE_PREFIX_PATH}:/home/orangepi/uvg_car/install/wit_ros2_imu:/home/orangepi/car_ros2/install/rknn_yolo:/opt/ros/humble /usr/bin/cmake --install /home/orangepi/uvg_car/build/fishbot_navigation2[0m
[1.104s] [34mcolcon.colcon_core.shell[0m [1;30mINFO[0m Creating environment descriptor '/home/orangepi/uvg_car/install/fishbot_navigation2/share/fishbot_navigation2/hook/cmake_prefix_path.dsv'
[1.105s] [34mcolcon.colcon_core.shell[0m [1;30mINFO[0m Creating environment hook '/home/orangepi/uvg_car/install/fishbot_navigation2/share/fishbot_navigation2/hook/cmake_prefix_path.sh'
[1.107s] [34mcolcon.colcon_core.environment[0m [1;30mLevel 1[0m checking '/home/orangepi/uvg_car/install/fishbot_navigation2/bin'
[1.107s] [34mcolcon.colcon_core.environment[0m [1;30mLevel 1[0m checking '/home/orangepi/uvg_car/install/fishbot_navigation2/lib/pkgconfig/fishbot_navigation2.pc'
[1.107s] [34mcolcon.colcon_core.environment[0m [1;30mLevel 1[0m checking '/home/orangepi/uvg_car/install/fishbot_navigation2/lib/python3.10/site-packages'
[1.108s] [34mcolcon.colcon_core.environment[0m [1;30mLevel 1[0m checking '/home/orangepi/uvg_car/install/fishbot_navigation2/bin'
[1.108s] [34mcolcon.colcon_core.shell[0m [1;30mINFO[0m Creating package script '/home/orangepi/uvg_car/install/fishbot_navigation2/share/fishbot_navigation2/package.ps1'
[1.110s] [34mcolcon.colcon_core.shell[0m [1;30mINFO[0m Creating package descriptor '/home/orangepi/uvg_car/install/fishbot_navigation2/share/fishbot_navigation2/package.dsv'
[1.111s] [34mcolcon.colcon_core.shell[0m [1;30mINFO[0m Creating package script '/home/orangepi/uvg_car/install/fishbot_navigation2/share/fishbot_navigation2/package.sh'
[1.112s] [34mcolcon.colcon_core.shell[0m [1;30mINFO[0m Creating package script '/home/orangepi/uvg_car/install/fishbot_navigation2/share/fishbot_navigation2/package.bash'
[1.114s] [34mcolcon.colcon_core.shell[0m [1;30mINFO[0m Creating package script '/home/orangepi/uvg_car/install/fishbot_navigation2/share/fishbot_navigation2/package.zsh'
[1.116s] [34mcolcon.colcon_core.environment[0m [1;30mLevel 1[0m create_file_with_runtime_dependencies(/home/orangepi/uvg_car/install/fishbot_navigation2/share/colcon-core/packages/fishbot_navigation2)
[1.117s] [34mcolcon.colcon_core.environment[0m [1;30mLevel 1[0m create_environment_scripts_only(fishbot_navigation2)
[1.117s] [34mcolcon.colcon_core.environment[0m [1;30mLevel 1[0m checking '/home/orangepi/uvg_car/install/fishbot_navigation2' for CMake module files
[1.118s] [34mcolcon.colcon_core.environment[0m [1;30mLevel 1[0m checking '/home/orangepi/uvg_car/install/fishbot_navigation2' for CMake config files
[1.118s] [34mcolcon.colcon_core.shell[0m [1;30mLevel 1[0m create_environment_hook('fishbot_navigation2', 'cmake_prefix_path')
[1.119s] [34mcolcon.colcon_core.shell[0m [1;30mINFO[0m Creating environment hook '/home/orangepi/uvg_car/install/fishbot_navigation2/share/fishbot_navigation2/hook/cmake_prefix_path.ps1'
[1.120s] [34mcolcon.colcon_core.shell[0m [1;30mINFO[0m Creating environment descriptor '/home/orangepi/uvg_car/install/fishbot_navigation2/share/fishbot_navigation2/hook/cmake_prefix_path.dsv'
[1.120s] [34mcolcon.colcon_core.shell[0m [1;30mINFO[0m Creating environment hook '/home/orangepi/uvg_car/install/fishbot_navigation2/share/fishbot_navigation2/hook/cmake_prefix_path.sh'
[1.122s] [34mcolcon.colcon_core.environment[0m [1;30mLevel 1[0m checking '/home/orangepi/uvg_car/install/fishbot_navigation2/bin'
[1.122s] [34mcolcon.colcon_core.environment[0m [1;30mLevel 1[0m checking '/home/orangepi/uvg_car/install/fishbot_navigation2/lib/pkgconfig/fishbot_navigation2.pc'
[1.122s] [34mcolcon.colcon_core.environment[0m [1;30mLevel 1[0m checking '/home/orangepi/uvg_car/install/fishbot_navigation2/lib/python3.10/site-packages'
[1.123s] [34mcolcon.colcon_core.environment[0m [1;30mLevel 1[0m checking '/home/orangepi/uvg_car/install/fishbot_navigation2/bin'
[1.123s] [34mcolcon.colcon_core.shell[0m [1;30mINFO[0m Creating package script '/home/orangepi/uvg_car/install/fishbot_navigation2/share/fishbot_navigation2/package.ps1'
[1.124s] [34mcolcon.colcon_core.shell[0m [1;30mINFO[0m Creating package descriptor '/home/orangepi/uvg_car/install/fishbot_navigation2/share/fishbot_navigation2/package.dsv'
[1.125s] [34mcolcon.colcon_core.shell[0m [1;30mINFO[0m Creating package script '/home/orangepi/uvg_car/install/fishbot_navigation2/share/fishbot_navigation2/package.sh'
[1.126s] [34mcolcon.colcon_core.shell[0m [1;30mINFO[0m Creating package script '/home/orangepi/uvg_car/install/fishbot_navigation2/share/fishbot_navigation2/package.bash'
[1.126s] [34mcolcon.colcon_core.shell[0m [1;30mINFO[0m Creating package script '/home/orangepi/uvg_car/install/fishbot_navigation2/share/fishbot_navigation2/package.zsh'
[1.127s] [34mcolcon.colcon_core.environment[0m [1;30mLevel 1[0m create_file_with_runtime_dependencies(/home/orangepi/uvg_car/install/fishbot_navigation2/share/colcon-core/packages/fishbot_navigation2)
[1.128s] [34mcolcon.colcon_core.environment[0m [1;30mLevel 1[0m create_environment_scripts_only(fishbot_cartographer)
[1.128s] [34mcolcon.colcon_core.environment[0m [1;30mLevel 1[0m checking '/home/orangepi/uvg_car/install/fishbot_cartographer' for CMake module files
[1.130s] [34mcolcon.colcon_core.environment[0m [1;30mLevel 1[0m checking '/home/orangepi/uvg_car/install/fishbot_cartographer' for CMake config files
[1.131s] [34mcolcon.colcon_core.event_handler.log_command[0m [1;30mDEBUG[0m [32mInvoked command in '/home/orangepi/uvg_car/build/fishbot_cartographer' returned '0': CMAKE_PREFIX_PATH=${CMAKE_PREFIX_PATH}:/home/orangepi/uvg_car/install/wit_ros2_imu:/home/orangepi/car_ros2/install/rknn_yolo:/opt/ros/humble /usr/bin/cmake --install /home/orangepi/uvg_car/build/fishbot_cartographer[0m
[1.132s] [34mcolcon.colcon_core.shell[0m [1;30mLevel 1[0m create_environment_hook('fishbot_cartographer', 'cmake_prefix_path')
[1.132s] [34mcolcon.colcon_core.shell[0m [1;30mINFO[0m Creating environment hook '/home/orangepi/uvg_car/install/fishbot_cartographer/share/fishbot_cartographer/hook/cmake_prefix_path.ps1'
[1.133s] [34mcolcon.colcon_core.shell[0m [1;30mINFO[0m Creating environment descriptor '/home/orangepi/uvg_car/install/fishbot_cartographer/share/fishbot_cartographer/hook/cmake_prefix_path.dsv'
[1.133s] [34mcolcon.colcon_core.shell[0m [1;30mINFO[0m Creating environment hook '/home/orangepi/uvg_car/install/fishbot_cartographer/share/fishbot_cartographer/hook/cmake_prefix_path.sh'
[1.134s] [34mcolcon.colcon_core.environment[0m [1;30mLevel 1[0m checking '/home/orangepi/uvg_car/install/fishbot_cartographer/lib'
[1.134s] [34mcolcon.colcon_core.environment[0m [1;30mLevel 1[0m checking '/home/orangepi/uvg_car/install/fishbot_cartographer/bin'
[1.135s] [34mcolcon.colcon_core.environment[0m [1;30mLevel 1[0m checking '/home/orangepi/uvg_car/install/fishbot_cartographer/lib/pkgconfig/fishbot_cartographer.pc'
[1.135s] [34mcolcon.colcon_core.environment[0m [1;30mLevel 1[0m checking '/home/orangepi/uvg_car/install/fishbot_cartographer/lib/python3.10/site-packages'
[1.135s] [34mcolcon.colcon_core.environment[0m [1;30mLevel 1[0m checking '/home/orangepi/uvg_car/install/fishbot_cartographer/bin'
[1.136s] [34mcolcon.colcon_core.shell[0m [1;30mINFO[0m Creating package script '/home/orangepi/uvg_car/install/fishbot_cartographer/share/fishbot_cartographer/package.ps1'
[1.136s] [34mcolcon.colcon_core.shell[0m [1;30mINFO[0m Creating package descriptor '/home/orangepi/uvg_car/install/fishbot_cartographer/share/fishbot_cartographer/package.dsv'
[1.137s] [34mcolcon.colcon_core.shell[0m [1;30mINFO[0m Creating package script '/home/orangepi/uvg_car/install/fishbot_cartographer/share/fishbot_cartographer/package.sh'
[1.137s] [34mcolcon.colcon_core.shell[0m [1;30mINFO[0m Creating package script '/home/orangepi/uvg_car/install/fishbot_cartographer/share/fishbot_cartographer/package.bash'
[1.138s] [34mcolcon.colcon_core.shell[0m [1;30mINFO[0m Creating package script '/home/orangepi/uvg_car/install/fishbot_cartographer/share/fishbot_cartographer/package.zsh'
[1.138s] [34mcolcon.colcon_core.environment[0m [1;30mLevel 1[0m create_file_with_runtime_dependencies(/home/orangepi/uvg_car/install/fishbot_cartographer/share/colcon-core/packages/fishbot_cartographer)
[1.139s] [34mcolcon.colcon_core.environment[0m [1;30mLevel 1[0m create_environment_scripts_only(fishbot_cartographer)
[1.140s] [34mcolcon.colcon_core.environment[0m [1;30mLevel 1[0m checking '/home/orangepi/uvg_car/install/fishbot_cartographer' for CMake module files
[1.141s] [34mcolcon.colcon_core.environment[0m [1;30mLevel 1[0m checking '/home/orangepi/uvg_car/install/fishbot_cartographer' for CMake config files
[1.141s] [34mcolcon.colcon_core.shell[0m [1;30mLevel 1[0m create_environment_hook('fishbot_cartographer', 'cmake_prefix_path')
[1.142s] [34mcolcon.colcon_core.shell[0m [1;30mINFO[0m Creating environment hook '/home/orangepi/uvg_car/install/fishbot_cartographer/share/fishbot_cartographer/hook/cmake_prefix_path.ps1'
[1.142s] [34mcolcon.colcon_core.shell[0m [1;30mINFO[0m Creating environment descriptor '/home/orangepi/uvg_car/install/fishbot_cartographer/share/fishbot_cartographer/hook/cmake_prefix_path.dsv'
[1.143s] [34mcolcon.colcon_core.shell[0m [1;30mINFO[0m Creating environment hook '/home/orangepi/uvg_car/install/fishbot_cartographer/share/fishbot_cartographer/hook/cmake_prefix_path.sh'
[1.144s] [34mcolcon.colcon_core.environment[0m [1;30mLevel 1[0m checking '/home/orangepi/uvg_car/install/fishbot_cartographer/lib'
[1.144s] [34mcolcon.colcon_core.environment[0m [1;30mLevel 1[0m checking '/home/orangepi/uvg_car/install/fishbot_cartographer/bin'
[1.144s] [34mcolcon.colcon_core.environment[0m [1;30mLevel 1[0m checking '/home/orangepi/uvg_car/install/fishbot_cartographer/lib/pkgconfig/fishbot_cartographer.pc'
[1.144s] [34mcolcon.colcon_core.environment[0m [1;30mLevel 1[0m checking '/home/orangepi/uvg_car/install/fishbot_cartographer/lib/python3.10/site-packages'
[1.144s] [34mcolcon.colcon_core.environment[0m [1;30mLevel 1[0m checking '/home/orangepi/uvg_car/install/fishbot_cartographer/bin'
[1.145s] [34mcolcon.colcon_core.shell[0m [1;30mINFO[0m Creating package script '/home/orangepi/uvg_car/install/fishbot_cartographer/share/fishbot_cartographer/package.ps1'
[1.146s] [34mcolcon.colcon_core.shell[0m [1;30mINFO[0m Creating package descriptor '/home/orangepi/uvg_car/install/fishbot_cartographer/share/fishbot_cartographer/package.dsv'
[1.146s] [34mcolcon.colcon_core.shell[0m [1;30mINFO[0m Creating package script '/home/orangepi/uvg_car/install/fishbot_cartographer/share/fishbot_cartographer/package.sh'
[1.147s] [34mcolcon.colcon_core.shell[0m [1;30mINFO[0m Creating package script '/home/orangepi/uvg_car/install/fishbot_cartographer/share/fishbot_cartographer/package.bash'
[1.147s] [34mcolcon.colcon_core.shell[0m [1;30mINFO[0m Creating package script '/home/orangepi/uvg_car/install/fishbot_cartographer/share/fishbot_cartographer/package.zsh'
[1.148s] [34mcolcon.colcon_core.environment[0m [1;30mLevel 1[0m create_file_with_runtime_dependencies(/home/orangepi/uvg_car/install/fishbot_cartographer/share/colcon-core/packages/fishbot_cartographer)
[1.155s] [34mcolcon.colcon_core.event_handler.log_command[0m [1;30mDEBUG[0m [32mInvoked command in '/home/orangepi/uvg_car/build/lslidar_msgs' returned '0': CMAKE_PREFIX_PATH=${CMAKE_PREFIX_PATH}:/home/orangepi/uvg_car/install/wit_ros2_imu:/home/orangepi/car_ros2/install/rknn_yolo:/opt/ros/humble /usr/bin/cmake --build /home/orangepi/uvg_car/build/lslidar_msgs -- -j8 -l8[0m
[1.159s] [34mcolcon.colcon_core.event_handler.log_command[0m [1;30mDEBUG[0m [32mInvoking command in '/home/orangepi/uvg_car/build/lslidar_msgs': CMAKE_PREFIX_PATH=${CMAKE_PREFIX_PATH}:/home/orangepi/uvg_car/install/wit_ros2_imu:/home/orangepi/car_ros2/install/rknn_yolo:/opt/ros/humble /usr/bin/cmake --install /home/orangepi/uvg_car/build/lslidar_msgs[0m
[1.285s] [34mcolcon.colcon_core.environment[0m [1;30mLevel 1[0m create_environment_scripts_only(lslidar_msgs)
[1.286s] [34mcolcon.colcon_core.environment[0m [1;30mLevel 1[0m checking '/home/orangepi/uvg_car/install/lslidar_msgs' for CMake module files
[1.289s] [34mcolcon.colcon_core.environment[0m [1;30mLevel 1[0m checking '/home/orangepi/uvg_car/install/lslidar_msgs' for CMake config files
[1.290s] [34mcolcon.colcon_core.shell[0m [1;30mLevel 1[0m create_environment_hook('lslidar_msgs', 'cmake_prefix_path')
[1.291s] [34mcolcon.colcon_core.shell[0m [1;30mINFO[0m Creating environment hook '/home/orangepi/uvg_car/install/lslidar_msgs/share/lslidar_msgs/hook/cmake_prefix_path.ps1'
[1.292s] [34mcolcon.colcon_core.shell[0m [1;30mINFO[0m Creating environment descriptor '/home/orangepi/uvg_car/install/lslidar_msgs/share/lslidar_msgs/hook/cmake_prefix_path.dsv'
[1.293s] [34mcolcon.colcon_core.shell[0m [1;30mINFO[0m Creating environment hook '/home/orangepi/uvg_car/install/lslidar_msgs/share/lslidar_msgs/hook/cmake_prefix_path.sh'
[1.295s] [34mcolcon.colcon_core.environment[0m [1;30mLevel 1[0m checking '/home/orangepi/uvg_car/install/lslidar_msgs/lib'
[1.295s] [34mcolcon.colcon_core.shell[0m [1;30mLevel 1[0m create_environment_hook('lslidar_msgs', 'ld_library_path_lib')
[1.296s] [34mcolcon.colcon_core.shell[0m [1;30mINFO[0m Creating environment hook '/home/orangepi/uvg_car/install/lslidar_msgs/share/lslidar_msgs/hook/ld_library_path_lib.ps1'
[1.297s] [34mcolcon.colcon_core.shell[0m [1;30mINFO[0m Creating environment descriptor '/home/orangepi/uvg_car/install/lslidar_msgs/share/lslidar_msgs/hook/ld_library_path_lib.dsv'
[1.298s] [34mcolcon.colcon_core.shell[0m [1;30mINFO[0m Creating environment hook '/home/orangepi/uvg_car/install/lslidar_msgs/share/lslidar_msgs/hook/ld_library_path_lib.sh'
[1.299s] [34mcolcon.colcon_core.environment[0m [1;30mLevel 1[0m checking '/home/orangepi/uvg_car/install/lslidar_msgs/bin'
[1.299s] [34mcolcon.colcon_core.environment[0m [1;30mLevel 1[0m checking '/home/orangepi/uvg_car/install/lslidar_msgs/lib/pkgconfig/lslidar_msgs.pc'
[1.300s] [34mcolcon.colcon_core.environment[0m [1;30mLevel 1[0m checking '/home/orangepi/uvg_car/install/lslidar_msgs/lib/python3.10/site-packages'
[1.300s] [34mcolcon.colcon_core.environment[0m [1;30mLevel 1[0m checking '/home/orangepi/uvg_car/install/lslidar_msgs/bin'
[1.301s] [34mcolcon.colcon_core.shell[0m [1;30mINFO[0m Creating package script '/home/orangepi/uvg_car/install/lslidar_msgs/share/lslidar_msgs/package.ps1'
[1.304s] [34mcolcon.colcon_core.shell[0m [1;30mINFO[0m Creating package descriptor '/home/orangepi/uvg_car/install/lslidar_msgs/share/lslidar_msgs/package.dsv'
[1.312s] [34mcolcon.colcon_core.event_handler.log_command[0m [1;30mDEBUG[0m [32mInvoked command in '/home/orangepi/uvg_car/build/lslidar_msgs' returned '0': CMAKE_PREFIX_PATH=${CMAKE_PREFIX_PATH}:/home/orangepi/uvg_car/install/wit_ros2_imu:/home/orangepi/car_ros2/install/rknn_yolo:/opt/ros/humble /usr/bin/cmake --install /home/orangepi/uvg_car/build/lslidar_msgs[0m
[1.313s] [34mcolcon.colcon_core.shell[0m [1;30mINFO[0m Creating package script '/home/orangepi/uvg_car/install/lslidar_msgs/share/lslidar_msgs/package.sh'
[1.316s] [34mcolcon.colcon_core.shell[0m [1;30mINFO[0m Creating package script '/home/orangepi/uvg_car/install/lslidar_msgs/share/lslidar_msgs/package.bash'
[1.318s] [34mcolcon.colcon_core.shell[0m [1;30mINFO[0m Creating package script '/home/orangepi/uvg_car/install/lslidar_msgs/share/lslidar_msgs/package.zsh'
[1.320s] [34mcolcon.colcon_core.environment[0m [1;30mLevel 1[0m create_file_with_runtime_dependencies(/home/orangepi/uvg_car/install/lslidar_msgs/share/colcon-core/packages/lslidar_msgs)
[1.323s] [34mcolcon.colcon_core.environment[0m [1;30mLevel 1[0m create_environment_scripts_only(lslidar_msgs)
[1.324s] [34mcolcon.colcon_core.environment[0m [1;30mLevel 1[0m checking '/home/orangepi/uvg_car/install/lslidar_msgs' for CMake module files
[1.327s] [34mcolcon.colcon_core.environment[0m [1;30mLevel 1[0m checking '/home/orangepi/uvg_car/install/lslidar_msgs' for CMake config files
[1.328s] [34mcolcon.colcon_core.shell[0m [1;30mLevel 1[0m create_environment_hook('lslidar_msgs', 'cmake_prefix_path')
[1.329s] [34mcolcon.colcon_core.shell[0m [1;30mINFO[0m Creating environment hook '/home/orangepi/uvg_car/install/lslidar_msgs/share/lslidar_msgs/hook/cmake_prefix_path.ps1'
[1.331s] [34mcolcon.colcon_core.shell[0m [1;30mINFO[0m Creating environment descriptor '/home/orangepi/uvg_car/install/lslidar_msgs/share/lslidar_msgs/hook/cmake_prefix_path.dsv'
[1.332s] [34mcolcon.colcon_core.shell[0m [1;30mINFO[0m Creating environment hook '/home/orangepi/uvg_car/install/lslidar_msgs/share/lslidar_msgs/hook/cmake_prefix_path.sh'
[1.333s] [34mcolcon.colcon_core.environment[0m [1;30mLevel 1[0m checking '/home/orangepi/uvg_car/install/lslidar_msgs/lib'
[1.333s] [34mcolcon.colcon_core.shell[0m [1;30mLevel 1[0m create_environment_hook('lslidar_msgs', 'ld_library_path_lib')
[1.334s] [34mcolcon.colcon_core.shell[0m [1;30mINFO[0m Creating environment hook '/home/orangepi/uvg_car/install/lslidar_msgs/share/lslidar_msgs/hook/ld_library_path_lib.ps1'
[1.334s] [34mcolcon.colcon_core.shell[0m [1;30mINFO[0m Creating environment descriptor '/home/orangepi/uvg_car/install/lslidar_msgs/share/lslidar_msgs/hook/ld_library_path_lib.dsv'
[1.335s] [34mcolcon.colcon_core.shell[0m [1;30mINFO[0m Creating environment hook '/home/orangepi/uvg_car/install/lslidar_msgs/share/lslidar_msgs/hook/ld_library_path_lib.sh'
[1.335s] [34mcolcon.colcon_core.environment[0m [1;30mLevel 1[0m checking '/home/orangepi/uvg_car/install/lslidar_msgs/bin'
[1.335s] [34mcolcon.colcon_core.environment[0m [1;30mLevel 1[0m checking '/home/orangepi/uvg_car/install/lslidar_msgs/lib/pkgconfig/lslidar_msgs.pc'
[1.336s] [34mcolcon.colcon_core.environment[0m [1;30mLevel 1[0m checking '/home/orangepi/uvg_car/install/lslidar_msgs/lib/python3.10/site-packages'
[1.336s] [34mcolcon.colcon_core.environment[0m [1;30mLevel 1[0m checking '/home/orangepi/uvg_car/install/lslidar_msgs/bin'
[1.336s] [34mcolcon.colcon_core.shell[0m [1;30mINFO[0m Creating package script '/home/orangepi/uvg_car/install/lslidar_msgs/share/lslidar_msgs/package.ps1'
[1.337s] [34mcolcon.colcon_core.shell[0m [1;30mINFO[0m Creating package descriptor '/home/orangepi/uvg_car/install/lslidar_msgs/share/lslidar_msgs/package.dsv'
[1.338s] [34mcolcon.colcon_core.shell[0m [1;30mINFO[0m Creating package script '/home/orangepi/uvg_car/install/lslidar_msgs/share/lslidar_msgs/package.sh'
[1.338s] [34mcolcon.colcon_core.shell[0m [1;30mINFO[0m Creating package script '/home/orangepi/uvg_car/install/lslidar_msgs/share/lslidar_msgs/package.bash'
[1.339s] [34mcolcon.colcon_core.shell[0m [1;30mINFO[0m Creating package script '/home/orangepi/uvg_car/install/lslidar_msgs/share/lslidar_msgs/package.zsh'
[1.340s] [34mcolcon.colcon_core.environment[0m [1;30mLevel 1[0m create_file_with_runtime_dependencies(/home/orangepi/uvg_car/install/lslidar_msgs/share/colcon-core/packages/lslidar_msgs)
[1.340s] [34mcolcon.colcon_ros.task.ament_cmake.build[0m [1;30mINFO[0m Building ROS package in '/home/orangepi/uvg_car/src/LSLIDAR_X_ROS2-20240228/src/lslidar_driver' with build type 'ament_cmake'
[1.341s] [34mcolcon.colcon_cmake.task.cmake.build[0m [1;30mINFO[0m Building CMake package in '/home/orangepi/uvg_car/src/LSLIDAR_X_ROS2-20240228/src/lslidar_driver'
[1.341s] [34mcolcon.colcon_core.shell[0m [1;30mINFO[0m Skip shell extension 'powershell' for command environment: Not usable outside of PowerShell
[1.341s] [34mcolcon.colcon_core.shell[0m [1;30mDEBUG[0m [32mSkip shell extension 'dsv' for command environment[0m
[1.366s] [34mcolcon.colcon_core.event_handler.log_command[0m [1;30mDEBUG[0m [32mInvoking command in '/home/orangepi/uvg_car/build/lslidar_driver': CMAKE_PREFIX_PATH=/home/orangepi/uvg_car/install/lslidar_msgs:/home/orangepi/uvg_car/install/lslidar_driver:/home/orangepi/uvg_car/install/fishbot_navigation2:/home/orangepi/uvg_car/install/fishbot_cartographer:/home/orangepi/uvg_car/install/wit_ros2_imu:/home/orangepi/car_ros2/install/rknn_yolo:/opt/ros/humble /usr/bin/cmake --build /home/orangepi/uvg_car/build/lslidar_driver -- -j8 -l8[0m
[1.619s] [34mcolcon.colcon_core.event_handler.log_command[0m [1;30mDEBUG[0m [32mInvoking command in '/home/orangepi/uvg_car/src/wit_ros2_imu': PYTHONPATH=/home/orangepi/uvg_car/build/wit_ros2_imu/prefix_override:/usr/lib/python3/dist-packages/colcon_core/task/python/colcon_distutils_commands:/home/orangepi/uvg_car/install/wit_ros2_imu/lib/python3.10/site-packages:${PYTHONPATH} /usr/bin/python3 -W ignore:setup.py install is deprecated -W ignore:easy_install command is deprecated setup.py egg_info --egg-base ../../build/wit_ros2_imu build --build-base /home/orangepi/uvg_car/build/wit_ros2_imu/build install --record /home/orangepi/uvg_car/build/wit_ros2_imu/install.log --install-scripts $base/lib/wit_ros2_imu --single-version-externally-managed install_data[0m
[1.621s] [34mcolcon.colcon_core.event_handler.log_command[0m [1;30mDEBUG[0m [32mInvoked command in '/home/orangepi/uvg_car/build/lslidar_driver' returned '0': CMAKE_PREFIX_PATH=/home/orangepi/uvg_car/install/lslidar_msgs:/home/orangepi/uvg_car/install/lslidar_driver:/home/orangepi/uvg_car/install/fishbot_navigation2:/home/orangepi/uvg_car/install/fishbot_cartographer:/home/orangepi/uvg_car/install/wit_ros2_imu:/home/orangepi/car_ros2/install/rknn_yolo:/opt/ros/humble /usr/bin/cmake --build /home/orangepi/uvg_car/build/lslidar_driver -- -j8 -l8[0m
[1.626s] [34mcolcon.colcon_core.event_handler.log_command[0m [1;30mDEBUG[0m [32mInvoking command in '/home/orangepi/uvg_car/build/lslidar_driver': CMAKE_PREFIX_PATH=/home/orangepi/uvg_car/install/lslidar_msgs:/home/orangepi/uvg_car/install/lslidar_driver:/home/orangepi/uvg_car/install/fishbot_navigation2:/home/orangepi/uvg_car/install/fishbot_cartographer:/home/orangepi/uvg_car/install/wit_ros2_imu:/home/orangepi/car_ros2/install/rknn_yolo:/opt/ros/humble /usr/bin/cmake --install /home/orangepi/uvg_car/build/lslidar_driver[0m
[1.654s] [34mcolcon.colcon_core.environment[0m [1;30mLevel 1[0m create_environment_scripts_only(lslidar_driver)
[1.655s] [34mcolcon.colcon_core.environment[0m [1;30mLevel 1[0m checking '/home/orangepi/uvg_car/install/lslidar_driver' for CMake module files
[1.661s] [34mcolcon.colcon_core.environment[0m [1;30mLevel 1[0m checking '/home/orangepi/uvg_car/install/lslidar_driver' for CMake config files
[1.665s] [34mcolcon.colcon_core.shell[0m [1;30mLevel 1[0m create_environment_hook('lslidar_driver', 'cmake_prefix_path')
[1.666s] [34mcolcon.colcon_core.shell[0m [1;30mINFO[0m Creating environment hook '/home/orangepi/uvg_car/install/lslidar_driver/share/lslidar_driver/hook/cmake_prefix_path.ps1'
[1.669s] [34mcolcon.colcon_core.shell[0m [1;30mINFO[0m Creating environment descriptor '/home/orangepi/uvg_car/install/lslidar_driver/share/lslidar_driver/hook/cmake_prefix_path.dsv'
[1.670s] [34mcolcon.colcon_core.shell[0m [1;30mINFO[0m Creating environment hook '/home/orangepi/uvg_car/install/lslidar_driver/share/lslidar_driver/hook/cmake_prefix_path.sh'
[1.672s] [34mcolcon.colcon_core.environment[0m [1;30mLevel 1[0m checking '/home/orangepi/uvg_car/install/lslidar_driver/lib'
[1.672s] [34mcolcon.colcon_core.environment[0m [1;30mLevel 1[0m checking '/home/orangepi/uvg_car/install/lslidar_driver/bin'
[1.672s] [34mcolcon.colcon_core.environment[0m [1;30mLevel 1[0m checking '/home/orangepi/uvg_car/install/lslidar_driver/lib/pkgconfig/lslidar_driver.pc'
[1.672s] [34mcolcon.colcon_core.environment[0m [1;30mLevel 1[0m checking '/home/orangepi/uvg_car/install/lslidar_driver/lib/python3.10/site-packages'
[1.673s] [34mcolcon.colcon_core.environment[0m [1;30mLevel 1[0m checking '/home/orangepi/uvg_car/install/lslidar_driver/bin'
[1.673s] [34mcolcon.colcon_core.shell[0m [1;30mINFO[0m Creating package script '/home/orangepi/uvg_car/install/lslidar_driver/share/lslidar_driver/package.ps1'
[1.674s] [34mcolcon.colcon_core.shell[0m [1;30mINFO[0m Creating package descriptor '/home/orangepi/uvg_car/install/lslidar_driver/share/lslidar_driver/package.dsv'
[1.675s] [34mcolcon.colcon_core.shell[0m [1;30mINFO[0m Creating package script '/home/orangepi/uvg_car/install/lslidar_driver/share/lslidar_driver/package.sh'
[1.676s] [34mcolcon.colcon_core.shell[0m [1;30mINFO[0m Creating package script '/home/orangepi/uvg_car/install/lslidar_driver/share/lslidar_driver/package.bash'
[1.677s] [34mcolcon.colcon_core.shell[0m [1;30mINFO[0m Creating package script '/home/orangepi/uvg_car/install/lslidar_driver/share/lslidar_driver/package.zsh'
[1.678s] [34mcolcon.colcon_core.environment[0m [1;30mLevel 1[0m create_file_with_runtime_dependencies(/home/orangepi/uvg_car/install/lslidar_driver/share/colcon-core/packages/lslidar_driver)
[1.679s] [34mcolcon.colcon_core.environment[0m [1;30mLevel 1[0m create_environment_scripts_only(lslidar_driver)
[1.680s] [34mcolcon.colcon_core.environment[0m [1;30mLevel 1[0m checking '/home/orangepi/uvg_car/install/lslidar_driver' for CMake module files
[1.682s] [34mcolcon.colcon_core.event_handler.log_command[0m [1;30mDEBUG[0m [32mInvoked command in '/home/orangepi/uvg_car/build/lslidar_driver' returned '0': CMAKE_PREFIX_PATH=/home/orangepi/uvg_car/install/lslidar_msgs:/home/orangepi/uvg_car/install/lslidar_driver:/home/orangepi/uvg_car/install/fishbot_navigation2:/home/orangepi/uvg_car/install/fishbot_cartographer:/home/orangepi/uvg_car/install/wit_ros2_imu:/home/orangepi/car_ros2/install/rknn_yolo:/opt/ros/humble /usr/bin/cmake --install /home/orangepi/uvg_car/build/lslidar_driver[0m
[1.682s] [34mcolcon.colcon_core.environment[0m [1;30mLevel 1[0m checking '/home/orangepi/uvg_car/install/lslidar_driver' for CMake config files
[1.683s] [34mcolcon.colcon_core.shell[0m [1;30mLevel 1[0m create_environment_hook('lslidar_driver', 'cmake_prefix_path')
[1.683s] [34mcolcon.colcon_core.shell[0m [1;30mINFO[0m Creating environment hook '/home/orangepi/uvg_car/install/lslidar_driver/share/lslidar_driver/hook/cmake_prefix_path.ps1'
[1.683s] [34mcolcon.colcon_core.shell[0m [1;30mINFO[0m Creating environment descriptor '/home/orangepi/uvg_car/install/lslidar_driver/share/lslidar_driver/hook/cmake_prefix_path.dsv'
[1.684s] [34mcolcon.colcon_core.shell[0m [1;30mINFO[0m Creating environment hook '/home/orangepi/uvg_car/install/lslidar_driver/share/lslidar_driver/hook/cmake_prefix_path.sh'
[1.685s] [34mcolcon.colcon_core.environment[0m [1;30mLevel 1[0m checking '/home/orangepi/uvg_car/install/lslidar_driver/lib'
[1.685s] [34mcolcon.colcon_core.environment[0m [1;30mLevel 1[0m checking '/home/orangepi/uvg_car/install/lslidar_driver/bin'
[1.685s] [34mcolcon.colcon_core.environment[0m [1;30mLevel 1[0m checking '/home/orangepi/uvg_car/install/lslidar_driver/lib/pkgconfig/lslidar_driver.pc'
[1.685s] [34mcolcon.colcon_core.environment[0m [1;30mLevel 1[0m checking '/home/orangepi/uvg_car/install/lslidar_driver/lib/python3.10/site-packages'
[1.685s] [34mcolcon.colcon_core.environment[0m [1;30mLevel 1[0m checking '/home/orangepi/uvg_car/install/lslidar_driver/bin'
[1.686s] [34mcolcon.colcon_core.shell[0m [1;30mINFO[0m Creating package script '/home/orangepi/uvg_car/install/lslidar_driver/share/lslidar_driver/package.ps1'
[1.687s] [34mcolcon.colcon_core.shell[0m [1;30mINFO[0m Creating package descriptor '/home/orangepi/uvg_car/install/lslidar_driver/share/lslidar_driver/package.dsv'
[1.687s] [34mcolcon.colcon_core.shell[0m [1;30mINFO[0m Creating package script '/home/orangepi/uvg_car/install/lslidar_driver/share/lslidar_driver/package.sh'
[1.688s] [34mcolcon.colcon_core.shell[0m [1;30mINFO[0m Creating package script '/home/orangepi/uvg_car/install/lslidar_driver/share/lslidar_driver/package.bash'
[1.688s] [34mcolcon.colcon_core.shell[0m [1;30mINFO[0m Creating package script '/home/orangepi/uvg_car/install/lslidar_driver/share/lslidar_driver/package.zsh'
[1.689s] [34mcolcon.colcon_core.environment[0m [1;30mLevel 1[0m create_file_with_runtime_dependencies(/home/orangepi/uvg_car/install/lslidar_driver/share/colcon-core/packages/lslidar_driver)
[2.082s] [34mcolcon.colcon_core.environment[0m [1;30mLevel 1[0m checking '/home/orangepi/uvg_car/install/wit_ros2_imu' for CMake module files
[2.084s] [34mcolcon.colcon_core.event_handler.log_command[0m [1;30mDEBUG[0m [32mInvoked command in '/home/orangepi/uvg_car/src/wit_ros2_imu' returned '0': PYTHONPATH=/home/orangepi/uvg_car/build/wit_ros2_imu/prefix_override:/usr/lib/python3/dist-packages/colcon_core/task/python/colcon_distutils_commands:/home/orangepi/uvg_car/install/wit_ros2_imu/lib/python3.10/site-packages:${PYTHONPATH} /usr/bin/python3 -W ignore:setup.py install is deprecated -W ignore:easy_install command is deprecated setup.py egg_info --egg-base ../../build/wit_ros2_imu build --build-base /home/orangepi/uvg_car/build/wit_ros2_imu/build install --record /home/orangepi/uvg_car/build/wit_ros2_imu/install.log --install-scripts $base/lib/wit_ros2_imu --single-version-externally-managed install_data[0m
[2.084s] [34mcolcon.colcon_core.environment[0m [1;30mLevel 1[0m checking '/home/orangepi/uvg_car/install/wit_ros2_imu' for CMake config files
[2.085s] [34mcolcon.colcon_core.environment[0m [1;30mLevel 1[0m checking '/home/orangepi/uvg_car/install/wit_ros2_imu/lib'
[2.085s] [34mcolcon.colcon_core.environment[0m [1;30mLevel 1[0m checking '/home/orangepi/uvg_car/install/wit_ros2_imu/bin'
[2.085s] [34mcolcon.colcon_core.environment[0m [1;30mLevel 1[0m checking '/home/orangepi/uvg_car/install/wit_ros2_imu/lib/pkgconfig/wit_ros2_imu.pc'
[2.086s] [34mcolcon.colcon_core.environment[0m [1;30mLevel 1[0m checking '/home/orangepi/uvg_car/install/wit_ros2_imu/lib/python3.10/site-packages'
[2.086s] [34mcolcon.colcon_core.shell[0m [1;30mLevel 1[0m create_environment_hook('wit_ros2_imu', 'pythonpath')
[2.086s] [34mcolcon.colcon_core.shell[0m [1;30mINFO[0m Creating environment hook '/home/orangepi/uvg_car/install/wit_ros2_imu/share/wit_ros2_imu/hook/pythonpath.ps1'
[2.087s] [34mcolcon.colcon_core.shell[0m [1;30mINFO[0m Creating environment descriptor '/home/orangepi/uvg_car/install/wit_ros2_imu/share/wit_ros2_imu/hook/pythonpath.dsv'
[2.088s] [34mcolcon.colcon_core.shell[0m [1;30mINFO[0m Creating environment hook '/home/orangepi/uvg_car/install/wit_ros2_imu/share/wit_ros2_imu/hook/pythonpath.sh'
[2.088s] [34mcolcon.colcon_core.environment[0m [1;30mLevel 1[0m checking '/home/orangepi/uvg_car/install/wit_ros2_imu/bin'
[2.089s] [34mcolcon.colcon_core.environment[0m [1;30mLevel 1[0m create_environment_scripts_only(wit_ros2_imu)
[2.089s] [34mcolcon.colcon_core.shell[0m [1;30mINFO[0m Creating package script '/home/orangepi/uvg_car/install/wit_ros2_imu/share/wit_ros2_imu/package.ps1'
[2.090s] [34mcolcon.colcon_core.shell[0m [1;30mINFO[0m Creating package descriptor '/home/orangepi/uvg_car/install/wit_ros2_imu/share/wit_ros2_imu/package.dsv'
[2.090s] [34mcolcon.colcon_core.shell[0m [1;30mINFO[0m Creating package script '/home/orangepi/uvg_car/install/wit_ros2_imu/share/wit_ros2_imu/package.sh'
[2.091s] [34mcolcon.colcon_core.shell[0m [1;30mINFO[0m Creating package script '/home/orangepi/uvg_car/install/wit_ros2_imu/share/wit_ros2_imu/package.bash'
[2.092s] [34mcolcon.colcon_core.shell[0m [1;30mINFO[0m Creating package script '/home/orangepi/uvg_car/install/wit_ros2_imu/share/wit_ros2_imu/package.zsh'
[2.092s] [34mcolcon.colcon_core.environment[0m [1;30mLevel 1[0m create_file_with_runtime_dependencies(/home/orangepi/uvg_car/install/wit_ros2_imu/share/colcon-core/packages/wit_ros2_imu)
[2.093s] [34mcolcon.colcon_parallel_executor.executor.parallel[0m [1;30mDEBUG[0m [32mclosing loop[0m
[2.093s] [34mcolcon.colcon_parallel_executor.executor.parallel[0m [1;30mDEBUG[0m [32mloop closed[0m
[2.093s] [34mcolcon.colcon_parallel_executor.executor.parallel[0m [1;30mDEBUG[0m [32mrun_until_complete finished with '0'[0m
[2.094s] [34mcolcon.colcon_core.event_reactor[0m [1;30mDEBUG[0m [32mjoining thread[0m
[2.115s] [34mcolcon.colcon_core.plugin_system[0m [1;30mINFO[0m Skipping extension 'colcon_notification.desktop_notification.terminal_notifier': Not used on non-Darwin systems
[2.116s] [34mcolcon.colcon_core.plugin_system[0m [1;30mINFO[0m Skipping extension 'colcon_notification.desktop_notification.win32': Not used on non-Windows systems
[2.116s] [34mcolcon.colcon_notification.desktop_notification[0m [1;30mINFO[0m Sending desktop notification using 'notify2'
[2.138s] [34mcolcon.colcon_core.event_reactor[0m [1;30mDEBUG[0m [32mjoined thread[0m
[2.140s] [34mcolcon.colcon_core.shell[0m [1;30mINFO[0m Creating prefix script '/home/orangepi/uvg_car/install/local_setup.ps1'
[2.149s] [34mcolcon.colcon_core.shell[0m [1;30mINFO[0m Creating prefix util module '/home/orangepi/uvg_car/install/_local_setup_util_ps1.py'
[2.162s] [34mcolcon.colcon_core.shell[0m [1;30mINFO[0m Creating prefix chain script '/home/orangepi/uvg_car/install/setup.ps1'
[2.171s] [34mcolcon.colcon_core.shell[0m [1;30mINFO[0m Creating prefix script '/home/orangepi/uvg_car/install/local_setup.sh'
[2.174s] [34mcolcon.colcon_core.shell[0m [1;30mINFO[0m Creating prefix util module '/home/orangepi/uvg_car/install/_local_setup_util_sh.py'
[2.176s] [34mcolcon.colcon_core.shell[0m [1;30mINFO[0m Creating prefix chain script '/home/orangepi/uvg_car/install/setup.sh'
[2.178s] [34mcolcon.colcon_core.shell[0m [1;30mINFO[0m Creating prefix script '/home/orangepi/uvg_car/install/local_setup.bash'
[2.179s] [34mcolcon.colcon_core.shell[0m [1;30mINFO[0m Creating prefix chain script '/home/orangepi/uvg_car/install/setup.bash'
[2.180s] [34mcolcon.colcon_core.shell[0m [1;30mINFO[0m Creating prefix script '/home/orangepi/uvg_car/install/local_setup.zsh'
[2.181s] [34mcolcon.colcon_core.shell[0m [1;30mINFO[0m Creating prefix chain script '/home/orangepi/uvg_car/install/setup.zsh'
