[1.082s] Invoking command in '/home/orangepi/uvg_car/src/wit_ros2_imu': PYTHONPATH=/home/orangepi/uvg_car/build/wit_ros2_imu/prefix_override:/usr/lib/python3/dist-packages/colcon_core/task/python/colcon_distutils_commands:/home/orangepi/uvg_car/install/wit_ros2_imu/lib/python3.10/site-packages:${PYTHONPATH} /usr/bin/python3 -W ignore:setup.py install is deprecated -W ignore:easy_install command is deprecated setup.py egg_info --egg-base ../../build/wit_ros2_imu build --build-base /home/orangepi/uvg_car/build/wit_ros2_imu/build install --record /home/orangepi/uvg_car/build/wit_ros2_imu/install.log --install-scripts $base/lib/wit_ros2_imu --single-version-externally-managed install_data
[1.417s] /usr/lib/python3/dist-packages/setuptools/dist.py:723: UserWarning: Usage of dash-separated 'script-dir' will not be supported in future versions. Please use the underscore name 'script_dir' instead
[1.418s]   warnings.warn(
[1.431s] running egg_info
[1.432s] writing ../../build/wit_ros2_imu/wit_ros2_imu.egg-info/PKG-INFO
[1.432s] writing dependency_links to ../../build/wit_ros2_imu/wit_ros2_imu.egg-info/dependency_links.txt
[1.433s] writing entry points to ../../build/wit_ros2_imu/wit_ros2_imu.egg-info/entry_points.txt
[1.433s] writing requirements to ../../build/wit_ros2_imu/wit_ros2_imu.egg-info/requires.txt
[1.434s] writing top-level names to ../../build/wit_ros2_imu/wit_ros2_imu.egg-info/top_level.txt
[1.435s] reading manifest file '../../build/wit_ros2_imu/wit_ros2_imu.egg-info/SOURCES.txt'
[1.437s] writing manifest file '../../build/wit_ros2_imu/wit_ros2_imu.egg-info/SOURCES.txt'
[1.437s] running build
[1.437s] running build_py
[1.438s] copying wit_ros2_imu/wit_ros2_imu.py -> /home/orangepi/uvg_car/build/wit_ros2_imu/build/lib/wit_ros2_imu
[1.438s] running install
[1.438s] running install_lib
[1.439s] copying /home/orangepi/uvg_car/build/wit_ros2_imu/build/lib/wit_ros2_imu/wit_ros2_imu.py -> /home/orangepi/uvg_car/install/wit_ros2_imu/lib/python3.10/site-packages/wit_ros2_imu
[1.440s] byte-compiling /home/orangepi/uvg_car/install/wit_ros2_imu/lib/python3.10/site-packages/wit_ros2_imu/wit_ros2_imu.py to wit_ros2_imu.cpython-310.pyc
[1.443s] running install_data
[1.443s] copying launch/rviz_and_imu.launch.py -> /home/orangepi/uvg_car/install/wit_ros2_imu/share/wit_ros2_imu
[1.444s] running install_egg_info
[1.447s] removing '/home/orangepi/uvg_car/install/wit_ros2_imu/lib/python3.10/site-packages/wit_ros2_imu-0.0.0-py3.10.egg-info' (and everything under it)
[1.447s] Copying ../../build/wit_ros2_imu/wit_ros2_imu.egg-info to /home/orangepi/uvg_car/install/wit_ros2_imu/lib/python3.10/site-packages/wit_ros2_imu-0.0.0-py3.10.egg-info
[1.448s] running install_scripts
[1.484s] Installing wit_ros2_imu script to /home/orangepi/uvg_car/install/wit_ros2_imu/lib/wit_ros2_imu
[1.485s] writing list of installed files to '/home/orangepi/uvg_car/build/wit_ros2_imu/install.log'
[1.578s] Invoked command in '/home/orangepi/uvg_car/src/wit_ros2_imu' returned '0': PYTHONPATH=/home/orangepi/uvg_car/build/wit_ros2_imu/prefix_override:/usr/lib/python3/dist-packages/colcon_core/task/python/colcon_distutils_commands:/home/orangepi/uvg_car/install/wit_ros2_imu/lib/python3.10/site-packages:${PYTHONPATH} /usr/bin/python3 -W ignore:setup.py install is deprecated -W ignore:easy_install command is deprecated setup.py egg_info --egg-base ../../build/wit_ros2_imu build --build-base /home/orangepi/uvg_car/build/wit_ros2_imu/build install --record /home/orangepi/uvg_car/build/wit_ros2_imu/install.log --install-scripts $base/lib/wit_ros2_imu --single-version-externally-managed install_data
