[0.035s] Invoking command in '/home/orangepi/uvg_car/build/oakchina_vio_package': CMAKE_PREFIX_PATH=/opt/ros/humble /usr/bin/cmake --build /home/orangepi/uvg_car/build/oakchina_vio_package -- -j8 -l8
[0.127s] -- Found ament_cmake: 1.3.11 (/opt/ros/humble/share/ament_cmake/cmake)
[0.431s] -- Found rclcpp: 16.0.12 (/opt/ros/humble/share/rclcpp/cmake)
[0.511s] -- Found rosidl_generator_c: 3.1.6 (/opt/ros/humble/share/rosidl_generator_c/cmake)
[0.511s] -- Found rosidl_adapter: 3.1.6 (/opt/ros/humble/share/rosidl_adapter/cmake)
[0.568s] -- Found rosidl_generator_cpp: 3.1.6 (/opt/ros/humble/share/rosidl_generator_cpp/cmake)
[0.570s] -- Using all available rosidl_typesupport_c: rosidl_typesupport_fastrtps_c;rosidl_typesupport_introspection_c
[0.578s] -- Using all available rosidl_typesupport_cpp: rosidl_typesupport_fastrtps_cpp;rosidl_typesupport_introspection_cpp
[0.644s] -- Found rmw_implementation_cmake: 6.1.2 (/opt/ros/humble/share/rmw_implementation_cmake/cmake)
[0.647s] -- Found rmw_fastrtps_cpp: 6.2.7 (/opt/ros/humble/share/rmw_fastrtps_cpp/cmake)
[0.838s] -- Using RMW implementation 'rmw_fastrtps_cpp' as default
[0.941s] -- Found sensor_msgs: 4.8.0 (/opt/ros/humble/share/sensor_msgs/cmake)
[0.996s] -- Found cv_bridge: 3.2.1 (/opt/ros/humble/share/cv_bridge/cmake)
[1.018s] -- Found nav_msgs: 4.8.0 (/opt/ros/humble/share/nav_msgs/cmake)
[1.054s] -- Found tf2_ros: 0.25.12 (/opt/ros/humble/share/tf2_ros/cmake)
[1.220s] -- Found tf2_geometry_msgs: 0.25.12 (/opt/ros/humble/share/tf2_geometry_msgs/cmake)
[1.226s] -- Found eigen3_cmake_module: 0.1.1 (/opt/ros/humble/share/eigen3_cmake_module/cmake)
[1.228s] -- Ensuring Eigen3 include directory is part of orocos-kdl CMake target
[1.380s] -- Configuring done
[1.416s] -- Generating done
[1.428s] -- Build files have been written to: /home/orangepi/uvg_car/build/oakchina_vio_package
[1.530s] [35m[1mConsolidate compiler generated dependencies of target oakchina_vio_package_node[0m
[1.557s] [ 50%] [32m[1mLinking CXX executable oakchina_vio_package_node[0m
[3.282s] /usr/bin/ld: /home/orangepi/uvg_car/src/oakchina_vio_package_ros2/lib/libtracker.a(Tracker.cpp.o): in function `fpga::create_image_pyramid(cv::Mat const&, std::vector<cv::Mat, std::allocator<cv::Mat> >&, fpga::TrackerConfigFPGA const&)':
[3.282s] Tracker.cpp:(.text+0xabdc): undefined reference to `utility::Printer::debugPrint(utility::Printer::PrintLevel, char const*, char const*, char const*, ...)'
[3.282s] /usr/bin/ld: Tracker.cpp:(.text+0xaca4): undefined reference to `utility::Printer::debugPrint(utility::Printer::PrintLevel, char const*, char const*, char const*, ...)'
[3.282s] /usr/bin/ld: /home/orangepi/uvg_car/src/oakchina_vio_package_ros2/lib/libtracker.a(Tracker.cpp.o): in function `fpga::stereo_match_C(std::vector<cv::Mat, std::allocator<cv::Mat> > const&, std::vector<cv::Mat, std::allocator<cv::Mat> > const&, std::vector<cv::Point_<float>, std::allocator<cv::Point_<float> > > const&, std::vector<cv::Point_<float>, std::allocator<cv::Point_<float> > >&, int, int, fpga::TrackerConfigFPGA const&, std::vector<unsigned char, std::allocator<unsigned char> >&)':
[3.282s] Tracker.cpp:(.text+0xd74c): undefined reference to `VISLAM::DspHelper::getPyramid_OpticalFlow(unsigned char const*, unsigned char const*, unsigned int, unsigned int, float const*, float const*, int, float*, int*)'
[3.282s] /usr/bin/ld: /home/orangepi/uvg_car/src/oakchina_vio_package_ros2/lib/libtracker.a(Tracker.cpp.o): in function `fpga::two_point_ransac_C(std::vector<cv::Point_<float>, std::allocator<cv::Point_<float> > > const&, std::vector<cv::Point_<float>, std::allocator<cv::Point_<float> > > const&, Eigen::Matrix<double, 3, 3, 0, 3, 3> const&, int const&, Eigen::Matrix<double, 5, 1, 0, 5, 1> const&, double const&, double const&, int, std::vector<unsigned char, std::allocator<unsigned char> >&, fpga::TrackerConfigFPGA const&, std::vector<int, std::allocator<int> > const&, std::vector<int, std::allocator<int> > const&)':
[3.282s] Tracker.cpp:(.text+0xda18): undefined reference to `utility::Printer::debugPrint(utility::Printer::PrintLevel, char const*, char const*, char const*, ...)'
[3.283s] /usr/bin/ld: /home/orangepi/uvg_car/src/oakchina_vio_package_ros2/lib/libtracker.a(Tracker.cpp.o): in function `fpga::track_features_no_ransac_Monocular(fpga::FeatureManager const&, fpga::FeatureManager&, Eigen::Matrix<double, 3, 3, 0, 3, 3> const&, int, fpga::TrackerConfigFPGA const&)':
[3.283s] Tracker.cpp:(.text+0xf474): undefined reference to `VISLAM::DspHelper::getPyramid_OpticalFlow(unsigned char const*, unsigned char const*, unsigned int, unsigned int, float const*, float const*, int, float*, int*)'
[3.283s] /usr/bin/ld: /home/orangepi/uvg_car/src/oakchina_vio_package_ros2/lib/libtracker.a(Tracker.cpp.o): in function `fpga::track_features_C(std::vector<fpga::FeatureManager, std::allocator<fpga::FeatureManager> > const&, std::vector<fpga::FeatureManager, std::allocator<fpga::FeatureManager> >&, std::vector<Eigen::Matrix<double, 3, 3, 0, 3, 3>, Eigen::aligned_allocator<Eigen::Matrix<double, 3, 3, 0, 3, 3> > > const&, int, int, fpga::TrackerConfigFPGA const&)':
[3.283s] Tracker.cpp:(.text+0x10494): undefined reference to `VISLAM::DspHelper::getPyramid_OpticalFlow(unsigned char const*, unsigned char const*, unsigned int, unsigned int, float const*, float const*, int, float*, int*)'
[3.283s] /usr/bin/ld: /home/orangepi/uvg_car/src/oakchina_vio_package_ros2/lib/libtracker.a(Tracker.cpp.o): in function `fpga::track_features_no_ransac_C(std::vector<fpga::FeatureManager, std::allocator<fpga::FeatureManager> > const&, std::vector<fpga::FeatureManager, std::allocator<fpga::FeatureManager> >&, std::vector<Eigen::Matrix<double, 3, 3, 0, 3, 3>, Eigen::aligned_allocator<Eigen::Matrix<double, 3, 3, 0, 3, 3> > > const&, int, int, fpga::TrackerConfigFPGA const&)':
[3.283s] Tracker.cpp:(.text+0x1145c): undefined reference to `VISLAM::DspHelper::getPyramid_OpticalFlow(unsigned char const*, unsigned char const*, unsigned int, unsigned int, float const*, float const*, int, float*, int*)'
[3.283s] /usr/bin/ld: /home/orangepi/uvg_car/src/oakchina_vio_package_ros2/lib/libtracker.a(Tracker.cpp.o): in function `fpga::add_new_features_no_mask_Monocular(fpga::FeatureManager&, int, fpga::TrackerConfigFPGA const&, std::vector<cv::KeyPoint, std::allocator<cv::KeyPoint> > const&, std::vector<bool, std::allocator<bool> > const&, std::map<unsigned int, unsigned int, std::less<unsigned int>, std::allocator<std::pair<unsigned int const, unsigned int> > >&)':
[3.283s] Tracker.cpp:(.text+0x14180): undefined reference to `utility::Printer::debugPrint(utility::Printer::PrintLevel, char const*, char const*, char const*, ...)'
[3.284s] /usr/bin/ld: /home/orangepi/uvg_car/src/oakchina_vio_package_ros2/lib/libtracker.a(Tracker.cpp.o): in function `fpga::ransac_curr_points_Monocular(fpga::FeatureManager const&, fpga::FeatureManager&, Eigen::Matrix<double, 3, 3, 0, 3, 3> const&, int, fpga::TrackerConfigFPGA const&, std::map<unsigned int, unsigned int, std::less<unsigned int>, std::allocator<std::pair<unsigned int const, unsigned int> > >&)':
[3.284s] Tracker.cpp:(.text+0x1502c): undefined reference to `utility::Printer::debugPrint(utility::Printer::PrintLevel, char const*, char const*, char const*, ...)'
[3.393s] collect2: error: ld returned 1 exit status
[3.396s] gmake[2]: *** [CMakeFiles/oakchina_vio_package_node.dir/build.make:269: oakchina_vio_package_node] Error 1
[3.397s] gmake[1]: *** [CMakeFiles/Makefile2:137: CMakeFiles/oakchina_vio_package_node.dir/all] Error 2
[3.397s] gmake: *** [Makefile:146: all] Error 2
[3.402s] Invoked command in '/home/orangepi/uvg_car/build/oakchina_vio_package' returned '2': CMAKE_PREFIX_PATH=/opt/ros/humble /usr/bin/cmake --build /home/orangepi/uvg_car/build/oakchina_vio_package -- -j8 -l8
