[0.055s] Invoking command in '/home/orangepi/uvg_car/build/oakchina_vio_package': CMAKE_PREFIX_PATH=${CMAKE_PREFIX_PATH}:/home/orangepi/uvg_car/install/wit_ros2_imu:/opt/ros/humble /usr/bin/cmake --build /home/orangepi/uvg_car/build/oakchina_vio_package -- -j8 -l8
[0.212s] [ 50%] [32mBuilding CXX object CMakeFiles/oakchina_vio_package_node.dir/src/main.cpp.o[0m
[7.032s] [01m[K/home/orangepi/uvg_car/src/oakchina_vio_package_ros2/src/main.cpp:[m[K In function ‘[01m[Kint main(int, char**)[m[K’:
[7.032s] [01m[K/home/orangepi/uvg_car/src/oakchina_vio_package_ros2/src/main.cpp:226:59:[m[K [01;31m[Kerror: [m[K‘[01m[KOdometry[m[K’ is not a member of ‘[01m[Knav_msgs::msg[m[K’
[7.033s]   226 |     auto odom_pub = node->create_publisher<nav_msgs::msg::[01;31m[KOdometry[m[K>("/odom", 10);
[7.033s]       |                                                           [01;31m[K^~~~~~~~[m[K
[7.033s] [01m[K/home/orangepi/uvg_car/src/oakchina_vio_package_ros2/src/main.cpp:226:68:[m[K [01;31m[Kerror: [m[Kno matching function for call to ‘[01m[Krclcpp::Node::create_publisher<<expression error> >(const char [6], int)[m[K’
[7.033s]   226 |     auto odom_pub = [01;31m[Knode->create_publisher<nav_msgs::msg::Odometry>("/odom", 10)[m[K;
[7.033s]       |                     [01;31m[K~~~~~~~~~~~~~~~~~~~~~~~~~~~~~~~~~~~~~~~~~~~~~~~^~~~~~~~~~~~~[m[K
[7.033s] In file included from [01m[K/opt/ros/humble/include/rclcpp/rclcpp/node.hpp:1321[m[K,
[7.033s]                  from [01m[K/opt/ros/humble/include/rclcpp/rclcpp/executors/single_threaded_executor.hpp:28[m[K,
[7.033s]                  from [01m[K/opt/ros/humble/include/rclcpp/rclcpp/executors.hpp:22[m[K,
[7.033s]                  from [01m[K/opt/ros/humble/include/rclcpp/rclcpp/rclcpp.hpp:155[m[K,
[7.033s]                  from [01m[K/home/orangepi/uvg_car/src/oakchina_vio_package_ros2/src/main.cpp:1[m[K:
[7.033s] [01m[K/opt/ros/humble/include/rclcpp/rclcpp/node_impl.hpp:73:1:[m[K [01;36m[Knote: [m[Kcandidate: ‘[01m[Ktemplate<class MessageT, class AllocatorT, class PublisherT> std::shared_ptr<PublisherT> rclcpp::Node::create_publisher(const string&, const rclcpp::QoS&, const rclcpp::PublisherOptionsWithAllocator<AllocatorT>&)[m[K’
[7.033s]    73 | [01;36m[KNode[m[K::create_publisher(
[7.033s]       | [01;36m[K^~~~[m[K
[7.033s] [01m[K/opt/ros/humble/include/rclcpp/rclcpp/node_impl.hpp:73:1:[m[K [01;36m[Knote: [m[K  template argument deduction/substitution failed:
[7.034s] [01m[K/home/orangepi/uvg_car/src/oakchina_vio_package_ros2/src/main.cpp:226:68:[m[K [01;31m[Kerror: [m[Ktemplate argument 1 is invalid
[7.034s]   226 |     auto odom_pub = [01;31m[Knode->create_publisher<nav_msgs::msg::Odometry>("/odom", 10)[m[K;
[7.034s]       |                     [01;31m[K~~~~~~~~~~~~~~~~~~~~~~~~~~~~~~~~~~~~~~~~~~~~~~~^~~~~~~~~~~~~[m[K
[7.059s] [01m[K/home/orangepi/uvg_car/src/oakchina_vio_package_ros2/src/main.cpp:281:24:[m[K [01;31m[Kerror: [m[K‘[01m[KOdometry[m[K’ is not a member of ‘[01m[Knav_msgs::msg[m[K’
[7.059s]   281 |         nav_msgs::msg::[01;31m[KOdometry[m[K odom_msg;
[7.060s]       |                        [01;31m[K^~~~~~~~[m[K
[7.079s] [01m[K/home/orangepi/uvg_car/src/oakchina_vio_package_ros2/src/main.cpp:282:9:[m[K [01;31m[Kerror: [m[K‘[01m[Kodom_msg[m[K’ was not declared in this scope
[7.082s]   282 |         [01;31m[Kodom_msg[m[K.header.stamp = node->now();
[7.082s]       |         [01;31m[K^~~~~~~~[m[K
[9.830s] gmake[2]: *** [CMakeFiles/oakchina_vio_package_node.dir/build.make:76: CMakeFiles/oakchina_vio_package_node.dir/src/main.cpp.o] Error 1
[9.831s] gmake[1]: *** [CMakeFiles/Makefile2:137: CMakeFiles/oakchina_vio_package_node.dir/all] Error 2
[9.831s] gmake: *** [Makefile:146: all] Error 2
[9.837s] Invoked command in '/home/orangepi/uvg_car/build/oakchina_vio_package' returned '2': CMAKE_PREFIX_PATH=${CMAKE_PREFIX_PATH}:/home/orangepi/uvg_car/install/wit_ros2_imu:/opt/ros/humble /usr/bin/cmake --build /home/orangepi/uvg_car/build/oakchina_vio_package -- -j8 -l8
