[0.042s] Invoking command in '/home/orangepi/uvg_car/build/fishbot_cartographer': CMAKE_PREFIX_PATH=${CMAKE_PREFIX_PATH}:/home/orangepi/uvg_car/install/wit_ros2_imu:/home/orangepi/car_ros2/install/rknn_yolo:/opt/ros/humble /usr/bin/cmake --build /home/orangepi/uvg_car/build/fishbot_cartographer -- -j8 -l8
[0.098s] -- Found ament_cmake: 1.3.11 (/opt/ros/humble/share/ament_cmake/cmake)
[0.391s] -- Found rclcpp: 16.0.12 (/opt/ros/humble/share/rclcpp/cmake)
[0.465s] -- Found rosidl_generator_c: 3.1.6 (/opt/ros/humble/share/rosidl_generator_c/cmake)
[0.474s] -- Found rosidl_adapter: 3.1.6 (/opt/ros/humble/share/rosidl_adapter/cmake)
[0.488s] -- Found rosidl_generator_cpp: 3.1.6 (/opt/ros/humble/share/rosidl_generator_cpp/cmake)
[0.508s] -- Using all available rosidl_typesupport_c: rosidl_typesupport_fastrtps_c;rosidl_typesupport_introspection_c
[0.538s] -- Using all available rosidl_typesupport_cpp: rosidl_typesupport_fastrtps_cpp;rosidl_typesupport_introspection_cpp
[0.599s] -- Found rmw_implementation_cmake: 6.1.2 (/opt/ros/humble/share/rmw_implementation_cmake/cmake)
[0.603s] -- Found rmw_fastrtps_cpp: 6.2.7 (/opt/ros/humble/share/rmw_fastrtps_cpp/cmake)
[0.797s] -- Found OpenSSL: /usr/lib/aarch64-linux-gnu/libcrypto.so (found version "3.0.2")  
[0.842s] -- Found FastRTPS: /opt/ros/humble/include  
[0.881s] -- Using RMW implementation 'rmw_fastrtps_cpp' as default
[0.895s] -- Looking for pthread.h
[1.072s] -- Looking for pthread.h - found
[1.073s] -- Performing Test CMAKE_HAVE_LIBC_PTHREAD
[1.320s] -- Performing Test CMAKE_HAVE_LIBC_PTHREAD - Success
[1.324s] -- Found Threads: TRUE  
[1.430s] -- Found tf2: 0.25.12 (/opt/ros/humble/share/tf2/cmake)
[1.465s] -- Found tf2_ros: 0.25.12 (/opt/ros/humble/share/tf2_ros/cmake)
[1.615s] -- Found ament_lint_auto: 0.12.12 (/opt/ros/humble/share/ament_lint_auto/cmake)
[1.768s] -- Added test 'cppcheck' to perform static code analysis on C / C++ code
[1.768s] -- Configured cppcheck include dirs: 
[1.768s] -- Configured cppcheck exclude dirs and/or files: 
[1.769s] -- Added test 'flake8' to check Python code syntax and style conventions
[1.769s] -- Added test 'lint_cmake' to check CMake code style
[1.770s] -- Added test 'pep257' to check Python code against some of the docstring style conventions in PEP 257
[1.771s] -- Added test 'uncrustify' to check C / C++ code style
[1.771s] -- Configured uncrustify additional arguments: 
[1.772s] -- Added test 'xmllint' to check XML markup files
[1.773s] -- Configuring done
[1.790s] -- Generating done
[1.797s] -- Build files have been written to: /home/orangepi/uvg_car/build/fishbot_cartographer
[1.920s] [ 50%] [32mBuilding CXX object CMakeFiles/CartoTransferPose_main.dir/src/CartoTransferPose_main.cc.o[0m
[1.949s] [01m[K/home/orangepi/uvg_car/src/fishbot_cartographer/src/CartoTransferPose_main.cc:1:10:[m[K [01;31m[Kfatal error: [m[Kros/ros.h: No such file or directory
[1.950s]     1 | #include [01;31m[K<ros/ros.h>[m[K
[1.950s]       |          [01;31m[K^~~~~~~~~~~[m[K
[1.950s] compilation terminated.
[1.951s] gmake[2]: *** [CMakeFiles/CartoTransferPose_main.dir/build.make:76: CMakeFiles/CartoTransferPose_main.dir/src/CartoTransferPose_main.cc.o] Error 1
[1.952s] gmake[1]: *** [CMakeFiles/Makefile2:137: CMakeFiles/CartoTransferPose_main.dir/all] Error 2
[1.953s] gmake: *** [Makefile:146: all] Error 2
[1.956s] Invoked command in '/home/orangepi/uvg_car/build/fishbot_cartographer' returned '2': CMAKE_PREFIX_PATH=${CMAKE_PREFIX_PATH}:/home/orangepi/uvg_car/install/wit_ros2_imu:/home/orangepi/car_ros2/install/rknn_yolo:/opt/ros/humble /usr/bin/cmake --build /home/orangepi/uvg_car/build/fishbot_cartographer -- -j8 -l8
